2023-02-04 22:00:04.408  WARN 23344 --- [main] c.a.c.n.c.NacosPropertySourceBuilder     : Ignore the empty nacos configuration and get it based on dataId[aggregate-pay-merchant-application] & group[DEFAULT_GROUP]
2023-02-04 22:00:04.438  INFO 23344 --- [main] b.c.PropertySourceBootstrapConfiguration : Located property source: [BootstrapPropertySource {name='bootstrapProperties-aggregate-pay-merchant-application-dev.yml,DEFAULT_GROUP'}, BootstrapPropertySource {name='bootstrapProperties-aggregate-pay-merchant-application.yml,DEFAULT_GROUP'}, BootstrapPropertySource {name='bootstrapProperties-aggregate-pay-merchant-application,DEFAULT_GROUP'}, BootstrapPropertySource {name='bootstrapProperties-rocketMQ.yml,DEFAULT_GROUP'}, BootstrapPropertySource {name='bootstrapProperties-mysql.yml,DEFAULT_GROUP'}, BootstrapPropertySource {name='bootstrapProperties-redis.yml,DEFAULT_GROUP'}, BootstrapPropertySource {name='bootstrapProperties-common.yml,DEFAULT_GROUP'}]
2023-02-04 22:00:04.683  INFO 23344 --- [main] m.a.AggregatePayMerchantApplication      : The following profiles are active: dev
2023-02-04 22:00:06.192  INFO 23344 --- [main] .s.d.r.c.RepositoryConfigurationDelegate : Multiple Spring Data modules found, entering strict repository configuration mode!
2023-02-04 22:00:06.195  INFO 23344 --- [main] .s.d.r.c.RepositoryConfigurationDelegate : Bootstrapping Spring Data Redis repositories in DEFAULT mode.
2023-02-04 22:00:06.225  INFO 23344 --- [main] .s.d.r.c.RepositoryConfigurationDelegate : Finished Spring Data repository scanning in 16ms. Found 0 Redis repository interfaces.
2023-02-04 22:00:06.289  WARN 23344 --- [main] o.s.boot.actuate.endpoint.EndpointId     : Endpoint ID 'service-registry' contains invalid characters, please migrate to a valid format.
2023-02-04 22:00:06.465  INFO 23344 --- [main] o.s.cloud.context.scope.GenericScope     : BeanFactory id=135a909f-1292-3423-9490-2997c0af79c5
2023-02-04 22:00:07.183  INFO 23344 --- [main] o.s.b.w.embedded.tomcat.TomcatWebServer  : Tomcat initialized with port(s): 57010 (http)
2023-02-04 22:00:07.198  INFO 23344 --- [main] o.apache.catalina.core.StandardService   : Starting service [Tomcat]
2023-02-04 22:00:07.198  INFO 23344 --- [main] org.apache.catalina.core.StandardEngine  : Starting Servlet engine: [Apache Tomcat/9.0.37]
2023-02-04 22:00:07.380  INFO 23344 --- [main] o.a.c.c.C.[.[localhost].[/merchant]      : Initializing Spring embedded WebApplicationContext
2023-02-04 22:00:07.381  INFO 23344 --- [main] w.s.c.ServletWebServerApplicationContext : Root WebApplicationContext: initialization completed in 2649 ms
2023-02-04 22:00:07.386  INFO 23344 --- [main] m.tools_xss.config.XssAuthConfiguration  : 初始化 XssAuthConfiguration xss攻击配置
2023-02-04 22:00:07.632 DEBUG 23344 --- [main] mao.tools_xss.filter.XssFilter           : XSS fiter [XSSFilter] init start ...
2023-02-04 22:00:07.761 DEBUG 23344 --- [main] mao.tools_xss.filter.XssFilter           : ignorePathList=null
2023-02-04 22:00:07.767 DEBUG 23344 --- [main] mao.tools_xss.filter.XssFilter           : ignoreParamValueList=["samlp:LogoutRequest"]
2023-02-04 22:00:07.767 DEBUG 23344 --- [main] mao.tools_xss.filter.XssFilter           : XSS fiter [XSSFilter] init end
2023-02-04 22:00:07.767 DEBUG 23344 --- [main] m.a.filter.TokenAuthenticationFilter     : Filter 'tokenAuthenticationFilter' configured for use
2023-02-04 22:00:07.809  INFO 23344 --- [main] c.g.d.core.DozerBeanMapperBuilder        : Initializing Dozer. Version: 6.5.0, Thread Name: main
2023-02-04 22:00:07.811  INFO 23344 --- [main] c.g.dozermapper.core.util.RuntimeUtils   : OSGi support is false
2023-02-04 22:00:07.819  INFO 23344 --- [main] d.c.c.r.LegacyPropertiesSettingsResolver : Trying to find Dozer configuration file: dozer.properties
2023-02-04 22:00:07.826  INFO 23344 --- [main] d.c.c.r.LegacyPropertiesSettingsResolver : Failed to find dozer.properties via com.github.dozermapper.core.config.resolvers.LegacyPropertiesSettingsResolver.
2023-02-04 22:00:07.834  INFO 23344 --- [main] c.g.d.core.el.ELExpressionFactory        : javax.el support is true
2023-02-04 22:00:07.870  INFO 23344 --- [main] c.g.d.c.b.xml.BeanMappingXMLBuilder      : Using URL [file:/H:/%e7%a8%8b%e5%ba%8f/%e5%a4%a7%e5%9b%9b%e5%af%92%e5%81%87/aggregate-pay/apps/pay/aggregate-pay-merchant-application/target/classes/dozer/global.dozer.xml] to load custom xml mappings
2023-02-04 22:00:08.308  INFO 23344 --- [main] c.g.d.c.b.xml.SchemaLSResourceResolver   : Trying to resolve XML entity with public ID [null] and system ID [http://dozermapper.github.io/schema/bean-mapping.xsd]
2023-02-04 22:00:08.310  INFO 23344 --- [main] c.g.d.c.b.xml.SchemaLSResourceResolver   : Resolved public ID [null] and system ID [http://dozermapper.github.io/schema/bean-mapping.xsd]
2023-02-04 22:00:08.369  INFO 23344 --- [main] c.g.d.c.b.xml.BeanMappingXMLBuilder      : Successfully loaded custom xml mapping.
2023-02-04 22:00:08.370  INFO 23344 --- [main] c.g.d.c.b.xml.BeanMappingXMLBuilder      : Using URL [file:/H:/%e7%a8%8b%e5%ba%8f/%e5%a4%a7%e5%9b%9b%e5%af%92%e5%81%87/aggregate-pay/apps/pay/aggregate-pay-merchant-application/target/classes/dozer/biz.dozer.xml] to load custom xml mappings
2023-02-04 22:00:08.374  INFO 23344 --- [main] c.g.d.c.b.xml.SchemaLSResourceResolver   : Trying to resolve XML entity with public ID [null] and system ID [http://dozermapper.github.io/schema/bean-mapping.xsd]
2023-02-04 22:00:08.375  INFO 23344 --- [main] c.g.d.c.b.xml.SchemaLSResourceResolver   : Resolved public ID [null] and system ID [http://dozermapper.github.io/schema/bean-mapping.xsd]
2023-02-04 22:00:08.381  INFO 23344 --- [main] c.g.d.c.b.xml.BeanMappingXMLBuilder      : Successfully loaded custom xml mapping.
2023-02-04 22:00:08.400  INFO 23344 --- [main] m.t.config.DozerAutoConfiguration        : 初始化 DozerAutoConfiguration
2023-02-04 22:00:10.803  INFO 23344 --- [main] m.a.config.OptLogConfig                  : 初始化 OptLogConfig 操作日志配置类
2023-02-04 22:00:10.953  INFO 23344 --- [main] m.a.service.Impl.FileServiceImpl         : 初始化 FileServiceImpl ， bucket：mao123456
2023-02-04 22:00:11.701  INFO 23344 --- [main] com.alibaba.nacos.client.naming          : initializer namespace from System Property :null
2023-02-04 22:00:11.702  INFO 23344 --- [main] com.alibaba.nacos.client.naming          : initializer namespace from System Environment :null
2023-02-04 22:00:11.702  INFO 23344 --- [main] com.alibaba.nacos.client.naming          : initializer namespace from System Property :null
2023-02-04 22:00:11.986  INFO 23344 --- [main] o.s.b.a.e.web.EndpointLinksResolver      : Exposing 4 endpoint(s) beneath base path '/actuator'
2023-02-04 22:00:12.078  WARN 23344 --- [main] c.n.c.sources.URLConfigurationSource     : No URLs will be polled as dynamic configuration sources.
2023-02-04 22:00:12.078  INFO 23344 --- [main] c.n.c.sources.URLConfigurationSource     : To enable URLs as dynamic configuration sources, define System property archaius.configurationSource.additionalUrls or make config.properties available on classpath.
2023-02-04 22:00:12.084  WARN 23344 --- [main] c.n.c.sources.URLConfigurationSource     : No URLs will be polled as dynamic configuration sources.
2023-02-04 22:00:12.084  INFO 23344 --- [main] c.n.c.sources.URLConfigurationSource     : To enable URLs as dynamic configuration sources, define System property archaius.configurationSource.additionalUrls or make config.properties available on classpath.
2023-02-04 22:00:12.317  INFO 23344 --- [main] o.s.s.concurrent.ThreadPoolTaskExecutor  : Initializing ExecutorService 'applicationTaskExecutor'
2023-02-04 22:00:12.440  INFO 23344 --- [main] o.s.s.c.ThreadPoolTaskScheduler          : Initializing ExecutorService 'Nacos-Watch-Task-Scheduler'
2023-02-04 22:00:12.453  INFO 23344 --- [main] m.tools_log.config.LogAutoConfiguration  : 初始化 LogAutoConfiguration
2023-02-04 22:00:12.528  INFO 23344 --- [main] pertySourcedRequestMappingHandlerMapping : Mapped URL path [/v2/api-docs] onto method [springfox.documentation.swagger2.web.Swagger2Controller#getDocumentation(String, HttpServletRequest)]
2023-02-04 22:00:12.539  INFO 23344 --- [main] m.t.config.SwaggerAutoConfiguration      : 初始化swagger接口文档
2023-02-04 22:00:12.540  INFO 23344 --- [main] m.t.config.SwaggerAutoConfiguration      : 
title：在线文档
group：
description：在线文档
version：1.0
contact：Contact{name='', url='', email=''}
basePackage：
basePath：[]
excludePath：[]
docket：{aggregate_pay=DocketInfo{title='商户平台应用', group='', description='在线文档', version='1.0', contact=Contact{name='', url='', email=''}, basePackage='mao.aggregate_pay_merchant_application', basePath=[], excludePath=[]}}

2023-02-04 22:00:12.951  INFO 23344 --- [NettyClientSelector_1] RocketmqRemoting                         : closeChannel: close the connection to remote address[] result: true
2023-02-04 22:00:12.951  INFO 23344 --- [NettyClientSelector_1] RocketmqRemoting                         : closeChannel: close the connection to remote address[] result: true
2023-02-04 22:00:13.656  INFO 23344 --- [main] com.alibaba.nacos.client.naming          : new ips(3) service: DEFAULT_GROUP@@aggregate-pay-merchant-application@@DEFAULT -> [{"instanceId":"192.168.3.143#57010#DEFAULT#DEFAULT_GROUP@@aggregate-pay-merchant-application","ip":"192.168.3.143","port":57010,"weight":1.0,"healthy":true,"enabled":true,"ephemeral":false,"clusterName":"DEFAULT","serviceName":"DEFAULT_GROUP@@aggregate-pay-merchant-application","metadata":{"preserved.register.source":"SPRING_CLOUD","management.endpoints.web.base-path":"/actuator","management.context-path":"/merchant/actuator"},"ipDeleteTimeout":30000,"instanceHeartBeatInterval":5000,"instanceHeartBeatTimeOut":15000},{"instanceId":"192.168.3.143#57098#DEFAULT#DEFAULT_GROUP@@aggregate-pay-merchant-application","ip":"192.168.3.143","port":57098,"weight":1.0,"healthy":true,"enabled":true,"ephemeral":false,"clusterName":"DEFAULT","serviceName":"DEFAULT_GROUP@@aggregate-pay-merchant-application","metadata":{"preserved.register.source":"SPRING_CLOUD","management.endpoints.web.base-path":"/actuator","management.context-path":"/merchant/actuator"},"ipDeleteTimeout":30000,"instanceHeartBeatInterval":5000,"instanceHeartBeatTimeOut":15000},{"instanceId":"172.23.128.1#57010#DEFAULT#DEFAULT_GROUP@@aggregate-pay-merchant-application","ip":"172.23.128.1","port":57010,"weight":1.0,"healthy":true,"enabled":true,"ephemeral":false,"clusterName":"DEFAULT","serviceName":"DEFAULT_GROUP@@aggregate-pay-merchant-application","metadata":{"preserved.register.source":"SPRING_CLOUD","management.endpoints.web.base-path":"/actuator","management.context-path":"//actuator"},"ipDeleteTimeout":30000,"instanceHeartBeatInterval":5000,"instanceHeartBeatTimeOut":15000}]
2023-02-04 22:00:13.668  INFO 23344 --- [main] com.alibaba.nacos.client.naming          : current ips:(3) service: DEFAULT_GROUP@@aggregate-pay-merchant-application@@DEFAULT -> [{"instanceId":"172.23.128.1#57010#DEFAULT#DEFAULT_GROUP@@aggregate-pay-merchant-application","ip":"172.23.128.1","port":57010,"weight":1.0,"healthy":true,"enabled":true,"ephemeral":false,"clusterName":"DEFAULT","serviceName":"DEFAULT_GROUP@@aggregate-pay-merchant-application","metadata":{"preserved.register.source":"SPRING_CLOUD","management.endpoints.web.base-path":"/actuator","management.context-path":"//actuator"},"ipDeleteTimeout":30000,"instanceHeartBeatInterval":5000,"instanceHeartBeatTimeOut":15000},{"instanceId":"192.168.3.143#57098#DEFAULT#DEFAULT_GROUP@@aggregate-pay-merchant-application","ip":"192.168.3.143","port":57098,"weight":1.0,"healthy":true,"enabled":true,"ephemeral":false,"clusterName":"DEFAULT","serviceName":"DEFAULT_GROUP@@aggregate-pay-merchant-application","metadata":{"preserved.register.source":"SPRING_CLOUD","management.endpoints.web.base-path":"/actuator","management.context-path":"/merchant/actuator"},"ipDeleteTimeout":30000,"instanceHeartBeatInterval":5000,"instanceHeartBeatTimeOut":15000},{"instanceId":"192.168.3.143#57010#DEFAULT#DEFAULT_GROUP@@aggregate-pay-merchant-application","ip":"192.168.3.143","port":57010,"weight":1.0,"healthy":true,"enabled":true,"ephemeral":false,"clusterName":"DEFAULT","serviceName":"DEFAULT_GROUP@@aggregate-pay-merchant-application","metadata":{"preserved.register.source":"SPRING_CLOUD","management.endpoints.web.base-path":"/actuator","management.context-path":"/merchant/actuator"},"ipDeleteTimeout":30000,"instanceHeartBeatInterval":5000,"instanceHeartBeatTimeOut":15000}]
2023-02-04 22:00:13.672  INFO 23344 --- [main] d.s.w.p.DocumentationPluginsBootstrapper : Context refreshed
2023-02-04 22:00:13.715  INFO 23344 --- [main] d.s.w.p.DocumentationPluginsBootstrapper : Found 1 custom documentation plugin(s)
2023-02-04 22:00:13.783  INFO 23344 --- [main] s.d.s.w.s.ApiListingReferenceScanner     : Scanning for api listing references
2023-02-04 22:00:14.027  INFO 23344 --- [main] .d.s.w.r.o.CachingOperationNameGenerator : Generating unique operation named: queryPayChannelParamUsingGET_1
2023-02-04 22:00:14.093  INFO 23344 --- [main] o.apache.catalina.core.StandardService   : Stopping service [Tomcat]
2023-02-04 22:00:14.094 DEBUG 23344 --- [main] mao.tools_xss.filter.XssFilter           : XSS fiter [XSSFilter] destroy
2023-02-04 22:00:14.102  INFO 23344 --- [main] ConditionEvaluationReportLoggingListener : 

Error starting ApplicationContext. To display the conditions report re-run your application with 'debug' enabled.
2023-02-04 22:00:14.104  INFO 23344 --- [main] o.s.s.c.ThreadPoolTaskScheduler          : Shutting down ExecutorService 'Nacos-Watch-Task-Scheduler'
2023-02-04 22:00:14.107  INFO 23344 --- [main] o.s.s.concurrent.ThreadPoolTaskExecutor  : Shutting down ExecutorService 'applicationTaskExecutor'
2023-02-04 22:00:14.110  INFO 23344 --- [main] com.alibaba.nacos.client.naming          : com.alibaba.nacos.client.naming.beat.BeatReactor do shutdown begin
2023-02-04 22:00:14.110  INFO 23344 --- [main] com.alibaba.nacos.client.naming          : com.alibaba.nacos.client.naming.beat.BeatReactor do shutdown stop
2023-02-04 22:00:14.110  INFO 23344 --- [main] com.alibaba.nacos.client.naming          : com.alibaba.nacos.client.naming.core.HostReactor do shutdown begin
2023-02-04 22:00:14.688  INFO 23344 --- [main] com.alibaba.nacos.client.naming          : com.alibaba.nacos.client.naming.core.PushReceiver do shutdown begin
2023-02-04 22:00:17.716  INFO 23344 --- [main] com.alibaba.nacos.client.naming          : com.alibaba.nacos.client.naming.core.PushReceiver do shutdown stop
2023-02-04 22:00:17.716  INFO 23344 --- [main] com.alibaba.nacos.client.naming          : com.alibaba.nacos.client.naming.backups.FailoverReactor do shutdown begin
2023-02-04 22:00:20.740  INFO 23344 --- [main] com.alibaba.nacos.client.naming          : com.alibaba.nacos.client.naming.backups.FailoverReactor do shutdown stop
2023-02-04 22:00:20.740  INFO 23344 --- [main] com.alibaba.nacos.client.naming          : com.alibaba.nacos.client.naming.core.HostReactor do shutdown stop
2023-02-04 22:00:20.740  INFO 23344 --- [main] com.alibaba.nacos.client.naming          : com.alibaba.nacos.client.naming.net.NamingProxy do shutdown begin
2023-02-04 22:00:20.740  WARN 23344 --- [main] com.alibaba.nacos.client.naming          : [NamingHttpClientManager] Start destroying NacosRestTemplate
2023-02-04 22:00:20.740  WARN 23344 --- [main] com.alibaba.nacos.client.naming          : [NamingHttpClientManager] Destruction of the end
2023-02-04 22:00:20.740  INFO 23344 --- [main] c.a.n.client.identify.CredentialWatcher  : [null] CredentialWatcher is stopped
2023-02-04 22:00:20.741  INFO 23344 --- [main] c.a.n.client.identify.CredentialService  : [null] CredentialService is freed
2023-02-04 22:00:20.741  INFO 23344 --- [main] com.alibaba.nacos.client.naming          : com.alibaba.nacos.client.naming.net.NamingProxy do shutdown stop
2023-02-04 22:00:20.783 ERROR 23344 --- [main] o.s.b.d.LoggingFailureAnalysisReporter   : 

***************************
APPLICATION FAILED TO START
***************************

Description:

Web server failed to start. Port 57010 was already in use.

Action:

Identify and stop the process that's listening on port 57010 or configure this application to listen on another port.

2023-02-04 22:00:23.875  WARN 23344 --- [Thread-5] c.a.n.common.http.HttpClientBeanHolder   : [HttpClientBeanHolder] Start destroying common HttpClient
2023-02-04 22:00:23.875  WARN 23344 --- [Thread-37] c.a.nacos.common.notify.NotifyCenter     : [NotifyCenter] Start destroying Publisher
2023-02-04 22:00:23.876  WARN 23344 --- [Thread-37] c.a.nacos.common.notify.NotifyCenter     : [NotifyCenter] Destruction of the end
2023-02-04 22:00:23.876  WARN 23344 --- [Thread-5] c.a.n.common.http.HttpClientBeanHolder   : [HttpClientBeanHolder] Destruction of the end
2023-02-04 22:05:33.130  WARN 1068 --- [main] c.a.c.n.c.NacosPropertySourceBuilder     : Ignore the empty nacos configuration and get it based on dataId[aggregate-pay-merchant-application] & group[DEFAULT_GROUP]
2023-02-04 22:05:33.147  INFO 1068 --- [main] b.c.PropertySourceBootstrapConfiguration : Located property source: [BootstrapPropertySource {name='bootstrapProperties-aggregate-pay-merchant-application-dev.yml,DEFAULT_GROUP'}, BootstrapPropertySource {name='bootstrapProperties-aggregate-pay-merchant-application.yml,DEFAULT_GROUP'}, BootstrapPropertySource {name='bootstrapProperties-aggregate-pay-merchant-application,DEFAULT_GROUP'}, BootstrapPropertySource {name='bootstrapProperties-rocketMQ.yml,DEFAULT_GROUP'}, BootstrapPropertySource {name='bootstrapProperties-mysql.yml,DEFAULT_GROUP'}, BootstrapPropertySource {name='bootstrapProperties-redis.yml,DEFAULT_GROUP'}, BootstrapPropertySource {name='bootstrapProperties-common.yml,DEFAULT_GROUP'}]
2023-02-04 22:05:33.195  INFO 1068 --- [main] m.a.AggregatePayMerchantApplication      : The following profiles are active: dev
2023-02-04 22:05:35.240  INFO 1068 --- [main] .s.d.r.c.RepositoryConfigurationDelegate : Multiple Spring Data modules found, entering strict repository configuration mode!
2023-02-04 22:05:35.247  INFO 1068 --- [main] .s.d.r.c.RepositoryConfigurationDelegate : Bootstrapping Spring Data Redis repositories in DEFAULT mode.
2023-02-04 22:05:35.295  INFO 1068 --- [main] .s.d.r.c.RepositoryConfigurationDelegate : Finished Spring Data repository scanning in 23ms. Found 0 Redis repository interfaces.
2023-02-04 22:05:35.427  WARN 1068 --- [main] o.s.boot.actuate.endpoint.EndpointId     : Endpoint ID 'service-registry' contains invalid characters, please migrate to a valid format.
2023-02-04 22:05:35.688  INFO 1068 --- [main] o.s.cloud.context.scope.GenericScope     : BeanFactory id=135a909f-1292-3423-9490-2997c0af79c5
2023-02-04 22:05:37.027  INFO 1068 --- [main] o.s.b.w.embedded.tomcat.TomcatWebServer  : Tomcat initialized with port(s): 57010 (http)
2023-02-04 22:05:37.054  INFO 1068 --- [main] o.apache.catalina.core.StandardService   : Starting service [Tomcat]
2023-02-04 22:05:37.055  INFO 1068 --- [main] org.apache.catalina.core.StandardEngine  : Starting Servlet engine: [Apache Tomcat/9.0.37]
2023-02-04 22:05:37.328  INFO 1068 --- [main] o.a.c.c.C.[.[localhost].[/merchant]      : Initializing Spring embedded WebApplicationContext
2023-02-04 22:05:37.329  INFO 1068 --- [main] w.s.c.ServletWebServerApplicationContext : Root WebApplicationContext: initialization completed in 4107 ms
2023-02-04 22:05:37.332  INFO 1068 --- [main] m.tools_xss.config.XssAuthConfiguration  : 初始化 XssAuthConfiguration xss攻击配置
2023-02-04 22:05:37.637 DEBUG 1068 --- [main] mao.tools_xss.filter.XssFilter           : XSS fiter [XSSFilter] init start ...
2023-02-04 22:05:37.773 DEBUG 1068 --- [main] mao.tools_xss.filter.XssFilter           : ignorePathList=null
2023-02-04 22:05:37.779 DEBUG 1068 --- [main] mao.tools_xss.filter.XssFilter           : ignoreParamValueList=["samlp:LogoutRequest"]
2023-02-04 22:05:37.779 DEBUG 1068 --- [main] mao.tools_xss.filter.XssFilter           : XSS fiter [XSSFilter] init end
2023-02-04 22:05:37.780 DEBUG 1068 --- [main] m.a.filter.TokenAuthenticationFilter     : Filter 'tokenAuthenticationFilter' configured for use
2023-02-04 22:05:37.868  INFO 1068 --- [main] c.g.d.core.DozerBeanMapperBuilder        : Initializing Dozer. Version: 6.5.0, Thread Name: main
2023-02-04 22:05:37.870  INFO 1068 --- [main] c.g.dozermapper.core.util.RuntimeUtils   : OSGi support is false
2023-02-04 22:05:37.882  INFO 1068 --- [main] d.c.c.r.LegacyPropertiesSettingsResolver : Trying to find Dozer configuration file: dozer.properties
2023-02-04 22:05:37.889  INFO 1068 --- [main] d.c.c.r.LegacyPropertiesSettingsResolver : Failed to find dozer.properties via com.github.dozermapper.core.config.resolvers.LegacyPropertiesSettingsResolver.
2023-02-04 22:05:37.898  INFO 1068 --- [main] c.g.d.core.el.ELExpressionFactory        : javax.el support is true
2023-02-04 22:05:37.954  INFO 1068 --- [main] c.g.d.c.b.xml.BeanMappingXMLBuilder      : Using URL [file:/H:/%e7%a8%8b%e5%ba%8f/%e5%a4%a7%e5%9b%9b%e5%af%92%e5%81%87/aggregate-pay/apps/pay/aggregate-pay-merchant-application/target/classes/dozer/global.dozer.xml] to load custom xml mappings
2023-02-04 22:05:38.634  INFO 1068 --- [main] c.g.d.c.b.xml.SchemaLSResourceResolver   : Trying to resolve XML entity with public ID [null] and system ID [http://dozermapper.github.io/schema/bean-mapping.xsd]
2023-02-04 22:05:38.637  INFO 1068 --- [main] c.g.d.c.b.xml.SchemaLSResourceResolver   : Resolved public ID [null] and system ID [http://dozermapper.github.io/schema/bean-mapping.xsd]
2023-02-04 22:05:38.756  INFO 1068 --- [main] c.g.d.c.b.xml.BeanMappingXMLBuilder      : Successfully loaded custom xml mapping.
2023-02-04 22:05:38.759  INFO 1068 --- [main] c.g.d.c.b.xml.BeanMappingXMLBuilder      : Using URL [file:/H:/%e7%a8%8b%e5%ba%8f/%e5%a4%a7%e5%9b%9b%e5%af%92%e5%81%87/aggregate-pay/apps/pay/aggregate-pay-merchant-application/target/classes/dozer/biz.dozer.xml] to load custom xml mappings
2023-02-04 22:05:38.767  INFO 1068 --- [main] c.g.d.c.b.xml.SchemaLSResourceResolver   : Trying to resolve XML entity with public ID [null] and system ID [http://dozermapper.github.io/schema/bean-mapping.xsd]
2023-02-04 22:05:38.768  INFO 1068 --- [main] c.g.d.c.b.xml.SchemaLSResourceResolver   : Resolved public ID [null] and system ID [http://dozermapper.github.io/schema/bean-mapping.xsd]
2023-02-04 22:05:38.779  INFO 1068 --- [main] c.g.d.c.b.xml.BeanMappingXMLBuilder      : Successfully loaded custom xml mapping.
2023-02-04 22:05:38.819  INFO 1068 --- [main] m.t.config.DozerAutoConfiguration        : 初始化 DozerAutoConfiguration
2023-02-04 22:05:43.159  INFO 1068 --- [main] m.a.config.OptLogConfig                  : 初始化 OptLogConfig 操作日志配置类
2023-02-04 22:05:43.424  INFO 1068 --- [main] m.a.service.Impl.FileServiceImpl         : 初始化 FileServiceImpl ， bucket：mao123456
2023-02-04 22:05:44.938  INFO 1068 --- [main] com.alibaba.nacos.client.naming          : initializer namespace from System Property :null
2023-02-04 22:05:44.939  INFO 1068 --- [main] com.alibaba.nacos.client.naming          : initializer namespace from System Environment :null
2023-02-04 22:05:44.940  INFO 1068 --- [main] com.alibaba.nacos.client.naming          : initializer namespace from System Property :null
2023-02-04 22:05:45.495  INFO 1068 --- [main] o.s.b.a.e.web.EndpointLinksResolver      : Exposing 4 endpoint(s) beneath base path '/actuator'
2023-02-04 22:05:45.657  WARN 1068 --- [main] c.n.c.sources.URLConfigurationSource     : No URLs will be polled as dynamic configuration sources.
2023-02-04 22:05:45.658  INFO 1068 --- [main] c.n.c.sources.URLConfigurationSource     : To enable URLs as dynamic configuration sources, define System property archaius.configurationSource.additionalUrls or make config.properties available on classpath.
2023-02-04 22:05:45.666  WARN 1068 --- [main] c.n.c.sources.URLConfigurationSource     : No URLs will be polled as dynamic configuration sources.
2023-02-04 22:05:45.666  INFO 1068 --- [main] c.n.c.sources.URLConfigurationSource     : To enable URLs as dynamic configuration sources, define System property archaius.configurationSource.additionalUrls or make config.properties available on classpath.
2023-02-04 22:05:45.921  INFO 1068 --- [main] o.s.s.concurrent.ThreadPoolTaskExecutor  : Initializing ExecutorService 'applicationTaskExecutor'
2023-02-04 22:05:46.133  INFO 1068 --- [main] o.s.s.c.ThreadPoolTaskScheduler          : Initializing ExecutorService 'Nacos-Watch-Task-Scheduler'
2023-02-04 22:05:46.155  INFO 1068 --- [main] m.tools_log.config.LogAutoConfiguration  : 初始化 LogAutoConfiguration
2023-02-04 22:05:46.274  INFO 1068 --- [main] pertySourcedRequestMappingHandlerMapping : Mapped URL path [/v2/api-docs] onto method [springfox.documentation.swagger2.web.Swagger2Controller#getDocumentation(String, HttpServletRequest)]
2023-02-04 22:05:46.295  INFO 1068 --- [main] m.t.config.SwaggerAutoConfiguration      : 初始化swagger接口文档
2023-02-04 22:05:46.295  INFO 1068 --- [main] m.t.config.SwaggerAutoConfiguration      : 
title：在线文档
group：
description：在线文档
version：1.0
contact：Contact{name='', url='', email=''}
basePackage：
basePath：[]
excludePath：[]
docket：{aggregate_pay=DocketInfo{title='商户平台应用', group='', description='在线文档', version='1.0', contact=Contact{name='', url='', email=''}, basePackage='mao.aggregate_pay_merchant_application', basePath=[], excludePath=[]}}

2023-02-04 22:05:47.775  INFO 1068 --- [main] com.alibaba.nacos.client.naming          : new ips(3) service: DEFAULT_GROUP@@aggregate-pay-merchant-application@@DEFAULT -> [{"instanceId":"192.168.3.143#57010#DEFAULT#DEFAULT_GROUP@@aggregate-pay-merchant-application","ip":"192.168.3.143","port":57010,"weight":1.0,"healthy":true,"enabled":true,"ephemeral":false,"clusterName":"DEFAULT","serviceName":"DEFAULT_GROUP@@aggregate-pay-merchant-application","metadata":{"preserved.register.source":"SPRING_CLOUD","management.endpoints.web.base-path":"/actuator","management.context-path":"/merchant/actuator"},"ipDeleteTimeout":30000,"instanceHeartBeatInterval":5000,"instanceHeartBeatTimeOut":15000},{"instanceId":"192.168.3.143#57098#DEFAULT#DEFAULT_GROUP@@aggregate-pay-merchant-application","ip":"192.168.3.143","port":57098,"weight":1.0,"healthy":true,"enabled":true,"ephemeral":false,"clusterName":"DEFAULT","serviceName":"DEFAULT_GROUP@@aggregate-pay-merchant-application","metadata":{"preserved.register.source":"SPRING_CLOUD","management.endpoints.web.base-path":"/actuator","management.context-path":"/merchant/actuator"},"ipDeleteTimeout":30000,"instanceHeartBeatInterval":5000,"instanceHeartBeatTimeOut":15000},{"instanceId":"172.23.128.1#57010#DEFAULT#DEFAULT_GROUP@@aggregate-pay-merchant-application","ip":"172.23.128.1","port":57010,"weight":1.0,"healthy":true,"enabled":true,"ephemeral":false,"clusterName":"DEFAULT","serviceName":"DEFAULT_GROUP@@aggregate-pay-merchant-application","metadata":{"preserved.register.source":"SPRING_CLOUD","management.endpoints.web.base-path":"/actuator","management.context-path":"//actuator"},"ipDeleteTimeout":30000,"instanceHeartBeatInterval":5000,"instanceHeartBeatTimeOut":15000}]
2023-02-04 22:05:47.789  INFO 1068 --- [main] com.alibaba.nacos.client.naming          : current ips:(3) service: DEFAULT_GROUP@@aggregate-pay-merchant-application@@DEFAULT -> [{"instanceId":"172.23.128.1#57010#DEFAULT#DEFAULT_GROUP@@aggregate-pay-merchant-application","ip":"172.23.128.1","port":57010,"weight":1.0,"healthy":true,"enabled":true,"ephemeral":false,"clusterName":"DEFAULT","serviceName":"DEFAULT_GROUP@@aggregate-pay-merchant-application","metadata":{"preserved.register.source":"SPRING_CLOUD","management.endpoints.web.base-path":"/actuator","management.context-path":"//actuator"},"ipDeleteTimeout":30000,"instanceHeartBeatInterval":5000,"instanceHeartBeatTimeOut":15000},{"instanceId":"192.168.3.143#57098#DEFAULT#DEFAULT_GROUP@@aggregate-pay-merchant-application","ip":"192.168.3.143","port":57098,"weight":1.0,"healthy":true,"enabled":true,"ephemeral":false,"clusterName":"DEFAULT","serviceName":"DEFAULT_GROUP@@aggregate-pay-merchant-application","metadata":{"preserved.register.source":"SPRING_CLOUD","management.endpoints.web.base-path":"/actuator","management.context-path":"/merchant/actuator"},"ipDeleteTimeout":30000,"instanceHeartBeatInterval":5000,"instanceHeartBeatTimeOut":15000},{"instanceId":"192.168.3.143#57010#DEFAULT#DEFAULT_GROUP@@aggregate-pay-merchant-application","ip":"192.168.3.143","port":57010,"weight":1.0,"healthy":true,"enabled":true,"ephemeral":false,"clusterName":"DEFAULT","serviceName":"DEFAULT_GROUP@@aggregate-pay-merchant-application","metadata":{"preserved.register.source":"SPRING_CLOUD","management.endpoints.web.base-path":"/actuator","management.context-path":"/merchant/actuator"},"ipDeleteTimeout":30000,"instanceHeartBeatInterval":5000,"instanceHeartBeatTimeOut":15000}]
2023-02-04 22:05:47.793  INFO 1068 --- [main] d.s.w.p.DocumentationPluginsBootstrapper : Context refreshed
2023-02-04 22:05:47.827  INFO 1068 --- [main] d.s.w.p.DocumentationPluginsBootstrapper : Found 1 custom documentation plugin(s)
2023-02-04 22:05:47.880  INFO 1068 --- [main] s.d.s.w.s.ApiListingReferenceScanner     : Scanning for api listing references
2023-02-04 22:05:48.087  INFO 1068 --- [main] .d.s.w.r.o.CachingOperationNameGenerator : Generating unique operation named: queryPayChannelParamUsingGET_1
2023-02-04 22:05:48.156  INFO 1068 --- [main] o.apache.catalina.core.StandardService   : Stopping service [Tomcat]
2023-02-04 22:05:48.158 DEBUG 1068 --- [main] mao.tools_xss.filter.XssFilter           : XSS fiter [XSSFilter] destroy
2023-02-04 22:05:48.164  INFO 1068 --- [main] ConditionEvaluationReportLoggingListener : 

Error starting ApplicationContext. To display the conditions report re-run your application with 'debug' enabled.
2023-02-04 22:05:48.167  INFO 1068 --- [main] o.s.s.c.ThreadPoolTaskScheduler          : Shutting down ExecutorService 'Nacos-Watch-Task-Scheduler'
2023-02-04 22:05:48.169  INFO 1068 --- [main] o.s.s.concurrent.ThreadPoolTaskExecutor  : Shutting down ExecutorService 'applicationTaskExecutor'
2023-02-04 22:05:48.171  INFO 1068 --- [main] com.alibaba.nacos.client.naming          : com.alibaba.nacos.client.naming.beat.BeatReactor do shutdown begin
2023-02-04 22:05:48.172  INFO 1068 --- [main] com.alibaba.nacos.client.naming          : com.alibaba.nacos.client.naming.beat.BeatReactor do shutdown stop
2023-02-04 22:05:48.172  INFO 1068 --- [main] com.alibaba.nacos.client.naming          : com.alibaba.nacos.client.naming.core.HostReactor do shutdown begin
2023-02-04 22:05:48.799  INFO 1068 --- [main] com.alibaba.nacos.client.naming          : com.alibaba.nacos.client.naming.core.PushReceiver do shutdown begin
2023-02-04 22:05:51.822  INFO 1068 --- [main] com.alibaba.nacos.client.naming          : com.alibaba.nacos.client.naming.core.PushReceiver do shutdown stop
2023-02-04 22:05:51.822  INFO 1068 --- [main] com.alibaba.nacos.client.naming          : com.alibaba.nacos.client.naming.backups.FailoverReactor do shutdown begin
2023-02-04 22:05:54.858  INFO 1068 --- [main] com.alibaba.nacos.client.naming          : com.alibaba.nacos.client.naming.backups.FailoverReactor do shutdown stop
2023-02-04 22:05:54.859  INFO 1068 --- [main] com.alibaba.nacos.client.naming          : com.alibaba.nacos.client.naming.core.HostReactor do shutdown stop
2023-02-04 22:05:54.859  INFO 1068 --- [main] com.alibaba.nacos.client.naming          : com.alibaba.nacos.client.naming.net.NamingProxy do shutdown begin
2023-02-04 22:05:54.859  WARN 1068 --- [main] com.alibaba.nacos.client.naming          : [NamingHttpClientManager] Start destroying NacosRestTemplate
2023-02-04 22:05:54.860  WARN 1068 --- [main] com.alibaba.nacos.client.naming          : [NamingHttpClientManager] Destruction of the end
2023-02-04 22:05:54.860  INFO 1068 --- [main] c.a.n.client.identify.CredentialWatcher  : [null] CredentialWatcher is stopped
2023-02-04 22:05:54.860  INFO 1068 --- [main] c.a.n.client.identify.CredentialService  : [null] CredentialService is freed
2023-02-04 22:05:54.860  INFO 1068 --- [main] com.alibaba.nacos.client.naming          : com.alibaba.nacos.client.naming.net.NamingProxy do shutdown stop
2023-02-04 22:05:55.008  INFO 1068 --- [NettyClientSelector_1] RocketmqRemoting                         : closeChannel: close the connection to remote address[172.24.208.1:10931] result: true
2023-02-04 22:05:55.011  INFO 1068 --- [NettyClientSelector_1] RocketmqRemoting                         : closeChannel: close the connection to remote address[172.24.208.1:10941] result: true
2023-02-04 22:05:55.011  INFO 1068 --- [NettyClientSelector_1] RocketmqRemoting                         : closeChannel: close the connection to remote address[172.24.208.1:10911] result: true
2023-02-04 22:05:55.012  INFO 1068 --- [NettyClientSelector_1] RocketmqRemoting                         : closeChannel: close the connection to remote address[172.24.208.1:10921] result: true
2023-02-04 22:05:55.012  INFO 1068 --- [NettyClientSelector_1] RocketmqRemoting                         : closeChannel: close the connection to remote address[127.0.0.1:9876] result: true
2023-02-04 22:05:55.097  INFO 1068 --- [NettyClientSelector_1] RocketmqRemoting                         : closeChannel: close the connection to remote address[172.24.208.1:10921] result: true
2023-02-04 22:05:55.098  INFO 1068 --- [NettyClientSelector_1] RocketmqRemoting                         : closeChannel: close the connection to remote address[172.24.208.1:10931] result: true
2023-02-04 22:05:55.098  INFO 1068 --- [NettyClientSelector_1] RocketmqRemoting                         : closeChannel: close the connection to remote address[172.24.208.1:10941] result: true
2023-02-04 22:05:55.099  INFO 1068 --- [NettyClientSelector_1] RocketmqRemoting                         : closeChannel: close the connection to remote address[127.0.0.1:9876] result: true
2023-02-04 22:05:55.099  INFO 1068 --- [NettyClientSelector_1] RocketmqRemoting                         : closeChannel: close the connection to remote address[172.24.208.1:10911] result: true
2023-02-04 22:05:55.113 ERROR 1068 --- [main] o.s.b.d.LoggingFailureAnalysisReporter   : 

***************************
APPLICATION FAILED TO START
***************************

Description:

Web server failed to start. Port 57010 was already in use.

Action:

Identify and stop the process that's listening on port 57010 or configure this application to listen on another port.

2023-02-04 22:05:58.198  WARN 1068 --- [Thread-38] c.a.nacos.common.notify.NotifyCenter     : [NotifyCenter] Start destroying Publisher
2023-02-04 22:05:58.198  WARN 1068 --- [Thread-4] c.a.n.common.http.HttpClientBeanHolder   : [HttpClientBeanHolder] Start destroying common HttpClient
2023-02-04 22:05:58.199  WARN 1068 --- [Thread-38] c.a.nacos.common.notify.NotifyCenter     : [NotifyCenter] Destruction of the end
2023-02-04 22:05:58.199  WARN 1068 --- [Thread-4] c.a.n.common.http.HttpClientBeanHolder   : [HttpClientBeanHolder] Destruction of the end
