2023-01-10 13:58:31.034  WARN 21172 --- [main] c.a.c.n.c.NacosPropertySourceBuilder     : Ignore the empty nacos configuration and get it based on dataId[aggregate-pay-merchant-service] & group[DEFAULT_GROUP]
2023-01-10 13:58:31.051  INFO 21172 --- [main] b.c.PropertySourceBootstrapConfiguration : Located property source: [BootstrapPropertySource {name='bootstrapProperties-aggregate-pay-merchant-service-dev.yml,DEFAULT_GROUP'}, BootstrapPropertySource {name='bootstrapProperties-aggregate-pay-merchant-service.yml,DEFAULT_GROUP'}, BootstrapPropertySource {name='bootstrapProperties-aggregate-pay-merchant-service,DEFAULT_GROUP'}, BootstrapPropertySource {name='bootstrapProperties-mysql.yml,DEFAULT_GROUP'}, BootstrapPropertySource {name='bootstrapProperties-redis.yml,DEFAULT_GROUP'}, BootstrapPropertySource {name='bootstrapProperties-common.yml,DEFAULT_GROUP'}]
2023-01-10 13:58:31.103  INFO 21172 --- [main] a.AggregatePayMerchantServiceApplication : The following profiles are active: dev
2023-01-10 13:58:32.495  WARN 21172 --- [main] o.s.boot.actuate.endpoint.EndpointId     : Endpoint ID 'service-registry' contains invalid characters, please migrate to a valid format.
2023-01-10 13:58:32.756  INFO 21172 --- [main] o.s.cloud.context.scope.GenericScope     : BeanFactory id=ac20cdc4-b0bc-3f8e-bfa1-79ce3784129d
2023-01-10 13:58:33.001  INFO 21172 --- [main] trationDelegate$BeanPostProcessorChecker : Bean 'org.springframework.transaction.annotation.ProxyTransactionManagementConfiguration' of type [org.springframework.transaction.annotation.ProxyTransactionManagementConfiguration] is not eligible for getting processed by all BeanPostProcessors (for example: not eligible for auto-proxying)
2023-01-10 13:58:33.284  INFO 21172 --- [main] trationDelegate$BeanPostProcessorChecker : Bean 'mybatis-plus-com.baomidou.mybatisplus.autoconfigure.MybatisPlusProperties' of type [com.baomidou.mybatisplus.autoconfigure.MybatisPlusProperties] is not eligible for getting processed by all BeanPostProcessors (for example: not eligible for auto-proxying)
2023-01-10 13:58:33.298  INFO 21172 --- [main] trationDelegate$BeanPostProcessorChecker : Bean 'database-mao.tools_databases.properties.DatabaseProperties' of type [mao.tools_databases.properties.DatabaseProperties] is not eligible for getting processed by all BeanPostProcessors (for example: not eligible for auto-proxying)
2023-01-10 13:58:33.307  INFO 21172 --- [main] m.a.config.MybatisConfig                 : 初始化 MybatisConfig
2023-01-10 13:58:33.307  INFO 21172 --- [main] trationDelegate$BeanPostProcessorChecker : Bean 'mybatisConfig' of type [mao.aggregate_pay_merchant_service.config.MybatisConfig$$EnhancerBySpringCGLIB$$97478a83] is not eligible for getting processed by all BeanPostProcessors (for example: not eligible for auto-proxying)
2023-01-10 13:58:33.317  INFO 21172 --- [main] trationDelegate$BeanPostProcessorChecker : Bean 'paginationInterceptor' of type [com.baomidou.mybatisplus.extension.plugins.PaginationInterceptor] is not eligible for getting processed by all BeanPostProcessors (for example: not eligible for auto-proxying)
2023-01-10 13:58:33.325  INFO 21172 --- [main] trationDelegate$BeanPostProcessorChecker : Bean 'getLeftLikeTypeHandler' of type [mao.tools_databases.mybatis.typehandler.LeftLikeTypeHandler] is not eligible for getting processed by all BeanPostProcessors (for example: not eligible for auto-proxying)
2023-01-10 13:58:33.331  INFO 21172 --- [main] trationDelegate$BeanPostProcessorChecker : Bean 'getRightLikeTypeHandler' of type [mao.tools_databases.mybatis.typehandler.RightLikeTypeHandler] is not eligible for getting processed by all BeanPostProcessors (for example: not eligible for auto-proxying)
2023-01-10 13:58:33.333  INFO 21172 --- [main] trationDelegate$BeanPostProcessorChecker : Bean 'getFullLikeTypeHandler' of type [mao.tools_databases.mybatis.typehandler.FullLikeTypeHandler] is not eligible for getting processed by all BeanPostProcessors (for example: not eligible for auto-proxying)
2023-01-10 13:58:33.343  INFO 21172 --- [main] m.a.config.DatabaseConfig                : 初始化 DatabaseConfig 数据库配置
2023-01-10 13:58:33.343  INFO 21172 --- [main] trationDelegate$BeanPostProcessorChecker : Bean 'databaseConfig' of type [mao.aggregate_pay_merchant_service.config.DatabaseConfig$$EnhancerBySpringCGLIB$$4c4937f7] is not eligible for getting processed by all BeanPostProcessors (for example: not eligible for auto-proxying)
2023-01-10 13:58:33.426  INFO 21172 --- [main] trationDelegate$BeanPostProcessorChecker : Bean 'spring.datasource-org.springframework.boot.autoconfigure.jdbc.DataSourceProperties' of type [org.springframework.boot.autoconfigure.jdbc.DataSourceProperties] is not eligible for getting processed by all BeanPostProcessors (for example: not eligible for auto-proxying)
2023-01-10 13:58:33.431  INFO 21172 --- [main] trationDelegate$BeanPostProcessorChecker : Bean 'com.alibaba.druid.spring.boot.autoconfigure.stat.DruidFilterConfiguration' of type [com.alibaba.druid.spring.boot.autoconfigure.stat.DruidFilterConfiguration] is not eligible for getting processed by all BeanPostProcessors (for example: not eligible for auto-proxying)
2023-01-10 13:58:33.445  INFO 21172 --- [main] trationDelegate$BeanPostProcessorChecker : Bean 'wallConfig' of type [com.alibaba.druid.wall.WallConfig] is not eligible for getting processed by all BeanPostProcessors (for example: not eligible for auto-proxying)
2023-01-10 13:58:33.479  INFO 21172 --- [main] trationDelegate$BeanPostProcessorChecker : Bean 'wallFilter' of type [com.alibaba.druid.wall.WallFilter] is not eligible for getting processed by all BeanPostProcessors (for example: not eligible for auto-proxying)
2023-01-10 13:58:33.560  INFO 21172 --- [main] trationDelegate$BeanPostProcessorChecker : Bean 'masterDruidDataSource' of type [com.alibaba.druid.spring.boot.autoconfigure.DruidDataSourceWrapper] is not eligible for getting processed by all BeanPostProcessors (for example: not eligible for auto-proxying)
2023-01-10 13:58:33.586  INFO 21172 --- [main] trationDelegate$BeanPostProcessorChecker : Bean 'org.springframework.boot.autoconfigure.jdbc.DataSourceInitializerInvoker' of type [org.springframework.boot.autoconfigure.jdbc.DataSourceInitializerInvoker] is not eligible for getting processed by all BeanPostProcessors (for example: not eligible for auto-proxying)
2023-01-10 13:58:33.606  INFO 21172 --- [main] trationDelegate$BeanPostProcessorChecker : Bean 'masterDataSource' of type [com.p6spy.engine.spy.P6DataSource] is not eligible for getting processed by all BeanPostProcessors (for example: not eligible for auto-proxying)
2023-01-10 13:58:33.612  INFO 21172 --- [main] trationDelegate$BeanPostProcessorChecker : Bean 'masterTransactionManager' of type [org.springframework.jdbc.datasource.DataSourceTransactionManager] is not eligible for getting processed by all BeanPostProcessors (for example: not eligible for auto-proxying)
2023-01-10 13:58:33.619  INFO 21172 --- [main] trationDelegate$BeanPostProcessorChecker : Bean 'masterTransactionInterceptor' of type [org.springframework.transaction.interceptor.TransactionInterceptor] is not eligible for getting processed by all BeanPostProcessors (for example: not eligible for auto-proxying)
2023-01-10 13:58:33.620  INFO 21172 --- [main] trationDelegate$BeanPostProcessorChecker : Bean 'masterAdvisor' of type [org.springframework.aop.support.DefaultPointcutAdvisor] is not eligible for getting processed by all BeanPostProcessors (for example: not eligible for auto-proxying)
2023-01-10 13:58:33.668  INFO 21172 --- [main] m.a.config.WebConfig                     : 初始化 WebConfig
2023-01-10 13:58:33.917  INFO 21172 --- [main] o.s.b.w.embedded.tomcat.TomcatWebServer  : Tomcat initialized with port(s): 56040 (http)
2023-01-10 13:58:33.927  INFO 21172 --- [main] o.apache.catalina.core.StandardService   : Starting service [Tomcat]
2023-01-10 13:58:33.928  INFO 21172 --- [main] org.apache.catalina.core.StandardEngine  : Starting Servlet engine: [Apache Tomcat/9.0.37]
2023-01-10 13:58:34.073  INFO 21172 --- [main] o.a.c.c.C.[Tomcat].[localhost].[/]       : Initializing Spring embedded WebApplicationContext
2023-01-10 13:58:34.073  INFO 21172 --- [main] w.s.c.ServletWebServerApplicationContext : Root WebApplicationContext: initialization completed in 2955 ms
2023-01-10 13:58:34.292  INFO 21172 --- [main] m.a.config.ExceptionConfig               : 初始化 ExceptionConfig 全局异常配置
2023-01-10 13:58:34.330  INFO 21172 --- [main] c.g.d.core.DozerBeanMapperBuilder        : Initializing Dozer. Version: 6.5.0, Thread Name: main
2023-01-10 13:58:34.331  INFO 21172 --- [main] c.g.dozermapper.core.util.RuntimeUtils   : OSGi support is false
2023-01-10 13:58:34.337  INFO 21172 --- [main] d.c.c.r.LegacyPropertiesSettingsResolver : Trying to find Dozer configuration file: dozer.properties
2023-01-10 13:58:34.341  INFO 21172 --- [main] d.c.c.r.LegacyPropertiesSettingsResolver : Failed to find dozer.properties via com.github.dozermapper.core.config.resolvers.LegacyPropertiesSettingsResolver.
2023-01-10 13:58:34.348  INFO 21172 --- [main] c.g.d.core.el.ELExpressionFactory        : javax.el support is true
2023-01-10 13:58:34.374  INFO 21172 --- [main] c.g.d.c.b.xml.BeanMappingXMLBuilder      : Using URL [file:/H:/%e7%a8%8b%e5%ba%8f/%e5%a4%a7%e5%9b%9b%e5%af%92%e5%81%87/aggregate-pay/apps/pay/aggregate-pay-merchant/aggregate-pay-merchant-service/target/classes/dozer/global.dozer.xml] to load custom xml mappings
2023-01-10 13:58:34.646  INFO 21172 --- [main] c.g.d.c.b.xml.SchemaLSResourceResolver   : Trying to resolve XML entity with public ID [null] and system ID [http://dozermapper.github.io/schema/bean-mapping.xsd]
2023-01-10 13:58:34.648  INFO 21172 --- [main] c.g.d.c.b.xml.SchemaLSResourceResolver   : Resolved public ID [null] and system ID [http://dozermapper.github.io/schema/bean-mapping.xsd]
2023-01-10 13:58:34.670  INFO 21172 --- [main] c.g.d.c.b.xml.BeanMappingXMLBuilder      : Successfully loaded custom xml mapping.
2023-01-10 13:58:34.671  INFO 21172 --- [main] c.g.d.c.b.xml.BeanMappingXMLBuilder      : Using URL [file:/H:/%e7%a8%8b%e5%ba%8f/%e5%a4%a7%e5%9b%9b%e5%af%92%e5%81%87/aggregate-pay/apps/pay/aggregate-pay-merchant/aggregate-pay-merchant-service/target/classes/dozer/biz.dozer.xml] to load custom xml mappings
2023-01-10 13:58:34.674  INFO 21172 --- [main] c.g.d.c.b.xml.SchemaLSResourceResolver   : Trying to resolve XML entity with public ID [null] and system ID [http://dozermapper.github.io/schema/bean-mapping.xsd]
2023-01-10 13:58:34.674  INFO 21172 --- [main] c.g.d.c.b.xml.SchemaLSResourceResolver   : Resolved public ID [null] and system ID [http://dozermapper.github.io/schema/bean-mapping.xsd]
2023-01-10 13:58:34.680  INFO 21172 --- [main] c.g.d.c.b.xml.BeanMappingXMLBuilder      : Successfully loaded custom xml mapping.
2023-01-10 13:58:34.694  INFO 21172 --- [main] m.t.config.DozerAutoConfiguration        : 初始化 DozerAutoConfiguration
2023-01-10 13:58:34.880  INFO 21172 --- [main] mao.tools_log.utils.AddressUtil          : bean [org.lionsoul.ip2region.DbConfig@2f04993d]
2023-01-10 13:58:34.880  INFO 21172 --- [main] mao.tools_log.utils.AddressUtil          : bean [org.lionsoul.ip2region.DbSearcher@333398f]
2023-01-10 13:58:35.066 DEBUG 21172 --- [main] m.t.d.BaseDatabaseConfiguration          : 允许带事务的类为：class mao.aggregate_pay_merchant_service.controller.MerchantController
2023-01-10 13:58:35.069 DEBUG 21172 --- [main] m.t.d.BaseDatabaseConfiguration          : 允许带事务的类为：class mao.aggregate_pay_merchant_service.controller.MerchantController
2023-01-10 13:58:35.070 DEBUG 21172 --- [main] m.t.d.BaseDatabaseConfiguration          : 允许带事务的类为：class mao.aggregate_pay_merchant_service.controller.MerchantController
2023-01-10 13:58:35.070 DEBUG 21172 --- [main] m.t.d.BaseDatabaseConfiguration          : 允许带事务的类为：class mao.aggregate_pay_merchant_service.controller.MerchantController
2023-01-10 13:58:35.070 DEBUG 21172 --- [main] m.t.d.BaseDatabaseConfiguration          : 允许带事务的类为：class mao.aggregate_pay_merchant_service.controller.MerchantController
2023-01-10 13:58:35.070 DEBUG 21172 --- [main] m.t.d.BaseDatabaseConfiguration          : 允许带事务的类为：class mao.aggregate_pay_merchant_service.controller.MerchantController
2023-01-10 13:58:35.070 DEBUG 21172 --- [main] m.t.d.BaseDatabaseConfiguration          : 允许带事务的类为：class mao.aggregate_pay_merchant_service.controller.MerchantController
2023-01-10 13:58:35.070 DEBUG 21172 --- [main] m.t.d.BaseDatabaseConfiguration          : 允许带事务的类为：class mao.aggregate_pay_merchant_service.controller.MerchantController
2023-01-10 13:58:35.070 DEBUG 21172 --- [main] m.t.d.BaseDatabaseConfiguration          : 允许带事务的类为：class mao.aggregate_pay_merchant_service.controller.MerchantController
2023-01-10 13:58:35.070 DEBUG 21172 --- [main] m.t.d.BaseDatabaseConfiguration          : 允许带事务的类为：class mao.aggregate_pay_merchant_service.controller.MerchantController
2023-01-10 13:58:35.070 DEBUG 21172 --- [main] m.t.d.BaseDatabaseConfiguration          : 允许带事务的类为：class mao.aggregate_pay_merchant_service.controller.MerchantController
2023-01-10 13:58:35.070 DEBUG 21172 --- [main] m.t.d.BaseDatabaseConfiguration          : 允许带事务的类为：class mao.aggregate_pay_merchant_service.controller.MerchantController
2023-01-10 13:58:35.070 DEBUG 21172 --- [main] m.t.d.BaseDatabaseConfiguration          : 允许带事务的类为：class mao.aggregate_pay_merchant_service.controller.MerchantController
2023-01-10 13:58:35.070 DEBUG 21172 --- [main] m.t.d.BaseDatabaseConfiguration          : 允许带事务的类为：class mao.aggregate_pay_merchant_service.controller.MerchantController
2023-01-10 13:58:35.071 DEBUG 21172 --- [main] m.t.d.BaseDatabaseConfiguration          : 允许带事务的类为：class mao.aggregate_pay_merchant_service.controller.MerchantController
2023-01-10 13:58:35.071 DEBUG 21172 --- [main] m.t.d.BaseDatabaseConfiguration          : 允许带事务的类为：class mao.aggregate_pay_merchant_service.controller.MerchantController
2023-01-10 13:58:35.071 DEBUG 21172 --- [main] m.t.d.BaseDatabaseConfiguration          : 允许带事务的类为：class mao.aggregate_pay_merchant_service.controller.MerchantController
2023-01-10 13:58:35.071 DEBUG 21172 --- [main] m.t.d.BaseDatabaseConfiguration          : 允许带事务的类为：class mao.aggregate_pay_merchant_service.controller.MerchantController
2023-01-10 13:58:35.071 DEBUG 21172 --- [main] m.t.d.BaseDatabaseConfiguration          : 允许带事务的类为：class mao.aggregate_pay_merchant_service.controller.MerchantController
2023-01-10 13:58:35.071 DEBUG 21172 --- [main] m.t.d.BaseDatabaseConfiguration          : 允许带事务的类为：class mao.aggregate_pay_merchant_service.controller.MerchantController
2023-01-10 13:58:35.071 DEBUG 21172 --- [main] m.t.d.BaseDatabaseConfiguration          : 允许带事务的类为：class mao.aggregate_pay_merchant_service.controller.MerchantController
2023-01-10 13:58:35.071 DEBUG 21172 --- [main] m.t.d.BaseDatabaseConfiguration          : 允许带事务的类为：class mao.aggregate_pay_merchant_service.controller.MerchantController
2023-01-10 13:58:35.071 DEBUG 21172 --- [main] m.t.d.BaseDatabaseConfiguration          : 允许带事务的类为：class mao.aggregate_pay_merchant_service.controller.MerchantController
2023-01-10 13:58:35.071 DEBUG 21172 --- [main] m.t.d.BaseDatabaseConfiguration          : 允许带事务的类为：class mao.aggregate_pay_merchant_service.controller.MerchantController
2023-01-10 13:58:35.076 DEBUG 21172 --- [main] m.t.d.BaseDatabaseConfiguration          : 允许带事务的类为：class mao.aggregate_pay_merchant_service.controller.TestController
2023-01-10 13:58:35.077 DEBUG 21172 --- [main] m.t.d.BaseDatabaseConfiguration          : 允许带事务的类为：class mao.aggregate_pay_merchant_service.controller.TestController
2023-01-10 13:58:35.077 DEBUG 21172 --- [main] m.t.d.BaseDatabaseConfiguration          : 允许带事务的类为：class mao.aggregate_pay_merchant_service.controller.TestController
2023-01-10 13:58:35.078 DEBUG 21172 --- [main] m.t.d.BaseDatabaseConfiguration          : 允许带事务的类为：class mao.aggregate_pay_merchant_service.controller.TestController
2023-01-10 13:58:35.753  INFO 21172 --- [main] com.alibaba.nacos.client.naming          : initializer namespace from System Property :null
2023-01-10 13:58:35.753  INFO 21172 --- [main] com.alibaba.nacos.client.naming          : initializer namespace from System Environment :null
2023-01-10 13:58:35.754  INFO 21172 --- [main] com.alibaba.nacos.client.naming          : initializer namespace from System Property :null
2023-01-10 13:58:35.899  INFO 21172 --- [main] o.s.b.a.e.web.EndpointLinksResolver      : Exposing 4 endpoint(s) beneath base path '/actuator'
2023-01-10 13:58:36.034  WARN 21172 --- [main] c.n.c.sources.URLConfigurationSource     : No URLs will be polled as dynamic configuration sources.
2023-01-10 13:58:36.034  INFO 21172 --- [main] c.n.c.sources.URLConfigurationSource     : To enable URLs as dynamic configuration sources, define System property archaius.configurationSource.additionalUrls or make config.properties available on classpath.
2023-01-10 13:58:36.038  WARN 21172 --- [main] c.n.c.sources.URLConfigurationSource     : No URLs will be polled as dynamic configuration sources.
2023-01-10 13:58:36.038  INFO 21172 --- [main] c.n.c.sources.URLConfigurationSource     : To enable URLs as dynamic configuration sources, define System property archaius.configurationSource.additionalUrls or make config.properties available on classpath.
2023-01-10 13:58:36.137  INFO 21172 --- [main] o.s.s.concurrent.ThreadPoolTaskExecutor  : Initializing ExecutorService 'applicationTaskExecutor'
2023-01-10 13:58:36.285  INFO 21172 --- [main] o.s.s.c.ThreadPoolTaskScheduler          : Initializing ExecutorService 'Nacos-Watch-Task-Scheduler'
2023-01-10 13:58:36.307  INFO 21172 --- [main] m.tools_log.config.LogAutoConfiguration  : 初始化 LogAutoConfiguration
2023-01-10 13:58:36.327  INFO 21172 --- [main] pertySourcedRequestMappingHandlerMapping : Mapped URL path [/v2/api-docs] onto method [springfox.documentation.swagger2.web.Swagger2Controller#getDocumentation(String, HttpServletRequest)]
2023-01-10 13:58:36.338  INFO 21172 --- [main] m.t.config.SwaggerAutoConfiguration      : 初始化swagger接口文档
2023-01-10 13:58:36.338  INFO 21172 --- [main] m.t.config.SwaggerAutoConfiguration      : 
title：在线文档
group：
description：在线文档
version：1.0
contact：Contact{name='', url='', email=''}
basePackage：
basePath：[]
excludePath：[]
docket：{aggregate_pay=DocketInfo{title='商户服务', group='', description='在线文档', version='1.0', contact=Contact{name='', url='', email=''}, basePackage='mao.aggregate_pay_merchant_service', basePath=[], excludePath=[]}}

2023-01-10 13:58:37.173  INFO 21172 --- [main] com.alibaba.nacos.client.naming          : new ips(1) service: DEFAULT_GROUP@@aggregate-pay-merchant-service@@DEFAULT -> [{"instanceId":"192.168.3.143#56040#DEFAULT#DEFAULT_GROUP@@aggregate-pay-merchant-service","ip":"192.168.3.143","port":56040,"weight":1.0,"healthy":true,"enabled":true,"ephemeral":false,"clusterName":"DEFAULT","serviceName":"DEFAULT_GROUP@@aggregate-pay-merchant-service","metadata":{"preserved.register.source":"SPRING_CLOUD","management.endpoints.web.base-path":"/actuator","management.context-path":"//actuator"},"ipDeleteTimeout":30000,"instanceHeartBeatInterval":5000,"instanceHeartBeatTimeOut":15000}]
2023-01-10 13:58:37.183  INFO 21172 --- [main] com.alibaba.nacos.client.naming          : current ips:(1) service: DEFAULT_GROUP@@aggregate-pay-merchant-service@@DEFAULT -> [{"instanceId":"192.168.3.143#56040#DEFAULT#DEFAULT_GROUP@@aggregate-pay-merchant-service","ip":"192.168.3.143","port":56040,"weight":1.0,"healthy":true,"enabled":true,"ephemeral":false,"clusterName":"DEFAULT","serviceName":"DEFAULT_GROUP@@aggregate-pay-merchant-service","metadata":{"preserved.register.source":"SPRING_CLOUD","management.endpoints.web.base-path":"/actuator","management.context-path":"//actuator"},"ipDeleteTimeout":30000,"instanceHeartBeatInterval":5000,"instanceHeartBeatTimeOut":15000}]
2023-01-10 13:58:37.186  INFO 21172 --- [main] d.s.w.p.DocumentationPluginsBootstrapper : Context refreshed
2023-01-10 13:58:37.210  INFO 21172 --- [main] d.s.w.p.DocumentationPluginsBootstrapper : Found 1 custom documentation plugin(s)
2023-01-10 13:58:37.250  INFO 21172 --- [main] s.d.s.w.s.ApiListingReferenceScanner     : Scanning for api listing references
2023-01-10 13:58:37.425  INFO 21172 --- [main] o.apache.catalina.core.StandardService   : Stopping service [Tomcat]
2023-01-10 13:58:37.441  INFO 21172 --- [main] ConditionEvaluationReportLoggingListener : 

Error starting ApplicationContext. To display the conditions report re-run your application with 'debug' enabled.
2023-01-10 13:58:37.443  INFO 21172 --- [main] o.s.s.c.ThreadPoolTaskScheduler          : Shutting down ExecutorService 'Nacos-Watch-Task-Scheduler'
2023-01-10 13:58:37.446  INFO 21172 --- [main] o.s.s.concurrent.ThreadPoolTaskExecutor  : Shutting down ExecutorService 'applicationTaskExecutor'
2023-01-10 13:58:37.448  INFO 21172 --- [main] com.alibaba.nacos.client.naming          : com.alibaba.nacos.client.naming.beat.BeatReactor do shutdown begin
2023-01-10 13:58:37.448  INFO 21172 --- [main] com.alibaba.nacos.client.naming          : com.alibaba.nacos.client.naming.beat.BeatReactor do shutdown stop
2023-01-10 13:58:37.448  INFO 21172 --- [main] com.alibaba.nacos.client.naming          : com.alibaba.nacos.client.naming.core.HostReactor do shutdown begin
2023-01-10 13:58:38.198  INFO 21172 --- [main] com.alibaba.nacos.client.naming          : com.alibaba.nacos.client.naming.core.PushReceiver do shutdown begin
2023-01-10 13:58:41.224  INFO 21172 --- [main] com.alibaba.nacos.client.naming          : com.alibaba.nacos.client.naming.core.PushReceiver do shutdown stop
2023-01-10 13:58:41.225  INFO 21172 --- [main] com.alibaba.nacos.client.naming          : com.alibaba.nacos.client.naming.backups.FailoverReactor do shutdown begin
2023-01-10 13:58:44.258  INFO 21172 --- [main] com.alibaba.nacos.client.naming          : com.alibaba.nacos.client.naming.backups.FailoverReactor do shutdown stop
2023-01-10 13:58:44.258  INFO 21172 --- [main] com.alibaba.nacos.client.naming          : com.alibaba.nacos.client.naming.core.HostReactor do shutdown stop
2023-01-10 13:58:44.258  INFO 21172 --- [main] com.alibaba.nacos.client.naming          : com.alibaba.nacos.client.naming.net.NamingProxy do shutdown begin
2023-01-10 13:58:44.258  WARN 21172 --- [main] com.alibaba.nacos.client.naming          : [NamingHttpClientManager] Start destroying NacosRestTemplate
2023-01-10 13:58:44.258  WARN 21172 --- [main] com.alibaba.nacos.client.naming          : [NamingHttpClientManager] Destruction of the end
2023-01-10 13:58:44.259  INFO 21172 --- [main] c.a.n.client.identify.CredentialWatcher  : [null] CredentialWatcher is stopped
2023-01-10 13:58:44.259  INFO 21172 --- [main] c.a.n.client.identify.CredentialService  : [null] CredentialService is freed
2023-01-10 13:58:44.259  INFO 21172 --- [main] com.alibaba.nacos.client.naming          : com.alibaba.nacos.client.naming.net.NamingProxy do shutdown stop
2023-01-10 13:58:44.263  INFO 21172 --- [main] com.alibaba.druid.pool.DruidDataSource   : {dataSource-0} closing ...
2023-01-10 13:58:44.269 ERROR 21172 --- [main] o.s.b.d.LoggingFailureAnalysisReporter   : 

***************************
APPLICATION FAILED TO START
***************************

Description:

Web server failed to start. Port 56040 was already in use.

Action:

Identify and stop the process that's listening on port 56040 or configure this application to listen on another port.

2023-01-10 13:58:44.270  WARN 21172 --- [Thread-23] c.a.nacos.common.notify.NotifyCenter     : [NotifyCenter] Start destroying Publisher
2023-01-10 13:58:44.271  WARN 21172 --- [Thread-3] c.a.n.common.http.HttpClientBeanHolder   : [HttpClientBeanHolder] Start destroying common HttpClient
2023-01-10 13:58:44.271  WARN 21172 --- [Thread-23] c.a.nacos.common.notify.NotifyCenter     : [NotifyCenter] Destruction of the end
2023-01-10 13:58:44.271  WARN 21172 --- [Thread-3] c.a.n.common.http.HttpClientBeanHolder   : [HttpClientBeanHolder] Destruction of the end
2023-01-10 14:02:42.957  WARN 25284 --- [main] c.a.c.n.c.NacosPropertySourceBuilder     : Ignore the empty nacos configuration and get it based on dataId[aggregate-pay-merchant-service] & group[DEFAULT_GROUP]
2023-01-10 14:02:42.968  INFO 25284 --- [main] b.c.PropertySourceBootstrapConfiguration : Located property source: [BootstrapPropertySource {name='bootstrapProperties-aggregate-pay-merchant-service-dev.yml,DEFAULT_GROUP'}, BootstrapPropertySource {name='bootstrapProperties-aggregate-pay-merchant-service.yml,DEFAULT_GROUP'}, BootstrapPropertySource {name='bootstrapProperties-aggregate-pay-merchant-service,DEFAULT_GROUP'}, BootstrapPropertySource {name='bootstrapProperties-mysql.yml,DEFAULT_GROUP'}, BootstrapPropertySource {name='bootstrapProperties-redis.yml,DEFAULT_GROUP'}, BootstrapPropertySource {name='bootstrapProperties-common.yml,DEFAULT_GROUP'}]
2023-01-10 14:02:43.011  INFO 25284 --- [main] a.AggregatePayMerchantServiceApplication : The following profiles are active: dev
2023-01-10 14:02:44.489  WARN 25284 --- [main] o.s.boot.actuate.endpoint.EndpointId     : Endpoint ID 'service-registry' contains invalid characters, please migrate to a valid format.
2023-01-10 14:02:44.691  INFO 25284 --- [main] o.s.cloud.context.scope.GenericScope     : BeanFactory id=ac20cdc4-b0bc-3f8e-bfa1-79ce3784129d
2023-01-10 14:02:44.914  INFO 25284 --- [main] trationDelegate$BeanPostProcessorChecker : Bean 'org.springframework.transaction.annotation.ProxyTransactionManagementConfiguration' of type [org.springframework.transaction.annotation.ProxyTransactionManagementConfiguration] is not eligible for getting processed by all BeanPostProcessors (for example: not eligible for auto-proxying)
2023-01-10 14:02:45.193  INFO 25284 --- [main] trationDelegate$BeanPostProcessorChecker : Bean 'mybatis-plus-com.baomidou.mybatisplus.autoconfigure.MybatisPlusProperties' of type [com.baomidou.mybatisplus.autoconfigure.MybatisPlusProperties] is not eligible for getting processed by all BeanPostProcessors (for example: not eligible for auto-proxying)
2023-01-10 14:02:45.201  INFO 25284 --- [main] trationDelegate$BeanPostProcessorChecker : Bean 'database-mao.tools_databases.properties.DatabaseProperties' of type [mao.tools_databases.properties.DatabaseProperties] is not eligible for getting processed by all BeanPostProcessors (for example: not eligible for auto-proxying)
2023-01-10 14:02:45.207  INFO 25284 --- [main] m.a.config.MybatisConfig                 : 初始化 MybatisConfig
2023-01-10 14:02:45.208  INFO 25284 --- [main] trationDelegate$BeanPostProcessorChecker : Bean 'mybatisConfig' of type [mao.aggregate_pay_merchant_service.config.MybatisConfig$$EnhancerBySpringCGLIB$$11a0451b] is not eligible for getting processed by all BeanPostProcessors (for example: not eligible for auto-proxying)
2023-01-10 14:02:45.214  INFO 25284 --- [main] trationDelegate$BeanPostProcessorChecker : Bean 'paginationInterceptor' of type [com.baomidou.mybatisplus.extension.plugins.PaginationInterceptor] is not eligible for getting processed by all BeanPostProcessors (for example: not eligible for auto-proxying)
2023-01-10 14:02:45.221  INFO 25284 --- [main] trationDelegate$BeanPostProcessorChecker : Bean 'getLeftLikeTypeHandler' of type [mao.tools_databases.mybatis.typehandler.LeftLikeTypeHandler] is not eligible for getting processed by all BeanPostProcessors (for example: not eligible for auto-proxying)
2023-01-10 14:02:45.225  INFO 25284 --- [main] trationDelegate$BeanPostProcessorChecker : Bean 'getRightLikeTypeHandler' of type [mao.tools_databases.mybatis.typehandler.RightLikeTypeHandler] is not eligible for getting processed by all BeanPostProcessors (for example: not eligible for auto-proxying)
2023-01-10 14:02:45.226  INFO 25284 --- [main] trationDelegate$BeanPostProcessorChecker : Bean 'getFullLikeTypeHandler' of type [mao.tools_databases.mybatis.typehandler.FullLikeTypeHandler] is not eligible for getting processed by all BeanPostProcessors (for example: not eligible for auto-proxying)
2023-01-10 14:02:45.234  INFO 25284 --- [main] m.a.config.DatabaseConfig                : 初始化 DatabaseConfig 数据库配置
2023-01-10 14:02:45.234  INFO 25284 --- [main] trationDelegate$BeanPostProcessorChecker : Bean 'databaseConfig' of type [mao.aggregate_pay_merchant_service.config.DatabaseConfig$$EnhancerBySpringCGLIB$$c6a1f28f] is not eligible for getting processed by all BeanPostProcessors (for example: not eligible for auto-proxying)
2023-01-10 14:02:45.300  INFO 25284 --- [main] trationDelegate$BeanPostProcessorChecker : Bean 'spring.datasource-org.springframework.boot.autoconfigure.jdbc.DataSourceProperties' of type [org.springframework.boot.autoconfigure.jdbc.DataSourceProperties] is not eligible for getting processed by all BeanPostProcessors (for example: not eligible for auto-proxying)
2023-01-10 14:02:45.304  INFO 25284 --- [main] trationDelegate$BeanPostProcessorChecker : Bean 'com.alibaba.druid.spring.boot.autoconfigure.stat.DruidFilterConfiguration' of type [com.alibaba.druid.spring.boot.autoconfigure.stat.DruidFilterConfiguration] is not eligible for getting processed by all BeanPostProcessors (for example: not eligible for auto-proxying)
2023-01-10 14:02:45.326  INFO 25284 --- [main] trationDelegate$BeanPostProcessorChecker : Bean 'wallConfig' of type [com.alibaba.druid.wall.WallConfig] is not eligible for getting processed by all BeanPostProcessors (for example: not eligible for auto-proxying)
2023-01-10 14:02:45.360  INFO 25284 --- [main] trationDelegate$BeanPostProcessorChecker : Bean 'wallFilter' of type [com.alibaba.druid.wall.WallFilter] is not eligible for getting processed by all BeanPostProcessors (for example: not eligible for auto-proxying)
2023-01-10 14:02:45.450  INFO 25284 --- [main] trationDelegate$BeanPostProcessorChecker : Bean 'masterDruidDataSource' of type [com.alibaba.druid.spring.boot.autoconfigure.DruidDataSourceWrapper] is not eligible for getting processed by all BeanPostProcessors (for example: not eligible for auto-proxying)
2023-01-10 14:02:45.476  INFO 25284 --- [main] trationDelegate$BeanPostProcessorChecker : Bean 'org.springframework.boot.autoconfigure.jdbc.DataSourceInitializerInvoker' of type [org.springframework.boot.autoconfigure.jdbc.DataSourceInitializerInvoker] is not eligible for getting processed by all BeanPostProcessors (for example: not eligible for auto-proxying)
2023-01-10 14:02:45.500  INFO 25284 --- [main] trationDelegate$BeanPostProcessorChecker : Bean 'masterDataSource' of type [com.p6spy.engine.spy.P6DataSource] is not eligible for getting processed by all BeanPostProcessors (for example: not eligible for auto-proxying)
2023-01-10 14:02:45.507  INFO 25284 --- [main] trationDelegate$BeanPostProcessorChecker : Bean 'masterTransactionManager' of type [org.springframework.jdbc.datasource.DataSourceTransactionManager] is not eligible for getting processed by all BeanPostProcessors (for example: not eligible for auto-proxying)
2023-01-10 14:02:45.514  INFO 25284 --- [main] trationDelegate$BeanPostProcessorChecker : Bean 'masterTransactionInterceptor' of type [org.springframework.transaction.interceptor.TransactionInterceptor] is not eligible for getting processed by all BeanPostProcessors (for example: not eligible for auto-proxying)
2023-01-10 14:02:45.515  INFO 25284 --- [main] trationDelegate$BeanPostProcessorChecker : Bean 'masterAdvisor' of type [org.springframework.aop.support.DefaultPointcutAdvisor] is not eligible for getting processed by all BeanPostProcessors (for example: not eligible for auto-proxying)
2023-01-10 14:02:45.570  INFO 25284 --- [main] m.a.config.WebConfig                     : 初始化 WebConfig
2023-01-10 14:02:45.790  INFO 25284 --- [main] o.s.b.w.embedded.tomcat.TomcatWebServer  : Tomcat initialized with port(s): 56040 (http)
2023-01-10 14:02:45.799  INFO 25284 --- [main] o.apache.catalina.core.StandardService   : Starting service [Tomcat]
2023-01-10 14:02:45.800  INFO 25284 --- [main] org.apache.catalina.core.StandardEngine  : Starting Servlet engine: [Apache Tomcat/9.0.37]
2023-01-10 14:02:45.933  INFO 25284 --- [main] o.a.c.c.C.[Tomcat].[localhost].[/]       : Initializing Spring embedded WebApplicationContext
2023-01-10 14:02:45.934  INFO 25284 --- [main] w.s.c.ServletWebServerApplicationContext : Root WebApplicationContext: initialization completed in 2909 ms
2023-01-10 14:02:46.149  INFO 25284 --- [main] m.a.config.ExceptionConfig               : 初始化 ExceptionConfig 全局异常配置
2023-01-10 14:02:46.187  INFO 25284 --- [main] c.g.d.core.DozerBeanMapperBuilder        : Initializing Dozer. Version: 6.5.0, Thread Name: main
2023-01-10 14:02:46.188  INFO 25284 --- [main] c.g.dozermapper.core.util.RuntimeUtils   : OSGi support is false
2023-01-10 14:02:46.196  INFO 25284 --- [main] d.c.c.r.LegacyPropertiesSettingsResolver : Trying to find Dozer configuration file: dozer.properties
2023-01-10 14:02:46.200  INFO 25284 --- [main] d.c.c.r.LegacyPropertiesSettingsResolver : Failed to find dozer.properties via com.github.dozermapper.core.config.resolvers.LegacyPropertiesSettingsResolver.
2023-01-10 14:02:46.207  INFO 25284 --- [main] c.g.d.core.el.ELExpressionFactory        : javax.el support is true
2023-01-10 14:02:46.247  INFO 25284 --- [main] c.g.d.c.b.xml.BeanMappingXMLBuilder      : Using URL [file:/H:/%e7%a8%8b%e5%ba%8f/%e5%a4%a7%e5%9b%9b%e5%af%92%e5%81%87/aggregate-pay/apps/pay/aggregate-pay-merchant/aggregate-pay-merchant-service/target/classes/dozer/global.dozer.xml] to load custom xml mappings
2023-01-10 14:02:46.471  INFO 25284 --- [main] c.g.d.c.b.xml.SchemaLSResourceResolver   : Trying to resolve XML entity with public ID [null] and system ID [http://dozermapper.github.io/schema/bean-mapping.xsd]
2023-01-10 14:02:46.473  INFO 25284 --- [main] c.g.d.c.b.xml.SchemaLSResourceResolver   : Resolved public ID [null] and system ID [http://dozermapper.github.io/schema/bean-mapping.xsd]
2023-01-10 14:02:46.495  INFO 25284 --- [main] c.g.d.c.b.xml.BeanMappingXMLBuilder      : Successfully loaded custom xml mapping.
2023-01-10 14:02:46.496  INFO 25284 --- [main] c.g.d.c.b.xml.BeanMappingXMLBuilder      : Using URL [file:/H:/%e7%a8%8b%e5%ba%8f/%e5%a4%a7%e5%9b%9b%e5%af%92%e5%81%87/aggregate-pay/apps/pay/aggregate-pay-merchant/aggregate-pay-merchant-service/target/classes/dozer/biz.dozer.xml] to load custom xml mappings
2023-01-10 14:02:46.500  INFO 25284 --- [main] c.g.d.c.b.xml.SchemaLSResourceResolver   : Trying to resolve XML entity with public ID [null] and system ID [http://dozermapper.github.io/schema/bean-mapping.xsd]
2023-01-10 14:02:46.500  INFO 25284 --- [main] c.g.d.c.b.xml.SchemaLSResourceResolver   : Resolved public ID [null] and system ID [http://dozermapper.github.io/schema/bean-mapping.xsd]
2023-01-10 14:02:46.507  INFO 25284 --- [main] c.g.d.c.b.xml.BeanMappingXMLBuilder      : Successfully loaded custom xml mapping.
2023-01-10 14:02:46.525  INFO 25284 --- [main] m.t.config.DozerAutoConfiguration        : 初始化 DozerAutoConfiguration
2023-01-10 14:02:46.718  INFO 25284 --- [main] mao.tools_log.utils.AddressUtil          : bean [org.lionsoul.ip2region.DbConfig@96abc76]
2023-01-10 14:02:46.718  INFO 25284 --- [main] mao.tools_log.utils.AddressUtil          : bean [org.lionsoul.ip2region.DbSearcher@4d69d288]
2023-01-10 14:02:46.895 DEBUG 25284 --- [main] m.t.d.BaseDatabaseConfiguration          : 允许带事务的类为：class mao.aggregate_pay_merchant_service.controller.MerchantController
2023-01-10 14:02:46.897 DEBUG 25284 --- [main] m.t.d.BaseDatabaseConfiguration          : 允许带事务的类为：class mao.aggregate_pay_merchant_service.controller.MerchantController
2023-01-10 14:02:46.897 DEBUG 25284 --- [main] m.t.d.BaseDatabaseConfiguration          : 允许带事务的类为：class mao.aggregate_pay_merchant_service.controller.MerchantController
2023-01-10 14:02:46.897 DEBUG 25284 --- [main] m.t.d.BaseDatabaseConfiguration          : 允许带事务的类为：class mao.aggregate_pay_merchant_service.controller.MerchantController
2023-01-10 14:02:46.897 DEBUG 25284 --- [main] m.t.d.BaseDatabaseConfiguration          : 允许带事务的类为：class mao.aggregate_pay_merchant_service.controller.MerchantController
2023-01-10 14:02:46.897 DEBUG 25284 --- [main] m.t.d.BaseDatabaseConfiguration          : 允许带事务的类为：class mao.aggregate_pay_merchant_service.controller.MerchantController
2023-01-10 14:02:46.897 DEBUG 25284 --- [main] m.t.d.BaseDatabaseConfiguration          : 允许带事务的类为：class mao.aggregate_pay_merchant_service.controller.MerchantController
2023-01-10 14:02:46.897 DEBUG 25284 --- [main] m.t.d.BaseDatabaseConfiguration          : 允许带事务的类为：class mao.aggregate_pay_merchant_service.controller.MerchantController
2023-01-10 14:02:46.898 DEBUG 25284 --- [main] m.t.d.BaseDatabaseConfiguration          : 允许带事务的类为：class mao.aggregate_pay_merchant_service.controller.MerchantController
2023-01-10 14:02:46.898 DEBUG 25284 --- [main] m.t.d.BaseDatabaseConfiguration          : 允许带事务的类为：class mao.aggregate_pay_merchant_service.controller.MerchantController
2023-01-10 14:02:46.898 DEBUG 25284 --- [main] m.t.d.BaseDatabaseConfiguration          : 允许带事务的类为：class mao.aggregate_pay_merchant_service.controller.MerchantController
2023-01-10 14:02:46.898 DEBUG 25284 --- [main] m.t.d.BaseDatabaseConfiguration          : 允许带事务的类为：class mao.aggregate_pay_merchant_service.controller.MerchantController
2023-01-10 14:02:46.898 DEBUG 25284 --- [main] m.t.d.BaseDatabaseConfiguration          : 允许带事务的类为：class mao.aggregate_pay_merchant_service.controller.MerchantController
2023-01-10 14:02:46.898 DEBUG 25284 --- [main] m.t.d.BaseDatabaseConfiguration          : 允许带事务的类为：class mao.aggregate_pay_merchant_service.controller.MerchantController
2023-01-10 14:02:46.898 DEBUG 25284 --- [main] m.t.d.BaseDatabaseConfiguration          : 允许带事务的类为：class mao.aggregate_pay_merchant_service.controller.MerchantController
2023-01-10 14:02:46.898 DEBUG 25284 --- [main] m.t.d.BaseDatabaseConfiguration          : 允许带事务的类为：class mao.aggregate_pay_merchant_service.controller.MerchantController
2023-01-10 14:02:46.898 DEBUG 25284 --- [main] m.t.d.BaseDatabaseConfiguration          : 允许带事务的类为：class mao.aggregate_pay_merchant_service.controller.MerchantController
2023-01-10 14:02:46.898 DEBUG 25284 --- [main] m.t.d.BaseDatabaseConfiguration          : 允许带事务的类为：class mao.aggregate_pay_merchant_service.controller.MerchantController
2023-01-10 14:02:46.898 DEBUG 25284 --- [main] m.t.d.BaseDatabaseConfiguration          : 允许带事务的类为：class mao.aggregate_pay_merchant_service.controller.MerchantController
2023-01-10 14:02:46.898 DEBUG 25284 --- [main] m.t.d.BaseDatabaseConfiguration          : 允许带事务的类为：class mao.aggregate_pay_merchant_service.controller.MerchantController
2023-01-10 14:02:46.898 DEBUG 25284 --- [main] m.t.d.BaseDatabaseConfiguration          : 允许带事务的类为：class mao.aggregate_pay_merchant_service.controller.MerchantController
2023-01-10 14:02:46.898 DEBUG 25284 --- [main] m.t.d.BaseDatabaseConfiguration          : 允许带事务的类为：class mao.aggregate_pay_merchant_service.controller.MerchantController
2023-01-10 14:02:46.899 DEBUG 25284 --- [main] m.t.d.BaseDatabaseConfiguration          : 允许带事务的类为：class mao.aggregate_pay_merchant_service.controller.MerchantController
2023-01-10 14:02:46.899 DEBUG 25284 --- [main] m.t.d.BaseDatabaseConfiguration          : 允许带事务的类为：class mao.aggregate_pay_merchant_service.controller.MerchantController
2023-01-10 14:02:46.903 DEBUG 25284 --- [main] m.t.d.BaseDatabaseConfiguration          : 允许带事务的类为：class mao.aggregate_pay_merchant_service.controller.TestController
2023-01-10 14:02:46.904 DEBUG 25284 --- [main] m.t.d.BaseDatabaseConfiguration          : 允许带事务的类为：class mao.aggregate_pay_merchant_service.controller.TestController
2023-01-10 14:02:46.904 DEBUG 25284 --- [main] m.t.d.BaseDatabaseConfiguration          : 允许带事务的类为：class mao.aggregate_pay_merchant_service.controller.TestController
2023-01-10 14:02:46.904 DEBUG 25284 --- [main] m.t.d.BaseDatabaseConfiguration          : 允许带事务的类为：class mao.aggregate_pay_merchant_service.controller.TestController
2023-01-10 14:02:47.554  INFO 25284 --- [main] com.alibaba.nacos.client.naming          : initializer namespace from System Property :null
2023-01-10 14:02:47.555  INFO 25284 --- [main] com.alibaba.nacos.client.naming          : initializer namespace from System Environment :null
2023-01-10 14:02:47.555  INFO 25284 --- [main] com.alibaba.nacos.client.naming          : initializer namespace from System Property :null
2023-01-10 14:02:47.707  INFO 25284 --- [main] o.s.b.a.e.web.EndpointLinksResolver      : Exposing 4 endpoint(s) beneath base path '/actuator'
2023-01-10 14:02:47.848  WARN 25284 --- [main] c.n.c.sources.URLConfigurationSource     : No URLs will be polled as dynamic configuration sources.
2023-01-10 14:02:47.848  INFO 25284 --- [main] c.n.c.sources.URLConfigurationSource     : To enable URLs as dynamic configuration sources, define System property archaius.configurationSource.additionalUrls or make config.properties available on classpath.
2023-01-10 14:02:47.852  WARN 25284 --- [main] c.n.c.sources.URLConfigurationSource     : No URLs will be polled as dynamic configuration sources.
2023-01-10 14:02:47.852  INFO 25284 --- [main] c.n.c.sources.URLConfigurationSource     : To enable URLs as dynamic configuration sources, define System property archaius.configurationSource.additionalUrls or make config.properties available on classpath.
2023-01-10 14:02:47.939  INFO 25284 --- [main] o.s.s.concurrent.ThreadPoolTaskExecutor  : Initializing ExecutorService 'applicationTaskExecutor'
2023-01-10 14:02:48.083  INFO 25284 --- [main] o.s.s.c.ThreadPoolTaskScheduler          : Initializing ExecutorService 'Nacos-Watch-Task-Scheduler'
2023-01-10 14:02:48.104  INFO 25284 --- [main] m.tools_log.config.LogAutoConfiguration  : 初始化 LogAutoConfiguration
2023-01-10 14:02:48.122  INFO 25284 --- [main] pertySourcedRequestMappingHandlerMapping : Mapped URL path [/v2/api-docs] onto method [springfox.documentation.swagger2.web.Swagger2Controller#getDocumentation(String, HttpServletRequest)]
2023-01-10 14:02:48.133  INFO 25284 --- [main] m.t.config.SwaggerAutoConfiguration      : 初始化swagger接口文档
2023-01-10 14:02:48.133  INFO 25284 --- [main] m.t.config.SwaggerAutoConfiguration      : 
title：在线文档
group：
description：在线文档
version：1.0
contact：Contact{name='', url='', email=''}
basePackage：
basePath：[]
excludePath：[]
docket：{aggregate_pay=DocketInfo{title='商户服务', group='', description='在线文档', version='1.0', contact=Contact{name='', url='', email=''}, basePackage='mao.aggregate_pay_merchant_service', basePath=[], excludePath=[]}}

2023-01-10 14:02:48.919  INFO 25284 --- [main] com.alibaba.nacos.client.naming          : new ips(1) service: DEFAULT_GROUP@@aggregate-pay-merchant-service@@DEFAULT -> [{"instanceId":"192.168.3.143#56040#DEFAULT#DEFAULT_GROUP@@aggregate-pay-merchant-service","ip":"192.168.3.143","port":56040,"weight":1.0,"healthy":true,"enabled":true,"ephemeral":false,"clusterName":"DEFAULT","serviceName":"DEFAULT_GROUP@@aggregate-pay-merchant-service","metadata":{"preserved.register.source":"SPRING_CLOUD","management.endpoints.web.base-path":"/actuator","management.context-path":"//actuator"},"ipDeleteTimeout":30000,"instanceHeartBeatInterval":5000,"instanceHeartBeatTimeOut":15000}]
2023-01-10 14:02:48.929  INFO 25284 --- [main] com.alibaba.nacos.client.naming          : current ips:(1) service: DEFAULT_GROUP@@aggregate-pay-merchant-service@@DEFAULT -> [{"instanceId":"192.168.3.143#56040#DEFAULT#DEFAULT_GROUP@@aggregate-pay-merchant-service","ip":"192.168.3.143","port":56040,"weight":1.0,"healthy":true,"enabled":true,"ephemeral":false,"clusterName":"DEFAULT","serviceName":"DEFAULT_GROUP@@aggregate-pay-merchant-service","metadata":{"preserved.register.source":"SPRING_CLOUD","management.endpoints.web.base-path":"/actuator","management.context-path":"//actuator"},"ipDeleteTimeout":30000,"instanceHeartBeatInterval":5000,"instanceHeartBeatTimeOut":15000}]
2023-01-10 14:02:48.932  INFO 25284 --- [main] d.s.w.p.DocumentationPluginsBootstrapper : Context refreshed
2023-01-10 14:02:48.958  INFO 25284 --- [main] d.s.w.p.DocumentationPluginsBootstrapper : Found 1 custom documentation plugin(s)
2023-01-10 14:02:49.003  INFO 25284 --- [main] s.d.s.w.s.ApiListingReferenceScanner     : Scanning for api listing references
2023-01-10 14:02:49.178  INFO 25284 --- [main] o.apache.catalina.core.StandardService   : Stopping service [Tomcat]
2023-01-10 14:02:49.194  INFO 25284 --- [main] ConditionEvaluationReportLoggingListener : 

Error starting ApplicationContext. To display the conditions report re-run your application with 'debug' enabled.
2023-01-10 14:02:49.196  INFO 25284 --- [main] o.s.s.c.ThreadPoolTaskScheduler          : Shutting down ExecutorService 'Nacos-Watch-Task-Scheduler'
2023-01-10 14:02:49.199  INFO 25284 --- [main] o.s.s.concurrent.ThreadPoolTaskExecutor  : Shutting down ExecutorService 'applicationTaskExecutor'
2023-01-10 14:02:49.200  INFO 25284 --- [main] com.alibaba.nacos.client.naming          : com.alibaba.nacos.client.naming.beat.BeatReactor do shutdown begin
2023-01-10 14:02:49.201  INFO 25284 --- [main] com.alibaba.nacos.client.naming          : com.alibaba.nacos.client.naming.beat.BeatReactor do shutdown stop
2023-01-10 14:02:49.201  INFO 25284 --- [main] com.alibaba.nacos.client.naming          : com.alibaba.nacos.client.naming.core.HostReactor do shutdown begin
2023-01-10 14:02:49.937  INFO 25284 --- [main] com.alibaba.nacos.client.naming          : com.alibaba.nacos.client.naming.core.PushReceiver do shutdown begin
2023-01-10 14:02:52.961  INFO 25284 --- [main] com.alibaba.nacos.client.naming          : com.alibaba.nacos.client.naming.core.PushReceiver do shutdown stop
2023-01-10 14:02:52.961  INFO 25284 --- [main] com.alibaba.nacos.client.naming          : com.alibaba.nacos.client.naming.backups.FailoverReactor do shutdown begin
2023-01-10 14:02:55.985  INFO 25284 --- [main] com.alibaba.nacos.client.naming          : com.alibaba.nacos.client.naming.backups.FailoverReactor do shutdown stop
2023-01-10 14:02:55.985  INFO 25284 --- [main] com.alibaba.nacos.client.naming          : com.alibaba.nacos.client.naming.core.HostReactor do shutdown stop
2023-01-10 14:02:55.985  INFO 25284 --- [main] com.alibaba.nacos.client.naming          : com.alibaba.nacos.client.naming.net.NamingProxy do shutdown begin
2023-01-10 14:02:55.985  WARN 25284 --- [main] com.alibaba.nacos.client.naming          : [NamingHttpClientManager] Start destroying NacosRestTemplate
2023-01-10 14:02:55.985  WARN 25284 --- [main] com.alibaba.nacos.client.naming          : [NamingHttpClientManager] Destruction of the end
2023-01-10 14:02:55.985  INFO 25284 --- [main] c.a.n.client.identify.CredentialWatcher  : [null] CredentialWatcher is stopped
2023-01-10 14:02:55.985  INFO 25284 --- [main] c.a.n.client.identify.CredentialService  : [null] CredentialService is freed
2023-01-10 14:02:55.985  INFO 25284 --- [main] com.alibaba.nacos.client.naming          : com.alibaba.nacos.client.naming.net.NamingProxy do shutdown stop
2023-01-10 14:02:55.989  INFO 25284 --- [main] com.alibaba.druid.pool.DruidDataSource   : {dataSource-0} closing ...
2023-01-10 14:02:55.993 ERROR 25284 --- [main] o.s.b.d.LoggingFailureAnalysisReporter   : 

***************************
APPLICATION FAILED TO START
***************************

Description:

Web server failed to start. Port 56040 was already in use.

Action:

Identify and stop the process that's listening on port 56040 or configure this application to listen on another port.

2023-01-10 14:02:55.994  WARN 25284 --- [Thread-4] c.a.n.common.http.HttpClientBeanHolder   : [HttpClientBeanHolder] Start destroying common HttpClient
2023-01-10 14:02:55.994  WARN 25284 --- [Thread-24] c.a.nacos.common.notify.NotifyCenter     : [NotifyCenter] Start destroying Publisher
2023-01-10 14:02:55.995  WARN 25284 --- [Thread-24] c.a.nacos.common.notify.NotifyCenter     : [NotifyCenter] Destruction of the end
2023-01-10 14:02:55.995  WARN 25284 --- [Thread-4] c.a.n.common.http.HttpClientBeanHolder   : [HttpClientBeanHolder] Destruction of the end
