2023-01-14 15:46:44.408  WARN 23964 --- [main] c.a.c.n.c.NacosPropertySourceBuilder     : Ignore the empty nacos configuration and get it based on dataId[aggregate-pay-merchant-application] & group[DEFAULT_GROUP]
2023-01-14 15:46:44.424  INFO 23964 --- [main] b.c.PropertySourceBootstrapConfiguration : Located property source: [BootstrapPropertySource {name='bootstrapProperties-aggregate-pay-merchant-application-dev.yml,DEFAULT_GROUP'}, BootstrapPropertySource {name='bootstrapProperties-aggregate-pay-merchant-application.yml,DEFAULT_GROUP'}, BootstrapPropertySource {name='bootstrapProperties-aggregate-pay-merchant-application,DEFAULT_GROUP'}, BootstrapPropertySource {name='bootstrapProperties-mysql.yml,DEFAULT_GROUP'}, BootstrapPropertySource {name='bootstrapProperties-redis.yml,DEFAULT_GROUP'}, BootstrapPropertySource {name='bootstrapProperties-common.yml,DEFAULT_GROUP'}]
2023-01-14 15:46:44.485  INFO 23964 --- [main] m.a.feign.log.OptLogFeignClientTest      : The following profiles are active: dev
2023-01-14 15:46:45.791  WARN 23964 --- [main] o.s.boot.actuate.endpoint.EndpointId     : Endpoint ID 'service-registry' contains invalid characters, please migrate to a valid format.
2023-01-14 15:46:45.979  INFO 23964 --- [main] o.s.cloud.context.scope.GenericScope     : BeanFactory id=fdcb3eca-449c-31f8-8bd6-cd5eb155cf6a
2023-01-14 15:46:47.653  INFO 23964 --- [main] m.a.service.Impl.FileServiceImpl         : 初始化 FileServiceImpl ， bucket：mao123456
2023-01-14 15:46:47.725  INFO 23964 --- [main] c.g.d.core.DozerBeanMapperBuilder        : Initializing Dozer. Version: 6.5.0, Thread Name: main
2023-01-14 15:46:47.727  INFO 23964 --- [main] c.g.dozermapper.core.util.RuntimeUtils   : OSGi support is false
2023-01-14 15:46:47.737  INFO 23964 --- [main] d.c.c.r.LegacyPropertiesSettingsResolver : Trying to find Dozer configuration file: dozer.properties
2023-01-14 15:46:47.744  INFO 23964 --- [main] d.c.c.r.LegacyPropertiesSettingsResolver : Failed to find dozer.properties via com.github.dozermapper.core.config.resolvers.LegacyPropertiesSettingsResolver.
2023-01-14 15:46:47.758  INFO 23964 --- [main] c.g.d.core.el.ELExpressionFactory        : javax.el support is true
2023-01-14 15:46:47.805  INFO 23964 --- [main] c.g.d.c.b.xml.BeanMappingXMLBuilder      : Using URL [file:/H:/%e7%a8%8b%e5%ba%8f/%e5%a4%a7%e5%9b%9b%e5%af%92%e5%81%87/aggregate-pay/apps/pay/aggregate-pay-merchant-application/target/classes/dozer/global.dozer.xml] to load custom xml mappings
2023-01-14 15:46:48.271  INFO 23964 --- [main] c.g.d.c.b.xml.SchemaLSResourceResolver   : Trying to resolve XML entity with public ID [null] and system ID [http://dozermapper.github.io/schema/bean-mapping.xsd]
2023-01-14 15:46:48.274  INFO 23964 --- [main] c.g.d.c.b.xml.SchemaLSResourceResolver   : Resolved public ID [null] and system ID [http://dozermapper.github.io/schema/bean-mapping.xsd]
2023-01-14 15:46:48.345  INFO 23964 --- [main] c.g.d.c.b.xml.BeanMappingXMLBuilder      : Successfully loaded custom xml mapping.
2023-01-14 15:46:48.347  INFO 23964 --- [main] c.g.d.c.b.xml.BeanMappingXMLBuilder      : Using URL [file:/H:/%e7%a8%8b%e5%ba%8f/%e5%a4%a7%e5%9b%9b%e5%af%92%e5%81%87/aggregate-pay/apps/pay/aggregate-pay-merchant-application/target/classes/dozer/biz.dozer.xml] to load custom xml mappings
2023-01-14 15:46:48.351  INFO 23964 --- [main] c.g.d.c.b.xml.SchemaLSResourceResolver   : Trying to resolve XML entity with public ID [null] and system ID [http://dozermapper.github.io/schema/bean-mapping.xsd]
2023-01-14 15:46:48.352  INFO 23964 --- [main] c.g.d.c.b.xml.SchemaLSResourceResolver   : Resolved public ID [null] and system ID [http://dozermapper.github.io/schema/bean-mapping.xsd]
2023-01-14 15:46:48.360  INFO 23964 --- [main] c.g.d.c.b.xml.BeanMappingXMLBuilder      : Successfully loaded custom xml mapping.
2023-01-14 15:46:48.383  INFO 23964 --- [main] m.t.config.DozerAutoConfiguration        : 初始化 DozerAutoConfiguration
2023-01-14 15:46:49.565  INFO 23964 --- [main] com.alibaba.nacos.client.naming          : initializer namespace from System Property :null
2023-01-14 15:46:49.566  INFO 23964 --- [main] com.alibaba.nacos.client.naming          : initializer namespace from System Environment :null
2023-01-14 15:46:49.566  INFO 23964 --- [main] com.alibaba.nacos.client.naming          : initializer namespace from System Property :null
2023-01-14 15:46:49.780  INFO 23964 --- [main] o.s.b.a.e.web.EndpointLinksResolver      : Exposing 4 endpoint(s) beneath base path '/actuator'
2023-01-14 15:46:50.268  WARN 23964 --- [main] c.n.c.sources.URLConfigurationSource     : No URLs will be polled as dynamic configuration sources.
2023-01-14 15:46:50.268  INFO 23964 --- [main] c.n.c.sources.URLConfigurationSource     : To enable URLs as dynamic configuration sources, define System property archaius.configurationSource.additionalUrls or make config.properties available on classpath.
2023-01-14 15:46:50.275  WARN 23964 --- [main] c.n.c.sources.URLConfigurationSource     : No URLs will be polled as dynamic configuration sources.
2023-01-14 15:46:50.275  INFO 23964 --- [main] c.n.c.sources.URLConfigurationSource     : To enable URLs as dynamic configuration sources, define System property archaius.configurationSource.additionalUrls or make config.properties available on classpath.
2023-01-14 15:46:50.431  INFO 23964 --- [main] m.tools_xss.config.XssAuthConfiguration  : 初始化 XssAuthConfiguration xss攻击配置
2023-01-14 15:46:50.569  INFO 23964 --- [main] o.s.s.concurrent.ThreadPoolTaskExecutor  : Initializing ExecutorService 'applicationTaskExecutor'
2023-01-14 15:46:50.980  INFO 23964 --- [main] o.s.s.c.ThreadPoolTaskScheduler          : Initializing ExecutorService 'Nacos-Watch-Task-Scheduler'
2023-01-14 15:46:51.083  INFO 23964 --- [main] m.tools_log.config.LogAutoConfiguration  : 初始化 LogAutoConfiguration
2023-01-14 15:46:51.234  INFO 23964 --- [main] pertySourcedRequestMappingHandlerMapping : Mapped URL path [/v2/api-docs] onto method [springfox.documentation.swagger2.web.Swagger2Controller#getDocumentation(String, HttpServletRequest)]
2023-01-14 15:46:51.252  INFO 23964 --- [main] m.t.config.SwaggerAutoConfiguration      : 初始化swagger接口文档
2023-01-14 15:46:51.253  INFO 23964 --- [main] m.t.config.SwaggerAutoConfiguration      : 
title：在线文档
group：
description：在线文档
version：1.0
contact：Contact{name='', url='', email=''}
basePackage：
basePath：[]
excludePath：[]
docket：{aggregate_pay=DocketInfo{title='商户平台应用', group='', description='在线文档', version='1.0', contact=Contact{name='', url='', email=''}, basePackage='mao.aggregate_pay_merchant_application', basePath=[], excludePath=[]}}

2023-01-14 15:46:52.126  INFO 23964 --- [main] com.alibaba.nacos.client.naming          : new ips(1) service: DEFAULT_GROUP@@aggregate-pay-merchant-application@@DEFAULT -> [{"instanceId":"192.168.3.143#57010#DEFAULT#DEFAULT_GROUP@@aggregate-pay-merchant-application","ip":"192.168.3.143","port":57010,"weight":1.0,"healthy":true,"enabled":true,"ephemeral":false,"clusterName":"DEFAULT","serviceName":"DEFAULT_GROUP@@aggregate-pay-merchant-application","metadata":{"preserved.register.source":"SPRING_CLOUD","management.endpoints.web.base-path":"/actuator","management.context-path":"//actuator"},"ipDeleteTimeout":30000,"instanceHeartBeatTimeOut":15000,"instanceHeartBeatInterval":5000}]
2023-01-14 15:46:52.137  INFO 23964 --- [main] com.alibaba.nacos.client.naming          : current ips:(1) service: DEFAULT_GROUP@@aggregate-pay-merchant-application@@DEFAULT -> [{"instanceId":"192.168.3.143#57010#DEFAULT#DEFAULT_GROUP@@aggregate-pay-merchant-application","ip":"192.168.3.143","port":57010,"weight":1.0,"healthy":true,"enabled":true,"ephemeral":false,"clusterName":"DEFAULT","serviceName":"DEFAULT_GROUP@@aggregate-pay-merchant-application","metadata":{"preserved.register.source":"SPRING_CLOUD","management.endpoints.web.base-path":"/actuator","management.context-path":"//actuator"},"ipDeleteTimeout":30000,"instanceHeartBeatTimeOut":15000,"instanceHeartBeatInterval":5000}]
2023-01-14 15:46:52.143  INFO 23964 --- [main] d.s.w.p.DocumentationPluginsBootstrapper : Context refreshed
2023-01-14 15:46:52.297  INFO 23964 --- [main] d.s.w.p.DocumentationPluginsBootstrapper : Found 1 custom documentation plugin(s)
2023-01-14 15:46:52.343  INFO 23964 --- [main] s.d.s.w.s.ApiListingReferenceScanner     : Scanning for api listing references
2023-01-14 15:46:52.547  INFO 23964 --- [main] m.a.feign.log.OptLogFeignClientTest      : Started OptLogFeignClientTest in 9.956 seconds (JVM running for 11.371)
2023-01-14 15:46:52.588  INFO 23964 --- [main] c.a.n.client.config.impl.ClientWorker    : [fixed-127.0.0.1_8848-51637975-182d-43e2-ab58-d012723411d5] [subscribe] aggregate-pay-merchant-application+DEFAULT_GROUP+51637975-182d-43e2-ab58-d012723411d5
2023-01-14 15:46:52.589  INFO 23964 --- [main] c.a.nacos.client.config.impl.CacheData   : [fixed-127.0.0.1_8848-51637975-182d-43e2-ab58-d012723411d5] [add-listener] ok, tenant=51637975-182d-43e2-ab58-d012723411d5, dataId=aggregate-pay-merchant-application, group=DEFAULT_GROUP, cnt=1
2023-01-14 15:46:52.591  INFO 23964 --- [main] c.a.n.client.config.impl.ClientWorker    : [fixed-127.0.0.1_8848-51637975-182d-43e2-ab58-d012723411d5] [subscribe] common.yml+DEFAULT_GROUP+51637975-182d-43e2-ab58-d012723411d5
2023-01-14 15:46:52.592  INFO 23964 --- [main] c.a.nacos.client.config.impl.CacheData   : [fixed-127.0.0.1_8848-51637975-182d-43e2-ab58-d012723411d5] [add-listener] ok, tenant=51637975-182d-43e2-ab58-d012723411d5, dataId=common.yml, group=DEFAULT_GROUP, cnt=1
2023-01-14 15:46:52.598  INFO 23964 --- [main] c.a.n.client.config.impl.ClientWorker    : [fixed-127.0.0.1_8848-51637975-182d-43e2-ab58-d012723411d5] [subscribe] aggregate-pay-merchant-application.yml+DEFAULT_GROUP+51637975-182d-43e2-ab58-d012723411d5
2023-01-14 15:46:52.599  INFO 23964 --- [main] c.a.nacos.client.config.impl.CacheData   : [fixed-127.0.0.1_8848-51637975-182d-43e2-ab58-d012723411d5] [add-listener] ok, tenant=51637975-182d-43e2-ab58-d012723411d5, dataId=aggregate-pay-merchant-application.yml, group=DEFAULT_GROUP, cnt=1
2023-01-14 15:46:52.600  INFO 23964 --- [main] c.a.n.client.config.impl.ClientWorker    : [fixed-127.0.0.1_8848-51637975-182d-43e2-ab58-d012723411d5] [subscribe] aggregate-pay-merchant-application-dev.yml+DEFAULT_GROUP+51637975-182d-43e2-ab58-d012723411d5
2023-01-14 15:46:52.600  INFO 23964 --- [main] c.a.nacos.client.config.impl.CacheData   : [fixed-127.0.0.1_8848-51637975-182d-43e2-ab58-d012723411d5] [add-listener] ok, tenant=51637975-182d-43e2-ab58-d012723411d5, dataId=aggregate-pay-merchant-application-dev.yml, group=DEFAULT_GROUP, cnt=1
2023-01-14 15:46:53.028 DEBUG 23964 --- [hystrix-aggregate-pay-log-1] m.a.feign.log.OptLogFeignClient          : [OptLogFeignClient#get] ---> GET http://aggregate-pay-log/log/opt/0 HTTP/1.1
2023-01-14 15:46:53.028 DEBUG 23964 --- [hystrix-aggregate-pay-log-1] m.a.feign.log.OptLogFeignClient          : [OptLogFeignClient#get] Accept-Encoding: gzip
2023-01-14 15:46:53.028 DEBUG 23964 --- [hystrix-aggregate-pay-log-1] m.a.feign.log.OptLogFeignClient          : [OptLogFeignClient#get] Accept-Encoding: deflate
2023-01-14 15:46:53.028 DEBUG 23964 --- [hystrix-aggregate-pay-log-1] m.a.feign.log.OptLogFeignClient          : [OptLogFeignClient#get] ---> END HTTP (0-byte body)
2023-01-14 15:46:53.183  INFO 23964 --- [hystrix-aggregate-pay-log-1] c.netflix.config.ChainedDynamicProperty  : Flipping property: aggregate-pay-log.ribbon.ActiveConnectionsLimit to use NEXT property: niws.loadbalancer.availabilityFilteringRule.activeConnectionsLimit = 2147483647
2023-01-14 15:46:53.202  INFO 23964 --- [hystrix-aggregate-pay-log-1] c.netflix.loadbalancer.BaseLoadBalancer  : Client: aggregate-pay-log instantiated a LoadBalancer: DynamicServerListLoadBalancer:{NFLoadBalancer:name=aggregate-pay-log,current list of Servers=[],Load balancer stats=Zone stats: {},Server stats: []}ServerList:null
2023-01-14 15:46:53.208  INFO 23964 --- [hystrix-aggregate-pay-log-1] c.n.l.DynamicServerListLoadBalancer      : Using serverListUpdater PollingServerListUpdater
2023-01-14 15:46:53.216  INFO 23964 --- [hystrix-aggregate-pay-log-1] c.n.l.DynamicServerListLoadBalancer      : DynamicServerListLoadBalancer for client aggregate-pay-log initialized: DynamicServerListLoadBalancer:{NFLoadBalancer:name=aggregate-pay-log,current list of Servers=[],Load balancer stats=Zone stats: {},Server stats: []}ServerList:com.alibaba.cloud.nacos.ribbon.NacosServerList@1e25b597
2023-01-14 15:46:53.270  WARN 23964 --- [Thread-14] c.a.nacos.common.notify.NotifyCenter     : [NotifyCenter] Start destroying Publisher
2023-01-14 15:46:53.270  INFO 23964 --- [Thread-20] c.n.l.PollingServerListUpdater           : Shutting down the Executor Pool for PollingServerListUpdater
2023-01-14 15:46:53.270  WARN 23964 --- [Thread-2] c.a.n.common.http.HttpClientBeanHolder   : [HttpClientBeanHolder] Start destroying common HttpClient
2023-01-14 15:46:53.270  WARN 23964 --- [Thread-14] c.a.nacos.common.notify.NotifyCenter     : [NotifyCenter] Destruction of the end
2023-01-14 15:46:53.271  WARN 23964 --- [Thread-2] c.a.n.common.http.HttpClientBeanHolder   : [HttpClientBeanHolder] Destruction of the end
2023-01-14 15:46:53.272  INFO 23964 --- [SpringContextShutdownHook] o.s.s.c.ThreadPoolTaskScheduler          : Shutting down ExecutorService 'Nacos-Watch-Task-Scheduler'
2023-01-14 15:46:53.274  INFO 23964 --- [SpringContextShutdownHook] com.alibaba.nacos.client.naming          : com.alibaba.nacos.client.naming.beat.BeatReactor do shutdown begin
2023-01-14 15:46:53.274  INFO 23964 --- [SpringContextShutdownHook] com.alibaba.nacos.client.naming          : com.alibaba.nacos.client.naming.beat.BeatReactor do shutdown stop
2023-01-14 15:46:53.275  INFO 23964 --- [SpringContextShutdownHook] com.alibaba.nacos.client.naming          : com.alibaba.nacos.client.naming.core.HostReactor do shutdown begin
2023-01-14 15:46:56.302  INFO 23964 --- [SpringContextShutdownHook] com.alibaba.nacos.client.naming          : com.alibaba.nacos.client.naming.core.PushReceiver do shutdown begin
2023-01-14 15:46:59.336  INFO 23964 --- [SpringContextShutdownHook] com.alibaba.nacos.client.naming          : com.alibaba.nacos.client.naming.core.PushReceiver do shutdown stop
2023-01-14 15:46:59.336  INFO 23964 --- [SpringContextShutdownHook] com.alibaba.nacos.client.naming          : com.alibaba.nacos.client.naming.backups.FailoverReactor do shutdown begin
2023-01-14 15:46:59.591  INFO 23964 --- [SpringContextShutdownHook] com.alibaba.nacos.client.naming          : com.alibaba.nacos.client.naming.backups.FailoverReactor do shutdown stop
2023-01-14 15:46:59.592  INFO 23964 --- [SpringContextShutdownHook] com.alibaba.nacos.client.naming          : com.alibaba.nacos.client.naming.core.HostReactor do shutdown stop
2023-01-14 15:46:59.592  INFO 23964 --- [SpringContextShutdownHook] com.alibaba.nacos.client.naming          : com.alibaba.nacos.client.naming.net.NamingProxy do shutdown begin
2023-01-14 15:46:59.592  WARN 23964 --- [SpringContextShutdownHook] com.alibaba.nacos.client.naming          : [NamingHttpClientManager] Start destroying NacosRestTemplate
2023-01-14 15:46:59.592  WARN 23964 --- [SpringContextShutdownHook] com.alibaba.nacos.client.naming          : [NamingHttpClientManager] Destruction of the end
2023-01-14 15:46:59.593  INFO 23964 --- [SpringContextShutdownHook] c.a.n.client.identify.CredentialWatcher  : [null] CredentialWatcher is stopped
2023-01-14 15:46:59.593  INFO 23964 --- [SpringContextShutdownHook] c.a.n.client.identify.CredentialService  : [null] CredentialService is freed
2023-01-14 15:46:59.593  INFO 23964 --- [SpringContextShutdownHook] com.alibaba.nacos.client.naming          : com.alibaba.nacos.client.naming.net.NamingProxy do shutdown stop
2023-01-14 15:46:59.593  INFO 23964 --- [SpringContextShutdownHook] o.s.s.concurrent.ThreadPoolTaskExecutor  : Shutting down ExecutorService 'applicationTaskExecutor'
