2023-01-11 13:34:49.529  WARN 25404 --- [main] c.a.c.n.c.NacosPropertySourceBuilder     : Ignore the empty nacos configuration and get it based on dataId[aggregate-pay-sms] & group[DEFAULT_GROUP]
2023-01-11 13:34:49.552  INFO 25404 --- [main] b.c.PropertySourceBootstrapConfiguration : Located property source: [BootstrapPropertySource {name='bootstrapProperties-aggregate-pay-sms-dev.yml,DEFAULT_GROUP'}, BootstrapPropertySource {name='bootstrapProperties-aggregate-pay-sms.yml,DEFAULT_GROUP'}, BootstrapPropertySource {name='bootstrapProperties-aggregate-pay-sms,DEFAULT_GROUP'}, BootstrapPropertySource {name='bootstrapProperties-redis.yml,DEFAULT_GROUP'}, BootstrapPropertySource {name='bootstrapProperties-common.yml,DEFAULT_GROUP'}]
2023-01-11 13:34:49.743  INFO 25404 --- [main] m.a.AggregatePaySmsApplication           : The following profiles are active: dev
2023-01-11 13:34:50.991  INFO 25404 --- [main] .s.d.r.c.RepositoryConfigurationDelegate : Multiple Spring Data modules found, entering strict repository configuration mode!
2023-01-11 13:34:50.995  INFO 25404 --- [main] .s.d.r.c.RepositoryConfigurationDelegate : Bootstrapping Spring Data Redis repositories in DEFAULT mode.
2023-01-11 13:34:51.031  INFO 25404 --- [main] .s.d.r.c.RepositoryConfigurationDelegate : Finished Spring Data repository scanning in 17ms. Found 0 Redis repository interfaces.
2023-01-11 13:34:51.098  WARN 25404 --- [main] o.s.boot.actuate.endpoint.EndpointId     : Endpoint ID 'service-registry' contains invalid characters, please migrate to a valid format.
2023-01-11 13:34:51.317  INFO 25404 --- [main] o.s.cloud.context.scope.GenericScope     : BeanFactory id=695dbd3d-81a7-3dd7-a7e3-2dc060dcfec9
2023-01-11 13:34:51.912  INFO 25404 --- [main] o.s.b.w.embedded.tomcat.TomcatWebServer  : Tomcat initialized with port(s): 35478 (http)
2023-01-11 13:34:51.926  INFO 25404 --- [main] o.apache.catalina.core.StandardService   : Starting service [Tomcat]
2023-01-11 13:34:51.927  INFO 25404 --- [main] org.apache.catalina.core.StandardEngine  : Starting Servlet engine: [Apache Tomcat/9.0.37]
2023-01-11 13:34:52.128  INFO 25404 --- [main] o.a.c.c.C.[Tomcat].[localhost].[/]       : Initializing Spring embedded WebApplicationContext
2023-01-11 13:34:52.129  INFO 25404 --- [main] w.s.c.ServletWebServerApplicationContext : Root WebApplicationContext: initialization completed in 2370 ms
2023-01-11 13:34:52.715  INFO 25404 --- [main] mao.sms_sdk.config.SmsConfig             : 初始化 SmsConfig ，短信发送接口名为SmsSendService
2023-01-11 13:34:53.730  INFO 25404 --- [main] com.alibaba.nacos.client.naming          : initializer namespace from System Property :null
2023-01-11 13:34:53.731  INFO 25404 --- [main] com.alibaba.nacos.client.naming          : initializer namespace from System Environment :null
2023-01-11 13:34:53.732  INFO 25404 --- [main] com.alibaba.nacos.client.naming          : initializer namespace from System Property :null
2023-01-11 13:34:53.903  INFO 25404 --- [main] o.s.b.a.e.web.EndpointLinksResolver      : Exposing 20 endpoint(s) beneath base path '/actuator'
2023-01-11 13:34:53.971  WARN 25404 --- [main] c.n.c.sources.URLConfigurationSource     : No URLs will be polled as dynamic configuration sources.
2023-01-11 13:34:53.971  INFO 25404 --- [main] c.n.c.sources.URLConfigurationSource     : To enable URLs as dynamic configuration sources, define System property archaius.configurationSource.additionalUrls or make config.properties available on classpath.
2023-01-11 13:34:53.977  WARN 25404 --- [main] c.n.c.sources.URLConfigurationSource     : No URLs will be polled as dynamic configuration sources.
2023-01-11 13:34:53.977  INFO 25404 --- [main] c.n.c.sources.URLConfigurationSource     : To enable URLs as dynamic configuration sources, define System property archaius.configurationSource.additionalUrls or make config.properties available on classpath.
2023-01-11 13:34:54.140  INFO 25404 --- [main] o.s.s.concurrent.ThreadPoolTaskExecutor  : Initializing ExecutorService 'applicationTaskExecutor'
2023-01-11 13:34:54.309  INFO 25404 --- [main] o.s.s.c.ThreadPoolTaskScheduler          : Initializing ExecutorService 'Nacos-Watch-Task-Scheduler'
2023-01-11 13:34:54.361  INFO 25404 --- [main] pertySourcedRequestMappingHandlerMapping : Mapped URL path [/v2/api-docs] onto method [springfox.documentation.swagger2.web.Swagger2Controller#getDocumentation(String, HttpServletRequest)]
2023-01-11 13:34:54.373  INFO 25404 --- [main] m.t.config.SwaggerAutoConfiguration      : 初始化swagger接口文档
2023-01-11 13:34:54.373  INFO 25404 --- [main] m.t.config.SwaggerAutoConfiguration      : 
title：在线文档
group：
description：在线文档
version：1.0
contact：Contact{name='', url='', email=''}
basePackage：
basePath：[]
excludePath：[]
docket：{aggregate_pay=DocketInfo{title='验证码服务', group='', description='在线文档', version='1.0', contact=Contact{name='', url='', email=''}, basePackage='mao.aggregate_pay_sms', basePath=[], excludePath=[]}}

2023-01-11 13:34:55.444  INFO 25404 --- [main] com.alibaba.nacos.client.naming          : new ips(2) service: DEFAULT_GROUP@@aggregate-pay-sms@@DEFAULT -> [{"instanceId":"192.168.3.143#35478#DEFAULT#DEFAULT_GROUP@@aggregate-pay-sms","ip":"192.168.3.143","port":35478,"weight":1.0,"healthy":true,"enabled":true,"ephemeral":false,"clusterName":"DEFAULT","serviceName":"DEFAULT_GROUP@@aggregate-pay-sms","metadata":{"preserved.register.source":"SPRING_CLOUD","management.endpoints.web.base-path":"/actuator","management.context-path":"/actuator"},"ipDeleteTimeout":30000,"instanceHeartBeatInterval":5000,"instanceHeartBeatTimeOut":15000},{"instanceId":"192.168.3.143#45739#DEFAULT#DEFAULT_GROUP@@aggregate-pay-sms","ip":"192.168.3.143","port":45739,"weight":1.0,"healthy":true,"enabled":true,"ephemeral":false,"clusterName":"DEFAULT","serviceName":"DEFAULT_GROUP@@aggregate-pay-sms","metadata":{"preserved.register.source":"SPRING_CLOUD","management.endpoints.web.base-path":"/actuator","management.context-path":"/actuator"},"ipDeleteTimeout":30000,"instanceHeartBeatInterval":5000,"instanceHeartBeatTimeOut":15000}]
2023-01-11 13:34:55.458  INFO 25404 --- [main] com.alibaba.nacos.client.naming          : current ips:(2) service: DEFAULT_GROUP@@aggregate-pay-sms@@DEFAULT -> [{"instanceId":"192.168.3.143#35478#DEFAULT#DEFAULT_GROUP@@aggregate-pay-sms","ip":"192.168.3.143","port":35478,"weight":1.0,"healthy":true,"enabled":true,"ephemeral":false,"clusterName":"DEFAULT","serviceName":"DEFAULT_GROUP@@aggregate-pay-sms","metadata":{"preserved.register.source":"SPRING_CLOUD","management.endpoints.web.base-path":"/actuator","management.context-path":"/actuator"},"ipDeleteTimeout":30000,"instanceHeartBeatInterval":5000,"instanceHeartBeatTimeOut":15000},{"instanceId":"192.168.3.143#45739#DEFAULT#DEFAULT_GROUP@@aggregate-pay-sms","ip":"192.168.3.143","port":45739,"weight":1.0,"healthy":true,"enabled":true,"ephemeral":false,"clusterName":"DEFAULT","serviceName":"DEFAULT_GROUP@@aggregate-pay-sms","metadata":{"preserved.register.source":"SPRING_CLOUD","management.endpoints.web.base-path":"/actuator","management.context-path":"/actuator"},"ipDeleteTimeout":30000,"instanceHeartBeatInterval":5000,"instanceHeartBeatTimeOut":15000}]
2023-01-11 13:34:55.462  INFO 25404 --- [main] d.s.w.p.DocumentationPluginsBootstrapper : Context refreshed
2023-01-11 13:34:55.492  INFO 25404 --- [main] d.s.w.p.DocumentationPluginsBootstrapper : Found 1 custom documentation plugin(s)
2023-01-11 13:34:55.554  INFO 25404 --- [main] s.d.s.w.s.ApiListingReferenceScanner     : Scanning for api listing references
2023-01-11 13:34:55.743  INFO 25404 --- [main] o.s.b.w.embedded.tomcat.TomcatWebServer  : Tomcat started on port(s): 35478 (http) with context path ''
2023-01-11 13:34:55.747  INFO 25404 --- [main] com.alibaba.nacos.client.naming          : [REGISTER-SERVICE] 51637975-182d-43e2-ab58-d012723411d5 registering service DEFAULT_GROUP@@aggregate-pay-sms with instance: Instance{instanceId='null', ip='192.168.3.143', port=35478, weight=1.0, healthy=true, enabled=true, ephemeral=false, clusterName='DEFAULT', serviceName='null', metadata={preserved.register.source=SPRING_CLOUD, management.endpoints.web.base-path=/actuator, management.context-path=/actuator}}
2023-01-11 13:34:56.046  INFO 25404 --- [main] c.a.c.n.registry.NacosServiceRegistry    : nacos registry, DEFAULT_GROUP aggregate-pay-sms 192.168.3.143:35478 register finished
2023-01-11 13:34:56.500  INFO 25404 --- [main] m.a.AggregatePaySmsApplication           : Started AggregatePaySmsApplication in 8.898 seconds (JVM running for 11.942)
2023-01-11 13:34:56.513  INFO 25404 --- [main] c.a.n.client.config.impl.ClientWorker    : [fixed-127.0.0.1_8848-51637975-182d-43e2-ab58-d012723411d5] [subscribe] aggregate-pay-sms.yml+DEFAULT_GROUP+51637975-182d-43e2-ab58-d012723411d5
2023-01-11 13:34:56.514  INFO 25404 --- [main] c.a.nacos.client.config.impl.CacheData   : [fixed-127.0.0.1_8848-51637975-182d-43e2-ab58-d012723411d5] [add-listener] ok, tenant=51637975-182d-43e2-ab58-d012723411d5, dataId=aggregate-pay-sms.yml, group=DEFAULT_GROUP, cnt=1
2023-01-11 13:34:56.515  INFO 25404 --- [main] c.a.n.client.config.impl.ClientWorker    : [fixed-127.0.0.1_8848-51637975-182d-43e2-ab58-d012723411d5] [subscribe] aggregate-pay-sms+DEFAULT_GROUP+51637975-182d-43e2-ab58-d012723411d5
2023-01-11 13:34:56.515  INFO 25404 --- [main] c.a.nacos.client.config.impl.CacheData   : [fixed-127.0.0.1_8848-51637975-182d-43e2-ab58-d012723411d5] [add-listener] ok, tenant=51637975-182d-43e2-ab58-d012723411d5, dataId=aggregate-pay-sms, group=DEFAULT_GROUP, cnt=1
2023-01-11 13:34:56.524  INFO 25404 --- [main] c.a.n.client.config.impl.ClientWorker    : [fixed-127.0.0.1_8848-51637975-182d-43e2-ab58-d012723411d5] [subscribe] aggregate-pay-sms-dev.yml+DEFAULT_GROUP+51637975-182d-43e2-ab58-d012723411d5
2023-01-11 13:34:56.524  INFO 25404 --- [main] c.a.nacos.client.config.impl.CacheData   : [fixed-127.0.0.1_8848-51637975-182d-43e2-ab58-d012723411d5] [add-listener] ok, tenant=51637975-182d-43e2-ab58-d012723411d5, dataId=aggregate-pay-sms-dev.yml, group=DEFAULT_GROUP, cnt=1
2023-01-11 13:34:56.533  INFO 25404 --- [main] c.a.n.client.config.impl.ClientWorker    : [fixed-127.0.0.1_8848-51637975-182d-43e2-ab58-d012723411d5] [subscribe] common.yml+DEFAULT_GROUP+51637975-182d-43e2-ab58-d012723411d5
2023-01-11 13:34:56.534  INFO 25404 --- [main] c.a.nacos.client.config.impl.CacheData   : [fixed-127.0.0.1_8848-51637975-182d-43e2-ab58-d012723411d5] [add-listener] ok, tenant=51637975-182d-43e2-ab58-d012723411d5, dataId=common.yml, group=DEFAULT_GROUP, cnt=1
2023-01-11 13:34:56.535  INFO 25404 --- [main] m.a.AggregatePaySmsApplication           : 应用aggregate-pay-sms启动成功!swagger地址：http://172.29.144.1:35478/doc.html
2023-01-11 13:34:56.535  INFO 25404 --- [main] m.a.AggregatePaySmsApplication           : 启动耗时：9036ms
2023-01-11 13:34:56.695  INFO 25404 --- [RMI TCP Connection(7)-172.29.144.1] o.a.c.c.C.[Tomcat].[localhost].[/]       : Initializing Spring DispatcherServlet 'dispatcherServlet'
2023-01-11 13:34:56.696  INFO 25404 --- [RMI TCP Connection(7)-172.29.144.1] o.s.web.servlet.DispatcherServlet        : Initializing Servlet 'dispatcherServlet'
2023-01-11 13:34:56.703  INFO 25404 --- [RMI TCP Connection(7)-172.29.144.1] o.s.web.servlet.DispatcherServlet        : Completed initialization in 7 ms
2023-01-11 13:34:57.079  INFO 25404 --- [com.alibaba.nacos.naming.push.receiver] com.alibaba.nacos.client.naming          : received push data: {"type":"dom","data":"{\"hosts\":[{\"ip\":\"192.168.3.143\",\"port\":35478,\"valid\":true,\"healthy\":true,\"marked\":false,\"instanceId\":\"192.168.3.143#35478#DEFAULT#DEFAULT_GROUP@@aggregate-pay-sms\",\"metadata\":{\"preserved.register.source\":\"SPRING_CLOUD\",\"management.endpoints.web.base-path\":\"/actuator\",\"management.context-path\":\"/actuator\"},\"enabled\":true,\"weight\":1.0,\"clusterName\":\"DEFAULT\",\"serviceName\":\"DEFAULT_GROUP@@aggregate-pay-sms\",\"ephemeral\":false},{\"ip\":\"192.168.3.143\",\"port\":45739,\"valid\":true,\"healthy\":true,\"marked\":false,\"instanceId\":\"192.168.3.143#45739#DEFAULT#DEFAULT_GROUP@@aggregate-pay-sms\",\"metadata\":{\"preserved.register.source\":\"SPRING_CLOUD\",\"management.endpoints.web.base-path\":\"/actuator\",\"management.context-path\":\"/actuator\"},\"enabled\":true,\"weight\":1.0,\"clusterName\":\"DEFAULT\",\"serviceName\":\"DEFAULT_GROUP@@aggregate-pay-sms\",\"ephemeral\":false}],\"dom\":\"DEFAULT_GROUP@@aggregate-pay-sms\",\"name\":\"DEFAULT_GROUP@@aggregate-pay-sms\",\"cacheMillis\":10000,\"lastRefTime\":1673415297061,\"checksum\":\"41bfd5247d677735850e2895f4612be9\",\"useSpecifiedURL\":false,\"clusters\":\"DEFAULT\",\"env\":\"\",\"metadata\":{}}","lastRefTime":148808761264400} from /172.29.144.1
2023-01-11 13:34:58.022  INFO 25404 --- [boundedElastic-1] io.lettuce.core.EpollProvider            : Starting without optional epoll library
2023-01-11 13:34:58.024  INFO 25404 --- [boundedElastic-1] io.lettuce.core.KqueueProvider           : Starting without optional kqueue library
2023-01-11 13:35:08.466  INFO 25404 --- [com.alibaba.nacos.naming.push.receiver] com.alibaba.nacos.client.naming          : received push data: {"type":"dom","data":"{\"hosts\":[{\"ip\":\"192.168.3.143\",\"port\":45739,\"valid\":false,\"healthy\":false,\"marked\":false,\"instanceId\":\"192.168.3.143#45739#DEFAULT#DEFAULT_GROUP@@aggregate-pay-sms\",\"metadata\":{\"preserved.register.source\":\"SPRING_CLOUD\",\"management.endpoints.web.base-path\":\"/actuator\",\"management.context-path\":\"/actuator\"},\"enabled\":true,\"weight\":1.0,\"clusterName\":\"DEFAULT\",\"serviceName\":\"DEFAULT_GROUP@@aggregate-pay-sms\",\"ephemeral\":false},{\"ip\":\"192.168.3.143\",\"port\":35478,\"valid\":true,\"healthy\":true,\"marked\":false,\"instanceId\":\"192.168.3.143#35478#DEFAULT#DEFAULT_GROUP@@aggregate-pay-sms\",\"metadata\":{\"preserved.register.source\":\"SPRING_CLOUD\",\"management.endpoints.web.base-path\":\"/actuator\",\"management.context-path\":\"/actuator\"},\"enabled\":true,\"weight\":1.0,\"clusterName\":\"DEFAULT\",\"serviceName\":\"DEFAULT_GROUP@@aggregate-pay-sms\",\"ephemeral\":false}],\"dom\":\"DEFAULT_GROUP@@aggregate-pay-sms\",\"name\":\"DEFAULT_GROUP@@aggregate-pay-sms\",\"cacheMillis\":10000,\"lastRefTime\":1673415308465,\"checksum\":\"41bfd5247d677735850e2895f4612be9\",\"useSpecifiedURL\":false,\"clusters\":\"DEFAULT\",\"env\":\"\",\"metadata\":{}}","lastRefTime":148820165706400} from /172.29.144.1
2023-01-11 13:35:08.467  INFO 25404 --- [com.alibaba.nacos.naming.push.receiver] com.alibaba.nacos.client.naming          : modified ips(1) service: DEFAULT_GROUP@@aggregate-pay-sms@@DEFAULT -> [{"instanceId":"192.168.3.143#45739#DEFAULT#DEFAULT_GROUP@@aggregate-pay-sms","ip":"192.168.3.143","port":45739,"weight":1.0,"healthy":false,"enabled":true,"ephemeral":false,"clusterName":"DEFAULT","serviceName":"DEFAULT_GROUP@@aggregate-pay-sms","metadata":{"preserved.register.source":"SPRING_CLOUD","management.endpoints.web.base-path":"/actuator","management.context-path":"/actuator"},"ipDeleteTimeout":30000,"instanceHeartBeatInterval":5000,"instanceHeartBeatTimeOut":15000}]
2023-01-11 13:35:08.474  INFO 25404 --- [com.alibaba.nacos.naming.push.receiver] com.alibaba.nacos.client.naming          : current ips:(2) service: DEFAULT_GROUP@@aggregate-pay-sms@@DEFAULT -> [{"instanceId":"192.168.3.143#45739#DEFAULT#DEFAULT_GROUP@@aggregate-pay-sms","ip":"192.168.3.143","port":45739,"weight":1.0,"healthy":false,"enabled":true,"ephemeral":false,"clusterName":"DEFAULT","serviceName":"DEFAULT_GROUP@@aggregate-pay-sms","metadata":{"preserved.register.source":"SPRING_CLOUD","management.endpoints.web.base-path":"/actuator","management.context-path":"/actuator"},"ipDeleteTimeout":30000,"instanceHeartBeatInterval":5000,"instanceHeartBeatTimeOut":15000},{"instanceId":"192.168.3.143#35478#DEFAULT#DEFAULT_GROUP@@aggregate-pay-sms","ip":"192.168.3.143","port":35478,"weight":1.0,"healthy":true,"enabled":true,"ephemeral":false,"clusterName":"DEFAULT","serviceName":"DEFAULT_GROUP@@aggregate-pay-sms","metadata":{"preserved.register.source":"SPRING_CLOUD","management.endpoints.web.base-path":"/actuator","management.context-path":"/actuator"},"ipDeleteTimeout":30000,"instanceHeartBeatInterval":5000,"instanceHeartBeatTimeOut":15000}]
2023-01-11 14:31:17.703  INFO 25404 --- [http-nio-35478-exec-1] m.aggregate_pay_sms.sms.SmsServiceImpl   : 给手机号15388888888发送验证码：710362
2023-01-11 14:31:22.253 ERROR 25404 --- [http-nio-35478-exec-1] m.s.service.impl.SmsSendServiceImpl      : error :

org.apache.http.conn.HttpHostConnectException: Connect to localhost:8771 [localhost/127.0.0.1, localhost/0:0:0:0:0:0:0:1] failed: Connection refused: connect
	at org.apache.http.impl.conn.DefaultHttpClientConnectionOperator.connect(DefaultHttpClientConnectionOperator.java:156) ~[httpclient-4.5.12.jar:4.5.12]
	at org.apache.http.impl.conn.PoolingHttpClientConnectionManager.connect(PoolingHttpClientConnectionManager.java:376) ~[httpclient-4.5.12.jar:4.5.12]
	at org.apache.http.impl.execchain.MainClientExec.establishRoute(MainClientExec.java:393) ~[httpclient-4.5.12.jar:4.5.12]
	at org.apache.http.impl.execchain.MainClientExec.execute(MainClientExec.java:236) ~[httpclient-4.5.12.jar:4.5.12]
	at org.apache.http.impl.execchain.ProtocolExec.execute(ProtocolExec.java:186) ~[httpclient-4.5.12.jar:4.5.12]
	at org.apache.http.impl.execchain.RetryExec.execute(RetryExec.java:89) ~[httpclient-4.5.12.jar:4.5.12]
	at org.apache.http.impl.execchain.RedirectExec.execute(RedirectExec.java:110) ~[httpclient-4.5.12.jar:4.5.12]
	at org.apache.http.impl.client.InternalHttpClient.doExecute(InternalHttpClient.java:185) ~[httpclient-4.5.12.jar:4.5.12]
	at org.apache.http.impl.client.CloseableHttpClient.execute(CloseableHttpClient.java:83) ~[httpclient-4.5.12.jar:4.5.12]
	at org.apache.http.impl.client.CloseableHttpClient.execute(CloseableHttpClient.java:108) ~[httpclient-4.5.12.jar:4.5.12]
	at mao.sms_sdk.service.impl.SmsSendServiceImpl.send(SmsSendServiceImpl.java:108) [classes/:na]
	at mao.sms_sdk.service.impl.SmsSendServiceImpl.sendSms(SmsSendServiceImpl.java:57) [classes/:na]
	at mao.aggregate_pay_sms.sms.SmsServiceImpl.send(SmsServiceImpl.java:51) [classes/:na]
	at mao.aggregate_pay_sms.handler.SmsNumberVerificationHandler.confusion(SmsNumberVerificationHandler.java:155) [classes/:na]
	at mao.aggregate_pay_sms.handler.AbstractVerificationHandler.generateVerificationInfo(AbstractVerificationHandler.java:58) [classes/:na]
	at mao.aggregate_pay_sms.service.VerificationService.generateVerificationInfo(VerificationService.java:32) [classes/:na]
	at mao.aggregate_pay_sms.controller.VerificationController.generateVerificationInfo(VerificationController.java:63) [classes/:na]
	at sun.reflect.NativeMethodAccessorImpl.invoke0(Native Method) ~[na:1.8.0_332]
	at sun.reflect.NativeMethodAccessorImpl.invoke(NativeMethodAccessorImpl.java:62) ~[na:1.8.0_332]
	at sun.reflect.DelegatingMethodAccessorImpl.invoke(DelegatingMethodAccessorImpl.java:43) ~[na:1.8.0_332]
	at java.lang.reflect.Method.invoke(Method.java:498) ~[na:1.8.0_332]
	at org.springframework.web.method.support.InvocableHandlerMethod.doInvoke(InvocableHandlerMethod.java:190) [spring-web-5.2.2.RELEASE.jar:5.2.2.RELEASE]
	at org.springframework.web.method.support.InvocableHandlerMethod.invokeForRequest(InvocableHandlerMethod.java:138) [spring-web-5.2.2.RELEASE.jar:5.2.2.RELEASE]
	at org.springframework.web.servlet.mvc.method.annotation.ServletInvocableHandlerMethod.invokeAndHandle(ServletInvocableHandlerMethod.java:106) [spring-webmvc-5.2.2.RELEASE.jar:5.2.2.RELEASE]
	at org.springframework.web.servlet.mvc.method.annotation.RequestMappingHandlerAdapter.invokeHandlerMethod(RequestMappingHandlerAdapter.java:888) [spring-webmvc-5.2.2.RELEASE.jar:5.2.2.RELEASE]
	at org.springframework.web.servlet.mvc.method.annotation.RequestMappingHandlerAdapter.handleInternal(RequestMappingHandlerAdapter.java:793) [spring-webmvc-5.2.2.RELEASE.jar:5.2.2.RELEASE]
	at org.springframework.web.servlet.mvc.method.AbstractHandlerMethodAdapter.handle(AbstractHandlerMethodAdapter.java:87) [spring-webmvc-5.2.2.RELEASE.jar:5.2.2.RELEASE]
	at org.springframework.web.servlet.DispatcherServlet.doDispatch(DispatcherServlet.java:1040) [spring-webmvc-5.2.2.RELEASE.jar:5.2.2.RELEASE]
	at org.springframework.web.servlet.DispatcherServlet.doService(DispatcherServlet.java:943) [spring-webmvc-5.2.2.RELEASE.jar:5.2.2.RELEASE]
	at org.springframework.web.servlet.FrameworkServlet.processRequest(FrameworkServlet.java:1006) [spring-webmvc-5.2.2.RELEASE.jar:5.2.2.RELEASE]
	at org.springframework.web.servlet.FrameworkServlet.doPost(FrameworkServlet.java:909) [spring-webmvc-5.2.2.RELEASE.jar:5.2.2.RELEASE]
	at javax.servlet.http.HttpServlet.service(HttpServlet.java:652) [tomcat-embed-core-9.0.37.jar:4.0.FR]
	at org.springframework.web.servlet.FrameworkServlet.service(FrameworkServlet.java:883) [spring-webmvc-5.2.2.RELEASE.jar:5.2.2.RELEASE]
	at javax.servlet.http.HttpServlet.service(HttpServlet.java:733) [tomcat-embed-core-9.0.37.jar:4.0.FR]
	at org.apache.catalina.core.ApplicationFilterChain.internalDoFilter(ApplicationFilterChain.java:231) [tomcat-embed-core-9.0.37.jar:9.0.37]
	at org.apache.catalina.core.ApplicationFilterChain.doFilter(ApplicationFilterChain.java:166) [tomcat-embed-core-9.0.37.jar:9.0.37]
	at org.apache.tomcat.websocket.server.WsFilter.doFilter(WsFilter.java:53) [tomcat-embed-websocket-9.0.37.jar:9.0.37]
	at org.apache.catalina.core.ApplicationFilterChain.internalDoFilter(ApplicationFilterChain.java:193) [tomcat-embed-core-9.0.37.jar:9.0.37]
	at org.apache.catalina.core.ApplicationFilterChain.doFilter(ApplicationFilterChain.java:166) [tomcat-embed-core-9.0.37.jar:9.0.37]
	at org.springframework.web.filter.RequestContextFilter.doFilterInternal(RequestContextFilter.java:100) [spring-web-5.2.2.RELEASE.jar:5.2.2.RELEASE]
	at org.springframework.web.filter.OncePerRequestFilter.doFilter(OncePerRequestFilter.java:119) [spring-web-5.2.2.RELEASE.jar:5.2.2.RELEASE]
	at org.apache.catalina.core.ApplicationFilterChain.internalDoFilter(ApplicationFilterChain.java:193) [tomcat-embed-core-9.0.37.jar:9.0.37]
	at org.apache.catalina.core.ApplicationFilterChain.doFilter(ApplicationFilterChain.java:166) [tomcat-embed-core-9.0.37.jar:9.0.37]
	at org.springframework.web.filter.FormContentFilter.doFilterInternal(FormContentFilter.java:93) [spring-web-5.2.2.RELEASE.jar:5.2.2.RELEASE]
	at org.springframework.web.filter.OncePerRequestFilter.doFilter(OncePerRequestFilter.java:119) [spring-web-5.2.2.RELEASE.jar:5.2.2.RELEASE]
	at org.apache.catalina.core.ApplicationFilterChain.internalDoFilter(ApplicationFilterChain.java:193) [tomcat-embed-core-9.0.37.jar:9.0.37]
	at org.apache.catalina.core.ApplicationFilterChain.doFilter(ApplicationFilterChain.java:166) [tomcat-embed-core-9.0.37.jar:9.0.37]
	at org.springframework.boot.actuate.metrics.web.servlet.WebMvcMetricsFilter.doFilterInternal(WebMvcMetricsFilter.java:109) [spring-boot-actuator-2.2.9.RELEASE.jar:2.2.9.RELEASE]
	at org.springframework.web.filter.OncePerRequestFilter.doFilter(OncePerRequestFilter.java:119) [spring-web-5.2.2.RELEASE.jar:5.2.2.RELEASE]
	at org.apache.catalina.core.ApplicationFilterChain.internalDoFilter(ApplicationFilterChain.java:193) [tomcat-embed-core-9.0.37.jar:9.0.37]
	at org.apache.catalina.core.ApplicationFilterChain.doFilter(ApplicationFilterChain.java:166) [tomcat-embed-core-9.0.37.jar:9.0.37]
	at org.springframework.web.filter.CharacterEncodingFilter.doFilterInternal(CharacterEncodingFilter.java:201) [spring-web-5.2.2.RELEASE.jar:5.2.2.RELEASE]
	at org.springframework.web.filter.OncePerRequestFilter.doFilter(OncePerRequestFilter.java:119) [spring-web-5.2.2.RELEASE.jar:5.2.2.RELEASE]
	at org.apache.catalina.core.ApplicationFilterChain.internalDoFilter(ApplicationFilterChain.java:193) [tomcat-embed-core-9.0.37.jar:9.0.37]
	at org.apache.catalina.core.ApplicationFilterChain.doFilter(ApplicationFilterChain.java:166) [tomcat-embed-core-9.0.37.jar:9.0.37]
	at org.apache.catalina.core.StandardWrapperValve.invoke(StandardWrapperValve.java:202) [tomcat-embed-core-9.0.37.jar:9.0.37]
	at org.apache.catalina.core.StandardContextValve.invoke(StandardContextValve.java:96) [tomcat-embed-core-9.0.37.jar:9.0.37]
	at org.apache.catalina.authenticator.AuthenticatorBase.invoke(AuthenticatorBase.java:541) [tomcat-embed-core-9.0.37.jar:9.0.37]
	at org.apache.catalina.core.StandardHostValve.invoke(StandardHostValve.java:139) [tomcat-embed-core-9.0.37.jar:9.0.37]
	at org.apache.catalina.valves.ErrorReportValve.invoke(ErrorReportValve.java:92) [tomcat-embed-core-9.0.37.jar:9.0.37]
	at org.apache.catalina.core.StandardEngineValve.invoke(StandardEngineValve.java:74) [tomcat-embed-core-9.0.37.jar:9.0.37]
	at org.apache.catalina.connector.CoyoteAdapter.service(CoyoteAdapter.java:343) [tomcat-embed-core-9.0.37.jar:9.0.37]
	at org.apache.coyote.http11.Http11Processor.service(Http11Processor.java:373) [tomcat-embed-core-9.0.37.jar:9.0.37]
	at org.apache.coyote.AbstractProcessorLight.process(AbstractProcessorLight.java:65) [tomcat-embed-core-9.0.37.jar:9.0.37]
	at org.apache.coyote.AbstractProtocol$ConnectionHandler.process(AbstractProtocol.java:868) [tomcat-embed-core-9.0.37.jar:9.0.37]
	at org.apache.tomcat.util.net.NioEndpoint$SocketProcessor.doRun(NioEndpoint.java:1589) [tomcat-embed-core-9.0.37.jar:9.0.37]
	at org.apache.tomcat.util.net.SocketProcessorBase.run(SocketProcessorBase.java:49) [tomcat-embed-core-9.0.37.jar:9.0.37]
	at java.util.concurrent.ThreadPoolExecutor.runWorker(ThreadPoolExecutor.java:1149) [na:1.8.0_332]
	at java.util.concurrent.ThreadPoolExecutor$Worker.run(ThreadPoolExecutor.java:624) [na:1.8.0_332]
	at org.apache.tomcat.util.threads.TaskThread$WrappingRunnable.run(TaskThread.java:61) [tomcat-embed-core-9.0.37.jar:9.0.37]
	at java.lang.Thread.run(Thread.java:750) [na:1.8.0_332]
Caused by: java.net.ConnectException: Connection refused: connect
	at java.net.DualStackPlainSocketImpl.connect0(Native Method) ~[na:1.8.0_332]
	at java.net.DualStackPlainSocketImpl.socketConnect(DualStackPlainSocketImpl.java:79) ~[na:1.8.0_332]
	at java.net.AbstractPlainSocketImpl.doConnect(AbstractPlainSocketImpl.java:350) ~[na:1.8.0_332]
	at java.net.AbstractPlainSocketImpl.connectToAddress(AbstractPlainSocketImpl.java:206) ~[na:1.8.0_332]
	at java.net.AbstractPlainSocketImpl.connect(AbstractPlainSocketImpl.java:188) ~[na:1.8.0_332]
	at java.net.PlainSocketImpl.connect(PlainSocketImpl.java:172) ~[na:1.8.0_332]
	at java.net.SocksSocketImpl.connect(SocksSocketImpl.java:392) ~[na:1.8.0_332]
	at java.net.Socket.connect(Socket.java:607) ~[na:1.8.0_332]
	at org.apache.http.conn.socket.PlainConnectionSocketFactory.connectSocket(PlainConnectionSocketFactory.java:75) ~[httpclient-4.5.12.jar:4.5.12]
	at org.apache.http.impl.conn.DefaultHttpClientConnectionOperator.connect(DefaultHttpClientConnectionOperator.java:142) ~[httpclient-4.5.12.jar:4.5.12]
	... 70 common frames omitted

2023-01-11 14:31:22.254  WARN 25404 --- [http-nio-35478-exec-1] m.aggregate_pay_sms.sms.SmsServiceImpl   : 短信发送失败！手机号：15388888888，失败信息：Connect to localhost:8771 [localhost/127.0.0.1, localhost/0:0:0:0:0:0:0:1] failed: Connection refused: connect
2023-01-11 14:57:28.336  INFO 25404 --- [http-nio-35478-exec-5] m.aggregate_pay_sms.sms.SmsServiceImpl   : 给手机号15388888888发送验证码：248011
2023-01-11 14:57:32.414 ERROR 25404 --- [http-nio-35478-exec-5] m.s.service.impl.SmsSendServiceImpl      : error :

org.apache.http.conn.HttpHostConnectException: Connect to localhost:8771 [localhost/127.0.0.1, localhost/0:0:0:0:0:0:0:1] failed: Connection refused: connect
	at org.apache.http.impl.conn.DefaultHttpClientConnectionOperator.connect(DefaultHttpClientConnectionOperator.java:156) ~[httpclient-4.5.12.jar:4.5.12]
	at org.apache.http.impl.conn.PoolingHttpClientConnectionManager.connect(PoolingHttpClientConnectionManager.java:376) ~[httpclient-4.5.12.jar:4.5.12]
	at org.apache.http.impl.execchain.MainClientExec.establishRoute(MainClientExec.java:393) ~[httpclient-4.5.12.jar:4.5.12]
	at org.apache.http.impl.execchain.MainClientExec.execute(MainClientExec.java:236) ~[httpclient-4.5.12.jar:4.5.12]
	at org.apache.http.impl.execchain.ProtocolExec.execute(ProtocolExec.java:186) ~[httpclient-4.5.12.jar:4.5.12]
	at org.apache.http.impl.execchain.RetryExec.execute(RetryExec.java:89) ~[httpclient-4.5.12.jar:4.5.12]
	at org.apache.http.impl.execchain.RedirectExec.execute(RedirectExec.java:110) ~[httpclient-4.5.12.jar:4.5.12]
	at org.apache.http.impl.client.InternalHttpClient.doExecute(InternalHttpClient.java:185) ~[httpclient-4.5.12.jar:4.5.12]
	at org.apache.http.impl.client.CloseableHttpClient.execute(CloseableHttpClient.java:83) ~[httpclient-4.5.12.jar:4.5.12]
	at org.apache.http.impl.client.CloseableHttpClient.execute(CloseableHttpClient.java:108) ~[httpclient-4.5.12.jar:4.5.12]
	at mao.sms_sdk.service.impl.SmsSendServiceImpl.send(SmsSendServiceImpl.java:108) [classes/:na]
	at mao.sms_sdk.service.impl.SmsSendServiceImpl.sendSms(SmsSendServiceImpl.java:57) [classes/:na]
	at mao.aggregate_pay_sms.sms.SmsServiceImpl.send(SmsServiceImpl.java:51) [classes/:na]
	at mao.aggregate_pay_sms.handler.SmsNumberVerificationHandler.confusion(SmsNumberVerificationHandler.java:155) [classes/:na]
	at mao.aggregate_pay_sms.handler.AbstractVerificationHandler.generateVerificationInfo(AbstractVerificationHandler.java:58) [classes/:na]
	at mao.aggregate_pay_sms.service.VerificationService.generateVerificationInfo(VerificationService.java:32) [classes/:na]
	at mao.aggregate_pay_sms.controller.VerificationController.generateVerificationInfo(VerificationController.java:63) [classes/:na]
	at sun.reflect.NativeMethodAccessorImpl.invoke0(Native Method) ~[na:1.8.0_332]
	at sun.reflect.NativeMethodAccessorImpl.invoke(NativeMethodAccessorImpl.java:62) ~[na:1.8.0_332]
	at sun.reflect.DelegatingMethodAccessorImpl.invoke(DelegatingMethodAccessorImpl.java:43) ~[na:1.8.0_332]
	at java.lang.reflect.Method.invoke(Method.java:498) ~[na:1.8.0_332]
	at org.springframework.web.method.support.InvocableHandlerMethod.doInvoke(InvocableHandlerMethod.java:190) [spring-web-5.2.2.RELEASE.jar:5.2.2.RELEASE]
	at org.springframework.web.method.support.InvocableHandlerMethod.invokeForRequest(InvocableHandlerMethod.java:138) [spring-web-5.2.2.RELEASE.jar:5.2.2.RELEASE]
	at org.springframework.web.servlet.mvc.method.annotation.ServletInvocableHandlerMethod.invokeAndHandle(ServletInvocableHandlerMethod.java:106) [spring-webmvc-5.2.2.RELEASE.jar:5.2.2.RELEASE]
	at org.springframework.web.servlet.mvc.method.annotation.RequestMappingHandlerAdapter.invokeHandlerMethod(RequestMappingHandlerAdapter.java:888) [spring-webmvc-5.2.2.RELEASE.jar:5.2.2.RELEASE]
	at org.springframework.web.servlet.mvc.method.annotation.RequestMappingHandlerAdapter.handleInternal(RequestMappingHandlerAdapter.java:793) [spring-webmvc-5.2.2.RELEASE.jar:5.2.2.RELEASE]
	at org.springframework.web.servlet.mvc.method.AbstractHandlerMethodAdapter.handle(AbstractHandlerMethodAdapter.java:87) [spring-webmvc-5.2.2.RELEASE.jar:5.2.2.RELEASE]
	at org.springframework.web.servlet.DispatcherServlet.doDispatch(DispatcherServlet.java:1040) [spring-webmvc-5.2.2.RELEASE.jar:5.2.2.RELEASE]
	at org.springframework.web.servlet.DispatcherServlet.doService(DispatcherServlet.java:943) [spring-webmvc-5.2.2.RELEASE.jar:5.2.2.RELEASE]
	at org.springframework.web.servlet.FrameworkServlet.processRequest(FrameworkServlet.java:1006) [spring-webmvc-5.2.2.RELEASE.jar:5.2.2.RELEASE]
	at org.springframework.web.servlet.FrameworkServlet.doPost(FrameworkServlet.java:909) [spring-webmvc-5.2.2.RELEASE.jar:5.2.2.RELEASE]
	at javax.servlet.http.HttpServlet.service(HttpServlet.java:652) [tomcat-embed-core-9.0.37.jar:4.0.FR]
	at org.springframework.web.servlet.FrameworkServlet.service(FrameworkServlet.java:883) [spring-webmvc-5.2.2.RELEASE.jar:5.2.2.RELEASE]
	at javax.servlet.http.HttpServlet.service(HttpServlet.java:733) [tomcat-embed-core-9.0.37.jar:4.0.FR]
	at org.apache.catalina.core.ApplicationFilterChain.internalDoFilter(ApplicationFilterChain.java:231) [tomcat-embed-core-9.0.37.jar:9.0.37]
	at org.apache.catalina.core.ApplicationFilterChain.doFilter(ApplicationFilterChain.java:166) [tomcat-embed-core-9.0.37.jar:9.0.37]
	at org.apache.tomcat.websocket.server.WsFilter.doFilter(WsFilter.java:53) [tomcat-embed-websocket-9.0.37.jar:9.0.37]
	at org.apache.catalina.core.ApplicationFilterChain.internalDoFilter(ApplicationFilterChain.java:193) [tomcat-embed-core-9.0.37.jar:9.0.37]
	at org.apache.catalina.core.ApplicationFilterChain.doFilter(ApplicationFilterChain.java:166) [tomcat-embed-core-9.0.37.jar:9.0.37]
	at org.springframework.web.filter.RequestContextFilter.doFilterInternal(RequestContextFilter.java:100) [spring-web-5.2.2.RELEASE.jar:5.2.2.RELEASE]
	at org.springframework.web.filter.OncePerRequestFilter.doFilter(OncePerRequestFilter.java:119) [spring-web-5.2.2.RELEASE.jar:5.2.2.RELEASE]
	at org.apache.catalina.core.ApplicationFilterChain.internalDoFilter(ApplicationFilterChain.java:193) [tomcat-embed-core-9.0.37.jar:9.0.37]
	at org.apache.catalina.core.ApplicationFilterChain.doFilter(ApplicationFilterChain.java:166) [tomcat-embed-core-9.0.37.jar:9.0.37]
	at org.springframework.web.filter.FormContentFilter.doFilterInternal(FormContentFilter.java:93) [spring-web-5.2.2.RELEASE.jar:5.2.2.RELEASE]
	at org.springframework.web.filter.OncePerRequestFilter.doFilter(OncePerRequestFilter.java:119) [spring-web-5.2.2.RELEASE.jar:5.2.2.RELEASE]
	at org.apache.catalina.core.ApplicationFilterChain.internalDoFilter(ApplicationFilterChain.java:193) [tomcat-embed-core-9.0.37.jar:9.0.37]
	at org.apache.catalina.core.ApplicationFilterChain.doFilter(ApplicationFilterChain.java:166) [tomcat-embed-core-9.0.37.jar:9.0.37]
	at org.springframework.boot.actuate.metrics.web.servlet.WebMvcMetricsFilter.doFilterInternal(WebMvcMetricsFilter.java:109) [spring-boot-actuator-2.2.9.RELEASE.jar:2.2.9.RELEASE]
	at org.springframework.web.filter.OncePerRequestFilter.doFilter(OncePerRequestFilter.java:119) [spring-web-5.2.2.RELEASE.jar:5.2.2.RELEASE]
	at org.apache.catalina.core.ApplicationFilterChain.internalDoFilter(ApplicationFilterChain.java:193) [tomcat-embed-core-9.0.37.jar:9.0.37]
	at org.apache.catalina.core.ApplicationFilterChain.doFilter(ApplicationFilterChain.java:166) [tomcat-embed-core-9.0.37.jar:9.0.37]
	at org.springframework.web.filter.CharacterEncodingFilter.doFilterInternal(CharacterEncodingFilter.java:201) [spring-web-5.2.2.RELEASE.jar:5.2.2.RELEASE]
	at org.springframework.web.filter.OncePerRequestFilter.doFilter(OncePerRequestFilter.java:119) [spring-web-5.2.2.RELEASE.jar:5.2.2.RELEASE]
	at org.apache.catalina.core.ApplicationFilterChain.internalDoFilter(ApplicationFilterChain.java:193) [tomcat-embed-core-9.0.37.jar:9.0.37]
	at org.apache.catalina.core.ApplicationFilterChain.doFilter(ApplicationFilterChain.java:166) [tomcat-embed-core-9.0.37.jar:9.0.37]
	at org.apache.catalina.core.StandardWrapperValve.invoke(StandardWrapperValve.java:202) [tomcat-embed-core-9.0.37.jar:9.0.37]
	at org.apache.catalina.core.StandardContextValve.invoke(StandardContextValve.java:96) [tomcat-embed-core-9.0.37.jar:9.0.37]
	at org.apache.catalina.authenticator.AuthenticatorBase.invoke(AuthenticatorBase.java:541) [tomcat-embed-core-9.0.37.jar:9.0.37]
	at org.apache.catalina.core.StandardHostValve.invoke(StandardHostValve.java:139) [tomcat-embed-core-9.0.37.jar:9.0.37]
	at org.apache.catalina.valves.ErrorReportValve.invoke(ErrorReportValve.java:92) [tomcat-embed-core-9.0.37.jar:9.0.37]
	at org.apache.catalina.core.StandardEngineValve.invoke(StandardEngineValve.java:74) [tomcat-embed-core-9.0.37.jar:9.0.37]
	at org.apache.catalina.connector.CoyoteAdapter.service(CoyoteAdapter.java:343) [tomcat-embed-core-9.0.37.jar:9.0.37]
	at org.apache.coyote.http11.Http11Processor.service(Http11Processor.java:373) [tomcat-embed-core-9.0.37.jar:9.0.37]
	at org.apache.coyote.AbstractProcessorLight.process(AbstractProcessorLight.java:65) [tomcat-embed-core-9.0.37.jar:9.0.37]
	at org.apache.coyote.AbstractProtocol$ConnectionHandler.process(AbstractProtocol.java:868) [tomcat-embed-core-9.0.37.jar:9.0.37]
	at org.apache.tomcat.util.net.NioEndpoint$SocketProcessor.doRun(NioEndpoint.java:1589) [tomcat-embed-core-9.0.37.jar:9.0.37]
	at org.apache.tomcat.util.net.SocketProcessorBase.run(SocketProcessorBase.java:49) [tomcat-embed-core-9.0.37.jar:9.0.37]
	at java.util.concurrent.ThreadPoolExecutor.runWorker(ThreadPoolExecutor.java:1149) [na:1.8.0_332]
	at java.util.concurrent.ThreadPoolExecutor$Worker.run(ThreadPoolExecutor.java:624) [na:1.8.0_332]
	at org.apache.tomcat.util.threads.TaskThread$WrappingRunnable.run(TaskThread.java:61) [tomcat-embed-core-9.0.37.jar:9.0.37]
	at java.lang.Thread.run(Thread.java:750) [na:1.8.0_332]
Caused by: java.net.ConnectException: Connection refused: connect
	at java.net.DualStackPlainSocketImpl.connect0(Native Method) ~[na:1.8.0_332]
	at java.net.DualStackPlainSocketImpl.socketConnect(DualStackPlainSocketImpl.java:79) ~[na:1.8.0_332]
	at java.net.AbstractPlainSocketImpl.doConnect(AbstractPlainSocketImpl.java:350) ~[na:1.8.0_332]
	at java.net.AbstractPlainSocketImpl.connectToAddress(AbstractPlainSocketImpl.java:206) ~[na:1.8.0_332]
	at java.net.AbstractPlainSocketImpl.connect(AbstractPlainSocketImpl.java:188) ~[na:1.8.0_332]
	at java.net.PlainSocketImpl.connect(PlainSocketImpl.java:172) ~[na:1.8.0_332]
	at java.net.SocksSocketImpl.connect(SocksSocketImpl.java:392) ~[na:1.8.0_332]
	at java.net.Socket.connect(Socket.java:607) ~[na:1.8.0_332]
	at org.apache.http.conn.socket.PlainConnectionSocketFactory.connectSocket(PlainConnectionSocketFactory.java:75) ~[httpclient-4.5.12.jar:4.5.12]
	at org.apache.http.impl.conn.DefaultHttpClientConnectionOperator.connect(DefaultHttpClientConnectionOperator.java:142) ~[httpclient-4.5.12.jar:4.5.12]
	... 70 common frames omitted

2023-01-11 14:57:32.415  WARN 25404 --- [http-nio-35478-exec-5] m.aggregate_pay_sms.sms.SmsServiceImpl   : 短信发送失败！手机号：15388888888，失败信息：Connect to localhost:8771 [localhost/127.0.0.1, localhost/0:0:0:0:0:0:0:1] failed: Connection refused: connect
2023-01-11 15:44:23.681  WARN 25404 --- [Thread-5] c.a.n.common.http.HttpClientBeanHolder   : [HttpClientBeanHolder] Start destroying common HttpClient
2023-01-11 15:44:23.682  WARN 25404 --- [Thread-24] c.a.nacos.common.notify.NotifyCenter     : [NotifyCenter] Start destroying Publisher
2023-01-11 15:44:23.683  WARN 25404 --- [Thread-24] c.a.nacos.common.notify.NotifyCenter     : [NotifyCenter] Destruction of the end
2023-01-11 15:44:23.685  WARN 25404 --- [Thread-5] c.a.n.common.http.HttpClientBeanHolder   : [HttpClientBeanHolder] Destruction of the end
2023-01-11 15:44:23.705  INFO 25404 --- [SpringContextShutdownHook] o.s.s.c.ThreadPoolTaskScheduler          : Shutting down ExecutorService 'Nacos-Watch-Task-Scheduler'
2023-01-11 15:44:23.715  INFO 25404 --- [SpringContextShutdownHook] c.a.c.n.registry.NacosServiceRegistry    : De-registering from Nacos Server now...
2023-01-11 15:44:23.716  INFO 25404 --- [SpringContextShutdownHook] com.alibaba.nacos.client.naming          : [BEAT] removing beat: DEFAULT_GROUP@@aggregate-pay-sms:192.168.3.143:35478 from beat map.
2023-01-11 15:44:23.716  INFO 25404 --- [SpringContextShutdownHook] com.alibaba.nacos.client.naming          : [DEREGISTER-SERVICE] 51637975-182d-43e2-ab58-d012723411d5 deregistering service DEFAULT_GROUP@@aggregate-pay-sms with instance: Instance{instanceId='null', ip='192.168.3.143', port=35478, weight=1.0, healthy=true, enabled=true, ephemeral=true, clusterName='DEFAULT', serviceName='null', metadata={}}
2023-01-11 15:44:23.719  INFO 25404 --- [SpringContextShutdownHook] c.a.c.n.registry.NacosServiceRegistry    : De-registration finished.
2023-01-11 15:44:23.720  INFO 25404 --- [SpringContextShutdownHook] com.alibaba.nacos.client.naming          : com.alibaba.nacos.client.naming.beat.BeatReactor do shutdown begin
2023-01-11 15:44:23.720  INFO 25404 --- [SpringContextShutdownHook] com.alibaba.nacos.client.naming          : com.alibaba.nacos.client.naming.beat.BeatReactor do shutdown stop
2023-01-11 15:44:23.720  INFO 25404 --- [SpringContextShutdownHook] com.alibaba.nacos.client.naming          : com.alibaba.nacos.client.naming.core.HostReactor do shutdown begin
2023-01-11 15:44:24.722  INFO 25404 --- [com.alibaba.nacos.naming.push.receiver] com.alibaba.nacos.client.naming          : received push data: {"type":"dom","data":"{\"hosts\":[{\"ip\":\"192.168.3.143\",\"port\":45739,\"valid\":false,\"healthy\":false,\"marked\":false,\"instanceId\":\"192.168.3.143#45739#DEFAULT#DEFAULT_GROUP@@aggregate-pay-sms\",\"metadata\":{\"preserved.register.source\":\"SPRING_CLOUD\",\"management.endpoints.web.base-path\":\"/actuator\",\"management.context-path\":\"/actuator\"},\"enabled\":true,\"weight\":1.0,\"clusterName\":\"DEFAULT\",\"serviceName\":\"DEFAULT_GROUP@@aggregate-pay-sms\",\"ephemeral\":false},{\"ip\":\"192.168.3.143\",\"port\":35478,\"valid\":true,\"healthy\":true,\"marked\":false,\"instanceId\":\"192.168.3.143#35478#DEFAULT#DEFAULT_GROUP@@aggregate-pay-sms\",\"metadata\":{\"preserved.register.source\":\"SPRING_CLOUD\",\"management.endpoints.web.base-path\":\"/actuator\",\"management.context-path\":\"/actuator\"},\"enabled\":true,\"weight\":1.0,\"clusterName\":\"DEFAULT\",\"serviceName\":\"DEFAULT_GROUP@@aggregate-pay-sms\",\"ephemeral\":false}],\"dom\":\"DEFAULT_GROUP@@aggregate-pay-sms\",\"name\":\"DEFAULT_GROUP@@aggregate-pay-sms\",\"cacheMillis\":10000,\"lastRefTime\":1673423064720,\"checksum\":\"72170e0ad7b031ddf5c67f04610f3d8f\",\"useSpecifiedURL\":false,\"clusters\":\"DEFAULT\",\"env\":\"\",\"metadata\":{}}","lastRefTime":156573693790100} from /172.29.144.1
2023-01-11 15:44:26.728  INFO 25404 --- [SpringContextShutdownHook] com.alibaba.nacos.client.naming          : com.alibaba.nacos.client.naming.core.PushReceiver do shutdown begin
2023-01-11 15:44:29.759  INFO 25404 --- [SpringContextShutdownHook] com.alibaba.nacos.client.naming          : com.alibaba.nacos.client.naming.core.PushReceiver do shutdown stop
2023-01-11 15:44:29.759  INFO 25404 --- [SpringContextShutdownHook] com.alibaba.nacos.client.naming          : com.alibaba.nacos.client.naming.backups.FailoverReactor do shutdown begin
2023-01-11 15:44:29.760  INFO 25404 --- [SpringContextShutdownHook] com.alibaba.nacos.client.naming          : com.alibaba.nacos.client.naming.backups.FailoverReactor do shutdown stop
2023-01-11 15:44:29.760  INFO 25404 --- [SpringContextShutdownHook] com.alibaba.nacos.client.naming          : com.alibaba.nacos.client.naming.core.HostReactor do shutdown stop
2023-01-11 15:44:29.760  INFO 25404 --- [SpringContextShutdownHook] com.alibaba.nacos.client.naming          : com.alibaba.nacos.client.naming.net.NamingProxy do shutdown begin
2023-01-11 15:44:29.760  WARN 25404 --- [SpringContextShutdownHook] com.alibaba.nacos.client.naming          : [NamingHttpClientManager] Start destroying NacosRestTemplate
2023-01-11 15:44:29.760  WARN 25404 --- [SpringContextShutdownHook] com.alibaba.nacos.client.naming          : [NamingHttpClientManager] Destruction of the end
2023-01-11 15:44:29.761  INFO 25404 --- [SpringContextShutdownHook] c.a.n.client.identify.CredentialWatcher  : [null] CredentialWatcher is stopped
2023-01-11 15:44:29.761  INFO 25404 --- [SpringContextShutdownHook] c.a.n.client.identify.CredentialService  : [null] CredentialService is freed
2023-01-11 15:44:29.761  INFO 25404 --- [SpringContextShutdownHook] com.alibaba.nacos.client.naming          : com.alibaba.nacos.client.naming.net.NamingProxy do shutdown stop
2023-01-11 15:44:29.763  INFO 25404 --- [SpringContextShutdownHook] o.s.s.concurrent.ThreadPoolTaskExecutor  : Shutting down ExecutorService 'applicationTaskExecutor'
2023-01-11 15:44:29.771  WARN 25404 --- [SpringContextShutdownHook] o.s.b.f.support.DisposableBeanAdapter    : Destroy method 'close' on bean with name 'nacosServiceRegistry' threw an exception: java.lang.NullPointerException
