2023-01-14 22:07:11.350  WARN 14396 --- [main] c.a.c.n.c.NacosPropertySourceBuilder     : Ignore the empty nacos configuration and get it based on dataId[aggregate-pay-transaction-service] & group[DEFAULT_GROUP]
2023-01-14 22:07:11.370  INFO 14396 --- [main] b.c.PropertySourceBootstrapConfiguration : Located property source: [BootstrapPropertySource {name='bootstrapProperties-aggregate-pay-transaction-service-dev.yml,DEFAULT_GROUP'}, BootstrapPropertySource {name='bootstrapProperties-aggregate-pay-transaction-service.yml,DEFAULT_GROUP'}, BootstrapPropertySource {name='bootstrapProperties-aggregate-pay-transaction-service,DEFAULT_GROUP'}, BootstrapPropertySource {name='bootstrapProperties-mysql.yml,DEFAULT_GROUP'}, BootstrapPropertySource {name='bootstrapProperties-redis.yml,DEFAULT_GROUP'}, BootstrapPropertySource {name='bootstrapProperties-common.yml,DEFAULT_GROUP'}]
2023-01-14 22:07:11.429  INFO 14396 --- [main] m.a.mapper.AppPlatformChannelMapperTest  : The following profiles are active: dev
2023-01-14 22:07:12.931  INFO 14396 --- [main] .s.d.r.c.RepositoryConfigurationDelegate : Multiple Spring Data modules found, entering strict repository configuration mode!
2023-01-14 22:07:12.936  INFO 14396 --- [main] .s.d.r.c.RepositoryConfigurationDelegate : Bootstrapping Spring Data Redis repositories in DEFAULT mode.
2023-01-14 22:07:12.986  INFO 14396 --- [main] .s.d.r.c.RepositoryConfigurationDelegate : Finished Spring Data repository scanning in 26ms. Found 0 Redis repository interfaces.
2023-01-14 22:07:13.088  WARN 14396 --- [main] o.s.boot.actuate.endpoint.EndpointId     : Endpoint ID 'service-registry' contains invalid characters, please migrate to a valid format.
2023-01-14 22:07:13.439  INFO 14396 --- [main] o.s.cloud.context.scope.GenericScope     : BeanFactory id=2a0bd9e3-46c2-36c1-b497-5558f472aa63
2023-01-14 22:07:13.772  INFO 14396 --- [main] trationDelegate$BeanPostProcessorChecker : Bean 'org.springframework.transaction.annotation.ProxyTransactionManagementConfiguration' of type [org.springframework.transaction.annotation.ProxyTransactionManagementConfiguration] is not eligible for getting processed by all BeanPostProcessors (for example: not eligible for auto-proxying)
2023-01-14 22:07:14.348  INFO 14396 --- [main] trationDelegate$BeanPostProcessorChecker : Bean 'mybatis-plus-com.baomidou.mybatisplus.autoconfigure.MybatisPlusProperties' of type [com.baomidou.mybatisplus.autoconfigure.MybatisPlusProperties] is not eligible for getting processed by all BeanPostProcessors (for example: not eligible for auto-proxying)
2023-01-14 22:07:14.359  INFO 14396 --- [main] trationDelegate$BeanPostProcessorChecker : Bean 'database-mao.tools_databases.properties.DatabaseProperties' of type [mao.tools_databases.properties.DatabaseProperties] is not eligible for getting processed by all BeanPostProcessors (for example: not eligible for auto-proxying)
2023-01-14 22:07:14.376  INFO 14396 --- [main] m.a.config.MybatisConfig                 : 初始化 MybatisConfig
2023-01-14 22:07:14.376  INFO 14396 --- [main] trationDelegate$BeanPostProcessorChecker : Bean 'mybatisConfig' of type [mao.aggregate_pay_transaction_service.config.MybatisConfig$$EnhancerBySpringCGLIB$$1e76ade5] is not eligible for getting processed by all BeanPostProcessors (for example: not eligible for auto-proxying)
2023-01-14 22:07:14.408  INFO 14396 --- [main] trationDelegate$BeanPostProcessorChecker : Bean 'paginationInterceptor' of type [com.baomidou.mybatisplus.extension.plugins.PaginationInterceptor] is not eligible for getting processed by all BeanPostProcessors (for example: not eligible for auto-proxying)
2023-01-14 22:07:14.425  INFO 14396 --- [main] trationDelegate$BeanPostProcessorChecker : Bean 'getLeftLikeTypeHandler' of type [mao.tools_databases.mybatis.typehandler.LeftLikeTypeHandler] is not eligible for getting processed by all BeanPostProcessors (for example: not eligible for auto-proxying)
2023-01-14 22:07:14.439  INFO 14396 --- [main] trationDelegate$BeanPostProcessorChecker : Bean 'getRightLikeTypeHandler' of type [mao.tools_databases.mybatis.typehandler.RightLikeTypeHandler] is not eligible for getting processed by all BeanPostProcessors (for example: not eligible for auto-proxying)
2023-01-14 22:07:14.462  INFO 14396 --- [main] trationDelegate$BeanPostProcessorChecker : Bean 'getFullLikeTypeHandler' of type [mao.tools_databases.mybatis.typehandler.FullLikeTypeHandler] is not eligible for getting processed by all BeanPostProcessors (for example: not eligible for auto-proxying)
2023-01-14 22:07:14.506  INFO 14396 --- [main] m.a.config.DatabaseConfig                : 初始化 DatabaseConfig 数据库配置
2023-01-14 22:07:14.506  INFO 14396 --- [main] trationDelegate$BeanPostProcessorChecker : Bean 'databaseConfig' of type [mao.aggregate_pay_transaction_service.config.DatabaseConfig$$EnhancerBySpringCGLIB$$af0a21d] is not eligible for getting processed by all BeanPostProcessors (for example: not eligible for auto-proxying)
2023-01-14 22:07:14.667  INFO 14396 --- [main] trationDelegate$BeanPostProcessorChecker : Bean 'spring.datasource-org.springframework.boot.autoconfigure.jdbc.DataSourceProperties' of type [org.springframework.boot.autoconfigure.jdbc.DataSourceProperties] is not eligible for getting processed by all BeanPostProcessors (for example: not eligible for auto-proxying)
2023-01-14 22:07:14.673  INFO 14396 --- [main] trationDelegate$BeanPostProcessorChecker : Bean 'com.alibaba.druid.spring.boot.autoconfigure.stat.DruidFilterConfiguration' of type [com.alibaba.druid.spring.boot.autoconfigure.stat.DruidFilterConfiguration] is not eligible for getting processed by all BeanPostProcessors (for example: not eligible for auto-proxying)
2023-01-14 22:07:14.712  INFO 14396 --- [main] trationDelegate$BeanPostProcessorChecker : Bean 'wallConfig' of type [com.alibaba.druid.wall.WallConfig] is not eligible for getting processed by all BeanPostProcessors (for example: not eligible for auto-proxying)
2023-01-14 22:07:14.811  INFO 14396 --- [main] trationDelegate$BeanPostProcessorChecker : Bean 'wallFilter' of type [com.alibaba.druid.wall.WallFilter] is not eligible for getting processed by all BeanPostProcessors (for example: not eligible for auto-proxying)
2023-01-14 22:07:14.877  INFO 14396 --- [main] trationDelegate$BeanPostProcessorChecker : Bean 'masterDruidDataSource' of type [com.alibaba.druid.spring.boot.autoconfigure.DruidDataSourceWrapper] is not eligible for getting processed by all BeanPostProcessors (for example: not eligible for auto-proxying)
2023-01-14 22:07:14.912  INFO 14396 --- [main] trationDelegate$BeanPostProcessorChecker : Bean 'org.springframework.boot.autoconfigure.jdbc.DataSourceInitializerInvoker' of type [org.springframework.boot.autoconfigure.jdbc.DataSourceInitializerInvoker] is not eligible for getting processed by all BeanPostProcessors (for example: not eligible for auto-proxying)
2023-01-14 22:07:14.940  INFO 14396 --- [main] trationDelegate$BeanPostProcessorChecker : Bean 'masterDataSource' of type [com.p6spy.engine.spy.P6DataSource] is not eligible for getting processed by all BeanPostProcessors (for example: not eligible for auto-proxying)
2023-01-14 22:07:14.981  INFO 14396 --- [main] trationDelegate$BeanPostProcessorChecker : Bean 'masterTransactionManager' of type [org.springframework.jdbc.datasource.DataSourceTransactionManager] is not eligible for getting processed by all BeanPostProcessors (for example: not eligible for auto-proxying)
2023-01-14 22:07:14.992  INFO 14396 --- [main] trationDelegate$BeanPostProcessorChecker : Bean 'masterTransactionInterceptor' of type [org.springframework.transaction.interceptor.TransactionInterceptor] is not eligible for getting processed by all BeanPostProcessors (for example: not eligible for auto-proxying)
2023-01-14 22:07:15.011  INFO 14396 --- [main] trationDelegate$BeanPostProcessorChecker : Bean 'masterAdvisor' of type [org.springframework.aop.support.DefaultPointcutAdvisor] is not eligible for getting processed by all BeanPostProcessors (for example: not eligible for auto-proxying)
2023-01-14 22:07:15.127  INFO 14396 --- [main] m.a.config.ExceptionConfig               : 初始化 ExceptionConfig 全局异常配置
2023-01-14 22:07:15.142  INFO 14396 --- [main] m.a.config.WebConfig                     : 初始化 WebConfig
2023-01-14 22:07:16.705  INFO 14396 --- [main] com.alibaba.nacos.client.naming          : initializer namespace from System Property :null
2023-01-14 22:07:16.706  INFO 14396 --- [main] com.alibaba.nacos.client.naming          : initializer namespace from System Environment :null
2023-01-14 22:07:16.706  INFO 14396 --- [main] com.alibaba.nacos.client.naming          : initializer namespace from System Property :null
2023-01-14 22:07:16.827  INFO 14396 --- [main] m.t.config.RedissonConfig                : 初始化 RedissonConfig
2023-01-14 22:07:16.830  INFO 14396 --- [main] m.t.config.RedissonConfig                : 单机模式redis:127.0.0.1:6379
2023-01-14 22:07:17.293  INFO 14396 --- [main] org.redisson.Version                     : Redisson 3.17.0
2023-01-14 22:07:18.147  INFO 14396 --- [redisson-netty-2-13] o.r.c.pool.MasterPubSubConnectionPool    : 1 connections initialized for 127.0.0.1/127.0.0.1:6379
2023-01-14 22:07:18.171  INFO 14396 --- [redisson-netty-2-19] o.r.c.pool.MasterConnectionPool          : 24 connections initialized for 127.0.0.1/127.0.0.1:6379
2023-01-14 22:07:18.655  INFO 14396 --- [main] o.s.b.a.e.web.EndpointLinksResolver      : Exposing 20 endpoint(s) beneath base path '/actuator'
2023-01-14 22:07:19.699  WARN 14396 --- [main] c.n.c.sources.URLConfigurationSource     : No URLs will be polled as dynamic configuration sources.
2023-01-14 22:07:19.699  INFO 14396 --- [main] c.n.c.sources.URLConfigurationSource     : To enable URLs as dynamic configuration sources, define System property archaius.configurationSource.additionalUrls or make config.properties available on classpath.
2023-01-14 22:07:19.707  WARN 14396 --- [main] c.n.c.sources.URLConfigurationSource     : No URLs will be polled as dynamic configuration sources.
2023-01-14 22:07:19.707  INFO 14396 --- [main] c.n.c.sources.URLConfigurationSource     : To enable URLs as dynamic configuration sources, define System property archaius.configurationSource.additionalUrls or make config.properties available on classpath.
2023-01-14 22:07:19.951  INFO 14396 --- [main] o.s.s.concurrent.ThreadPoolTaskExecutor  : Initializing ExecutorService 'applicationTaskExecutor'
2023-01-14 22:07:20.366  INFO 14396 --- [main] o.s.s.c.ThreadPoolTaskScheduler          : Initializing ExecutorService 'Nacos-Watch-Task-Scheduler'
2023-01-14 22:07:20.557  INFO 14396 --- [main] c.g.d.core.DozerBeanMapperBuilder        : Initializing Dozer. Version: 6.5.0, Thread Name: main
2023-01-14 22:07:20.559  INFO 14396 --- [main] c.g.dozermapper.core.util.RuntimeUtils   : OSGi support is false
2023-01-14 22:07:20.569  INFO 14396 --- [main] d.c.c.r.LegacyPropertiesSettingsResolver : Trying to find Dozer configuration file: dozer.properties
2023-01-14 22:07:20.578  INFO 14396 --- [main] d.c.c.r.LegacyPropertiesSettingsResolver : Failed to find dozer.properties via com.github.dozermapper.core.config.resolvers.LegacyPropertiesSettingsResolver.
2023-01-14 22:07:20.589  INFO 14396 --- [main] c.g.d.core.el.ELExpressionFactory        : javax.el support is true
2023-01-14 22:07:20.645  INFO 14396 --- [main] c.g.d.c.b.xml.BeanMappingXMLBuilder      : Using URL [file:/H:/%e7%a8%8b%e5%ba%8f/%e5%a4%a7%e5%9b%9b%e5%af%92%e5%81%87/aggregate-pay/apps/pay/aggregate-pay-transaction/aggregate-pay-transaction-service/target/classes/dozer/global.dozer.xml] to load custom xml mappings
2023-01-14 22:07:21.063  INFO 14396 --- [main] c.g.d.c.b.xml.SchemaLSResourceResolver   : Trying to resolve XML entity with public ID [null] and system ID [http://dozermapper.github.io/schema/bean-mapping.xsd]
2023-01-14 22:07:21.066  INFO 14396 --- [main] c.g.d.c.b.xml.SchemaLSResourceResolver   : Resolved public ID [null] and system ID [http://dozermapper.github.io/schema/bean-mapping.xsd]
2023-01-14 22:07:21.097  INFO 14396 --- [main] c.g.d.c.b.xml.BeanMappingXMLBuilder      : Successfully loaded custom xml mapping.
2023-01-14 22:07:21.098  INFO 14396 --- [main] c.g.d.c.b.xml.BeanMappingXMLBuilder      : Using URL [file:/H:/%e7%a8%8b%e5%ba%8f/%e5%a4%a7%e5%9b%9b%e5%af%92%e5%81%87/aggregate-pay/apps/pay/aggregate-pay-transaction/aggregate-pay-transaction-service/target/classes/dozer/biz.dozer.xml] to load custom xml mappings
2023-01-14 22:07:21.102  INFO 14396 --- [main] c.g.d.c.b.xml.SchemaLSResourceResolver   : Trying to resolve XML entity with public ID [null] and system ID [http://dozermapper.github.io/schema/bean-mapping.xsd]
2023-01-14 22:07:21.103  INFO 14396 --- [main] c.g.d.c.b.xml.SchemaLSResourceResolver   : Resolved public ID [null] and system ID [http://dozermapper.github.io/schema/bean-mapping.xsd]
2023-01-14 22:07:21.110  INFO 14396 --- [main] c.g.d.c.b.xml.BeanMappingXMLBuilder      : Successfully loaded custom xml mapping.
2023-01-14 22:07:21.134  INFO 14396 --- [main] m.t.config.RedisLockServiceConfig        : 初始化 RedisLockServiceConfig
2023-01-14 22:07:21.290  INFO 14396 --- [main] m.t.config.RedisUtilsConfig              : 初始化 RedisUtilsConfig
2023-01-14 22:07:21.300  INFO 14396 --- [main] m.t.config.DozerAutoConfiguration        : 初始化 DozerAutoConfiguration
2023-01-14 22:07:21.428  INFO 14396 --- [main] pertySourcedRequestMappingHandlerMapping : Mapped URL path [/v2/api-docs] onto method [springfox.documentation.swagger2.web.Swagger2Controller#getDocumentation(String, HttpServletRequest)]
2023-01-14 22:07:21.474  INFO 14396 --- [main] m.t.config.SwaggerAutoConfiguration      : 初始化swagger接口文档
2023-01-14 22:07:21.475  INFO 14396 --- [main] m.t.config.SwaggerAutoConfiguration      : 
title：在线文档
group：
description：在线文档
version：1.0
contact：Contact{name='', url='', email=''}
basePackage：
basePath：[]
excludePath：[]
docket：{aggregate_pay=DocketInfo{title='交易服务', group='', description='在线文档', version='1.0', contact=Contact{name='', url='', email=''}, basePackage='mao.aggregate_pay_transaction_service', basePath=[], excludePath=[]}}

2023-01-14 22:07:21.748  WARN 14396 --- [main] o.a.r.s.a.RocketMQAutoConfiguration      : The necessary spring property 'rocketmq.name-server' is not defined, all rockertmq beans creation are skipped!
2023-01-14 22:07:23.671  INFO 14396 --- [main] com.alibaba.nacos.client.naming          : new ips(3) service: DEFAULT_GROUP@@aggregate-pay-transaction-service@@DEFAULT -> [{"instanceId":"192.168.3.143#49829#DEFAULT#DEFAULT_GROUP@@aggregate-pay-transaction-service","ip":"192.168.3.143","port":49829,"weight":1.0,"healthy":true,"enabled":true,"ephemeral":false,"clusterName":"DEFAULT","serviceName":"DEFAULT_GROUP@@aggregate-pay-transaction-service","metadata":{"preserved.register.source":"SPRING_CLOUD","management.endpoints.web.base-path":"/actuator","management.context-path":"//actuator"},"ipDeleteTimeout":30000,"instanceHeartBeatTimeOut":15000,"instanceHeartBeatInterval":5000},{"instanceId":"192.168.3.143#49828#DEFAULT#DEFAULT_GROUP@@aggregate-pay-transaction-service","ip":"192.168.3.143","port":49828,"weight":1.0,"healthy":true,"enabled":true,"ephemeral":false,"clusterName":"DEFAULT","serviceName":"DEFAULT_GROUP@@aggregate-pay-transaction-service","metadata":{"preserved.register.source":"SPRING_CLOUD","management.endpoints.web.base-path":"/actuator","management.context-path":"//actuator"},"ipDeleteTimeout":30000,"instanceHeartBeatTimeOut":15000,"instanceHeartBeatInterval":5000},{"instanceId":"192.168.3.143#49827#DEFAULT#DEFAULT_GROUP@@aggregate-pay-transaction-service","ip":"192.168.3.143","port":49827,"weight":1.0,"healthy":true,"enabled":true,"ephemeral":false,"clusterName":"DEFAULT","serviceName":"DEFAULT_GROUP@@aggregate-pay-transaction-service","metadata":{"preserved.register.source":"SPRING_CLOUD","management.endpoints.web.base-path":"/actuator","management.context-path":"//actuator"},"ipDeleteTimeout":30000,"instanceHeartBeatTimeOut":15000,"instanceHeartBeatInterval":5000}]
2023-01-14 22:07:23.688  INFO 14396 --- [main] com.alibaba.nacos.client.naming          : current ips:(3) service: DEFAULT_GROUP@@aggregate-pay-transaction-service@@DEFAULT -> [{"instanceId":"192.168.3.143#49829#DEFAULT#DEFAULT_GROUP@@aggregate-pay-transaction-service","ip":"192.168.3.143","port":49829,"weight":1.0,"healthy":true,"enabled":true,"ephemeral":false,"clusterName":"DEFAULT","serviceName":"DEFAULT_GROUP@@aggregate-pay-transaction-service","metadata":{"preserved.register.source":"SPRING_CLOUD","management.endpoints.web.base-path":"/actuator","management.context-path":"//actuator"},"ipDeleteTimeout":30000,"instanceHeartBeatTimeOut":15000,"instanceHeartBeatInterval":5000},{"instanceId":"192.168.3.143#49828#DEFAULT#DEFAULT_GROUP@@aggregate-pay-transaction-service","ip":"192.168.3.143","port":49828,"weight":1.0,"healthy":true,"enabled":true,"ephemeral":false,"clusterName":"DEFAULT","serviceName":"DEFAULT_GROUP@@aggregate-pay-transaction-service","metadata":{"preserved.register.source":"SPRING_CLOUD","management.endpoints.web.base-path":"/actuator","management.context-path":"//actuator"},"ipDeleteTimeout":30000,"instanceHeartBeatTimeOut":15000,"instanceHeartBeatInterval":5000},{"instanceId":"192.168.3.143#49827#DEFAULT#DEFAULT_GROUP@@aggregate-pay-transaction-service","ip":"192.168.3.143","port":49827,"weight":1.0,"healthy":true,"enabled":true,"ephemeral":false,"clusterName":"DEFAULT","serviceName":"DEFAULT_GROUP@@aggregate-pay-transaction-service","metadata":{"preserved.register.source":"SPRING_CLOUD","management.endpoints.web.base-path":"/actuator","management.context-path":"//actuator"},"ipDeleteTimeout":30000,"instanceHeartBeatTimeOut":15000,"instanceHeartBeatInterval":5000}]
2023-01-14 22:07:23.692  INFO 14396 --- [main] d.s.w.p.DocumentationPluginsBootstrapper : Context refreshed
2023-01-14 22:07:23.748  INFO 14396 --- [main] d.s.w.p.DocumentationPluginsBootstrapper : Found 1 custom documentation plugin(s)
2023-01-14 22:07:23.812  INFO 14396 --- [main] s.d.s.w.s.ApiListingReferenceScanner     : Scanning for api listing references
2023-01-14 22:07:23.858  INFO 14396 --- [main] m.a.mapper.AppPlatformChannelMapperTest  : Started AppPlatformChannelMapperTest in 14.503 seconds (JVM running for 16.27)
2023-01-14 22:07:23.924  INFO 14396 --- [main] c.a.n.client.config.impl.ClientWorker    : [fixed-127.0.0.1_8848-51637975-182d-43e2-ab58-d012723411d5] [subscribe] common.yml+DEFAULT_GROUP+51637975-182d-43e2-ab58-d012723411d5
2023-01-14 22:07:23.926  INFO 14396 --- [main] c.a.nacos.client.config.impl.CacheData   : [fixed-127.0.0.1_8848-51637975-182d-43e2-ab58-d012723411d5] [add-listener] ok, tenant=51637975-182d-43e2-ab58-d012723411d5, dataId=common.yml, group=DEFAULT_GROUP, cnt=1
2023-01-14 22:07:23.935  INFO 14396 --- [main] c.a.n.client.config.impl.ClientWorker    : [fixed-127.0.0.1_8848-51637975-182d-43e2-ab58-d012723411d5] [subscribe] aggregate-pay-transaction-service.yml+DEFAULT_GROUP+51637975-182d-43e2-ab58-d012723411d5
2023-01-14 22:07:23.935  INFO 14396 --- [main] c.a.nacos.client.config.impl.CacheData   : [fixed-127.0.0.1_8848-51637975-182d-43e2-ab58-d012723411d5] [add-listener] ok, tenant=51637975-182d-43e2-ab58-d012723411d5, dataId=aggregate-pay-transaction-service.yml, group=DEFAULT_GROUP, cnt=1
2023-01-14 22:07:23.935  INFO 14396 --- [main] c.a.n.client.config.impl.ClientWorker    : [fixed-127.0.0.1_8848-51637975-182d-43e2-ab58-d012723411d5] [subscribe] aggregate-pay-transaction-service+DEFAULT_GROUP+51637975-182d-43e2-ab58-d012723411d5
2023-01-14 22:07:23.935  INFO 14396 --- [main] c.a.nacos.client.config.impl.CacheData   : [fixed-127.0.0.1_8848-51637975-182d-43e2-ab58-d012723411d5] [add-listener] ok, tenant=51637975-182d-43e2-ab58-d012723411d5, dataId=aggregate-pay-transaction-service, group=DEFAULT_GROUP, cnt=1
2023-01-14 22:07:23.944  INFO 14396 --- [main] c.a.n.client.config.impl.ClientWorker    : [fixed-127.0.0.1_8848-51637975-182d-43e2-ab58-d012723411d5] [subscribe] aggregate-pay-transaction-service-dev.yml+DEFAULT_GROUP+51637975-182d-43e2-ab58-d012723411d5
2023-01-14 22:07:23.944  INFO 14396 --- [main] c.a.nacos.client.config.impl.CacheData   : [fixed-127.0.0.1_8848-51637975-182d-43e2-ab58-d012723411d5] [add-listener] ok, tenant=51637975-182d-43e2-ab58-d012723411d5, dataId=aggregate-pay-transaction-service-dev.yml, group=DEFAULT_GROUP, cnt=1
2023-01-14 22:07:25.096  INFO 14396 --- [main] com.alibaba.druid.pool.DruidDataSource   : {dataSource-1} inited
2023-01-14 22:07:25.128 DEBUG 14396 --- [main] m.a.m.A.selectList                       : ==>  Preparing: SELECT ID,APP_ID,PLATFORM_CHANNEL FROM app_platform_channel 
2023-01-14 22:07:25.466 DEBUG 14396 --- [main] m.a.m.A.selectList                       : ==> Parameters: 
2023-01-14 22:07:25.529 DEBUG 14396 --- [main] m.a.m.A.selectList                       : <==      Total: 0
2023-01-14 22:07:25.545  WARN 14396 --- [Thread-2] c.a.n.common.http.HttpClientBeanHolder   : [HttpClientBeanHolder] Start destroying common HttpClient
2023-01-14 22:07:25.545  WARN 14396 --- [Thread-13] c.a.nacos.common.notify.NotifyCenter     : [NotifyCenter] Start destroying Publisher
2023-01-14 22:07:25.545  WARN 14396 --- [Thread-13] c.a.nacos.common.notify.NotifyCenter     : [NotifyCenter] Destruction of the end
2023-01-14 22:07:25.546  WARN 14396 --- [Thread-2] c.a.n.common.http.HttpClientBeanHolder   : [HttpClientBeanHolder] Destruction of the end
2023-01-14 22:07:25.547  INFO 14396 --- [SpringContextShutdownHook] o.s.s.c.ThreadPoolTaskScheduler          : Shutting down ExecutorService 'Nacos-Watch-Task-Scheduler'
2023-01-14 22:07:25.560  INFO 14396 --- [SpringContextShutdownHook] o.s.s.concurrent.ThreadPoolTaskExecutor  : Shutting down ExecutorService 'applicationTaskExecutor'
2023-01-14 22:07:25.562  INFO 14396 --- [SpringContextShutdownHook] com.alibaba.nacos.client.naming          : com.alibaba.nacos.client.naming.beat.BeatReactor do shutdown begin
2023-01-14 22:07:25.562  INFO 14396 --- [SpringContextShutdownHook] com.alibaba.nacos.client.naming          : com.alibaba.nacos.client.naming.beat.BeatReactor do shutdown stop
2023-01-14 22:07:25.562  INFO 14396 --- [SpringContextShutdownHook] com.alibaba.nacos.client.naming          : com.alibaba.nacos.client.naming.core.HostReactor do shutdown begin
2023-01-14 22:07:28.579  INFO 14396 --- [SpringContextShutdownHook] com.alibaba.nacos.client.naming          : com.alibaba.nacos.client.naming.core.PushReceiver do shutdown begin
2023-01-14 22:07:31.610  INFO 14396 --- [SpringContextShutdownHook] com.alibaba.nacos.client.naming          : com.alibaba.nacos.client.naming.core.PushReceiver do shutdown stop
2023-01-14 22:07:31.610  INFO 14396 --- [SpringContextShutdownHook] com.alibaba.nacos.client.naming          : com.alibaba.nacos.client.naming.backups.FailoverReactor do shutdown begin
2023-01-14 22:07:31.611  INFO 14396 --- [SpringContextShutdownHook] com.alibaba.nacos.client.naming          : com.alibaba.nacos.client.naming.backups.FailoverReactor do shutdown stop
2023-01-14 22:07:31.611  INFO 14396 --- [SpringContextShutdownHook] com.alibaba.nacos.client.naming          : com.alibaba.nacos.client.naming.core.HostReactor do shutdown stop
2023-01-14 22:07:31.611  INFO 14396 --- [SpringContextShutdownHook] com.alibaba.nacos.client.naming          : com.alibaba.nacos.client.naming.net.NamingProxy do shutdown begin
2023-01-14 22:07:31.611  WARN 14396 --- [SpringContextShutdownHook] com.alibaba.nacos.client.naming          : [NamingHttpClientManager] Start destroying NacosRestTemplate
2023-01-14 22:07:31.611  WARN 14396 --- [SpringContextShutdownHook] com.alibaba.nacos.client.naming          : [NamingHttpClientManager] Destruction of the end
2023-01-14 22:07:31.612  INFO 14396 --- [SpringContextShutdownHook] c.a.n.client.identify.CredentialWatcher  : [null] CredentialWatcher is stopped
2023-01-14 22:07:31.612  INFO 14396 --- [SpringContextShutdownHook] c.a.n.client.identify.CredentialService  : [null] CredentialService is freed
2023-01-14 22:07:31.612  INFO 14396 --- [SpringContextShutdownHook] com.alibaba.nacos.client.naming          : com.alibaba.nacos.client.naming.net.NamingProxy do shutdown stop
2023-01-14 22:07:31.656 ERROR 14396 --- [redisson-netty-2-30] o.r.client.handler.ErrorsLoggingHandler  : Exception occured. Channel: [id: 0x6a57ebb7, L:/127.0.0.1:63377 - R:127.0.0.1/127.0.0.1:6379]

java.io.IOException: 远程主机强迫关闭了一个现有的连接。
	at sun.nio.ch.SocketDispatcher.read0(Native Method) ~[na:1.8.0_332]
	at sun.nio.ch.SocketDispatcher.read(SocketDispatcher.java:43) ~[na:1.8.0_332]
	at sun.nio.ch.IOUtil.readIntoNativeBuffer(IOUtil.java:223) ~[na:1.8.0_332]
	at sun.nio.ch.IOUtil.read(IOUtil.java:192) ~[na:1.8.0_332]
	at sun.nio.ch.SocketChannelImpl.read(SocketChannelImpl.java:379) ~[na:1.8.0_332]
	at io.netty.buffer.PooledByteBuf.setBytes(PooledByteBuf.java:253) ~[netty-all-4.1.51.Final.jar:4.1.51.Final]
	at io.netty.buffer.AbstractByteBuf.writeBytes(AbstractByteBuf.java:1133) ~[netty-all-4.1.51.Final.jar:4.1.51.Final]
	at io.netty.channel.socket.nio.NioSocketChannel.doReadBytes(NioSocketChannel.java:350) ~[netty-all-4.1.51.Final.jar:4.1.51.Final]
	at io.netty.channel.nio.AbstractNioByteChannel$NioByteUnsafe.read(AbstractNioByteChannel.java:148) ~[netty-all-4.1.51.Final.jar:4.1.51.Final]
	at io.netty.channel.nio.NioEventLoop.processSelectedKey(NioEventLoop.java:714) [netty-all-4.1.51.Final.jar:4.1.51.Final]
	at io.netty.channel.nio.NioEventLoop.processSelectedKeysOptimized(NioEventLoop.java:650) [netty-all-4.1.51.Final.jar:4.1.51.Final]
	at io.netty.channel.nio.NioEventLoop.processSelectedKeys(NioEventLoop.java:576) [netty-all-4.1.51.Final.jar:4.1.51.Final]
	at io.netty.channel.nio.NioEventLoop.run(NioEventLoop.java:493) [netty-all-4.1.51.Final.jar:4.1.51.Final]
	at io.netty.util.concurrent.SingleThreadEventExecutor$4.run(SingleThreadEventExecutor.java:989) [netty-all-4.1.51.Final.jar:4.1.51.Final]
	at io.netty.util.internal.ThreadExecutorMap$2.run(ThreadExecutorMap.java:74) [netty-all-4.1.51.Final.jar:4.1.51.Final]
	at io.netty.util.concurrent.FastThreadLocalRunnable.run(FastThreadLocalRunnable.java:30) [netty-all-4.1.51.Final.jar:4.1.51.Final]
	at java.lang.Thread.run(Thread.java:750) [na:1.8.0_332]

2023-01-14 22:07:31.656 ERROR 14396 --- [redisson-netty-2-12] o.r.client.handler.ErrorsLoggingHandler  : Exception occured. Channel: [id: 0x70b619a2, L:/127.0.0.1:63366 - R:127.0.0.1/127.0.0.1:6379]

java.io.IOException: 远程主机强迫关闭了一个现有的连接。
	at sun.nio.ch.SocketDispatcher.read0(Native Method) ~[na:1.8.0_332]
	at sun.nio.ch.SocketDispatcher.read(SocketDispatcher.java:43) ~[na:1.8.0_332]
	at sun.nio.ch.IOUtil.readIntoNativeBuffer(IOUtil.java:223) ~[na:1.8.0_332]
	at sun.nio.ch.IOUtil.read(IOUtil.java:192) ~[na:1.8.0_332]
	at sun.nio.ch.SocketChannelImpl.read(SocketChannelImpl.java:379) ~[na:1.8.0_332]
	at io.netty.buffer.PooledByteBuf.setBytes(PooledByteBuf.java:253) ~[netty-all-4.1.51.Final.jar:4.1.51.Final]
	at io.netty.buffer.AbstractByteBuf.writeBytes(AbstractByteBuf.java:1133) ~[netty-all-4.1.51.Final.jar:4.1.51.Final]
	at io.netty.channel.socket.nio.NioSocketChannel.doReadBytes(NioSocketChannel.java:350) ~[netty-all-4.1.51.Final.jar:4.1.51.Final]
	at io.netty.channel.nio.AbstractNioByteChannel$NioByteUnsafe.read(AbstractNioByteChannel.java:148) ~[netty-all-4.1.51.Final.jar:4.1.51.Final]
	at io.netty.channel.nio.NioEventLoop.processSelectedKey(NioEventLoop.java:714) [netty-all-4.1.51.Final.jar:4.1.51.Final]
	at io.netty.channel.nio.NioEventLoop.processSelectedKeysOptimized(NioEventLoop.java:650) [netty-all-4.1.51.Final.jar:4.1.51.Final]
	at io.netty.channel.nio.NioEventLoop.processSelectedKeys(NioEventLoop.java:576) [netty-all-4.1.51.Final.jar:4.1.51.Final]
	at io.netty.channel.nio.NioEventLoop.run(NioEventLoop.java:493) [netty-all-4.1.51.Final.jar:4.1.51.Final]
	at io.netty.util.concurrent.SingleThreadEventExecutor$4.run(SingleThreadEventExecutor.java:989) [netty-all-4.1.51.Final.jar:4.1.51.Final]
	at io.netty.util.internal.ThreadExecutorMap$2.run(ThreadExecutorMap.java:74) [netty-all-4.1.51.Final.jar:4.1.51.Final]
	at io.netty.util.concurrent.FastThreadLocalRunnable.run(FastThreadLocalRunnable.java:30) [netty-all-4.1.51.Final.jar:4.1.51.Final]
	at java.lang.Thread.run(Thread.java:750) [na:1.8.0_332]

2023-01-14 22:07:31.656 ERROR 14396 --- [redisson-netty-2-4] o.r.client.handler.ErrorsLoggingHandler  : Exception occured. Channel: [id: 0xa405f80f, L:/127.0.0.1:63364 - R:127.0.0.1/127.0.0.1:6379]

java.io.IOException: 远程主机强迫关闭了一个现有的连接。
	at sun.nio.ch.SocketDispatcher.read0(Native Method) ~[na:1.8.0_332]
	at sun.nio.ch.SocketDispatcher.read(SocketDispatcher.java:43) ~[na:1.8.0_332]
	at sun.nio.ch.IOUtil.readIntoNativeBuffer(IOUtil.java:223) ~[na:1.8.0_332]
	at sun.nio.ch.IOUtil.read(IOUtil.java:192) ~[na:1.8.0_332]
	at sun.nio.ch.SocketChannelImpl.read(SocketChannelImpl.java:379) ~[na:1.8.0_332]
	at io.netty.buffer.PooledByteBuf.setBytes(PooledByteBuf.java:253) ~[netty-all-4.1.51.Final.jar:4.1.51.Final]
	at io.netty.buffer.AbstractByteBuf.writeBytes(AbstractByteBuf.java:1133) ~[netty-all-4.1.51.Final.jar:4.1.51.Final]
	at io.netty.channel.socket.nio.NioSocketChannel.doReadBytes(NioSocketChannel.java:350) ~[netty-all-4.1.51.Final.jar:4.1.51.Final]
	at io.netty.channel.nio.AbstractNioByteChannel$NioByteUnsafe.read(AbstractNioByteChannel.java:148) ~[netty-all-4.1.51.Final.jar:4.1.51.Final]
	at io.netty.channel.nio.NioEventLoop.processSelectedKey(NioEventLoop.java:714) [netty-all-4.1.51.Final.jar:4.1.51.Final]
	at io.netty.channel.nio.NioEventLoop.processSelectedKeysOptimized(NioEventLoop.java:650) [netty-all-4.1.51.Final.jar:4.1.51.Final]
	at io.netty.channel.nio.NioEventLoop.processSelectedKeys(NioEventLoop.java:576) [netty-all-4.1.51.Final.jar:4.1.51.Final]
	at io.netty.channel.nio.NioEventLoop.run(NioEventLoop.java:493) [netty-all-4.1.51.Final.jar:4.1.51.Final]
	at io.netty.util.concurrent.SingleThreadEventExecutor$4.run(SingleThreadEventExecutor.java:989) [netty-all-4.1.51.Final.jar:4.1.51.Final]
	at io.netty.util.internal.ThreadExecutorMap$2.run(ThreadExecutorMap.java:74) [netty-all-4.1.51.Final.jar:4.1.51.Final]
	at io.netty.util.concurrent.FastThreadLocalRunnable.run(FastThreadLocalRunnable.java:30) [netty-all-4.1.51.Final.jar:4.1.51.Final]
	at java.lang.Thread.run(Thread.java:750) [na:1.8.0_332]

2023-01-14 22:07:31.656 ERROR 14396 --- [redisson-netty-2-32] o.r.client.handler.ErrorsLoggingHandler  : Exception occured. Channel: [id: 0x3d15f113, L:/127.0.0.1:63382 - R:127.0.0.1/127.0.0.1:6379]

java.io.IOException: 远程主机强迫关闭了一个现有的连接。
	at sun.nio.ch.SocketDispatcher.read0(Native Method) ~[na:1.8.0_332]
	at sun.nio.ch.SocketDispatcher.read(SocketDispatcher.java:43) ~[na:1.8.0_332]
	at sun.nio.ch.IOUtil.readIntoNativeBuffer(IOUtil.java:223) ~[na:1.8.0_332]
	at sun.nio.ch.IOUtil.read(IOUtil.java:192) ~[na:1.8.0_332]
	at sun.nio.ch.SocketChannelImpl.read(SocketChannelImpl.java:379) ~[na:1.8.0_332]
	at io.netty.buffer.PooledByteBuf.setBytes(PooledByteBuf.java:253) ~[netty-all-4.1.51.Final.jar:4.1.51.Final]
	at io.netty.buffer.AbstractByteBuf.writeBytes(AbstractByteBuf.java:1133) ~[netty-all-4.1.51.Final.jar:4.1.51.Final]
	at io.netty.buffer.WrappedByteBuf.writeBytes(WrappedByteBuf.java:821) ~[netty-all-4.1.51.Final.jar:4.1.51.Final]
	at io.netty.channel.socket.nio.NioSocketChannel.doReadBytes(NioSocketChannel.java:350) ~[netty-all-4.1.51.Final.jar:4.1.51.Final]
	at io.netty.channel.nio.AbstractNioByteChannel$NioByteUnsafe.read(AbstractNioByteChannel.java:148) ~[netty-all-4.1.51.Final.jar:4.1.51.Final]
	at io.netty.channel.nio.NioEventLoop.processSelectedKey(NioEventLoop.java:714) [netty-all-4.1.51.Final.jar:4.1.51.Final]
	at io.netty.channel.nio.NioEventLoop.processSelectedKeysOptimized(NioEventLoop.java:650) [netty-all-4.1.51.Final.jar:4.1.51.Final]
	at io.netty.channel.nio.NioEventLoop.processSelectedKeys(NioEventLoop.java:576) [netty-all-4.1.51.Final.jar:4.1.51.Final]
	at io.netty.channel.nio.NioEventLoop.run(NioEventLoop.java:493) [netty-all-4.1.51.Final.jar:4.1.51.Final]
	at io.netty.util.concurrent.SingleThreadEventExecutor$4.run(SingleThreadEventExecutor.java:989) [netty-all-4.1.51.Final.jar:4.1.51.Final]
	at io.netty.util.internal.ThreadExecutorMap$2.run(ThreadExecutorMap.java:74) [netty-all-4.1.51.Final.jar:4.1.51.Final]
	at io.netty.util.concurrent.FastThreadLocalRunnable.run(FastThreadLocalRunnable.java:30) [netty-all-4.1.51.Final.jar:4.1.51.Final]
	at java.lang.Thread.run(Thread.java:750) [na:1.8.0_332]

2023-01-14 22:07:31.656 ERROR 14396 --- [redisson-netty-2-28] o.r.client.handler.ErrorsLoggingHandler  : Exception occured. Channel: [id: 0xa0b29f12, L:/127.0.0.1:63371 - R:127.0.0.1/127.0.0.1:6379]

java.io.IOException: 远程主机强迫关闭了一个现有的连接。
	at sun.nio.ch.SocketDispatcher.read0(Native Method) ~[na:1.8.0_332]
	at sun.nio.ch.SocketDispatcher.read(SocketDispatcher.java:43) ~[na:1.8.0_332]
	at sun.nio.ch.IOUtil.readIntoNativeBuffer(IOUtil.java:223) ~[na:1.8.0_332]
	at sun.nio.ch.IOUtil.read(IOUtil.java:192) ~[na:1.8.0_332]
	at sun.nio.ch.SocketChannelImpl.read(SocketChannelImpl.java:379) ~[na:1.8.0_332]
	at io.netty.buffer.PooledByteBuf.setBytes(PooledByteBuf.java:253) ~[netty-all-4.1.51.Final.jar:4.1.51.Final]
	at io.netty.buffer.AbstractByteBuf.writeBytes(AbstractByteBuf.java:1133) ~[netty-all-4.1.51.Final.jar:4.1.51.Final]
	at io.netty.channel.socket.nio.NioSocketChannel.doReadBytes(NioSocketChannel.java:350) ~[netty-all-4.1.51.Final.jar:4.1.51.Final]
	at io.netty.channel.nio.AbstractNioByteChannel$NioByteUnsafe.read(AbstractNioByteChannel.java:148) ~[netty-all-4.1.51.Final.jar:4.1.51.Final]
	at io.netty.channel.nio.NioEventLoop.processSelectedKey(NioEventLoop.java:714) [netty-all-4.1.51.Final.jar:4.1.51.Final]
	at io.netty.channel.nio.NioEventLoop.processSelectedKeysOptimized(NioEventLoop.java:650) [netty-all-4.1.51.Final.jar:4.1.51.Final]
	at io.netty.channel.nio.NioEventLoop.processSelectedKeys(NioEventLoop.java:576) [netty-all-4.1.51.Final.jar:4.1.51.Final]
	at io.netty.channel.nio.NioEventLoop.run(NioEventLoop.java:493) [netty-all-4.1.51.Final.jar:4.1.51.Final]
	at io.netty.util.concurrent.SingleThreadEventExecutor$4.run(SingleThreadEventExecutor.java:989) [netty-all-4.1.51.Final.jar:4.1.51.Final]
	at io.netty.util.internal.ThreadExecutorMap$2.run(ThreadExecutorMap.java:74) [netty-all-4.1.51.Final.jar:4.1.51.Final]
	at io.netty.util.concurrent.FastThreadLocalRunnable.run(FastThreadLocalRunnable.java:30) [netty-all-4.1.51.Final.jar:4.1.51.Final]
	at java.lang.Thread.run(Thread.java:750) [na:1.8.0_332]

2023-01-14 22:07:31.656 ERROR 14396 --- [redisson-netty-2-29] o.r.client.handler.ErrorsLoggingHandler  : Exception occured. Channel: [id: 0xff3192cb, L:/127.0.0.1:63379 - R:127.0.0.1/127.0.0.1:6379]

java.io.IOException: 远程主机强迫关闭了一个现有的连接。
	at sun.nio.ch.SocketDispatcher.read0(Native Method) ~[na:1.8.0_332]
	at sun.nio.ch.SocketDispatcher.read(SocketDispatcher.java:43) ~[na:1.8.0_332]
	at sun.nio.ch.IOUtil.readIntoNativeBuffer(IOUtil.java:223) ~[na:1.8.0_332]
	at sun.nio.ch.IOUtil.read(IOUtil.java:192) ~[na:1.8.0_332]
	at sun.nio.ch.SocketChannelImpl.read(SocketChannelImpl.java:379) ~[na:1.8.0_332]
	at io.netty.buffer.PooledByteBuf.setBytes(PooledByteBuf.java:253) ~[netty-all-4.1.51.Final.jar:4.1.51.Final]
	at io.netty.buffer.AbstractByteBuf.writeBytes(AbstractByteBuf.java:1133) ~[netty-all-4.1.51.Final.jar:4.1.51.Final]
	at io.netty.channel.socket.nio.NioSocketChannel.doReadBytes(NioSocketChannel.java:350) ~[netty-all-4.1.51.Final.jar:4.1.51.Final]
	at io.netty.channel.nio.AbstractNioByteChannel$NioByteUnsafe.read(AbstractNioByteChannel.java:148) ~[netty-all-4.1.51.Final.jar:4.1.51.Final]
	at io.netty.channel.nio.NioEventLoop.processSelectedKey(NioEventLoop.java:714) [netty-all-4.1.51.Final.jar:4.1.51.Final]
	at io.netty.channel.nio.NioEventLoop.processSelectedKeysOptimized(NioEventLoop.java:650) [netty-all-4.1.51.Final.jar:4.1.51.Final]
	at io.netty.channel.nio.NioEventLoop.processSelectedKeys(NioEventLoop.java:576) [netty-all-4.1.51.Final.jar:4.1.51.Final]
	at io.netty.channel.nio.NioEventLoop.run(NioEventLoop.java:493) [netty-all-4.1.51.Final.jar:4.1.51.Final]
	at io.netty.util.concurrent.SingleThreadEventExecutor$4.run(SingleThreadEventExecutor.java:989) [netty-all-4.1.51.Final.jar:4.1.51.Final]
	at io.netty.util.internal.ThreadExecutorMap$2.run(ThreadExecutorMap.java:74) [netty-all-4.1.51.Final.jar:4.1.51.Final]
	at io.netty.util.concurrent.FastThreadLocalRunnable.run(FastThreadLocalRunnable.java:30) [netty-all-4.1.51.Final.jar:4.1.51.Final]
	at java.lang.Thread.run(Thread.java:750) [na:1.8.0_332]

2023-01-14 22:07:31.656 ERROR 14396 --- [redisson-netty-2-3] o.r.client.handler.ErrorsLoggingHandler  : Exception occured. Channel: [id: 0x89116436, L:/127.0.0.1:63361 - R:127.0.0.1/127.0.0.1:6379]

java.io.IOException: 远程主机强迫关闭了一个现有的连接。
	at sun.nio.ch.SocketDispatcher.read0(Native Method) ~[na:1.8.0_332]
	at sun.nio.ch.SocketDispatcher.read(SocketDispatcher.java:43) ~[na:1.8.0_332]
	at sun.nio.ch.IOUtil.readIntoNativeBuffer(IOUtil.java:223) ~[na:1.8.0_332]
	at sun.nio.ch.IOUtil.read(IOUtil.java:192) ~[na:1.8.0_332]
	at sun.nio.ch.SocketChannelImpl.read(SocketChannelImpl.java:379) ~[na:1.8.0_332]
	at io.netty.buffer.PooledByteBuf.setBytes(PooledByteBuf.java:253) ~[netty-all-4.1.51.Final.jar:4.1.51.Final]
	at io.netty.buffer.AbstractByteBuf.writeBytes(AbstractByteBuf.java:1133) ~[netty-all-4.1.51.Final.jar:4.1.51.Final]
	at io.netty.channel.socket.nio.NioSocketChannel.doReadBytes(NioSocketChannel.java:350) ~[netty-all-4.1.51.Final.jar:4.1.51.Final]
	at io.netty.channel.nio.AbstractNioByteChannel$NioByteUnsafe.read(AbstractNioByteChannel.java:148) ~[netty-all-4.1.51.Final.jar:4.1.51.Final]
	at io.netty.channel.nio.NioEventLoop.processSelectedKey(NioEventLoop.java:714) [netty-all-4.1.51.Final.jar:4.1.51.Final]
	at io.netty.channel.nio.NioEventLoop.processSelectedKeysOptimized(NioEventLoop.java:650) [netty-all-4.1.51.Final.jar:4.1.51.Final]
	at io.netty.channel.nio.NioEventLoop.processSelectedKeys(NioEventLoop.java:576) [netty-all-4.1.51.Final.jar:4.1.51.Final]
	at io.netty.channel.nio.NioEventLoop.run(NioEventLoop.java:493) [netty-all-4.1.51.Final.jar:4.1.51.Final]
	at io.netty.util.concurrent.SingleThreadEventExecutor$4.run(SingleThreadEventExecutor.java:989) [netty-all-4.1.51.Final.jar:4.1.51.Final]
	at io.netty.util.internal.ThreadExecutorMap$2.run(ThreadExecutorMap.java:74) [netty-all-4.1.51.Final.jar:4.1.51.Final]
	at io.netty.util.concurrent.FastThreadLocalRunnable.run(FastThreadLocalRunnable.java:30) [netty-all-4.1.51.Final.jar:4.1.51.Final]
	at java.lang.Thread.run(Thread.java:750) [na:1.8.0_332]

2023-01-14 22:07:31.656 ERROR 14396 --- [redisson-netty-2-5] o.r.client.handler.ErrorsLoggingHandler  : Exception occured. Channel: [id: 0xb3f6836d, L:/127.0.0.1:63375 - R:127.0.0.1/127.0.0.1:6379]

java.io.IOException: 远程主机强迫关闭了一个现有的连接。
	at sun.nio.ch.SocketDispatcher.read0(Native Method) ~[na:1.8.0_332]
	at sun.nio.ch.SocketDispatcher.read(SocketDispatcher.java:43) ~[na:1.8.0_332]
	at sun.nio.ch.IOUtil.readIntoNativeBuffer(IOUtil.java:223) ~[na:1.8.0_332]
	at sun.nio.ch.IOUtil.read(IOUtil.java:192) ~[na:1.8.0_332]
	at sun.nio.ch.SocketChannelImpl.read(SocketChannelImpl.java:379) ~[na:1.8.0_332]
	at io.netty.buffer.PooledByteBuf.setBytes(PooledByteBuf.java:253) ~[netty-all-4.1.51.Final.jar:4.1.51.Final]
	at io.netty.buffer.AbstractByteBuf.writeBytes(AbstractByteBuf.java:1133) ~[netty-all-4.1.51.Final.jar:4.1.51.Final]
	at io.netty.channel.socket.nio.NioSocketChannel.doReadBytes(NioSocketChannel.java:350) ~[netty-all-4.1.51.Final.jar:4.1.51.Final]
	at io.netty.channel.nio.AbstractNioByteChannel$NioByteUnsafe.read(AbstractNioByteChannel.java:148) ~[netty-all-4.1.51.Final.jar:4.1.51.Final]
	at io.netty.channel.nio.NioEventLoop.processSelectedKey(NioEventLoop.java:714) [netty-all-4.1.51.Final.jar:4.1.51.Final]
	at io.netty.channel.nio.NioEventLoop.processSelectedKeysOptimized(NioEventLoop.java:650) [netty-all-4.1.51.Final.jar:4.1.51.Final]
	at io.netty.channel.nio.NioEventLoop.processSelectedKeys(NioEventLoop.java:576) [netty-all-4.1.51.Final.jar:4.1.51.Final]
	at io.netty.channel.nio.NioEventLoop.run(NioEventLoop.java:493) [netty-all-4.1.51.Final.jar:4.1.51.Final]
	at io.netty.util.concurrent.SingleThreadEventExecutor$4.run(SingleThreadEventExecutor.java:989) [netty-all-4.1.51.Final.jar:4.1.51.Final]
	at io.netty.util.internal.ThreadExecutorMap$2.run(ThreadExecutorMap.java:74) [netty-all-4.1.51.Final.jar:4.1.51.Final]
	at io.netty.util.concurrent.FastThreadLocalRunnable.run(FastThreadLocalRunnable.java:30) [netty-all-4.1.51.Final.jar:4.1.51.Final]
	at java.lang.Thread.run(Thread.java:750) [na:1.8.0_332]

2023-01-14 22:07:31.656 ERROR 14396 --- [redisson-netty-2-9] o.r.client.handler.ErrorsLoggingHandler  : Exception occured. Channel: [id: 0xf86fb56d, L:/127.0.0.1:63380 - R:127.0.0.1/127.0.0.1:6379]

java.io.IOException: 远程主机强迫关闭了一个现有的连接。
	at sun.nio.ch.SocketDispatcher.read0(Native Method) ~[na:1.8.0_332]
	at sun.nio.ch.SocketDispatcher.read(SocketDispatcher.java:43) ~[na:1.8.0_332]
	at sun.nio.ch.IOUtil.readIntoNativeBuffer(IOUtil.java:223) ~[na:1.8.0_332]
	at sun.nio.ch.IOUtil.read(IOUtil.java:192) ~[na:1.8.0_332]
	at sun.nio.ch.SocketChannelImpl.read(SocketChannelImpl.java:379) ~[na:1.8.0_332]
	at io.netty.buffer.PooledByteBuf.setBytes(PooledByteBuf.java:253) ~[netty-all-4.1.51.Final.jar:4.1.51.Final]
	at io.netty.buffer.AbstractByteBuf.writeBytes(AbstractByteBuf.java:1133) ~[netty-all-4.1.51.Final.jar:4.1.51.Final]
	at io.netty.channel.socket.nio.NioSocketChannel.doReadBytes(NioSocketChannel.java:350) ~[netty-all-4.1.51.Final.jar:4.1.51.Final]
	at io.netty.channel.nio.AbstractNioByteChannel$NioByteUnsafe.read(AbstractNioByteChannel.java:148) ~[netty-all-4.1.51.Final.jar:4.1.51.Final]
	at io.netty.channel.nio.NioEventLoop.processSelectedKey(NioEventLoop.java:714) [netty-all-4.1.51.Final.jar:4.1.51.Final]
	at io.netty.channel.nio.NioEventLoop.processSelectedKeysOptimized(NioEventLoop.java:650) [netty-all-4.1.51.Final.jar:4.1.51.Final]
	at io.netty.channel.nio.NioEventLoop.processSelectedKeys(NioEventLoop.java:576) [netty-all-4.1.51.Final.jar:4.1.51.Final]
	at io.netty.channel.nio.NioEventLoop.run(NioEventLoop.java:493) [netty-all-4.1.51.Final.jar:4.1.51.Final]
	at io.netty.util.concurrent.SingleThreadEventExecutor$4.run(SingleThreadEventExecutor.java:989) [netty-all-4.1.51.Final.jar:4.1.51.Final]
	at io.netty.util.internal.ThreadExecutorMap$2.run(ThreadExecutorMap.java:74) [netty-all-4.1.51.Final.jar:4.1.51.Final]
	at io.netty.util.concurrent.FastThreadLocalRunnable.run(FastThreadLocalRunnable.java:30) [netty-all-4.1.51.Final.jar:4.1.51.Final]
	at java.lang.Thread.run(Thread.java:750) [na:1.8.0_332]

2023-01-14 22:07:31.656 ERROR 14396 --- [redisson-netty-2-8] o.r.client.handler.ErrorsLoggingHandler  : Exception occured. Channel: [id: 0x8d9b9ea3, L:/127.0.0.1:63365 - R:127.0.0.1/127.0.0.1:6379]

java.io.IOException: 远程主机强迫关闭了一个现有的连接。
	at sun.nio.ch.SocketDispatcher.read0(Native Method) ~[na:1.8.0_332]
	at sun.nio.ch.SocketDispatcher.read(SocketDispatcher.java:43) ~[na:1.8.0_332]
	at sun.nio.ch.IOUtil.readIntoNativeBuffer(IOUtil.java:223) ~[na:1.8.0_332]
	at sun.nio.ch.IOUtil.read(IOUtil.java:192) ~[na:1.8.0_332]
	at sun.nio.ch.SocketChannelImpl.read(SocketChannelImpl.java:379) ~[na:1.8.0_332]
	at io.netty.buffer.PooledByteBuf.setBytes(PooledByteBuf.java:253) ~[netty-all-4.1.51.Final.jar:4.1.51.Final]
	at io.netty.buffer.AbstractByteBuf.writeBytes(AbstractByteBuf.java:1133) ~[netty-all-4.1.51.Final.jar:4.1.51.Final]
	at io.netty.channel.socket.nio.NioSocketChannel.doReadBytes(NioSocketChannel.java:350) ~[netty-all-4.1.51.Final.jar:4.1.51.Final]
	at io.netty.channel.nio.AbstractNioByteChannel$NioByteUnsafe.read(AbstractNioByteChannel.java:148) ~[netty-all-4.1.51.Final.jar:4.1.51.Final]
	at io.netty.channel.nio.NioEventLoop.processSelectedKey(NioEventLoop.java:714) [netty-all-4.1.51.Final.jar:4.1.51.Final]
	at io.netty.channel.nio.NioEventLoop.processSelectedKeysOptimized(NioEventLoop.java:650) [netty-all-4.1.51.Final.jar:4.1.51.Final]
	at io.netty.channel.nio.NioEventLoop.processSelectedKeys(NioEventLoop.java:576) [netty-all-4.1.51.Final.jar:4.1.51.Final]
	at io.netty.channel.nio.NioEventLoop.run(NioEventLoop.java:493) [netty-all-4.1.51.Final.jar:4.1.51.Final]
	at io.netty.util.concurrent.SingleThreadEventExecutor$4.run(SingleThreadEventExecutor.java:989) [netty-all-4.1.51.Final.jar:4.1.51.Final]
	at io.netty.util.internal.ThreadExecutorMap$2.run(ThreadExecutorMap.java:74) [netty-all-4.1.51.Final.jar:4.1.51.Final]
	at io.netty.util.concurrent.FastThreadLocalRunnable.run(FastThreadLocalRunnable.java:30) [netty-all-4.1.51.Final.jar:4.1.51.Final]
	at java.lang.Thread.run(Thread.java:750) [na:1.8.0_332]

2023-01-14 22:07:31.656 ERROR 14396 --- [redisson-netty-2-1] o.r.client.handler.ErrorsLoggingHandler  : Exception occured. Channel: [id: 0xa019b11e, L:/127.0.0.1:63376 - R:127.0.0.1/127.0.0.1:6379]

java.io.IOException: 远程主机强迫关闭了一个现有的连接。
	at sun.nio.ch.SocketDispatcher.read0(Native Method) ~[na:1.8.0_332]
	at sun.nio.ch.SocketDispatcher.read(SocketDispatcher.java:43) ~[na:1.8.0_332]
	at sun.nio.ch.IOUtil.readIntoNativeBuffer(IOUtil.java:223) ~[na:1.8.0_332]
	at sun.nio.ch.IOUtil.read(IOUtil.java:192) ~[na:1.8.0_332]
	at sun.nio.ch.SocketChannelImpl.read(SocketChannelImpl.java:379) ~[na:1.8.0_332]
	at io.netty.buffer.PooledByteBuf.setBytes(PooledByteBuf.java:253) ~[netty-all-4.1.51.Final.jar:4.1.51.Final]
	at io.netty.buffer.AbstractByteBuf.writeBytes(AbstractByteBuf.java:1133) ~[netty-all-4.1.51.Final.jar:4.1.51.Final]
	at io.netty.channel.socket.nio.NioSocketChannel.doReadBytes(NioSocketChannel.java:350) ~[netty-all-4.1.51.Final.jar:4.1.51.Final]
	at io.netty.channel.nio.AbstractNioByteChannel$NioByteUnsafe.read(AbstractNioByteChannel.java:148) ~[netty-all-4.1.51.Final.jar:4.1.51.Final]
	at io.netty.channel.nio.NioEventLoop.processSelectedKey(NioEventLoop.java:714) [netty-all-4.1.51.Final.jar:4.1.51.Final]
	at io.netty.channel.nio.NioEventLoop.processSelectedKeysOptimized(NioEventLoop.java:650) [netty-all-4.1.51.Final.jar:4.1.51.Final]
	at io.netty.channel.nio.NioEventLoop.processSelectedKeys(NioEventLoop.java:576) [netty-all-4.1.51.Final.jar:4.1.51.Final]
	at io.netty.channel.nio.NioEventLoop.run(NioEventLoop.java:493) [netty-all-4.1.51.Final.jar:4.1.51.Final]
	at io.netty.util.concurrent.SingleThreadEventExecutor$4.run(SingleThreadEventExecutor.java:989) [netty-all-4.1.51.Final.jar:4.1.51.Final]
	at io.netty.util.internal.ThreadExecutorMap$2.run(ThreadExecutorMap.java:74) [netty-all-4.1.51.Final.jar:4.1.51.Final]
	at io.netty.util.concurrent.FastThreadLocalRunnable.run(FastThreadLocalRunnable.java:30) [netty-all-4.1.51.Final.jar:4.1.51.Final]
	at java.lang.Thread.run(Thread.java:750) [na:1.8.0_332]

2023-01-14 22:07:31.670  INFO 14396 --- [SpringContextShutdownHook] com.alibaba.druid.pool.DruidDataSource   : {dataSource-1} closing ...
2023-01-14 22:07:31.680  INFO 14396 --- [SpringContextShutdownHook] com.alibaba.druid.pool.DruidDataSource   : {dataSource-1} closed
2023-01-14 22:07:50.364  WARN 17808 --- [main] c.a.c.n.c.NacosPropertySourceBuilder     : Ignore the empty nacos configuration and get it based on dataId[aggregate-pay-transaction-service] & group[DEFAULT_GROUP]
2023-01-14 22:07:50.381  INFO 17808 --- [main] b.c.PropertySourceBootstrapConfiguration : Located property source: [BootstrapPropertySource {name='bootstrapProperties-aggregate-pay-transaction-service-dev.yml,DEFAULT_GROUP'}, BootstrapPropertySource {name='bootstrapProperties-aggregate-pay-transaction-service.yml,DEFAULT_GROUP'}, BootstrapPropertySource {name='bootstrapProperties-aggregate-pay-transaction-service,DEFAULT_GROUP'}, BootstrapPropertySource {name='bootstrapProperties-mysql.yml,DEFAULT_GROUP'}, BootstrapPropertySource {name='bootstrapProperties-redis.yml,DEFAULT_GROUP'}, BootstrapPropertySource {name='bootstrapProperties-common.yml,DEFAULT_GROUP'}]
2023-01-14 22:07:50.449  INFO 17808 --- [main] m.a.mapper.PayChannelMapperTest          : The following profiles are active: dev
2023-01-14 22:07:51.895  INFO 17808 --- [main] .s.d.r.c.RepositoryConfigurationDelegate : Multiple Spring Data modules found, entering strict repository configuration mode!
2023-01-14 22:07:51.899  INFO 17808 --- [main] .s.d.r.c.RepositoryConfigurationDelegate : Bootstrapping Spring Data Redis repositories in DEFAULT mode.
2023-01-14 22:07:51.937  INFO 17808 --- [main] .s.d.r.c.RepositoryConfigurationDelegate : Finished Spring Data repository scanning in 19ms. Found 0 Redis repository interfaces.
2023-01-14 22:07:52.008  WARN 17808 --- [main] o.s.boot.actuate.endpoint.EndpointId     : Endpoint ID 'service-registry' contains invalid characters, please migrate to a valid format.
2023-01-14 22:07:52.270  INFO 17808 --- [main] o.s.cloud.context.scope.GenericScope     : BeanFactory id=2a0bd9e3-46c2-36c1-b497-5558f472aa63
2023-01-14 22:07:52.595  INFO 17808 --- [main] trationDelegate$BeanPostProcessorChecker : Bean 'org.springframework.transaction.annotation.ProxyTransactionManagementConfiguration' of type [org.springframework.transaction.annotation.ProxyTransactionManagementConfiguration] is not eligible for getting processed by all BeanPostProcessors (for example: not eligible for auto-proxying)
2023-01-14 22:07:53.123  INFO 17808 --- [main] trationDelegate$BeanPostProcessorChecker : Bean 'mybatis-plus-com.baomidou.mybatisplus.autoconfigure.MybatisPlusProperties' of type [com.baomidou.mybatisplus.autoconfigure.MybatisPlusProperties] is not eligible for getting processed by all BeanPostProcessors (for example: not eligible for auto-proxying)
2023-01-14 22:07:53.133  INFO 17808 --- [main] trationDelegate$BeanPostProcessorChecker : Bean 'database-mao.tools_databases.properties.DatabaseProperties' of type [mao.tools_databases.properties.DatabaseProperties] is not eligible for getting processed by all BeanPostProcessors (for example: not eligible for auto-proxying)
2023-01-14 22:07:53.153  INFO 17808 --- [main] m.a.config.MybatisConfig                 : 初始化 MybatisConfig
2023-01-14 22:07:53.153  INFO 17808 --- [main] trationDelegate$BeanPostProcessorChecker : Bean 'mybatisConfig' of type [mao.aggregate_pay_transaction_service.config.MybatisConfig$$EnhancerBySpringCGLIB$$a289612a] is not eligible for getting processed by all BeanPostProcessors (for example: not eligible for auto-proxying)
2023-01-14 22:07:53.188  INFO 17808 --- [main] trationDelegate$BeanPostProcessorChecker : Bean 'paginationInterceptor' of type [com.baomidou.mybatisplus.extension.plugins.PaginationInterceptor] is not eligible for getting processed by all BeanPostProcessors (for example: not eligible for auto-proxying)
2023-01-14 22:07:53.205  INFO 17808 --- [main] trationDelegate$BeanPostProcessorChecker : Bean 'getLeftLikeTypeHandler' of type [mao.tools_databases.mybatis.typehandler.LeftLikeTypeHandler] is not eligible for getting processed by all BeanPostProcessors (for example: not eligible for auto-proxying)
2023-01-14 22:07:53.220  INFO 17808 --- [main] trationDelegate$BeanPostProcessorChecker : Bean 'getRightLikeTypeHandler' of type [mao.tools_databases.mybatis.typehandler.RightLikeTypeHandler] is not eligible for getting processed by all BeanPostProcessors (for example: not eligible for auto-proxying)
2023-01-14 22:07:53.237  INFO 17808 --- [main] trationDelegate$BeanPostProcessorChecker : Bean 'getFullLikeTypeHandler' of type [mao.tools_databases.mybatis.typehandler.FullLikeTypeHandler] is not eligible for getting processed by all BeanPostProcessors (for example: not eligible for auto-proxying)
2023-01-14 22:07:53.258  INFO 17808 --- [main] m.a.config.DatabaseConfig                : 初始化 DatabaseConfig 数据库配置
2023-01-14 22:07:53.258  INFO 17808 --- [main] trationDelegate$BeanPostProcessorChecker : Bean 'databaseConfig' of type [mao.aggregate_pay_transaction_service.config.DatabaseConfig$$EnhancerBySpringCGLIB$$8f035562] is not eligible for getting processed by all BeanPostProcessors (for example: not eligible for auto-proxying)
2023-01-14 22:07:53.392  INFO 17808 --- [main] trationDelegate$BeanPostProcessorChecker : Bean 'spring.datasource-org.springframework.boot.autoconfigure.jdbc.DataSourceProperties' of type [org.springframework.boot.autoconfigure.jdbc.DataSourceProperties] is not eligible for getting processed by all BeanPostProcessors (for example: not eligible for auto-proxying)
2023-01-14 22:07:53.397  INFO 17808 --- [main] trationDelegate$BeanPostProcessorChecker : Bean 'com.alibaba.druid.spring.boot.autoconfigure.stat.DruidFilterConfiguration' of type [com.alibaba.druid.spring.boot.autoconfigure.stat.DruidFilterConfiguration] is not eligible for getting processed by all BeanPostProcessors (for example: not eligible for auto-proxying)
2023-01-14 22:07:53.423  INFO 17808 --- [main] trationDelegate$BeanPostProcessorChecker : Bean 'wallConfig' of type [com.alibaba.druid.wall.WallConfig] is not eligible for getting processed by all BeanPostProcessors (for example: not eligible for auto-proxying)
2023-01-14 22:07:53.507  INFO 17808 --- [main] trationDelegate$BeanPostProcessorChecker : Bean 'wallFilter' of type [com.alibaba.druid.wall.WallFilter] is not eligible for getting processed by all BeanPostProcessors (for example: not eligible for auto-proxying)
2023-01-14 22:07:53.583  INFO 17808 --- [main] trationDelegate$BeanPostProcessorChecker : Bean 'masterDruidDataSource' of type [com.alibaba.druid.spring.boot.autoconfigure.DruidDataSourceWrapper] is not eligible for getting processed by all BeanPostProcessors (for example: not eligible for auto-proxying)
2023-01-14 22:07:53.621  INFO 17808 --- [main] trationDelegate$BeanPostProcessorChecker : Bean 'org.springframework.boot.autoconfigure.jdbc.DataSourceInitializerInvoker' of type [org.springframework.boot.autoconfigure.jdbc.DataSourceInitializerInvoker] is not eligible for getting processed by all BeanPostProcessors (for example: not eligible for auto-proxying)
2023-01-14 22:07:53.651  INFO 17808 --- [main] trationDelegate$BeanPostProcessorChecker : Bean 'masterDataSource' of type [com.p6spy.engine.spy.P6DataSource] is not eligible for getting processed by all BeanPostProcessors (for example: not eligible for auto-proxying)
2023-01-14 22:07:53.689  INFO 17808 --- [main] trationDelegate$BeanPostProcessorChecker : Bean 'masterTransactionManager' of type [org.springframework.jdbc.datasource.DataSourceTransactionManager] is not eligible for getting processed by all BeanPostProcessors (for example: not eligible for auto-proxying)
2023-01-14 22:07:53.698  INFO 17808 --- [main] trationDelegate$BeanPostProcessorChecker : Bean 'masterTransactionInterceptor' of type [org.springframework.transaction.interceptor.TransactionInterceptor] is not eligible for getting processed by all BeanPostProcessors (for example: not eligible for auto-proxying)
2023-01-14 22:07:53.711  INFO 17808 --- [main] trationDelegate$BeanPostProcessorChecker : Bean 'masterAdvisor' of type [org.springframework.aop.support.DefaultPointcutAdvisor] is not eligible for getting processed by all BeanPostProcessors (for example: not eligible for auto-proxying)
2023-01-14 22:07:53.833  INFO 17808 --- [main] m.a.config.ExceptionConfig               : 初始化 ExceptionConfig 全局异常配置
2023-01-14 22:07:53.850  INFO 17808 --- [main] m.a.config.WebConfig                     : 初始化 WebConfig
2023-01-14 22:07:55.320  INFO 17808 --- [main] com.alibaba.nacos.client.naming          : initializer namespace from System Property :null
2023-01-14 22:07:55.321  INFO 17808 --- [main] com.alibaba.nacos.client.naming          : initializer namespace from System Environment :null
2023-01-14 22:07:55.321  INFO 17808 --- [main] com.alibaba.nacos.client.naming          : initializer namespace from System Property :null
2023-01-14 22:07:55.438  INFO 17808 --- [main] m.t.config.RedissonConfig                : 初始化 RedissonConfig
2023-01-14 22:07:55.441  INFO 17808 --- [main] m.t.config.RedissonConfig                : 单机模式redis:127.0.0.1:6379
2023-01-14 22:07:55.910  INFO 17808 --- [main] org.redisson.Version                     : Redisson 3.17.0
2023-01-14 22:07:56.708  INFO 17808 --- [redisson-netty-2-13] o.r.c.pool.MasterPubSubConnectionPool    : 1 connections initialized for 127.0.0.1/127.0.0.1:6379
2023-01-14 22:07:56.726  INFO 17808 --- [redisson-netty-2-19] o.r.c.pool.MasterConnectionPool          : 24 connections initialized for 127.0.0.1/127.0.0.1:6379
2023-01-14 22:07:57.074  INFO 17808 --- [main] o.s.b.a.e.web.EndpointLinksResolver      : Exposing 20 endpoint(s) beneath base path '/actuator'
2023-01-14 22:07:57.930  WARN 17808 --- [main] c.n.c.sources.URLConfigurationSource     : No URLs will be polled as dynamic configuration sources.
2023-01-14 22:07:57.930  INFO 17808 --- [main] c.n.c.sources.URLConfigurationSource     : To enable URLs as dynamic configuration sources, define System property archaius.configurationSource.additionalUrls or make config.properties available on classpath.
2023-01-14 22:07:57.937  WARN 17808 --- [main] c.n.c.sources.URLConfigurationSource     : No URLs will be polled as dynamic configuration sources.
2023-01-14 22:07:57.937  INFO 17808 --- [main] c.n.c.sources.URLConfigurationSource     : To enable URLs as dynamic configuration sources, define System property archaius.configurationSource.additionalUrls or make config.properties available on classpath.
2023-01-14 22:07:58.160  INFO 17808 --- [main] o.s.s.concurrent.ThreadPoolTaskExecutor  : Initializing ExecutorService 'applicationTaskExecutor'
2023-01-14 22:07:58.482  INFO 17808 --- [main] o.s.s.c.ThreadPoolTaskScheduler          : Initializing ExecutorService 'Nacos-Watch-Task-Scheduler'
2023-01-14 22:07:58.613  INFO 17808 --- [main] c.g.d.core.DozerBeanMapperBuilder        : Initializing Dozer. Version: 6.5.0, Thread Name: main
2023-01-14 22:07:58.614  INFO 17808 --- [main] c.g.dozermapper.core.util.RuntimeUtils   : OSGi support is false
2023-01-14 22:07:58.622  INFO 17808 --- [main] d.c.c.r.LegacyPropertiesSettingsResolver : Trying to find Dozer configuration file: dozer.properties
2023-01-14 22:07:58.631  INFO 17808 --- [main] d.c.c.r.LegacyPropertiesSettingsResolver : Failed to find dozer.properties via com.github.dozermapper.core.config.resolvers.LegacyPropertiesSettingsResolver.
2023-01-14 22:07:58.639  INFO 17808 --- [main] c.g.d.core.el.ELExpressionFactory        : javax.el support is true
2023-01-14 22:07:58.672  INFO 17808 --- [main] c.g.d.c.b.xml.BeanMappingXMLBuilder      : Using URL [file:/H:/%e7%a8%8b%e5%ba%8f/%e5%a4%a7%e5%9b%9b%e5%af%92%e5%81%87/aggregate-pay/apps/pay/aggregate-pay-transaction/aggregate-pay-transaction-service/target/classes/dozer/global.dozer.xml] to load custom xml mappings
2023-01-14 22:07:59.006  INFO 17808 --- [main] c.g.d.c.b.xml.SchemaLSResourceResolver   : Trying to resolve XML entity with public ID [null] and system ID [http://dozermapper.github.io/schema/bean-mapping.xsd]
2023-01-14 22:07:59.008  INFO 17808 --- [main] c.g.d.c.b.xml.SchemaLSResourceResolver   : Resolved public ID [null] and system ID [http://dozermapper.github.io/schema/bean-mapping.xsd]
2023-01-14 22:07:59.033  INFO 17808 --- [main] c.g.d.c.b.xml.BeanMappingXMLBuilder      : Successfully loaded custom xml mapping.
2023-01-14 22:07:59.034  INFO 17808 --- [main] c.g.d.c.b.xml.BeanMappingXMLBuilder      : Using URL [file:/H:/%e7%a8%8b%e5%ba%8f/%e5%a4%a7%e5%9b%9b%e5%af%92%e5%81%87/aggregate-pay/apps/pay/aggregate-pay-transaction/aggregate-pay-transaction-service/target/classes/dozer/biz.dozer.xml] to load custom xml mappings
2023-01-14 22:07:59.038  INFO 17808 --- [main] c.g.d.c.b.xml.SchemaLSResourceResolver   : Trying to resolve XML entity with public ID [null] and system ID [http://dozermapper.github.io/schema/bean-mapping.xsd]
2023-01-14 22:07:59.038  INFO 17808 --- [main] c.g.d.c.b.xml.SchemaLSResourceResolver   : Resolved public ID [null] and system ID [http://dozermapper.github.io/schema/bean-mapping.xsd]
2023-01-14 22:07:59.046  INFO 17808 --- [main] c.g.d.c.b.xml.BeanMappingXMLBuilder      : Successfully loaded custom xml mapping.
2023-01-14 22:07:59.067  INFO 17808 --- [main] m.t.config.RedisLockServiceConfig        : 初始化 RedisLockServiceConfig
2023-01-14 22:07:59.196  INFO 17808 --- [main] m.t.config.RedisUtilsConfig              : 初始化 RedisUtilsConfig
2023-01-14 22:07:59.203  INFO 17808 --- [main] m.t.config.DozerAutoConfiguration        : 初始化 DozerAutoConfiguration
2023-01-14 22:07:59.282  INFO 17808 --- [main] pertySourcedRequestMappingHandlerMapping : Mapped URL path [/v2/api-docs] onto method [springfox.documentation.swagger2.web.Swagger2Controller#getDocumentation(String, HttpServletRequest)]
2023-01-14 22:07:59.310  INFO 17808 --- [main] m.t.config.SwaggerAutoConfiguration      : 初始化swagger接口文档
2023-01-14 22:07:59.311  INFO 17808 --- [main] m.t.config.SwaggerAutoConfiguration      : 
title：在线文档
group：
description：在线文档
version：1.0
contact：Contact{name='', url='', email=''}
basePackage：
basePath：[]
excludePath：[]
docket：{aggregate_pay=DocketInfo{title='交易服务', group='', description='在线文档', version='1.0', contact=Contact{name='', url='', email=''}, basePackage='mao.aggregate_pay_transaction_service', basePath=[], excludePath=[]}}

2023-01-14 22:07:59.575  WARN 17808 --- [main] o.a.r.s.a.RocketMQAutoConfiguration      : The necessary spring property 'rocketmq.name-server' is not defined, all rockertmq beans creation are skipped!
2023-01-14 22:08:01.225  INFO 17808 --- [main] com.alibaba.nacos.client.naming          : new ips(3) service: DEFAULT_GROUP@@aggregate-pay-transaction-service@@DEFAULT -> [{"instanceId":"192.168.3.143#49829#DEFAULT#DEFAULT_GROUP@@aggregate-pay-transaction-service","ip":"192.168.3.143","port":49829,"weight":1.0,"healthy":true,"enabled":true,"ephemeral":false,"clusterName":"DEFAULT","serviceName":"DEFAULT_GROUP@@aggregate-pay-transaction-service","metadata":{"preserved.register.source":"SPRING_CLOUD","management.endpoints.web.base-path":"/actuator","management.context-path":"//actuator"},"instanceHeartBeatTimeOut":15000,"ipDeleteTimeout":30000,"instanceHeartBeatInterval":5000},{"instanceId":"192.168.3.143#49828#DEFAULT#DEFAULT_GROUP@@aggregate-pay-transaction-service","ip":"192.168.3.143","port":49828,"weight":1.0,"healthy":true,"enabled":true,"ephemeral":false,"clusterName":"DEFAULT","serviceName":"DEFAULT_GROUP@@aggregate-pay-transaction-service","metadata":{"preserved.register.source":"SPRING_CLOUD","management.endpoints.web.base-path":"/actuator","management.context-path":"//actuator"},"instanceHeartBeatTimeOut":15000,"ipDeleteTimeout":30000,"instanceHeartBeatInterval":5000},{"instanceId":"192.168.3.143#49827#DEFAULT#DEFAULT_GROUP@@aggregate-pay-transaction-service","ip":"192.168.3.143","port":49827,"weight":1.0,"healthy":true,"enabled":true,"ephemeral":false,"clusterName":"DEFAULT","serviceName":"DEFAULT_GROUP@@aggregate-pay-transaction-service","metadata":{"preserved.register.source":"SPRING_CLOUD","management.endpoints.web.base-path":"/actuator","management.context-path":"//actuator"},"instanceHeartBeatTimeOut":15000,"ipDeleteTimeout":30000,"instanceHeartBeatInterval":5000}]
2023-01-14 22:08:01.236  INFO 17808 --- [main] com.alibaba.nacos.client.naming          : current ips:(3) service: DEFAULT_GROUP@@aggregate-pay-transaction-service@@DEFAULT -> [{"instanceId":"192.168.3.143#49829#DEFAULT#DEFAULT_GROUP@@aggregate-pay-transaction-service","ip":"192.168.3.143","port":49829,"weight":1.0,"healthy":true,"enabled":true,"ephemeral":false,"clusterName":"DEFAULT","serviceName":"DEFAULT_GROUP@@aggregate-pay-transaction-service","metadata":{"preserved.register.source":"SPRING_CLOUD","management.endpoints.web.base-path":"/actuator","management.context-path":"//actuator"},"instanceHeartBeatTimeOut":15000,"ipDeleteTimeout":30000,"instanceHeartBeatInterval":5000},{"instanceId":"192.168.3.143#49828#DEFAULT#DEFAULT_GROUP@@aggregate-pay-transaction-service","ip":"192.168.3.143","port":49828,"weight":1.0,"healthy":true,"enabled":true,"ephemeral":false,"clusterName":"DEFAULT","serviceName":"DEFAULT_GROUP@@aggregate-pay-transaction-service","metadata":{"preserved.register.source":"SPRING_CLOUD","management.endpoints.web.base-path":"/actuator","management.context-path":"//actuator"},"instanceHeartBeatTimeOut":15000,"ipDeleteTimeout":30000,"instanceHeartBeatInterval":5000},{"instanceId":"192.168.3.143#49827#DEFAULT#DEFAULT_GROUP@@aggregate-pay-transaction-service","ip":"192.168.3.143","port":49827,"weight":1.0,"healthy":true,"enabled":true,"ephemeral":false,"clusterName":"DEFAULT","serviceName":"DEFAULT_GROUP@@aggregate-pay-transaction-service","metadata":{"preserved.register.source":"SPRING_CLOUD","management.endpoints.web.base-path":"/actuator","management.context-path":"//actuator"},"instanceHeartBeatTimeOut":15000,"ipDeleteTimeout":30000,"instanceHeartBeatInterval":5000}]
2023-01-14 22:08:01.239  INFO 17808 --- [main] d.s.w.p.DocumentationPluginsBootstrapper : Context refreshed
2023-01-14 22:08:01.285  INFO 17808 --- [main] d.s.w.p.DocumentationPluginsBootstrapper : Found 1 custom documentation plugin(s)
2023-01-14 22:08:01.339  INFO 17808 --- [main] s.d.s.w.s.ApiListingReferenceScanner     : Scanning for api listing references
2023-01-14 22:08:01.383  INFO 17808 --- [main] m.a.mapper.PayChannelMapperTest          : Started PayChannelMapperTest in 12.98 seconds (JVM running for 14.796)
2023-01-14 22:08:01.428  INFO 17808 --- [main] c.a.n.client.config.impl.ClientWorker    : [fixed-127.0.0.1_8848-51637975-182d-43e2-ab58-d012723411d5] [subscribe] common.yml+DEFAULT_GROUP+51637975-182d-43e2-ab58-d012723411d5
2023-01-14 22:08:01.429  INFO 17808 --- [main] c.a.nacos.client.config.impl.CacheData   : [fixed-127.0.0.1_8848-51637975-182d-43e2-ab58-d012723411d5] [add-listener] ok, tenant=51637975-182d-43e2-ab58-d012723411d5, dataId=common.yml, group=DEFAULT_GROUP, cnt=1
2023-01-14 22:08:01.432  INFO 17808 --- [main] c.a.n.client.config.impl.ClientWorker    : [fixed-127.0.0.1_8848-51637975-182d-43e2-ab58-d012723411d5] [subscribe] aggregate-pay-transaction-service.yml+DEFAULT_GROUP+51637975-182d-43e2-ab58-d012723411d5
2023-01-14 22:08:01.432  INFO 17808 --- [main] c.a.nacos.client.config.impl.CacheData   : [fixed-127.0.0.1_8848-51637975-182d-43e2-ab58-d012723411d5] [add-listener] ok, tenant=51637975-182d-43e2-ab58-d012723411d5, dataId=aggregate-pay-transaction-service.yml, group=DEFAULT_GROUP, cnt=1
2023-01-14 22:08:01.432  INFO 17808 --- [main] c.a.n.client.config.impl.ClientWorker    : [fixed-127.0.0.1_8848-51637975-182d-43e2-ab58-d012723411d5] [subscribe] aggregate-pay-transaction-service+DEFAULT_GROUP+51637975-182d-43e2-ab58-d012723411d5
2023-01-14 22:08:01.432  INFO 17808 --- [main] c.a.nacos.client.config.impl.CacheData   : [fixed-127.0.0.1_8848-51637975-182d-43e2-ab58-d012723411d5] [add-listener] ok, tenant=51637975-182d-43e2-ab58-d012723411d5, dataId=aggregate-pay-transaction-service, group=DEFAULT_GROUP, cnt=1
2023-01-14 22:08:01.440  INFO 17808 --- [main] c.a.n.client.config.impl.ClientWorker    : [fixed-127.0.0.1_8848-51637975-182d-43e2-ab58-d012723411d5] [subscribe] aggregate-pay-transaction-service-dev.yml+DEFAULT_GROUP+51637975-182d-43e2-ab58-d012723411d5
2023-01-14 22:08:01.441  INFO 17808 --- [main] c.a.nacos.client.config.impl.CacheData   : [fixed-127.0.0.1_8848-51637975-182d-43e2-ab58-d012723411d5] [add-listener] ok, tenant=51637975-182d-43e2-ab58-d012723411d5, dataId=aggregate-pay-transaction-service-dev.yml, group=DEFAULT_GROUP, cnt=1
2023-01-14 22:08:02.390  INFO 17808 --- [main] com.alibaba.druid.pool.DruidDataSource   : {dataSource-1} inited
2023-01-14 22:08:02.421 DEBUG 17808 --- [main] m.a.mapper.PayChannelMapper.selectList   : ==>  Preparing: SELECT ID,CHANNEL_NAME,CHANNEL_CODE FROM pay_channel 
2023-01-14 22:08:02.762 DEBUG 17808 --- [main] m.a.mapper.PayChannelMapper.selectList   : ==> Parameters: 
2023-01-14 22:08:02.822 DEBUG 17808 --- [main] m.a.mapper.PayChannelMapper.selectList   : <==      Total: 0
2023-01-14 22:08:02.839  WARN 17808 --- [Thread-2] c.a.n.common.http.HttpClientBeanHolder   : [HttpClientBeanHolder] Start destroying common HttpClient
2023-01-14 22:08:02.839  WARN 17808 --- [Thread-13] c.a.nacos.common.notify.NotifyCenter     : [NotifyCenter] Start destroying Publisher
2023-01-14 22:08:02.840  WARN 17808 --- [Thread-13] c.a.nacos.common.notify.NotifyCenter     : [NotifyCenter] Destruction of the end
2023-01-14 22:08:02.840  WARN 17808 --- [Thread-2] c.a.n.common.http.HttpClientBeanHolder   : [HttpClientBeanHolder] Destruction of the end
2023-01-14 22:08:02.841  INFO 17808 --- [SpringContextShutdownHook] o.s.s.c.ThreadPoolTaskScheduler          : Shutting down ExecutorService 'Nacos-Watch-Task-Scheduler'
2023-01-14 22:08:02.857  INFO 17808 --- [SpringContextShutdownHook] o.s.s.concurrent.ThreadPoolTaskExecutor  : Shutting down ExecutorService 'applicationTaskExecutor'
2023-01-14 22:08:02.859  INFO 17808 --- [SpringContextShutdownHook] com.alibaba.nacos.client.naming          : com.alibaba.nacos.client.naming.beat.BeatReactor do shutdown begin
2023-01-14 22:08:02.859  INFO 17808 --- [SpringContextShutdownHook] com.alibaba.nacos.client.naming          : com.alibaba.nacos.client.naming.beat.BeatReactor do shutdown stop
2023-01-14 22:08:02.860  INFO 17808 --- [SpringContextShutdownHook] com.alibaba.nacos.client.naming          : com.alibaba.nacos.client.naming.core.HostReactor do shutdown begin
2023-01-14 22:08:05.892  INFO 17808 --- [SpringContextShutdownHook] com.alibaba.nacos.client.naming          : com.alibaba.nacos.client.naming.core.PushReceiver do shutdown begin
2023-01-14 22:08:08.922  INFO 17808 --- [SpringContextShutdownHook] com.alibaba.nacos.client.naming          : com.alibaba.nacos.client.naming.core.PushReceiver do shutdown stop
2023-01-14 22:08:08.923  INFO 17808 --- [SpringContextShutdownHook] com.alibaba.nacos.client.naming          : com.alibaba.nacos.client.naming.backups.FailoverReactor do shutdown begin
2023-01-14 22:08:08.923  INFO 17808 --- [SpringContextShutdownHook] com.alibaba.nacos.client.naming          : com.alibaba.nacos.client.naming.backups.FailoverReactor do shutdown stop
2023-01-14 22:08:08.923  INFO 17808 --- [SpringContextShutdownHook] com.alibaba.nacos.client.naming          : com.alibaba.nacos.client.naming.core.HostReactor do shutdown stop
2023-01-14 22:08:08.923  INFO 17808 --- [SpringContextShutdownHook] com.alibaba.nacos.client.naming          : com.alibaba.nacos.client.naming.net.NamingProxy do shutdown begin
2023-01-14 22:08:08.924  WARN 17808 --- [SpringContextShutdownHook] com.alibaba.nacos.client.naming          : [NamingHttpClientManager] Start destroying NacosRestTemplate
2023-01-14 22:08:08.924  WARN 17808 --- [SpringContextShutdownHook] com.alibaba.nacos.client.naming          : [NamingHttpClientManager] Destruction of the end
2023-01-14 22:08:08.924  INFO 17808 --- [SpringContextShutdownHook] c.a.n.client.identify.CredentialWatcher  : [null] CredentialWatcher is stopped
2023-01-14 22:08:08.924  INFO 17808 --- [SpringContextShutdownHook] c.a.n.client.identify.CredentialService  : [null] CredentialService is freed
2023-01-14 22:08:08.924  INFO 17808 --- [SpringContextShutdownHook] com.alibaba.nacos.client.naming          : com.alibaba.nacos.client.naming.net.NamingProxy do shutdown stop
2023-01-14 22:08:08.964  INFO 17808 --- [SpringContextShutdownHook] com.alibaba.druid.pool.DruidDataSource   : {dataSource-1} closing ...
2023-01-14 22:08:08.973  INFO 17808 --- [SpringContextShutdownHook] com.alibaba.druid.pool.DruidDataSource   : {dataSource-1} closed
2023-01-14 22:08:35.836  WARN 10972 --- [main] c.a.c.n.c.NacosPropertySourceBuilder     : Ignore the empty nacos configuration and get it based on dataId[aggregate-pay-transaction-service] & group[DEFAULT_GROUP]
2023-01-14 22:08:35.848  INFO 10972 --- [main] b.c.PropertySourceBootstrapConfiguration : Located property source: [BootstrapPropertySource {name='bootstrapProperties-aggregate-pay-transaction-service-dev.yml,DEFAULT_GROUP'}, BootstrapPropertySource {name='bootstrapProperties-aggregate-pay-transaction-service.yml,DEFAULT_GROUP'}, BootstrapPropertySource {name='bootstrapProperties-aggregate-pay-transaction-service,DEFAULT_GROUP'}, BootstrapPropertySource {name='bootstrapProperties-mysql.yml,DEFAULT_GROUP'}, BootstrapPropertySource {name='bootstrapProperties-redis.yml,DEFAULT_GROUP'}, BootstrapPropertySource {name='bootstrapProperties-common.yml,DEFAULT_GROUP'}]
2023-01-14 22:08:35.916  INFO 10972 --- [main] m.a.mapper.PayChannelParamMapperTest     : The following profiles are active: dev
2023-01-14 22:08:37.633  INFO 10972 --- [main] .s.d.r.c.RepositoryConfigurationDelegate : Multiple Spring Data modules found, entering strict repository configuration mode!
2023-01-14 22:08:37.637  INFO 10972 --- [main] .s.d.r.c.RepositoryConfigurationDelegate : Bootstrapping Spring Data Redis repositories in DEFAULT mode.
2023-01-14 22:08:37.685  INFO 10972 --- [main] .s.d.r.c.RepositoryConfigurationDelegate : Finished Spring Data repository scanning in 23ms. Found 0 Redis repository interfaces.
2023-01-14 22:08:37.786  WARN 10972 --- [main] o.s.boot.actuate.endpoint.EndpointId     : Endpoint ID 'service-registry' contains invalid characters, please migrate to a valid format.
2023-01-14 22:08:38.121  INFO 10972 --- [main] o.s.cloud.context.scope.GenericScope     : BeanFactory id=2a0bd9e3-46c2-36c1-b497-5558f472aa63
2023-01-14 22:08:38.432  INFO 10972 --- [main] trationDelegate$BeanPostProcessorChecker : Bean 'org.springframework.transaction.annotation.ProxyTransactionManagementConfiguration' of type [org.springframework.transaction.annotation.ProxyTransactionManagementConfiguration] is not eligible for getting processed by all BeanPostProcessors (for example: not eligible for auto-proxying)
2023-01-14 22:08:39.055  INFO 10972 --- [main] trationDelegate$BeanPostProcessorChecker : Bean 'mybatis-plus-com.baomidou.mybatisplus.autoconfigure.MybatisPlusProperties' of type [com.baomidou.mybatisplus.autoconfigure.MybatisPlusProperties] is not eligible for getting processed by all BeanPostProcessors (for example: not eligible for auto-proxying)
2023-01-14 22:08:39.064  INFO 10972 --- [main] trationDelegate$BeanPostProcessorChecker : Bean 'database-mao.tools_databases.properties.DatabaseProperties' of type [mao.tools_databases.properties.DatabaseProperties] is not eligible for getting processed by all BeanPostProcessors (for example: not eligible for auto-proxying)
2023-01-14 22:08:39.082  INFO 10972 --- [main] m.a.config.MybatisConfig                 : 初始化 MybatisConfig
2023-01-14 22:08:39.082  INFO 10972 --- [main] trationDelegate$BeanPostProcessorChecker : Bean 'mybatisConfig' of type [mao.aggregate_pay_transaction_service.config.MybatisConfig$$EnhancerBySpringCGLIB$$cc6bc18d] is not eligible for getting processed by all BeanPostProcessors (for example: not eligible for auto-proxying)
2023-01-14 22:08:39.117  INFO 10972 --- [main] trationDelegate$BeanPostProcessorChecker : Bean 'paginationInterceptor' of type [com.baomidou.mybatisplus.extension.plugins.PaginationInterceptor] is not eligible for getting processed by all BeanPostProcessors (for example: not eligible for auto-proxying)
2023-01-14 22:08:39.133  INFO 10972 --- [main] trationDelegate$BeanPostProcessorChecker : Bean 'getLeftLikeTypeHandler' of type [mao.tools_databases.mybatis.typehandler.LeftLikeTypeHandler] is not eligible for getting processed by all BeanPostProcessors (for example: not eligible for auto-proxying)
2023-01-14 22:08:39.147  INFO 10972 --- [main] trationDelegate$BeanPostProcessorChecker : Bean 'getRightLikeTypeHandler' of type [mao.tools_databases.mybatis.typehandler.RightLikeTypeHandler] is not eligible for getting processed by all BeanPostProcessors (for example: not eligible for auto-proxying)
2023-01-14 22:08:39.156  INFO 10972 --- [main] trationDelegate$BeanPostProcessorChecker : Bean 'getFullLikeTypeHandler' of type [mao.tools_databases.mybatis.typehandler.FullLikeTypeHandler] is not eligible for getting processed by all BeanPostProcessors (for example: not eligible for auto-proxying)
2023-01-14 22:08:39.198  INFO 10972 --- [main] m.a.config.DatabaseConfig                : 初始化 DatabaseConfig 数据库配置
2023-01-14 22:08:39.198  INFO 10972 --- [main] trationDelegate$BeanPostProcessorChecker : Bean 'databaseConfig' of type [mao.aggregate_pay_transaction_service.config.DatabaseConfig$$EnhancerBySpringCGLIB$$b8e5b5c5] is not eligible for getting processed by all BeanPostProcessors (for example: not eligible for auto-proxying)
2023-01-14 22:08:39.385  INFO 10972 --- [main] trationDelegate$BeanPostProcessorChecker : Bean 'spring.datasource-org.springframework.boot.autoconfigure.jdbc.DataSourceProperties' of type [org.springframework.boot.autoconfigure.jdbc.DataSourceProperties] is not eligible for getting processed by all BeanPostProcessors (for example: not eligible for auto-proxying)
2023-01-14 22:08:39.392  INFO 10972 --- [main] trationDelegate$BeanPostProcessorChecker : Bean 'com.alibaba.druid.spring.boot.autoconfigure.stat.DruidFilterConfiguration' of type [com.alibaba.druid.spring.boot.autoconfigure.stat.DruidFilterConfiguration] is not eligible for getting processed by all BeanPostProcessors (for example: not eligible for auto-proxying)
2023-01-14 22:08:39.421  INFO 10972 --- [main] trationDelegate$BeanPostProcessorChecker : Bean 'wallConfig' of type [com.alibaba.druid.wall.WallConfig] is not eligible for getting processed by all BeanPostProcessors (for example: not eligible for auto-proxying)
2023-01-14 22:08:39.505  INFO 10972 --- [main] trationDelegate$BeanPostProcessorChecker : Bean 'wallFilter' of type [com.alibaba.druid.wall.WallFilter] is not eligible for getting processed by all BeanPostProcessors (for example: not eligible for auto-proxying)
2023-01-14 22:08:39.579  INFO 10972 --- [main] trationDelegate$BeanPostProcessorChecker : Bean 'masterDruidDataSource' of type [com.alibaba.druid.spring.boot.autoconfigure.DruidDataSourceWrapper] is not eligible for getting processed by all BeanPostProcessors (for example: not eligible for auto-proxying)
2023-01-14 22:08:39.609  INFO 10972 --- [main] trationDelegate$BeanPostProcessorChecker : Bean 'org.springframework.boot.autoconfigure.jdbc.DataSourceInitializerInvoker' of type [org.springframework.boot.autoconfigure.jdbc.DataSourceInitializerInvoker] is not eligible for getting processed by all BeanPostProcessors (for example: not eligible for auto-proxying)
2023-01-14 22:08:39.641  INFO 10972 --- [main] trationDelegate$BeanPostProcessorChecker : Bean 'masterDataSource' of type [com.p6spy.engine.spy.P6DataSource] is not eligible for getting processed by all BeanPostProcessors (for example: not eligible for auto-proxying)
2023-01-14 22:08:39.697  INFO 10972 --- [main] trationDelegate$BeanPostProcessorChecker : Bean 'masterTransactionManager' of type [org.springframework.jdbc.datasource.DataSourceTransactionManager] is not eligible for getting processed by all BeanPostProcessors (for example: not eligible for auto-proxying)
2023-01-14 22:08:39.705  INFO 10972 --- [main] trationDelegate$BeanPostProcessorChecker : Bean 'masterTransactionInterceptor' of type [org.springframework.transaction.interceptor.TransactionInterceptor] is not eligible for getting processed by all BeanPostProcessors (for example: not eligible for auto-proxying)
2023-01-14 22:08:39.719  INFO 10972 --- [main] trationDelegate$BeanPostProcessorChecker : Bean 'masterAdvisor' of type [org.springframework.aop.support.DefaultPointcutAdvisor] is not eligible for getting processed by all BeanPostProcessors (for example: not eligible for auto-proxying)
2023-01-14 22:08:39.854  INFO 10972 --- [main] m.a.config.ExceptionConfig               : 初始化 ExceptionConfig 全局异常配置
2023-01-14 22:08:39.869  INFO 10972 --- [main] m.a.config.WebConfig                     : 初始化 WebConfig
2023-01-14 22:08:41.863  INFO 10972 --- [main] com.alibaba.nacos.client.naming          : initializer namespace from System Property :null
2023-01-14 22:08:41.863  INFO 10972 --- [main] com.alibaba.nacos.client.naming          : initializer namespace from System Environment :null
2023-01-14 22:08:41.864  INFO 10972 --- [main] com.alibaba.nacos.client.naming          : initializer namespace from System Property :null
2023-01-14 22:08:41.982  INFO 10972 --- [main] m.t.config.RedissonConfig                : 初始化 RedissonConfig
2023-01-14 22:08:41.984  INFO 10972 --- [main] m.t.config.RedissonConfig                : 单机模式redis:127.0.0.1:6379
2023-01-14 22:08:42.484  INFO 10972 --- [main] org.redisson.Version                     : Redisson 3.17.0
2023-01-14 22:08:43.309  INFO 10972 --- [redisson-netty-2-13] o.r.c.pool.MasterPubSubConnectionPool    : 1 connections initialized for 127.0.0.1/127.0.0.1:6379
2023-01-14 22:08:43.328  INFO 10972 --- [redisson-netty-2-19] o.r.c.pool.MasterConnectionPool          : 24 connections initialized for 127.0.0.1/127.0.0.1:6379
2023-01-14 22:08:43.695  INFO 10972 --- [main] o.s.b.a.e.web.EndpointLinksResolver      : Exposing 20 endpoint(s) beneath base path '/actuator'
2023-01-14 22:08:44.520  WARN 10972 --- [main] c.n.c.sources.URLConfigurationSource     : No URLs will be polled as dynamic configuration sources.
2023-01-14 22:08:44.520  INFO 10972 --- [main] c.n.c.sources.URLConfigurationSource     : To enable URLs as dynamic configuration sources, define System property archaius.configurationSource.additionalUrls or make config.properties available on classpath.
2023-01-14 22:08:44.527  WARN 10972 --- [main] c.n.c.sources.URLConfigurationSource     : No URLs will be polled as dynamic configuration sources.
2023-01-14 22:08:44.527  INFO 10972 --- [main] c.n.c.sources.URLConfigurationSource     : To enable URLs as dynamic configuration sources, define System property archaius.configurationSource.additionalUrls or make config.properties available on classpath.
2023-01-14 22:08:44.741  INFO 10972 --- [main] o.s.s.concurrent.ThreadPoolTaskExecutor  : Initializing ExecutorService 'applicationTaskExecutor'
2023-01-14 22:08:45.105  INFO 10972 --- [main] o.s.s.c.ThreadPoolTaskScheduler          : Initializing ExecutorService 'Nacos-Watch-Task-Scheduler'
2023-01-14 22:08:45.238  INFO 10972 --- [main] c.g.d.core.DozerBeanMapperBuilder        : Initializing Dozer. Version: 6.5.0, Thread Name: main
2023-01-14 22:08:45.240  INFO 10972 --- [main] c.g.dozermapper.core.util.RuntimeUtils   : OSGi support is false
2023-01-14 22:08:45.246  INFO 10972 --- [main] d.c.c.r.LegacyPropertiesSettingsResolver : Trying to find Dozer configuration file: dozer.properties
2023-01-14 22:08:45.252  INFO 10972 --- [main] d.c.c.r.LegacyPropertiesSettingsResolver : Failed to find dozer.properties via com.github.dozermapper.core.config.resolvers.LegacyPropertiesSettingsResolver.
2023-01-14 22:08:45.260  INFO 10972 --- [main] c.g.d.core.el.ELExpressionFactory        : javax.el support is true
2023-01-14 22:08:45.297  INFO 10972 --- [main] c.g.d.c.b.xml.BeanMappingXMLBuilder      : Using URL [file:/H:/%e7%a8%8b%e5%ba%8f/%e5%a4%a7%e5%9b%9b%e5%af%92%e5%81%87/aggregate-pay/apps/pay/aggregate-pay-transaction/aggregate-pay-transaction-service/target/classes/dozer/global.dozer.xml] to load custom xml mappings
2023-01-14 22:08:45.633  INFO 10972 --- [main] c.g.d.c.b.xml.SchemaLSResourceResolver   : Trying to resolve XML entity with public ID [null] and system ID [http://dozermapper.github.io/schema/bean-mapping.xsd]
2023-01-14 22:08:45.636  INFO 10972 --- [main] c.g.d.c.b.xml.SchemaLSResourceResolver   : Resolved public ID [null] and system ID [http://dozermapper.github.io/schema/bean-mapping.xsd]
2023-01-14 22:08:45.662  INFO 10972 --- [main] c.g.d.c.b.xml.BeanMappingXMLBuilder      : Successfully loaded custom xml mapping.
2023-01-14 22:08:45.663  INFO 10972 --- [main] c.g.d.c.b.xml.BeanMappingXMLBuilder      : Using URL [file:/H:/%e7%a8%8b%e5%ba%8f/%e5%a4%a7%e5%9b%9b%e5%af%92%e5%81%87/aggregate-pay/apps/pay/aggregate-pay-transaction/aggregate-pay-transaction-service/target/classes/dozer/biz.dozer.xml] to load custom xml mappings
2023-01-14 22:08:45.667  INFO 10972 --- [main] c.g.d.c.b.xml.SchemaLSResourceResolver   : Trying to resolve XML entity with public ID [null] and system ID [http://dozermapper.github.io/schema/bean-mapping.xsd]
2023-01-14 22:08:45.668  INFO 10972 --- [main] c.g.d.c.b.xml.SchemaLSResourceResolver   : Resolved public ID [null] and system ID [http://dozermapper.github.io/schema/bean-mapping.xsd]
2023-01-14 22:08:45.675  INFO 10972 --- [main] c.g.d.c.b.xml.BeanMappingXMLBuilder      : Successfully loaded custom xml mapping.
2023-01-14 22:08:45.697  INFO 10972 --- [main] m.t.config.RedisLockServiceConfig        : 初始化 RedisLockServiceConfig
2023-01-14 22:08:45.827  INFO 10972 --- [main] m.t.config.RedisUtilsConfig              : 初始化 RedisUtilsConfig
2023-01-14 22:08:45.835  INFO 10972 --- [main] m.t.config.DozerAutoConfiguration        : 初始化 DozerAutoConfiguration
2023-01-14 22:08:45.906  INFO 10972 --- [main] pertySourcedRequestMappingHandlerMapping : Mapped URL path [/v2/api-docs] onto method [springfox.documentation.swagger2.web.Swagger2Controller#getDocumentation(String, HttpServletRequest)]
2023-01-14 22:08:45.929  INFO 10972 --- [main] m.t.config.SwaggerAutoConfiguration      : 初始化swagger接口文档
2023-01-14 22:08:45.930  INFO 10972 --- [main] m.t.config.SwaggerAutoConfiguration      : 
title：在线文档
group：
description：在线文档
version：1.0
contact：Contact{name='', url='', email=''}
basePackage：
basePath：[]
excludePath：[]
docket：{aggregate_pay=DocketInfo{title='交易服务', group='', description='在线文档', version='1.0', contact=Contact{name='', url='', email=''}, basePackage='mao.aggregate_pay_transaction_service', basePath=[], excludePath=[]}}

2023-01-14 22:08:46.160  WARN 10972 --- [main] o.a.r.s.a.RocketMQAutoConfiguration      : The necessary spring property 'rocketmq.name-server' is not defined, all rockertmq beans creation are skipped!
2023-01-14 22:08:47.680  INFO 10972 --- [main] com.alibaba.nacos.client.naming          : new ips(3) service: DEFAULT_GROUP@@aggregate-pay-transaction-service@@DEFAULT -> [{"instanceId":"192.168.3.143#49829#DEFAULT#DEFAULT_GROUP@@aggregate-pay-transaction-service","ip":"192.168.3.143","port":49829,"weight":1.0,"healthy":true,"enabled":true,"ephemeral":false,"clusterName":"DEFAULT","serviceName":"DEFAULT_GROUP@@aggregate-pay-transaction-service","metadata":{"preserved.register.source":"SPRING_CLOUD","management.endpoints.web.base-path":"/actuator","management.context-path":"//actuator"},"instanceHeartBeatInterval":5000,"instanceHeartBeatTimeOut":15000,"ipDeleteTimeout":30000},{"instanceId":"192.168.3.143#49828#DEFAULT#DEFAULT_GROUP@@aggregate-pay-transaction-service","ip":"192.168.3.143","port":49828,"weight":1.0,"healthy":true,"enabled":true,"ephemeral":false,"clusterName":"DEFAULT","serviceName":"DEFAULT_GROUP@@aggregate-pay-transaction-service","metadata":{"preserved.register.source":"SPRING_CLOUD","management.endpoints.web.base-path":"/actuator","management.context-path":"//actuator"},"instanceHeartBeatInterval":5000,"instanceHeartBeatTimeOut":15000,"ipDeleteTimeout":30000},{"instanceId":"192.168.3.143#49827#DEFAULT#DEFAULT_GROUP@@aggregate-pay-transaction-service","ip":"192.168.3.143","port":49827,"weight":1.0,"healthy":true,"enabled":true,"ephemeral":false,"clusterName":"DEFAULT","serviceName":"DEFAULT_GROUP@@aggregate-pay-transaction-service","metadata":{"preserved.register.source":"SPRING_CLOUD","management.endpoints.web.base-path":"/actuator","management.context-path":"//actuator"},"instanceHeartBeatInterval":5000,"instanceHeartBeatTimeOut":15000,"ipDeleteTimeout":30000}]
2023-01-14 22:08:47.690  INFO 10972 --- [main] com.alibaba.nacos.client.naming          : current ips:(3) service: DEFAULT_GROUP@@aggregate-pay-transaction-service@@DEFAULT -> [{"instanceId":"192.168.3.143#49829#DEFAULT#DEFAULT_GROUP@@aggregate-pay-transaction-service","ip":"192.168.3.143","port":49829,"weight":1.0,"healthy":true,"enabled":true,"ephemeral":false,"clusterName":"DEFAULT","serviceName":"DEFAULT_GROUP@@aggregate-pay-transaction-service","metadata":{"preserved.register.source":"SPRING_CLOUD","management.endpoints.web.base-path":"/actuator","management.context-path":"//actuator"},"instanceHeartBeatInterval":5000,"instanceHeartBeatTimeOut":15000,"ipDeleteTimeout":30000},{"instanceId":"192.168.3.143#49828#DEFAULT#DEFAULT_GROUP@@aggregate-pay-transaction-service","ip":"192.168.3.143","port":49828,"weight":1.0,"healthy":true,"enabled":true,"ephemeral":false,"clusterName":"DEFAULT","serviceName":"DEFAULT_GROUP@@aggregate-pay-transaction-service","metadata":{"preserved.register.source":"SPRING_CLOUD","management.endpoints.web.base-path":"/actuator","management.context-path":"//actuator"},"instanceHeartBeatInterval":5000,"instanceHeartBeatTimeOut":15000,"ipDeleteTimeout":30000},{"instanceId":"192.168.3.143#49827#DEFAULT#DEFAULT_GROUP@@aggregate-pay-transaction-service","ip":"192.168.3.143","port":49827,"weight":1.0,"healthy":true,"enabled":true,"ephemeral":false,"clusterName":"DEFAULT","serviceName":"DEFAULT_GROUP@@aggregate-pay-transaction-service","metadata":{"preserved.register.source":"SPRING_CLOUD","management.endpoints.web.base-path":"/actuator","management.context-path":"//actuator"},"instanceHeartBeatInterval":5000,"instanceHeartBeatTimeOut":15000,"ipDeleteTimeout":30000}]
2023-01-14 22:08:47.693  INFO 10972 --- [main] d.s.w.p.DocumentationPluginsBootstrapper : Context refreshed
2023-01-14 22:08:47.732  INFO 10972 --- [main] d.s.w.p.DocumentationPluginsBootstrapper : Found 1 custom documentation plugin(s)
2023-01-14 22:08:47.782  INFO 10972 --- [main] s.d.s.w.s.ApiListingReferenceScanner     : Scanning for api listing references
2023-01-14 22:08:47.817  INFO 10972 --- [main] m.a.mapper.PayChannelParamMapperTest     : Started PayChannelParamMapperTest in 13.707 seconds (JVM running for 15.201)
2023-01-14 22:08:47.860  INFO 10972 --- [main] c.a.n.client.config.impl.ClientWorker    : [fixed-127.0.0.1_8848-51637975-182d-43e2-ab58-d012723411d5] [subscribe] common.yml+DEFAULT_GROUP+51637975-182d-43e2-ab58-d012723411d5
2023-01-14 22:08:47.861  INFO 10972 --- [main] c.a.nacos.client.config.impl.CacheData   : [fixed-127.0.0.1_8848-51637975-182d-43e2-ab58-d012723411d5] [add-listener] ok, tenant=51637975-182d-43e2-ab58-d012723411d5, dataId=common.yml, group=DEFAULT_GROUP, cnt=1
2023-01-14 22:08:47.863  INFO 10972 --- [main] c.a.n.client.config.impl.ClientWorker    : [fixed-127.0.0.1_8848-51637975-182d-43e2-ab58-d012723411d5] [subscribe] aggregate-pay-transaction-service.yml+DEFAULT_GROUP+51637975-182d-43e2-ab58-d012723411d5
2023-01-14 22:08:47.863  INFO 10972 --- [main] c.a.nacos.client.config.impl.CacheData   : [fixed-127.0.0.1_8848-51637975-182d-43e2-ab58-d012723411d5] [add-listener] ok, tenant=51637975-182d-43e2-ab58-d012723411d5, dataId=aggregate-pay-transaction-service.yml, group=DEFAULT_GROUP, cnt=1
2023-01-14 22:08:47.863  INFO 10972 --- [main] c.a.n.client.config.impl.ClientWorker    : [fixed-127.0.0.1_8848-51637975-182d-43e2-ab58-d012723411d5] [subscribe] aggregate-pay-transaction-service+DEFAULT_GROUP+51637975-182d-43e2-ab58-d012723411d5
2023-01-14 22:08:47.863  INFO 10972 --- [main] c.a.nacos.client.config.impl.CacheData   : [fixed-127.0.0.1_8848-51637975-182d-43e2-ab58-d012723411d5] [add-listener] ok, tenant=51637975-182d-43e2-ab58-d012723411d5, dataId=aggregate-pay-transaction-service, group=DEFAULT_GROUP, cnt=1
2023-01-14 22:08:47.868  INFO 10972 --- [main] c.a.n.client.config.impl.ClientWorker    : [fixed-127.0.0.1_8848-51637975-182d-43e2-ab58-d012723411d5] [subscribe] aggregate-pay-transaction-service-dev.yml+DEFAULT_GROUP+51637975-182d-43e2-ab58-d012723411d5
2023-01-14 22:08:47.868  INFO 10972 --- [main] c.a.nacos.client.config.impl.CacheData   : [fixed-127.0.0.1_8848-51637975-182d-43e2-ab58-d012723411d5] [add-listener] ok, tenant=51637975-182d-43e2-ab58-d012723411d5, dataId=aggregate-pay-transaction-service-dev.yml, group=DEFAULT_GROUP, cnt=1
2023-01-14 22:08:48.767  INFO 10972 --- [main] com.alibaba.druid.pool.DruidDataSource   : {dataSource-1} inited
2023-01-14 22:08:48.799 DEBUG 10972 --- [main] m.a.m.PayChannelParamMapper.selectList   : ==>  Preparing: SELECT ID,PARAM,MERCHANT_ID,APP_PLATFORM_CHANNEL_ID,PAY_CHANNEL,CHANNEL_NAME FROM pay_channel_param 
2023-01-14 22:08:49.093 DEBUG 10972 --- [main] m.a.m.PayChannelParamMapper.selectList   : ==> Parameters: 
2023-01-14 22:08:49.157 DEBUG 10972 --- [main] m.a.m.PayChannelParamMapper.selectList   : <==      Total: 0
2023-01-14 22:08:49.172  WARN 10972 --- [Thread-2] c.a.n.common.http.HttpClientBeanHolder   : [HttpClientBeanHolder] Start destroying common HttpClient
2023-01-14 22:08:49.172  WARN 10972 --- [Thread-13] c.a.nacos.common.notify.NotifyCenter     : [NotifyCenter] Start destroying Publisher
2023-01-14 22:08:49.172  WARN 10972 --- [Thread-13] c.a.nacos.common.notify.NotifyCenter     : [NotifyCenter] Destruction of the end
2023-01-14 22:08:49.172  WARN 10972 --- [Thread-2] c.a.n.common.http.HttpClientBeanHolder   : [HttpClientBeanHolder] Destruction of the end
2023-01-14 22:08:49.173  INFO 10972 --- [SpringContextShutdownHook] o.s.s.c.ThreadPoolTaskScheduler          : Shutting down ExecutorService 'Nacos-Watch-Task-Scheduler'
2023-01-14 22:08:49.186  INFO 10972 --- [SpringContextShutdownHook] o.s.s.concurrent.ThreadPoolTaskExecutor  : Shutting down ExecutorService 'applicationTaskExecutor'
2023-01-14 22:08:49.188  INFO 10972 --- [SpringContextShutdownHook] com.alibaba.nacos.client.naming          : com.alibaba.nacos.client.naming.beat.BeatReactor do shutdown begin
2023-01-14 22:08:49.188  INFO 10972 --- [SpringContextShutdownHook] com.alibaba.nacos.client.naming          : com.alibaba.nacos.client.naming.beat.BeatReactor do shutdown stop
2023-01-14 22:08:49.188  INFO 10972 --- [SpringContextShutdownHook] com.alibaba.nacos.client.naming          : com.alibaba.nacos.client.naming.core.HostReactor do shutdown begin
2023-01-14 22:08:52.215  INFO 10972 --- [SpringContextShutdownHook] com.alibaba.nacos.client.naming          : com.alibaba.nacos.client.naming.core.PushReceiver do shutdown begin
2023-01-14 22:08:55.242  INFO 10972 --- [SpringContextShutdownHook] com.alibaba.nacos.client.naming          : com.alibaba.nacos.client.naming.core.PushReceiver do shutdown stop
2023-01-14 22:08:55.242  INFO 10972 --- [SpringContextShutdownHook] com.alibaba.nacos.client.naming          : com.alibaba.nacos.client.naming.backups.FailoverReactor do shutdown begin
2023-01-14 22:08:55.242  INFO 10972 --- [SpringContextShutdownHook] com.alibaba.nacos.client.naming          : com.alibaba.nacos.client.naming.backups.FailoverReactor do shutdown stop
2023-01-14 22:08:55.243  INFO 10972 --- [SpringContextShutdownHook] com.alibaba.nacos.client.naming          : com.alibaba.nacos.client.naming.core.HostReactor do shutdown stop
2023-01-14 22:08:55.243  INFO 10972 --- [SpringContextShutdownHook] com.alibaba.nacos.client.naming          : com.alibaba.nacos.client.naming.net.NamingProxy do shutdown begin
2023-01-14 22:08:55.243  WARN 10972 --- [SpringContextShutdownHook] com.alibaba.nacos.client.naming          : [NamingHttpClientManager] Start destroying NacosRestTemplate
2023-01-14 22:08:55.243  WARN 10972 --- [SpringContextShutdownHook] com.alibaba.nacos.client.naming          : [NamingHttpClientManager] Destruction of the end
2023-01-14 22:08:55.243  INFO 10972 --- [SpringContextShutdownHook] c.a.n.client.identify.CredentialWatcher  : [null] CredentialWatcher is stopped
2023-01-14 22:08:55.243  INFO 10972 --- [SpringContextShutdownHook] c.a.n.client.identify.CredentialService  : [null] CredentialService is freed
2023-01-14 22:08:55.243  INFO 10972 --- [SpringContextShutdownHook] com.alibaba.nacos.client.naming          : com.alibaba.nacos.client.naming.net.NamingProxy do shutdown stop
2023-01-14 22:08:55.281  INFO 10972 --- [SpringContextShutdownHook] com.alibaba.druid.pool.DruidDataSource   : {dataSource-1} closing ...
2023-01-14 22:08:55.292  INFO 10972 --- [SpringContextShutdownHook] com.alibaba.druid.pool.DruidDataSource   : {dataSource-1} closed
