2023-01-23 19:23:56.559  WARN 13148 --- [main] c.a.c.n.c.NacosPropertySourceBuilder     : Ignore the empty nacos configuration and get it based on dataId[aggregate-pay-uaa-service] & group[DEFAULT_GROUP]
2023-01-23 19:23:56.571  INFO 13148 --- [main] b.c.PropertySourceBootstrapConfiguration : Located property source: [BootstrapPropertySource {name='bootstrapProperties-aggregate-pay-uaa-service-dev.yml,DEFAULT_GROUP'}, BootstrapPropertySource {name='bootstrapProperties-aggregate-pay-uaa-service.yml,DEFAULT_GROUP'}, BootstrapPropertySource {name='bootstrapProperties-aggregate-pay-uaa-service,DEFAULT_GROUP'}, BootstrapPropertySource {name='bootstrapProperties-jwt.yml,DEFAULT_GROUP'}, BootstrapPropertySource {name='bootstrapProperties-mysql.yml,DEFAULT_GROUP'}, BootstrapPropertySource {name='bootstrapProperties-redis.yml,DEFAULT_GROUP'}, BootstrapPropertySource {name='bootstrapProperties-common.yml,DEFAULT_GROUP'}]
2023-01-23 19:23:56.795  INFO 13148 --- [main] m.a.AggregatePayUaaServiceApplication    : The following profiles are active: dev
2023-01-23 19:23:58.788  INFO 13148 --- [main] .s.d.r.c.RepositoryConfigurationDelegate : Multiple Spring Data modules found, entering strict repository configuration mode!
2023-01-23 19:23:58.791  INFO 13148 --- [main] .s.d.r.c.RepositoryConfigurationDelegate : Bootstrapping Spring Data Redis repositories in DEFAULT mode.
2023-01-23 19:23:58.825  INFO 13148 --- [main] .s.d.r.c.RepositoryConfigurationDelegate : Finished Spring Data repository scanning in 19ms. Found 0 Redis repository interfaces.
2023-01-23 19:23:58.924  WARN 13148 --- [main] o.s.boot.actuate.endpoint.EndpointId     : Endpoint ID 'service-registry' contains invalid characters, please migrate to a valid format.
2023-01-23 19:23:59.037  WARN 13148 --- [main] o.m.s.mapper.ClassPathMapperScanner      : No MyBatis mapper was found in '[mao.aggregate_pay_uaa_service.mapper]' package. Please check your configuration.
2023-01-23 19:23:59.159  INFO 13148 --- [main] o.s.cloud.context.scope.GenericScope     : BeanFactory id=7156b205-569d-3152-8f62-c1e8c7ab5f27
2023-01-23 19:23:59.266  INFO 13148 --- [main] trationDelegate$BeanPostProcessorChecker : Bean 'org.springframework.transaction.annotation.ProxyTransactionManagementConfiguration' of type [org.springframework.transaction.annotation.ProxyTransactionManagementConfiguration] is not eligible for getting processed by all BeanPostProcessors (for example: not eligible for auto-proxying)
2023-01-23 19:23:59.366  INFO 13148 --- [main] trationDelegate$BeanPostProcessorChecker : Bean 'mybatis-plus-com.baomidou.mybatisplus.autoconfigure.MybatisPlusProperties' of type [com.baomidou.mybatisplus.autoconfigure.MybatisPlusProperties] is not eligible for getting processed by all BeanPostProcessors (for example: not eligible for auto-proxying)
2023-01-23 19:23:59.370  INFO 13148 --- [main] trationDelegate$BeanPostProcessorChecker : Bean 'database-mao.tools_databases.properties.DatabaseProperties' of type [mao.tools_databases.properties.DatabaseProperties] is not eligible for getting processed by all BeanPostProcessors (for example: not eligible for auto-proxying)
2023-01-23 19:23:59.376  INFO 13148 --- [main] m.a.config.MybatisConfig                 : 初始化 MybatisConfig
2023-01-23 19:23:59.376  INFO 13148 --- [main] trationDelegate$BeanPostProcessorChecker : Bean 'mybatisConfig' of type [mao.aggregate_pay_uaa_service.config.MybatisConfig$$EnhancerBySpringCGLIB$$37b955a0] is not eligible for getting processed by all BeanPostProcessors (for example: not eligible for auto-proxying)
2023-01-23 19:23:59.384  INFO 13148 --- [main] trationDelegate$BeanPostProcessorChecker : Bean 'paginationInterceptor' of type [com.baomidou.mybatisplus.extension.plugins.PaginationInterceptor] is not eligible for getting processed by all BeanPostProcessors (for example: not eligible for auto-proxying)
2023-01-23 19:23:59.387  INFO 13148 --- [main] trationDelegate$BeanPostProcessorChecker : Bean 'getLeftLikeTypeHandler' of type [mao.tools_databases.mybatis.typehandler.LeftLikeTypeHandler] is not eligible for getting processed by all BeanPostProcessors (for example: not eligible for auto-proxying)
2023-01-23 19:23:59.389  INFO 13148 --- [main] trationDelegate$BeanPostProcessorChecker : Bean 'getRightLikeTypeHandler' of type [mao.tools_databases.mybatis.typehandler.RightLikeTypeHandler] is not eligible for getting processed by all BeanPostProcessors (for example: not eligible for auto-proxying)
2023-01-23 19:23:59.390  INFO 13148 --- [main] trationDelegate$BeanPostProcessorChecker : Bean 'getFullLikeTypeHandler' of type [mao.tools_databases.mybatis.typehandler.FullLikeTypeHandler] is not eligible for getting processed by all BeanPostProcessors (for example: not eligible for auto-proxying)
2023-01-23 19:23:59.396  INFO 13148 --- [main] m.a.config.DatabaseConfig                : 初始化 DatabaseConfig 数据库配置
2023-01-23 19:23:59.396  INFO 13148 --- [main] trationDelegate$BeanPostProcessorChecker : Bean 'databaseConfig' of type [mao.aggregate_pay_uaa_service.config.DatabaseConfig$$EnhancerBySpringCGLIB$$be7438e6] is not eligible for getting processed by all BeanPostProcessors (for example: not eligible for auto-proxying)
2023-01-23 19:23:59.455  INFO 13148 --- [main] trationDelegate$BeanPostProcessorChecker : Bean 'spring.datasource-org.springframework.boot.autoconfigure.jdbc.DataSourceProperties' of type [org.springframework.boot.autoconfigure.jdbc.DataSourceProperties] is not eligible for getting processed by all BeanPostProcessors (for example: not eligible for auto-proxying)
2023-01-23 19:23:59.458  INFO 13148 --- [main] trationDelegate$BeanPostProcessorChecker : Bean 'com.alibaba.druid.spring.boot.autoconfigure.stat.DruidFilterConfiguration' of type [com.alibaba.druid.spring.boot.autoconfigure.stat.DruidFilterConfiguration] is not eligible for getting processed by all BeanPostProcessors (for example: not eligible for auto-proxying)
2023-01-23 19:23:59.470  INFO 13148 --- [main] trationDelegate$BeanPostProcessorChecker : Bean 'wallConfig' of type [com.alibaba.druid.wall.WallConfig] is not eligible for getting processed by all BeanPostProcessors (for example: not eligible for auto-proxying)
2023-01-23 19:23:59.499  INFO 13148 --- [main] trationDelegate$BeanPostProcessorChecker : Bean 'wallFilter' of type [com.alibaba.druid.wall.WallFilter] is not eligible for getting processed by all BeanPostProcessors (for example: not eligible for auto-proxying)
2023-01-23 19:23:59.542  INFO 13148 --- [main] trationDelegate$BeanPostProcessorChecker : Bean 'masterDruidDataSource' of type [com.alibaba.druid.spring.boot.autoconfigure.DruidDataSourceWrapper] is not eligible for getting processed by all BeanPostProcessors (for example: not eligible for auto-proxying)
2023-01-23 19:23:59.556  INFO 13148 --- [main] trationDelegate$BeanPostProcessorChecker : Bean 'org.springframework.boot.autoconfigure.jdbc.DataSourceInitializerInvoker' of type [org.springframework.boot.autoconfigure.jdbc.DataSourceInitializerInvoker] is not eligible for getting processed by all BeanPostProcessors (for example: not eligible for auto-proxying)
2023-01-23 19:23:59.563  INFO 13148 --- [main] trationDelegate$BeanPostProcessorChecker : Bean 'masterDataSource' of type [com.p6spy.engine.spy.P6DataSource] is not eligible for getting processed by all BeanPostProcessors (for example: not eligible for auto-proxying)
2023-01-23 19:23:59.567  INFO 13148 --- [main] trationDelegate$BeanPostProcessorChecker : Bean 'masterTransactionManager' of type [org.springframework.jdbc.datasource.DataSourceTransactionManager] is not eligible for getting processed by all BeanPostProcessors (for example: not eligible for auto-proxying)
2023-01-23 19:23:59.571  INFO 13148 --- [main] trationDelegate$BeanPostProcessorChecker : Bean 'masterTransactionInterceptor' of type [org.springframework.transaction.interceptor.TransactionInterceptor] is not eligible for getting processed by all BeanPostProcessors (for example: not eligible for auto-proxying)
2023-01-23 19:23:59.572  INFO 13148 --- [main] trationDelegate$BeanPostProcessorChecker : Bean 'masterAdvisor' of type [org.springframework.aop.support.DefaultPointcutAdvisor] is not eligible for getting processed by all BeanPostProcessors (for example: not eligible for auto-proxying)
2023-01-23 19:23:59.616  INFO 13148 --- [main] m.a.config.WebConfig                     : 初始化 WebConfig
2023-01-23 19:23:59.818  INFO 13148 --- [main] o.s.b.w.embedded.tomcat.TomcatWebServer  : Tomcat initialized with port(s): 43573 (http)
2023-01-23 19:23:59.827  INFO 13148 --- [main] o.apache.catalina.core.StandardService   : Starting service [Tomcat]
2023-01-23 19:23:59.828  INFO 13148 --- [main] org.apache.catalina.core.StandardEngine  : Starting Servlet engine: [Apache Tomcat/9.0.37]
2023-01-23 19:23:59.970  INFO 13148 --- [main] o.a.c.c.C.[Tomcat].[localhost].[/uaa]    : Initializing Spring embedded WebApplicationContext
2023-01-23 19:23:59.970  INFO 13148 --- [main] w.s.c.ServletWebServerApplicationContext : Root WebApplicationContext: initialization completed in 3157 ms
2023-01-23 19:24:00.146  INFO 13148 --- [main] m.a.config.JWTConfig                     : 初始化 JWTConfig
2023-01-23 19:24:00.160  WARN 13148 --- [main] o.s.s.o.p.t.s.JwtAccessTokenConverter    : Unable to create an RSA verifier from verifierKey (ignoreable if using MAC)
2023-01-23 19:24:00.525  INFO 13148 --- [main] m.a.config.SecurityConfig                : 初始化 SecurityConfig
2023-01-23 19:24:00.530  INFO 13148 --- [main] m.a.config.AuthorizationServerConfig     : 初始化 AuthorizationServerConfig
2023-01-23 19:24:00.531  INFO 13148 --- [main] m.a.config.ExceptionConfig               : 初始化 ExceptionConfig 全局异常配置
2023-01-23 19:24:00.532 DEBUG 13148 --- [main] m.t.d.BaseDatabaseConfiguration          : 允许带事务的类为：class mao.aggregate_pay_uaa_service.controller.PageController
2023-01-23 19:24:00.542 DEBUG 13148 --- [main] m.t.d.BaseDatabaseConfiguration          : 允许带事务的类为：class mao.aggregate_pay_uaa_service.controller.PageController
2023-01-23 19:24:00.543 DEBUG 13148 --- [main] m.t.d.BaseDatabaseConfiguration          : 允许带事务的类为：class mao.aggregate_pay_uaa_service.controller.PageController
2023-01-23 19:24:00.543 DEBUG 13148 --- [main] m.t.d.BaseDatabaseConfiguration          : 允许带事务的类为：class mao.aggregate_pay_uaa_service.controller.PageController
2023-01-23 19:24:00.584 DEBUG 13148 --- [main] m.t.d.BaseDatabaseConfiguration          : 允许带事务的类为：class mao.aggregate_pay_uaa_service.controller.UAAController
2023-01-23 19:24:00.585 DEBUG 13148 --- [main] m.t.d.BaseDatabaseConfiguration          : 允许带事务的类为：class mao.aggregate_pay_uaa_service.controller.UAAController
2023-01-23 19:24:00.585 DEBUG 13148 --- [main] m.t.d.BaseDatabaseConfiguration          : 允许带事务的类为：class mao.aggregate_pay_uaa_service.controller.UAAController
2023-01-23 19:24:00.585 DEBUG 13148 --- [main] m.t.d.BaseDatabaseConfiguration          : 允许带事务的类为：class mao.aggregate_pay_uaa_service.controller.UAAController
2023-01-23 19:24:00.585 DEBUG 13148 --- [main] m.t.d.BaseDatabaseConfiguration          : 允许带事务的类为：class mao.aggregate_pay_uaa_service.controller.UAAController
2023-01-23 19:24:00.585 DEBUG 13148 --- [main] m.t.d.BaseDatabaseConfiguration          : 允许带事务的类为：class mao.aggregate_pay_uaa_service.controller.UAAController
2023-01-23 19:24:00.585 DEBUG 13148 --- [main] m.t.d.BaseDatabaseConfiguration          : 允许带事务的类为：class mao.aggregate_pay_uaa_service.controller.UAAController
2023-01-23 19:24:00.585 DEBUG 13148 --- [main] m.t.d.BaseDatabaseConfiguration          : 允许带事务的类为：class mao.aggregate_pay_uaa_service.controller.UAAController
2023-01-23 19:24:00.585 DEBUG 13148 --- [main] m.t.d.BaseDatabaseConfiguration          : 允许带事务的类为：class mao.aggregate_pay_uaa_service.controller.UAAController
2023-01-23 19:24:00.586 DEBUG 13148 --- [main] m.t.d.BaseDatabaseConfiguration          : 允许带事务的类为：class mao.aggregate_pay_uaa_service.controller.UAAController
2023-01-23 19:24:00.586 DEBUG 13148 --- [main] m.t.d.BaseDatabaseConfiguration          : 允许带事务的类为：class mao.aggregate_pay_uaa_service.controller.UAAController
2023-01-23 19:24:00.586 DEBUG 13148 --- [main] m.t.d.BaseDatabaseConfiguration          : 允许带事务的类为：class mao.aggregate_pay_uaa_service.controller.UAAController
2023-01-23 19:24:00.586 DEBUG 13148 --- [main] m.t.d.BaseDatabaseConfiguration          : 允许带事务的类为：class mao.aggregate_pay_uaa_service.controller.UAAController
2023-01-23 19:24:00.586 DEBUG 13148 --- [main] m.t.d.BaseDatabaseConfiguration          : 允许带事务的类为：class mao.aggregate_pay_uaa_service.controller.UAAController
2023-01-23 19:24:00.586 DEBUG 13148 --- [main] m.t.d.BaseDatabaseConfiguration          : 允许带事务的类为：class mao.aggregate_pay_uaa_service.controller.UAAController
2023-01-23 19:24:00.586 DEBUG 13148 --- [main] m.t.d.BaseDatabaseConfiguration          : 允许带事务的类为：class mao.aggregate_pay_uaa_service.controller.UAAController
2023-01-23 19:24:00.586 DEBUG 13148 --- [main] m.t.d.BaseDatabaseConfiguration          : 允许带事务的类为：class mao.aggregate_pay_uaa_service.controller.UAAController
2023-01-23 19:24:00.586 DEBUG 13148 --- [main] m.t.d.BaseDatabaseConfiguration          : 允许带事务的类为：class mao.aggregate_pay_uaa_service.controller.UAAController
2023-01-23 19:24:00.586 DEBUG 13148 --- [main] m.t.d.BaseDatabaseConfiguration          : 允许带事务的类为：class mao.aggregate_pay_uaa_service.controller.UAAController
2023-01-23 19:24:00.586 DEBUG 13148 --- [main] m.t.d.BaseDatabaseConfiguration          : 允许带事务的类为：class mao.aggregate_pay_uaa_service.controller.UAAController
2023-01-23 19:24:00.586 DEBUG 13148 --- [main] m.t.d.BaseDatabaseConfiguration          : 允许带事务的类为：class mao.aggregate_pay_uaa_service.controller.UAAController
2023-01-23 19:24:00.586 DEBUG 13148 --- [main] m.t.d.BaseDatabaseConfiguration          : 允许带事务的类为：class mao.aggregate_pay_uaa_service.controller.UAAController
2023-01-23 19:24:00.587 DEBUG 13148 --- [main] m.t.d.BaseDatabaseConfiguration          : 允许带事务的类为：class mao.aggregate_pay_uaa_service.controller.UAAController
2023-01-23 19:24:00.587 DEBUG 13148 --- [main] m.t.d.BaseDatabaseConfiguration          : 允许带事务的类为：class mao.aggregate_pay_uaa_service.controller.UAAController
2023-01-23 19:24:00.587 DEBUG 13148 --- [main] m.t.d.BaseDatabaseConfiguration          : 允许带事务的类为：class mao.aggregate_pay_uaa_service.controller.UAAController
2023-01-23 19:24:00.587 DEBUG 13148 --- [main] m.t.d.BaseDatabaseConfiguration          : 允许带事务的类为：class mao.aggregate_pay_uaa_service.controller.UAAController
2023-01-23 19:24:00.591 DEBUG 13148 --- [main] m.t.d.BaseDatabaseConfiguration          : 允许带事务的类为：class mao.aggregate_pay_uaa_service.controller.UAAControllerV2
2023-01-23 19:24:00.591 DEBUG 13148 --- [main] m.t.d.BaseDatabaseConfiguration          : 允许带事务的类为：class mao.aggregate_pay_uaa_service.controller.UAAControllerV2
2023-01-23 19:24:00.591 DEBUG 13148 --- [main] m.t.d.BaseDatabaseConfiguration          : 允许带事务的类为：class mao.aggregate_pay_uaa_service.controller.UAAControllerV2
2023-01-23 19:24:00.592 DEBUG 13148 --- [main] m.t.d.BaseDatabaseConfiguration          : 允许带事务的类为：class mao.aggregate_pay_uaa_service.controller.UAAControllerV2
2023-01-23 19:24:00.592 DEBUG 13148 --- [main] m.t.d.BaseDatabaseConfiguration          : 允许带事务的类为：class mao.aggregate_pay_uaa_service.controller.UAAControllerV2
2023-01-23 19:24:00.592 DEBUG 13148 --- [main] m.t.d.BaseDatabaseConfiguration          : 允许带事务的类为：class mao.aggregate_pay_uaa_service.controller.UAAControllerV2
2023-01-23 19:24:00.592 DEBUG 13148 --- [main] m.t.d.BaseDatabaseConfiguration          : 允许带事务的类为：class mao.aggregate_pay_uaa_service.controller.UAAControllerV2
2023-01-23 19:24:00.592 DEBUG 13148 --- [main] m.t.d.BaseDatabaseConfiguration          : 允许带事务的类为：class mao.aggregate_pay_uaa_service.controller.UAAControllerV2
2023-01-23 19:24:00.592 DEBUG 13148 --- [main] m.t.d.BaseDatabaseConfiguration          : 允许带事务的类为：class mao.aggregate_pay_uaa_service.controller.UAAControllerV2
2023-01-23 19:24:00.592 DEBUG 13148 --- [main] m.t.d.BaseDatabaseConfiguration          : 允许带事务的类为：class mao.aggregate_pay_uaa_service.controller.UAAControllerV2
2023-01-23 19:24:00.592 DEBUG 13148 --- [main] m.t.d.BaseDatabaseConfiguration          : 允许带事务的类为：class mao.aggregate_pay_uaa_service.controller.UAAControllerV2
2023-01-23 19:24:00.592 DEBUG 13148 --- [main] m.t.d.BaseDatabaseConfiguration          : 允许带事务的类为：class mao.aggregate_pay_uaa_service.controller.UAAControllerV2
2023-01-23 19:24:00.592 DEBUG 13148 --- [main] m.t.d.BaseDatabaseConfiguration          : 允许带事务的类为：class mao.aggregate_pay_uaa_service.controller.UAAControllerV2
2023-01-23 19:24:00.592 DEBUG 13148 --- [main] m.t.d.BaseDatabaseConfiguration          : 允许带事务的类为：class mao.aggregate_pay_uaa_service.controller.UAAControllerV2
2023-01-23 19:24:00.592 DEBUG 13148 --- [main] m.t.d.BaseDatabaseConfiguration          : 允许带事务的类为：class mao.aggregate_pay_uaa_service.controller.UAAControllerV2
2023-01-23 19:24:00.592 DEBUG 13148 --- [main] m.t.d.BaseDatabaseConfiguration          : 允许带事务的类为：class mao.aggregate_pay_uaa_service.controller.UAAControllerV2
2023-01-23 19:24:00.592 DEBUG 13148 --- [main] m.t.d.BaseDatabaseConfiguration          : 允许带事务的类为：class mao.aggregate_pay_uaa_service.controller.UAAControllerV2
2023-01-23 19:24:00.592 DEBUG 13148 --- [main] m.t.d.BaseDatabaseConfiguration          : 允许带事务的类为：class mao.aggregate_pay_uaa_service.controller.UAAControllerV2
2023-01-23 19:24:00.592 DEBUG 13148 --- [main] m.t.d.BaseDatabaseConfiguration          : 允许带事务的类为：class mao.aggregate_pay_uaa_service.controller.UAAControllerV2
2023-01-23 19:24:00.593 DEBUG 13148 --- [main] m.t.d.BaseDatabaseConfiguration          : 允许带事务的类为：class mao.aggregate_pay_uaa_service.controller.UAAControllerV2
2023-01-23 19:24:00.593 DEBUG 13148 --- [main] m.t.d.BaseDatabaseConfiguration          : 允许带事务的类为：class mao.aggregate_pay_uaa_service.controller.UAAControllerV2
2023-01-23 19:24:00.593 DEBUG 13148 --- [main] m.t.d.BaseDatabaseConfiguration          : 允许带事务的类为：class mao.aggregate_pay_uaa_service.controller.UAAControllerV2
2023-01-23 19:24:00.593 DEBUG 13148 --- [main] m.t.d.BaseDatabaseConfiguration          : 允许带事务的类为：class mao.aggregate_pay_uaa_service.controller.UAAControllerV2
2023-01-23 19:24:00.593 DEBUG 13148 --- [main] m.t.d.BaseDatabaseConfiguration          : 允许带事务的类为：class mao.aggregate_pay_uaa_service.controller.UAAControllerV2
2023-01-23 19:24:00.593 DEBUG 13148 --- [main] m.t.d.BaseDatabaseConfiguration          : 允许带事务的类为：class mao.aggregate_pay_uaa_service.controller.UAAControllerV2
2023-01-23 19:24:00.593 DEBUG 13148 --- [main] m.t.d.BaseDatabaseConfiguration          : 允许带事务的类为：class mao.aggregate_pay_uaa_service.controller.UAAControllerV2
2023-01-23 19:24:01.146  INFO 13148 --- [main] com.alibaba.nacos.client.naming          : initializer namespace from System Property :null
2023-01-23 19:24:01.146  INFO 13148 --- [main] com.alibaba.nacos.client.naming          : initializer namespace from System Environment :null
2023-01-23 19:24:01.147  INFO 13148 --- [main] com.alibaba.nacos.client.naming          : initializer namespace from System Property :null
2023-01-23 19:24:01.194  INFO 13148 --- [main] m.t.config.RedissonConfig                : 初始化 RedissonConfig
2023-01-23 19:24:01.196  INFO 13148 --- [main] m.t.config.RedissonConfig                : 单机模式redis:127.0.0.1:6379
2023-01-23 19:24:01.534  INFO 13148 --- [main] org.redisson.Version                     : Redisson 3.17.0
2023-01-23 19:24:02.350  INFO 13148 --- [redisson-netty-2-13] o.r.c.pool.MasterPubSubConnectionPool    : 1 connections initialized for 127.0.0.1/127.0.0.1:6379
2023-01-23 19:24:02.367  INFO 13148 --- [redisson-netty-2-20] o.r.c.pool.MasterConnectionPool          : 24 connections initialized for 127.0.0.1/127.0.0.1:6379
2023-01-23 19:24:02.568  INFO 13148 --- [main] o.s.b.a.e.web.EndpointLinksResolver      : Exposing 4 endpoint(s) beneath base path '/actuator'
2023-01-23 19:24:02.835  WARN 13148 --- [main] c.n.c.sources.URLConfigurationSource     : No URLs will be polled as dynamic configuration sources.
2023-01-23 19:24:02.835  INFO 13148 --- [main] c.n.c.sources.URLConfigurationSource     : To enable URLs as dynamic configuration sources, define System property archaius.configurationSource.additionalUrls or make config.properties available on classpath.
2023-01-23 19:24:02.839  WARN 13148 --- [main] c.n.c.sources.URLConfigurationSource     : No URLs will be polled as dynamic configuration sources.
2023-01-23 19:24:02.839  INFO 13148 --- [main] c.n.c.sources.URLConfigurationSource     : To enable URLs as dynamic configuration sources, define System property archaius.configurationSource.additionalUrls or make config.properties available on classpath.
2023-01-23 19:24:02.921  INFO 13148 --- [main] o.s.s.concurrent.ThreadPoolTaskExecutor  : Initializing ExecutorService 'applicationTaskExecutor'
2023-01-23 19:24:03.136  INFO 13148 --- [main] o.s.s.c.ThreadPoolTaskScheduler          : Initializing ExecutorService 'Nacos-Watch-Task-Scheduler'
2023-01-23 19:24:03.156  INFO 13148 --- [main] c.g.d.core.DozerBeanMapperBuilder        : Initializing Dozer. Version: 6.5.0, Thread Name: main
2023-01-23 19:24:03.157  INFO 13148 --- [main] c.g.dozermapper.core.util.RuntimeUtils   : OSGi support is false
2023-01-23 19:24:03.164  INFO 13148 --- [main] d.c.c.r.LegacyPropertiesSettingsResolver : Trying to find Dozer configuration file: dozer.properties
2023-01-23 19:24:03.167  INFO 13148 --- [main] d.c.c.r.LegacyPropertiesSettingsResolver : Failed to find dozer.properties via com.github.dozermapper.core.config.resolvers.LegacyPropertiesSettingsResolver.
2023-01-23 19:24:03.174  INFO 13148 --- [main] c.g.d.core.el.ELExpressionFactory        : javax.el support is true
2023-01-23 19:24:03.200  INFO 13148 --- [main] c.g.d.c.b.xml.BeanMappingXMLBuilder      : Using URL [file:/H:/%e7%a8%8b%e5%ba%8f/%e5%a4%a7%e5%9b%9b%e5%af%92%e5%81%87/aggregate-pay/apps/pay/aggregate-pay-uaa/aggregate-pay-uaa-service/target/classes/dozer/global.dozer.xml] to load custom xml mappings
2023-01-23 19:24:03.413  INFO 13148 --- [main] c.g.d.c.b.xml.SchemaLSResourceResolver   : Trying to resolve XML entity with public ID [null] and system ID [http://dozermapper.github.io/schema/bean-mapping.xsd]
2023-01-23 19:24:03.415  INFO 13148 --- [main] c.g.d.c.b.xml.SchemaLSResourceResolver   : Resolved public ID [null] and system ID [http://dozermapper.github.io/schema/bean-mapping.xsd]
2023-01-23 19:24:03.437  INFO 13148 --- [main] c.g.d.c.b.xml.BeanMappingXMLBuilder      : Successfully loaded custom xml mapping.
2023-01-23 19:24:03.439  INFO 13148 --- [main] c.g.d.c.b.xml.BeanMappingXMLBuilder      : Using URL [file:/H:/%e7%a8%8b%e5%ba%8f/%e5%a4%a7%e5%9b%9b%e5%af%92%e5%81%87/aggregate-pay/apps/pay/aggregate-pay-uaa/aggregate-pay-uaa-service/target/classes/dozer/biz.dozer.xml] to load custom xml mappings
2023-01-23 19:24:03.441  INFO 13148 --- [main] c.g.d.c.b.xml.SchemaLSResourceResolver   : Trying to resolve XML entity with public ID [null] and system ID [http://dozermapper.github.io/schema/bean-mapping.xsd]
2023-01-23 19:24:03.442  INFO 13148 --- [main] c.g.d.c.b.xml.SchemaLSResourceResolver   : Resolved public ID [null] and system ID [http://dozermapper.github.io/schema/bean-mapping.xsd]
2023-01-23 19:24:03.448  INFO 13148 --- [main] c.g.d.c.b.xml.BeanMappingXMLBuilder      : Successfully loaded custom xml mapping.
2023-01-23 19:24:03.461  INFO 13148 --- [main] m.t.config.RedisLockServiceConfig        : 初始化 RedisLockServiceConfig
2023-01-23 19:24:03.536  INFO 13148 --- [main] m.t.config.RedisUtilsConfig              : 初始化 RedisUtilsConfig
2023-01-23 19:24:03.539  INFO 13148 --- [main] m.t.config.DozerAutoConfiguration        : 初始化 DozerAutoConfiguration
2023-01-23 19:24:03.554  INFO 13148 --- [main] pertySourcedRequestMappingHandlerMapping : Mapped URL path [/v2/api-docs] onto method [springfox.documentation.swagger2.web.Swagger2Controller#getDocumentation(String, HttpServletRequest)]
2023-01-23 19:24:03.560  INFO 13148 --- [main] m.t.config.SwaggerAutoConfiguration      : 初始化swagger接口文档
2023-01-23 19:24:03.560  INFO 13148 --- [main] m.t.config.SwaggerAutoConfiguration      : 
title：在线文档
group：
description：在线文档
version：1.0
contact：Contact{name='', url='', email=''}
basePackage：
basePath：[]
excludePath：[]
docket：{aggregate_pay=DocketInfo{title='认证和授权服务', group='', description='在线文档', version='1.0', contact=Contact{name='', url='', email=''}, basePackage='mao.aggregate_pay_uaa_service', basePath=[], excludePath=[]}}

2023-01-23 19:24:03.886  INFO 13148 --- [main] o.s.s.web.DefaultSecurityFilterChain     : Creating filter chain: Ant [pattern='/public/**'], []
2023-01-23 19:24:03.886  INFO 13148 --- [main] o.s.s.web.DefaultSecurityFilterChain     : Creating filter chain: Ant [pattern='/webjars/**'], []
2023-01-23 19:24:03.886  INFO 13148 --- [main] o.s.s.web.DefaultSecurityFilterChain     : Creating filter chain: Ant [pattern='/v2/**'], []
2023-01-23 19:24:03.886  INFO 13148 --- [main] o.s.s.web.DefaultSecurityFilterChain     : Creating filter chain: Ant [pattern='/swagger**'], []
2023-01-23 19:24:03.886  INFO 13148 --- [main] o.s.s.web.DefaultSecurityFilterChain     : Creating filter chain: Ant [pattern='/static/**'], []
2023-01-23 19:24:03.886  INFO 13148 --- [main] o.s.s.web.DefaultSecurityFilterChain     : Creating filter chain: Ant [pattern='/resources/**'], []
2023-01-23 19:24:03.886  INFO 13148 --- [main] o.s.s.web.DefaultSecurityFilterChain     : Creating filter chain: Ant [pattern='/doc.html'], []
2023-01-23 19:24:03.886  INFO 13148 --- [main] o.s.s.web.DefaultSecurityFilterChain     : Creating filter chain: Ant [pattern='/doc.html/**'], []
2023-01-23 19:24:03.886  INFO 13148 --- [main] o.s.s.web.DefaultSecurityFilterChain     : Creating filter chain: Ant [pattern='/oauth/createClientDetails'], []
2023-01-23 19:24:03.886  INFO 13148 --- [main] o.s.s.web.DefaultSecurityFilterChain     : Creating filter chain: Ant [pattern='/oauth/getClientDetailsByClientId'], []
2023-01-23 19:24:03.941  INFO 13148 --- [main] o.s.s.web.DefaultSecurityFilterChain     : Creating filter chain: OrRequestMatcher [requestMatchers=[Ant [pattern='/oauth/token'], Ant [pattern='/oauth/token_key'], Ant [pattern='/oauth/check_token']]], [org.springframework.security.web.context.request.async.WebAsyncManagerIntegrationFilter@3d2b13f, org.springframework.security.web.context.SecurityContextPersistenceFilter@642614b7, org.springframework.security.web.header.HeaderWriterFilter@57fc6759, org.springframework.security.web.authentication.logout.LogoutFilter@6b43b101, org.springframework.security.oauth2.provider.client.ClientCredentialsTokenEndpointFilter@7e7391e8, org.springframework.security.web.authentication.www.BasicAuthenticationFilter@129aaac1, org.springframework.security.web.savedrequest.RequestCacheAwareFilter@37344d31, org.springframework.security.web.servletapi.SecurityContextHolderAwareRequestFilter@60c8909a, org.springframework.security.web.authentication.AnonymousAuthenticationFilter@58c36104, org.springframework.security.web.session.SessionManagementFilter@7aef21bb, org.springframework.security.web.access.ExceptionTranslationFilter@3e18e693, org.springframework.security.web.access.intercept.FilterSecurityInterceptor@3794b7b1]
2023-01-23 19:24:03.944  INFO 13148 --- [main] o.s.s.web.DefaultSecurityFilterChain     : Creating filter chain: any request, [org.springframework.security.web.context.request.async.WebAsyncManagerIntegrationFilter@6ad7a305, org.springframework.security.web.context.SecurityContextPersistenceFilter@2648aa1b, org.springframework.security.web.header.HeaderWriterFilter@220f6a3c, org.springframework.security.web.authentication.logout.LogoutFilter@2c2edbe7, org.springframework.security.web.authentication.UsernamePasswordAuthenticationFilter@64381526, org.springframework.security.web.savedrequest.RequestCacheAwareFilter@4a3333be, org.springframework.security.web.servletapi.SecurityContextHolderAwareRequestFilter@13b4ee4e, org.springframework.security.web.authentication.AnonymousAuthenticationFilter@2fc435e9, org.springframework.security.web.session.SessionManagementFilter@5eb041b5, org.springframework.security.web.access.ExceptionTranslationFilter@69c0bae6, org.springframework.security.web.access.intercept.FilterSecurityInterceptor@35d3202b]
2023-01-23 19:24:04.384  WARN 13148 --- [main] s.o.SpringCloudSecurityAutoConfiguration : All Spring Cloud Security modules and starters are deprecated. They will be moved to individual projects in the next major release.
2023-01-23 19:24:04.550  INFO 13148 --- [main] com.alibaba.nacos.client.naming          : new ips(1) service: DEFAULT_GROUP@@aggregate-pay-uaa-service@@DEFAULT -> [{"instanceId":"192.168.3.143#43573#DEFAULT#DEFAULT_GROUP@@aggregate-pay-uaa-service","ip":"192.168.3.143","port":43573,"weight":1.0,"healthy":true,"enabled":true,"ephemeral":false,"clusterName":"DEFAULT","serviceName":"DEFAULT_GROUP@@aggregate-pay-uaa-service","metadata":{"preserved.register.source":"SPRING_CLOUD","management.endpoints.web.base-path":"/actuator","management.context-path":"/uaa/actuator"},"ipDeleteTimeout":30000,"instanceHeartBeatInterval":5000,"instanceHeartBeatTimeOut":15000}]
2023-01-23 19:24:04.561  INFO 13148 --- [main] com.alibaba.nacos.client.naming          : current ips:(1) service: DEFAULT_GROUP@@aggregate-pay-uaa-service@@DEFAULT -> [{"instanceId":"192.168.3.143#43573#DEFAULT#DEFAULT_GROUP@@aggregate-pay-uaa-service","ip":"192.168.3.143","port":43573,"weight":1.0,"healthy":true,"enabled":true,"ephemeral":false,"clusterName":"DEFAULT","serviceName":"DEFAULT_GROUP@@aggregate-pay-uaa-service","metadata":{"preserved.register.source":"SPRING_CLOUD","management.endpoints.web.base-path":"/actuator","management.context-path":"/uaa/actuator"},"ipDeleteTimeout":30000,"instanceHeartBeatInterval":5000,"instanceHeartBeatTimeOut":15000}]
2023-01-23 19:24:04.563  INFO 13148 --- [main] d.s.w.p.DocumentationPluginsBootstrapper : Context refreshed
2023-01-23 19:24:04.590  INFO 13148 --- [main] d.s.w.p.DocumentationPluginsBootstrapper : Found 1 custom documentation plugin(s)
2023-01-23 19:24:04.642  INFO 13148 --- [main] s.d.s.w.s.ApiListingReferenceScanner     : Scanning for api listing references
2023-01-23 19:24:04.766  INFO 13148 --- [main] .d.s.w.r.o.CachingOperationNameGenerator : Generating unique operation named: checkTokenUsingPOST_1
2023-01-23 19:24:04.772  INFO 13148 --- [main] .d.s.w.r.o.CachingOperationNameGenerator : Generating unique operation named: createClientDetailsUsingPOST_1
2023-01-23 19:24:04.777  INFO 13148 --- [main] .d.s.w.r.o.CachingOperationNameGenerator : Generating unique operation named: getClientDetailsByClientIdUsingGET_1
2023-01-23 19:24:04.822  INFO 13148 --- [main] o.s.b.w.embedded.tomcat.TomcatWebServer  : Tomcat started on port(s): 43573 (http) with context path '/uaa'
2023-01-23 19:24:04.826  INFO 13148 --- [main] com.alibaba.nacos.client.naming          : [REGISTER-SERVICE] 51637975-182d-43e2-ab58-d012723411d5 registering service DEFAULT_GROUP@@aggregate-pay-uaa-service with instance: Instance{instanceId='null', ip='192.168.3.143', port=43573, weight=1.0, healthy=true, enabled=true, ephemeral=false, clusterName='DEFAULT', serviceName='null', metadata={preserved.register.source=SPRING_CLOUD, management.endpoints.web.base-path=/actuator, management.context-path=/uaa/actuator}}
2023-01-23 19:24:04.836  INFO 13148 --- [main] c.a.c.n.registry.NacosServiceRegistry    : nacos registry, DEFAULT_GROUP aggregate-pay-uaa-service 192.168.3.143:43573 register finished
2023-01-23 19:24:05.077  INFO 13148 --- [main] m.a.AggregatePayUaaServiceApplication    : Started AggregatePayUaaServiceApplication in 10.055 seconds (JVM running for 11.074)
2023-01-23 19:24:05.086  INFO 13148 --- [main] c.a.n.client.config.impl.ClientWorker    : [fixed-127.0.0.1_8848-51637975-182d-43e2-ab58-d012723411d5] [subscribe] aggregate-pay-uaa-service+DEFAULT_GROUP+51637975-182d-43e2-ab58-d012723411d5
2023-01-23 19:24:05.087  INFO 13148 --- [main] c.a.nacos.client.config.impl.CacheData   : [fixed-127.0.0.1_8848-51637975-182d-43e2-ab58-d012723411d5] [add-listener] ok, tenant=51637975-182d-43e2-ab58-d012723411d5, dataId=aggregate-pay-uaa-service, group=DEFAULT_GROUP, cnt=1
2023-01-23 19:24:05.089  INFO 13148 --- [main] c.a.n.client.config.impl.ClientWorker    : [fixed-127.0.0.1_8848-51637975-182d-43e2-ab58-d012723411d5] [subscribe] aggregate-pay-uaa-service-dev.yml+DEFAULT_GROUP+51637975-182d-43e2-ab58-d012723411d5
2023-01-23 19:24:05.089  INFO 13148 --- [main] c.a.nacos.client.config.impl.CacheData   : [fixed-127.0.0.1_8848-51637975-182d-43e2-ab58-d012723411d5] [add-listener] ok, tenant=51637975-182d-43e2-ab58-d012723411d5, dataId=aggregate-pay-uaa-service-dev.yml, group=DEFAULT_GROUP, cnt=1
2023-01-23 19:24:05.095  INFO 13148 --- [main] c.a.n.client.config.impl.ClientWorker    : [fixed-127.0.0.1_8848-51637975-182d-43e2-ab58-d012723411d5] [subscribe] aggregate-pay-uaa-service.yml+DEFAULT_GROUP+51637975-182d-43e2-ab58-d012723411d5
2023-01-23 19:24:05.095  INFO 13148 --- [main] c.a.nacos.client.config.impl.CacheData   : [fixed-127.0.0.1_8848-51637975-182d-43e2-ab58-d012723411d5] [add-listener] ok, tenant=51637975-182d-43e2-ab58-d012723411d5, dataId=aggregate-pay-uaa-service.yml, group=DEFAULT_GROUP, cnt=1
2023-01-23 19:24:05.101  INFO 13148 --- [main] c.a.n.client.config.impl.ClientWorker    : [fixed-127.0.0.1_8848-51637975-182d-43e2-ab58-d012723411d5] [subscribe] common.yml+DEFAULT_GROUP+51637975-182d-43e2-ab58-d012723411d5
2023-01-23 19:24:05.102  INFO 13148 --- [main] c.a.nacos.client.config.impl.CacheData   : [fixed-127.0.0.1_8848-51637975-182d-43e2-ab58-d012723411d5] [add-listener] ok, tenant=51637975-182d-43e2-ab58-d012723411d5, dataId=common.yml, group=DEFAULT_GROUP, cnt=1
2023-01-23 19:24:05.102  INFO 13148 --- [main] m.a.AggregatePayUaaServiceApplication    : 应用aggregate-pay-uaa-service启动成功!swagger地址：http://172.17.160.1:43573/uaa/doc.html  或者：http://127.0.0.1:43573/uaa/doc.html
2023-01-23 19:24:05.102  INFO 13148 --- [main] m.a.AggregatePayUaaServiceApplication    : 数据库监控地址：http://172.17.160.1:43573/uaa/druid  或者：http://127.0.0.1:43573/uaa/druid
2023-01-23 19:24:05.102  INFO 13148 --- [main] m.a.AggregatePayUaaServiceApplication    : 启动耗时：10176ms
2023-01-23 19:24:05.715  INFO 13148 --- [RMI TCP Connection(5)-172.17.160.1] o.a.c.c.C.[Tomcat].[localhost].[/uaa]    : Initializing Spring DispatcherServlet 'dispatcherServlet'
2023-01-23 19:24:05.715  INFO 13148 --- [RMI TCP Connection(5)-172.17.160.1] o.s.web.servlet.DispatcherServlet        : Initializing Servlet 'dispatcherServlet'
2023-01-23 19:24:05.728  INFO 13148 --- [RMI TCP Connection(5)-172.17.160.1] o.s.web.servlet.DispatcherServlet        : Completed initialization in 13 ms
2023-01-23 19:24:05.845  INFO 13148 --- [com.alibaba.nacos.naming.push.receiver] com.alibaba.nacos.client.naming          : received push data: {"type":"dom","data":"{\"hosts\":[{\"ip\":\"192.168.3.143\",\"port\":43573,\"valid\":true,\"healthy\":true,\"marked\":false,\"instanceId\":\"192.168.3.143#43573#DEFAULT#DEFAULT_GROUP@@aggregate-pay-uaa-service\",\"metadata\":{\"preserved.register.source\":\"SPRING_CLOUD\",\"management.endpoints.web.base-path\":\"/actuator\",\"management.context-path\":\"/uaa/actuator\"},\"enabled\":true,\"weight\":1.0,\"clusterName\":\"DEFAULT\",\"serviceName\":\"DEFAULT_GROUP@@aggregate-pay-uaa-service\",\"ephemeral\":false}],\"dom\":\"DEFAULT_GROUP@@aggregate-pay-uaa-service\",\"name\":\"DEFAULT_GROUP@@aggregate-pay-uaa-service\",\"cacheMillis\":10000,\"lastRefTime\":1674473045844,\"checksum\":\"425ba38c773efcab259c66e3a30da962\",\"useSpecifiedURL\":false,\"clusters\":\"DEFAULT\",\"env\":\"\",\"metadata\":{}}","lastRefTime":76262163786600} from /172.17.160.1
2023-01-23 19:24:06.446  INFO 13148 --- [RMI TCP Connection(4)-172.17.160.1] com.alibaba.druid.pool.DruidDataSource   : {dataSource-1} inited
2023-01-23 19:24:18.256  INFO 13148 --- [com.alibaba.nacos.naming.push.receiver] com.alibaba.nacos.client.naming          : received push data: {"type":"dom","data":"{\"hosts\":[{\"ip\":\"192.168.3.143\",\"port\":43573,\"valid\":true,\"healthy\":true,\"marked\":false,\"instanceId\":\"192.168.3.143#43573#DEFAULT#DEFAULT_GROUP@@aggregate-pay-uaa-service\",\"metadata\":{\"preserved.register.source\":\"SPRING_CLOUD\",\"management.endpoints.web.base-path\":\"/actuator\",\"management.context-path\":\"/uaa/actuator\"},\"enabled\":true,\"weight\":1.0,\"clusterName\":\"DEFAULT\",\"serviceName\":\"DEFAULT_GROUP@@aggregate-pay-uaa-service\",\"ephemeral\":false}],\"dom\":\"DEFAULT_GROUP@@aggregate-pay-uaa-service\",\"name\":\"DEFAULT_GROUP@@aggregate-pay-uaa-service\",\"cacheMillis\":10000,\"lastRefTime\":1674473058256,\"checksum\":\"425ba38c773efcab259c66e3a30da962\",\"useSpecifiedURL\":false,\"clusters\":\"DEFAULT\",\"env\":\"\",\"metadata\":{}}","lastRefTime":76274576013200} from /172.17.160.1
2023-01-23 19:28:57.420  INFO 13148 --- [http-nio-43573-exec-7] o.apache.coyote.http11.Http11Processor   : Error parsing HTTP request header
 Note: further occurrences of HTTP request parsing errors will be logged at DEBUG level.

java.lang.IllegalArgumentException: Invalid character found in the request target [/uaa/oauth/token?client_id=merchant-platform&grant_type=password&client_secret=123456&username={%22username%22:%22hello%22,%22authenticationType%22:%22password%22}&password=123456]. The valid characters are defined in RFC 7230 and RFC 3986
	at org.apache.coyote.http11.Http11InputBuffer.parseRequestLine(Http11InputBuffer.java:491) ~[tomcat-embed-core-9.0.37.jar:9.0.37]
	at org.apache.coyote.http11.Http11Processor.service(Http11Processor.java:260) ~[tomcat-embed-core-9.0.37.jar:9.0.37]
	at org.apache.coyote.AbstractProcessorLight.process(AbstractProcessorLight.java:65) [tomcat-embed-core-9.0.37.jar:9.0.37]
	at org.apache.coyote.AbstractProtocol$ConnectionHandler.process(AbstractProtocol.java:868) [tomcat-embed-core-9.0.37.jar:9.0.37]
	at org.apache.tomcat.util.net.NioEndpoint$SocketProcessor.doRun(NioEndpoint.java:1589) [tomcat-embed-core-9.0.37.jar:9.0.37]
	at org.apache.tomcat.util.net.SocketProcessorBase.run(SocketProcessorBase.java:49) [tomcat-embed-core-9.0.37.jar:9.0.37]
	at java.util.concurrent.ThreadPoolExecutor.runWorker(ThreadPoolExecutor.java:1149) [na:1.8.0_332]
	at java.util.concurrent.ThreadPoolExecutor$Worker.run(ThreadPoolExecutor.java:624) [na:1.8.0_332]
	at org.apache.tomcat.util.threads.TaskThread$WrappingRunnable.run(TaskThread.java:61) [tomcat-embed-core-9.0.37.jar:9.0.37]
	at java.lang.Thread.run(Thread.java:750) [na:1.8.0_332]

2023-01-23 19:30:52.506  INFO 13148 --- [http-nio-43573-exec-4] o.apache.coyote.http11.Http11Processor   : Error parsing HTTP request header
 Note: further occurrences of HTTP request parsing errors will be logged at DEBUG level.

java.lang.IllegalArgumentException: Invalid character found in the request target [/uaa/oauth/token?client_id=merchant-platform&grant_type=password&client_secret=123456&username={%22username%22:%22hello%22,%22authenticationType%22:%22password%22}&password=123456]. The valid characters are defined in RFC 7230 and RFC 3986
	at org.apache.coyote.http11.Http11InputBuffer.parseRequestLine(Http11InputBuffer.java:491) ~[tomcat-embed-core-9.0.37.jar:9.0.37]
	at org.apache.coyote.http11.Http11Processor.service(Http11Processor.java:260) ~[tomcat-embed-core-9.0.37.jar:9.0.37]
	at org.apache.coyote.AbstractProcessorLight.process(AbstractProcessorLight.java:65) [tomcat-embed-core-9.0.37.jar:9.0.37]
	at org.apache.coyote.AbstractProtocol$ConnectionHandler.process(AbstractProtocol.java:868) [tomcat-embed-core-9.0.37.jar:9.0.37]
	at org.apache.tomcat.util.net.NioEndpoint$SocketProcessor.doRun(NioEndpoint.java:1589) [tomcat-embed-core-9.0.37.jar:9.0.37]
	at org.apache.tomcat.util.net.SocketProcessorBase.run(SocketProcessorBase.java:49) [tomcat-embed-core-9.0.37.jar:9.0.37]
	at java.util.concurrent.ThreadPoolExecutor.runWorker(ThreadPoolExecutor.java:1149) [na:1.8.0_332]
	at java.util.concurrent.ThreadPoolExecutor$Worker.run(ThreadPoolExecutor.java:624) [na:1.8.0_332]
	at org.apache.tomcat.util.threads.TaskThread$WrappingRunnable.run(TaskThread.java:61) [tomcat-embed-core-9.0.37.jar:9.0.37]
	at java.lang.Thread.run(Thread.java:750) [na:1.8.0_332]

