2022-12-16 13:12:35.214  WARN 15992 --- [main] c.a.c.n.c.NacosPropertySourceBuilder     : Ignore the empty nacos configuration and get it based on dataId[common.yml] & group[DEFAULT_GROUP]
2022-12-16 13:12:38.245  WARN 15992 --- [main] c.a.c.n.c.NacosPropertySourceBuilder     : Ignore the empty nacos configuration and get it based on dataId[redis.yml] & group[DEFAULT_GROUP]
2022-12-16 13:12:41.278  WARN 15992 --- [main] c.a.c.n.c.NacosPropertySourceBuilder     : Ignore the empty nacos configuration and get it based on dataId[mysql.yml] & group[DEFAULT_GROUP]
2022-12-16 13:12:44.310  WARN 15992 --- [main] c.a.c.n.c.NacosPropertySourceBuilder     : Ignore the empty nacos configuration and get it based on dataId[sms-api] & group[DEFAULT_GROUP]
2022-12-16 13:12:47.352  WARN 15992 --- [main] c.a.c.n.c.NacosPropertySourceBuilder     : Ignore the empty nacos configuration and get it based on dataId[sms-api.yml] & group[DEFAULT_GROUP]
2022-12-16 13:12:50.373  WARN 15992 --- [main] c.a.c.n.c.NacosPropertySourceBuilder     : Ignore the empty nacos configuration and get it based on dataId[sms-api-dev.yml] & group[DEFAULT_GROUP]
2022-12-16 13:12:50.375  INFO 15992 --- [main] b.c.PropertySourceBootstrapConfiguration : Located property source: [BootstrapPropertySource {name='bootstrapProperties-sms-api-dev.yml,DEFAULT_GROUP'}, BootstrapPropertySource {name='bootstrapProperties-sms-api.yml,DEFAULT_GROUP'}, BootstrapPropertySource {name='bootstrapProperties-sms-api,DEFAULT_GROUP'}, BootstrapPropertySource {name='bootstrapProperties-mysql.yml,DEFAULT_GROUP'}, BootstrapPropertySource {name='bootstrapProperties-redis.yml,DEFAULT_GROUP'}, BootstrapPropertySource {name='bootstrapProperties-common.yml,DEFAULT_GROUP'}]
2022-12-16 13:12:50.418  INFO 15992 --- [main] mao.sms_api.SmsApiApplication            : The following profiles are active: dev
2022-12-16 13:12:51.495  INFO 15992 --- [main] .s.d.r.c.RepositoryConfigurationDelegate : Multiple Spring Data modules found, entering strict repository configuration mode!
2022-12-16 13:12:51.498  INFO 15992 --- [main] .s.d.r.c.RepositoryConfigurationDelegate : Bootstrapping Spring Data Redis repositories in DEFAULT mode.
2022-12-16 13:12:51.522  INFO 15992 --- [main] .s.d.r.c.RepositoryConfigurationDelegate : Finished Spring Data repository scanning in 6ms. Found 0 Redis repository interfaces.
2022-12-16 13:12:51.605  WARN 15992 --- [main] o.s.boot.actuate.endpoint.EndpointId     : Endpoint ID 'service-registry' contains invalid characters, please migrate to a valid format.
2022-12-16 13:12:51.707  WARN 15992 --- [main] o.m.s.mapper.ClassPathMapperScanner      : No MyBatis mapper was found in '[mao.sms_api]' package. Please check your configuration.
2022-12-16 13:12:51.778  INFO 15992 --- [main] o.s.cloud.context.scope.GenericScope     : BeanFactory id=ddf5370d-8422-3ec0-94f4-0bf92b300906
2022-12-16 13:12:51.951  INFO 15992 --- [main] trationDelegate$BeanPostProcessorChecker : Bean 'org.springframework.transaction.annotation.ProxyTransactionManagementConfiguration' of type [org.springframework.transaction.annotation.ProxyTransactionManagementConfiguration] is not eligible for getting processed by all BeanPostProcessors (for example: not eligible for auto-proxying)
2022-12-16 13:12:52.451  INFO 15992 --- [main] o.s.b.w.embedded.tomcat.TomcatWebServer  : Tomcat initialized with port(s): 8771 (http)
2022-12-16 13:12:52.461  INFO 15992 --- [main] o.apache.catalina.core.StandardService   : Starting service [Tomcat]
2022-12-16 13:12:52.462  INFO 15992 --- [main] org.apache.catalina.core.StandardEngine  : Starting Servlet engine: [Apache Tomcat/9.0.37]
2022-12-16 13:12:52.605  INFO 15992 --- [main] o.a.c.c.C.[Tomcat].[localhost].[/]       : Initializing Spring embedded WebApplicationContext
2022-12-16 13:12:52.606  INFO 15992 --- [main] w.s.c.ServletWebServerApplicationContext : Root WebApplicationContext: initialization completed in 2176 ms
2022-12-16 13:12:52.608  INFO 15992 --- [main] m.tools_xss.config.XssAuthConfiguration  : 初始化 XssAuthConfiguration xss攻击配置
2022-12-16 13:12:52.722  WARN 15992 --- [main] c.n.c.sources.URLConfigurationSource     : No URLs will be polled as dynamic configuration sources.
2022-12-16 13:12:52.722  INFO 15992 --- [main] c.n.c.sources.URLConfigurationSource     : To enable URLs as dynamic configuration sources, define System property archaius.configurationSource.additionalUrls or make config.properties available on classpath.
2022-12-16 13:12:52.733  INFO 15992 --- [main] c.netflix.config.DynamicPropertyFactory  : DynamicPropertyFactory is initialized with configuration sources: com.netflix.config.ConcurrentCompositeConfiguration@3cc053
2022-12-16 13:12:53.543  INFO 15992 --- [main] com.alibaba.nacos.client.naming          : initializer namespace from System Property :null
2022-12-16 13:12:53.544  INFO 15992 --- [main] com.alibaba.nacos.client.naming          : initializer namespace from System Environment :null
2022-12-16 13:12:53.544  INFO 15992 --- [main] com.alibaba.nacos.client.naming          : initializer namespace from System Property :null
2022-12-16 13:12:53.575  INFO 15992 --- [main] c.a.d.s.b.a.DruidDataSourceAutoConfigure : Init DruidDataSource
2022-12-16 13:12:53.639  WARN 15992 --- [main] ConfigServletWebServerApplicationContext : Exception encountered during context initialization - cancelling refresh attempt: org.springframework.beans.factory.UnsatisfiedDependencyException: Error creating bean with name 'documentationPluginsBootstrapper' defined in URL [jar:file:/C:/Users/mao/.m2/repository/io/springfox/springfox-spring-web/2.9.2/springfox-spring-web-2.9.2.jar!/springfox/documentation/spring/web/plugins/DocumentationPluginsBootstrapper.class]: Unsatisfied dependency expressed through constructor parameter 1; nested exception is org.springframework.beans.factory.UnsatisfiedDependencyException: Error creating bean with name 'webMvcRequestHandlerProvider' defined in URL [jar:file:/C:/Users/mao/.m2/repository/io/springfox/springfox-spring-web/2.9.2/springfox-spring-web-2.9.2.jar!/springfox/documentation/spring/web/plugins/WebMvcRequestHandlerProvider.class]: Unsatisfied dependency expressed through constructor parameter 1; nested exception is org.springframework.beans.factory.BeanCreationException: Error creating bean with name 'webEndpointServletHandlerMapping' defined in class path resource [org/springframework/boot/actuate/autoconfigure/endpoint/web/servlet/WebMvcEndpointManagementContextConfiguration.class]: Bean instantiation via factory method failed; nested exception is org.springframework.beans.BeanInstantiationException: Failed to instantiate [org.springframework.boot.actuate.endpoint.web.servlet.WebMvcEndpointHandlerMapping]: Factory method 'webEndpointServletHandlerMapping' threw exception; nested exception is org.springframework.beans.factory.UnsatisfiedDependencyException: Error creating bean with name 'healthEndpoint' defined in class path resource [org/springframework/boot/actuate/autoconfigure/health/HealthEndpointConfiguration.class]: Unsatisfied dependency expressed through method 'healthEndpoint' parameter 0; nested exception is org.springframework.beans.factory.BeanCreationException: Error creating bean with name 'healthContributorRegistry' defined in class path resource [org/springframework/boot/actuate/autoconfigure/health/HealthEndpointConfiguration.class]: Bean instantiation via factory method failed; nested exception is org.springframework.beans.BeanInstantiationException: Failed to instantiate [org.springframework.boot.actuate.health.HealthContributorRegistry]: Factory method 'healthContributorRegistry' threw exception; nested exception is org.springframework.beans.factory.UnsatisfiedDependencyException: Error creating bean with name 'org.springframework.boot.actuate.autoconfigure.jdbc.DataSourceHealthContributorAutoConfiguration': Unsatisfied dependency expressed through constructor parameter 0; nested exception is org.springframework.beans.factory.BeanCreationException: Error creating bean with name 'dataSource' defined in class path resource [com/alibaba/druid/spring/boot/autoconfigure/DruidDataSourceAutoConfigure.class]: Invocation of init method failed; nested exception is org.springframework.boot.autoconfigure.jdbc.DataSourceProperties$DataSourceBeanCreationException: Failed to determine a suitable driver class
2022-12-16 13:12:53.642  INFO 15992 --- [main] o.apache.catalina.core.StandardService   : Stopping service [Tomcat]
2022-12-16 13:12:53.668  INFO 15992 --- [main] ConditionEvaluationReportLoggingListener : 

Error starting ApplicationContext. To display the conditions report re-run your application with 'debug' enabled.
2022-12-16 13:12:53.674 ERROR 15992 --- [main] o.s.b.d.LoggingFailureAnalysisReporter   : 

***************************
APPLICATION FAILED TO START
***************************

Description:

Failed to configure a DataSource: 'url' attribute is not specified and no embedded datasource could be configured.

Reason: Failed to determine a suitable driver class


Action:

Consider the following:
	If you want an embedded database (H2, HSQL or Derby), please put it on the classpath.
	If you have database settings to be loaded from a particular profile you may need to activate it (no profiles are currently active).

2022-12-16 13:12:53.675  WARN 15992 --- [Thread-3] c.a.n.common.http.HttpClientBeanHolder   : [HttpClientBeanHolder] Start destroying common HttpClient
2022-12-16 13:12:53.675  WARN 15992 --- [Thread-57] c.a.nacos.common.notify.NotifyCenter     : [NotifyCenter] Start destroying Publisher
2022-12-16 13:12:53.676  WARN 15992 --- [Thread-57] c.a.nacos.common.notify.NotifyCenter     : [NotifyCenter] Destruction of the end
2022-12-16 13:12:53.676  WARN 15992 --- [Thread-3] c.a.n.common.http.HttpClientBeanHolder   : [HttpClientBeanHolder] Destruction of the end
2022-12-16 13:13:57.094  WARN 18704 --- [main] c.a.c.n.c.NacosPropertySourceBuilder     : Ignore the empty nacos configuration and get it based on dataId[common.yml] & group[DEFAULT_GROUP]
2022-12-16 13:13:57.102  WARN 18704 --- [main] c.a.c.n.c.NacosPropertySourceBuilder     : Ignore the empty nacos configuration and get it based on dataId[redis.yml] & group[DEFAULT_GROUP]
2022-12-16 13:13:57.108  WARN 18704 --- [main] c.a.c.n.c.NacosPropertySourceBuilder     : Ignore the empty nacos configuration and get it based on dataId[mysql.yml] & group[DEFAULT_GROUP]
2022-12-16 13:13:57.114  WARN 18704 --- [main] c.a.c.n.c.NacosPropertySourceBuilder     : Ignore the empty nacos configuration and get it based on dataId[sms-api] & group[DEFAULT_GROUP]
2022-12-16 13:13:57.120  WARN 18704 --- [main] c.a.c.n.c.NacosPropertySourceBuilder     : Ignore the empty nacos configuration and get it based on dataId[sms-api.yml] & group[DEFAULT_GROUP]
2022-12-16 13:13:57.127  WARN 18704 --- [main] c.a.c.n.c.NacosPropertySourceBuilder     : Ignore the empty nacos configuration and get it based on dataId[sms-api-dev.yml] & group[DEFAULT_GROUP]
2022-12-16 13:13:57.128  INFO 18704 --- [main] b.c.PropertySourceBootstrapConfiguration : Located property source: [BootstrapPropertySource {name='bootstrapProperties-sms-api-dev.yml,DEFAULT_GROUP'}, BootstrapPropertySource {name='bootstrapProperties-sms-api.yml,DEFAULT_GROUP'}, BootstrapPropertySource {name='bootstrapProperties-sms-api,DEFAULT_GROUP'}, BootstrapPropertySource {name='bootstrapProperties-mysql.yml,DEFAULT_GROUP'}, BootstrapPropertySource {name='bootstrapProperties-redis.yml,DEFAULT_GROUP'}, BootstrapPropertySource {name='bootstrapProperties-common.yml,DEFAULT_GROUP'}]
2022-12-16 13:13:57.171  INFO 18704 --- [main] mao.sms_api.SmsApiApplication            : The following profiles are active: dev
2022-12-16 13:13:58.282  INFO 18704 --- [main] .s.d.r.c.RepositoryConfigurationDelegate : Multiple Spring Data modules found, entering strict repository configuration mode!
2022-12-16 13:13:58.285  INFO 18704 --- [main] .s.d.r.c.RepositoryConfigurationDelegate : Bootstrapping Spring Data Redis repositories in DEFAULT mode.
2022-12-16 13:13:58.308  INFO 18704 --- [main] .s.d.r.c.RepositoryConfigurationDelegate : Finished Spring Data repository scanning in 6ms. Found 0 Redis repository interfaces.
2022-12-16 13:13:58.391  WARN 18704 --- [main] o.s.boot.actuate.endpoint.EndpointId     : Endpoint ID 'service-registry' contains invalid characters, please migrate to a valid format.
2022-12-16 13:13:58.479  WARN 18704 --- [main] o.m.s.mapper.ClassPathMapperScanner      : No MyBatis mapper was found in '[mao.sms_api]' package. Please check your configuration.
2022-12-16 13:13:58.544  INFO 18704 --- [main] o.s.cloud.context.scope.GenericScope     : BeanFactory id=ddf5370d-8422-3ec0-94f4-0bf92b300906
2022-12-16 13:13:58.710  INFO 18704 --- [main] trationDelegate$BeanPostProcessorChecker : Bean 'org.springframework.transaction.annotation.ProxyTransactionManagementConfiguration' of type [org.springframework.transaction.annotation.ProxyTransactionManagementConfiguration] is not eligible for getting processed by all BeanPostProcessors (for example: not eligible for auto-proxying)
2022-12-16 13:13:59.158  INFO 18704 --- [main] o.s.b.w.embedded.tomcat.TomcatWebServer  : Tomcat initialized with port(s): 8771 (http)
2022-12-16 13:13:59.168  INFO 18704 --- [main] o.apache.catalina.core.StandardService   : Starting service [Tomcat]
2022-12-16 13:13:59.168  INFO 18704 --- [main] org.apache.catalina.core.StandardEngine  : Starting Servlet engine: [Apache Tomcat/9.0.37]
2022-12-16 13:13:59.315  INFO 18704 --- [main] o.a.c.c.C.[Tomcat].[localhost].[/]       : Initializing Spring embedded WebApplicationContext
2022-12-16 13:13:59.315  INFO 18704 --- [main] w.s.c.ServletWebServerApplicationContext : Root WebApplicationContext: initialization completed in 2130 ms
2022-12-16 13:13:59.318  INFO 18704 --- [main] m.tools_xss.config.XssAuthConfiguration  : 初始化 XssAuthConfiguration xss攻击配置
2022-12-16 13:13:59.430  WARN 18704 --- [main] c.n.c.sources.URLConfigurationSource     : No URLs will be polled as dynamic configuration sources.
2022-12-16 13:13:59.430  INFO 18704 --- [main] c.n.c.sources.URLConfigurationSource     : To enable URLs as dynamic configuration sources, define System property archaius.configurationSource.additionalUrls or make config.properties available on classpath.
2022-12-16 13:13:59.441  INFO 18704 --- [main] c.netflix.config.DynamicPropertyFactory  : DynamicPropertyFactory is initialized with configuration sources: com.netflix.config.ConcurrentCompositeConfiguration@2b44d6d0
2022-12-16 13:14:00.218  INFO 18704 --- [main] com.alibaba.nacos.client.naming          : initializer namespace from System Property :null
2022-12-16 13:14:00.219  INFO 18704 --- [main] com.alibaba.nacos.client.naming          : initializer namespace from System Environment :null
2022-12-16 13:14:00.220  INFO 18704 --- [main] com.alibaba.nacos.client.naming          : initializer namespace from System Property :null
2022-12-16 13:14:00.254  INFO 18704 --- [main] c.a.d.s.b.a.DruidDataSourceAutoConfigure : Init DruidDataSource
2022-12-16 13:14:00.323  WARN 18704 --- [main] ConfigServletWebServerApplicationContext : Exception encountered during context initialization - cancelling refresh attempt: org.springframework.beans.factory.UnsatisfiedDependencyException: Error creating bean with name 'documentationPluginsBootstrapper' defined in URL [jar:file:/C:/Users/mao/.m2/repository/io/springfox/springfox-spring-web/2.9.2/springfox-spring-web-2.9.2.jar!/springfox/documentation/spring/web/plugins/DocumentationPluginsBootstrapper.class]: Unsatisfied dependency expressed through constructor parameter 1; nested exception is org.springframework.beans.factory.UnsatisfiedDependencyException: Error creating bean with name 'webMvcRequestHandlerProvider' defined in URL [jar:file:/C:/Users/mao/.m2/repository/io/springfox/springfox-spring-web/2.9.2/springfox-spring-web-2.9.2.jar!/springfox/documentation/spring/web/plugins/WebMvcRequestHandlerProvider.class]: Unsatisfied dependency expressed through constructor parameter 1; nested exception is org.springframework.beans.factory.BeanCreationException: Error creating bean with name 'webEndpointServletHandlerMapping' defined in class path resource [org/springframework/boot/actuate/autoconfigure/endpoint/web/servlet/WebMvcEndpointManagementContextConfiguration.class]: Bean instantiation via factory method failed; nested exception is org.springframework.beans.BeanInstantiationException: Failed to instantiate [org.springframework.boot.actuate.endpoint.web.servlet.WebMvcEndpointHandlerMapping]: Factory method 'webEndpointServletHandlerMapping' threw exception; nested exception is org.springframework.beans.factory.UnsatisfiedDependencyException: Error creating bean with name 'healthEndpoint' defined in class path resource [org/springframework/boot/actuate/autoconfigure/health/HealthEndpointConfiguration.class]: Unsatisfied dependency expressed through method 'healthEndpoint' parameter 0; nested exception is org.springframework.beans.factory.BeanCreationException: Error creating bean with name 'healthContributorRegistry' defined in class path resource [org/springframework/boot/actuate/autoconfigure/health/HealthEndpointConfiguration.class]: Bean instantiation via factory method failed; nested exception is org.springframework.beans.BeanInstantiationException: Failed to instantiate [org.springframework.boot.actuate.health.HealthContributorRegistry]: Factory method 'healthContributorRegistry' threw exception; nested exception is org.springframework.beans.factory.UnsatisfiedDependencyException: Error creating bean with name 'org.springframework.boot.actuate.autoconfigure.jdbc.DataSourceHealthContributorAutoConfiguration': Unsatisfied dependency expressed through constructor parameter 0; nested exception is org.springframework.beans.factory.BeanCreationException: Error creating bean with name 'dataSource' defined in class path resource [com/alibaba/druid/spring/boot/autoconfigure/DruidDataSourceAutoConfigure.class]: Invocation of init method failed; nested exception is org.springframework.boot.autoconfigure.jdbc.DataSourceProperties$DataSourceBeanCreationException: Failed to determine a suitable driver class
2022-12-16 13:14:00.325  INFO 18704 --- [main] o.apache.catalina.core.StandardService   : Stopping service [Tomcat]
2022-12-16 13:14:00.350  INFO 18704 --- [main] ConditionEvaluationReportLoggingListener : 

Error starting ApplicationContext. To display the conditions report re-run your application with 'debug' enabled.
2022-12-16 13:14:00.356 ERROR 18704 --- [main] o.s.b.d.LoggingFailureAnalysisReporter   : 

***************************
APPLICATION FAILED TO START
***************************

Description:

Failed to configure a DataSource: 'url' attribute is not specified and no embedded datasource could be configured.

Reason: Failed to determine a suitable driver class


Action:

Consider the following:
	If you want an embedded database (H2, HSQL or Derby), please put it on the classpath.
	If you have database settings to be loaded from a particular profile you may need to activate it (no profiles are currently active).

2022-12-16 13:14:00.357  WARN 18704 --- [Thread-22] c.a.nacos.common.notify.NotifyCenter     : [NotifyCenter] Start destroying Publisher
2022-12-16 13:14:00.366  WARN 18704 --- [Thread-3] c.a.n.common.http.HttpClientBeanHolder   : [HttpClientBeanHolder] Start destroying common HttpClient
2022-12-16 13:14:00.366  WARN 18704 --- [Thread-22] c.a.nacos.common.notify.NotifyCenter     : [NotifyCenter] Destruction of the end
2022-12-16 13:14:00.367  WARN 18704 --- [Thread-3] c.a.n.common.http.HttpClientBeanHolder   : [HttpClientBeanHolder] Destruction of the end
2022-12-16 13:52:59.305  WARN 16628 --- [main] c.a.c.n.c.NacosPropertySourceBuilder     : Ignore the empty nacos configuration and get it based on dataId[sms-api] & group[DEFAULT_GROUP]
2022-12-16 13:52:59.316  INFO 16628 --- [main] b.c.PropertySourceBootstrapConfiguration : Located property source: [BootstrapPropertySource {name='bootstrapProperties-sms-api-dev.yml,DEFAULT_GROUP'}, BootstrapPropertySource {name='bootstrapProperties-sms-api.yml,DEFAULT_GROUP'}, BootstrapPropertySource {name='bootstrapProperties-sms-api,DEFAULT_GROUP'}, BootstrapPropertySource {name='bootstrapProperties-mysql.yml,DEFAULT_GROUP'}, BootstrapPropertySource {name='bootstrapProperties-redis.yml,DEFAULT_GROUP'}, BootstrapPropertySource {name='bootstrapProperties-common.yml,DEFAULT_GROUP'}]
2022-12-16 13:52:59.357  INFO 16628 --- [main] mao.sms_api.SmsApiApplication            : The following profiles are active: dev
2022-12-16 13:53:00.461  INFO 16628 --- [main] .s.d.r.c.RepositoryConfigurationDelegate : Multiple Spring Data modules found, entering strict repository configuration mode!
2022-12-16 13:53:00.466  INFO 16628 --- [main] .s.d.r.c.RepositoryConfigurationDelegate : Bootstrapping Spring Data Redis repositories in DEFAULT mode.
2022-12-16 13:53:00.489  INFO 16628 --- [main] .s.d.r.c.RepositoryConfigurationDelegate : Finished Spring Data repository scanning in 6ms. Found 0 Redis repository interfaces.
2022-12-16 13:53:00.565  WARN 16628 --- [main] o.s.boot.actuate.endpoint.EndpointId     : Endpoint ID 'service-registry' contains invalid characters, please migrate to a valid format.
2022-12-16 13:53:00.668  WARN 16628 --- [main] o.m.s.mapper.ClassPathMapperScanner      : No MyBatis mapper was found in '[mao.sms_api]' package. Please check your configuration.
2022-12-16 13:53:00.738  INFO 16628 --- [main] o.s.cloud.context.scope.GenericScope     : BeanFactory id=8d953c04-6eee-3eb4-9b75-8c994dd97c86
2022-12-16 13:53:00.911  INFO 16628 --- [main] trationDelegate$BeanPostProcessorChecker : Bean 'org.springframework.transaction.annotation.ProxyTransactionManagementConfiguration' of type [org.springframework.transaction.annotation.ProxyTransactionManagementConfiguration] is not eligible for getting processed by all BeanPostProcessors (for example: not eligible for auto-proxying)
2022-12-16 13:53:01.399  INFO 16628 --- [main] o.s.b.w.embedded.tomcat.TomcatWebServer  : Tomcat initialized with port(s): 8771 (http)
2022-12-16 13:53:01.408  INFO 16628 --- [main] o.apache.catalina.core.StandardService   : Starting service [Tomcat]
2022-12-16 13:53:01.408  INFO 16628 --- [main] org.apache.catalina.core.StandardEngine  : Starting Servlet engine: [Apache Tomcat/9.0.37]
2022-12-16 13:53:01.545  INFO 16628 --- [main] o.a.c.c.C.[Tomcat].[localhost].[/]       : Initializing Spring embedded WebApplicationContext
2022-12-16 13:53:01.545  INFO 16628 --- [main] w.s.c.ServletWebServerApplicationContext : Root WebApplicationContext: initialization completed in 2176 ms
2022-12-16 13:53:01.569  INFO 16628 --- [main] m.tools_xss.config.XssAuthConfiguration  : 初始化 XssAuthConfiguration xss攻击配置
2022-12-16 13:53:01.679  WARN 16628 --- [main] c.n.c.sources.URLConfigurationSource     : No URLs will be polled as dynamic configuration sources.
2022-12-16 13:53:01.679  INFO 16628 --- [main] c.n.c.sources.URLConfigurationSource     : To enable URLs as dynamic configuration sources, define System property archaius.configurationSource.additionalUrls or make config.properties available on classpath.
2022-12-16 13:53:01.690  INFO 16628 --- [main] c.netflix.config.DynamicPropertyFactory  : DynamicPropertyFactory is initialized with configuration sources: com.netflix.config.ConcurrentCompositeConfiguration@1625789b
2022-12-16 13:53:01.783 DEBUG 16628 --- [main] mao.tools_xss.filter.XssFilter           : XSS fiter [XSSFilter] init start ...
2022-12-16 13:53:01.834 DEBUG 16628 --- [main] mao.tools_xss.filter.XssFilter           : ignorePathList=null
2022-12-16 13:53:01.837 DEBUG 16628 --- [main] mao.tools_xss.filter.XssFilter           : ignoreParamValueList=["samlp:LogoutRequest"]
2022-12-16 13:53:01.838 DEBUG 16628 --- [main] mao.tools_xss.filter.XssFilter           : XSS fiter [XSSFilter] init end
2022-12-16 13:53:02.491  INFO 16628 --- [main] com.alibaba.nacos.client.naming          : initializer namespace from System Property :null
2022-12-16 13:53:02.492  INFO 16628 --- [main] com.alibaba.nacos.client.naming          : initializer namespace from System Environment :null
2022-12-16 13:53:02.493  INFO 16628 --- [main] com.alibaba.nacos.client.naming          : initializer namespace from System Property :null
2022-12-16 13:53:02.528  INFO 16628 --- [main] c.a.d.s.b.a.DruidDataSourceAutoConfigure : Init DruidDataSource
2022-12-16 13:53:03.352  INFO 16628 --- [main] com.alibaba.druid.pool.DruidDataSource   : {dataSource-1} inited
2022-12-16 13:53:03.766  INFO 16628 --- [main] o.s.b.a.e.web.EndpointLinksResolver      : Exposing 20 endpoint(s) beneath base path '/actuator'
2022-12-16 13:53:03.854  WARN 16628 --- [main] c.n.c.sources.URLConfigurationSource     : No URLs will be polled as dynamic configuration sources.
2022-12-16 13:53:03.854  INFO 16628 --- [main] c.n.c.sources.URLConfigurationSource     : To enable URLs as dynamic configuration sources, define System property archaius.configurationSource.additionalUrls or make config.properties available on classpath.
2022-12-16 13:53:04.033  INFO 16628 --- [main] o.s.s.concurrent.ThreadPoolTaskExecutor  : Initializing ExecutorService 'applicationTaskExecutor'
2022-12-16 13:53:04.199  INFO 16628 --- [main] o.s.s.c.ThreadPoolTaskScheduler          : Initializing ExecutorService 'Nacos-Watch-Task-Scheduler'
2022-12-16 13:53:04.680  INFO 16628 --- [main] mao.tools_log.utils.AddressUtil          : bean [org.lionsoul.ip2region.DbConfig@28b5d5dc]
2022-12-16 13:53:04.681  INFO 16628 --- [main] mao.tools_log.utils.AddressUtil          : bean [org.lionsoul.ip2region.DbSearcher@407f2029]
2022-12-16 13:53:04.732 DEBUG 16628 --- [main] mao.tools_xss.utils.XssUtils             :  start read XSS configfile [antisamy-slashdot-1.4.4.xml]
2022-12-16 13:53:04.739 DEBUG 16628 --- [main] mao.tools_xss.utils.XssUtils             : read XSS configfile [antisamy-slashdot-1.4.4.xml] success
2022-12-16 13:53:04.813  INFO 16628 --- [main] c.g.d.core.DozerBeanMapperBuilder        : Initializing Dozer. Version: 6.5.0, Thread Name: main
2022-12-16 13:53:04.815  INFO 16628 --- [main] c.g.dozermapper.core.util.RuntimeUtils   : OSGi support is false
2022-12-16 13:53:04.822  INFO 16628 --- [main] d.c.c.r.LegacyPropertiesSettingsResolver : Trying to find Dozer configuration file: dozer.properties
2022-12-16 13:53:04.826  INFO 16628 --- [main] d.c.c.r.LegacyPropertiesSettingsResolver : Failed to find dozer.properties via com.github.dozermapper.core.config.resolvers.LegacyPropertiesSettingsResolver.
2022-12-16 13:53:04.834  INFO 16628 --- [main] c.g.d.core.el.ELExpressionFactory        : javax.el support is true
2022-12-16 13:53:04.867  INFO 16628 --- [main] c.g.d.c.b.xml.BeanMappingXMLBuilder      : Using URL [file:/H:/%e7%a8%8b%e5%ba%8f/%e5%a4%a7%e5%9b%9b%e4%b8%8a%e6%9c%9f/sms-backend/apps/sms/sms-api/target/classes/dozer/global.dozer.xml] to load custom xml mappings
2022-12-16 13:53:05.286  INFO 16628 --- [main] c.g.d.c.b.xml.SchemaLSResourceResolver   : Trying to resolve XML entity with public ID [null] and system ID [http://dozermapper.github.io/schema/bean-mapping.xsd]
2022-12-16 13:53:05.287  INFO 16628 --- [main] c.g.d.c.b.xml.SchemaLSResourceResolver   : Resolved public ID [null] and system ID [http://dozermapper.github.io/schema/bean-mapping.xsd]
2022-12-16 13:53:05.325  INFO 16628 --- [main] c.g.d.c.b.xml.BeanMappingXMLBuilder      : Successfully loaded custom xml mapping.
2022-12-16 13:53:05.326  INFO 16628 --- [main] c.g.d.c.b.xml.BeanMappingXMLBuilder      : Using URL [file:/H:/%e7%a8%8b%e5%ba%8f/%e5%a4%a7%e5%9b%9b%e4%b8%8a%e6%9c%9f/sms-backend/apps/sms/sms-api/target/classes/dozer/biz.dozer.xml] to load custom xml mappings
2022-12-16 13:53:05.329  INFO 16628 --- [main] c.g.d.c.b.xml.SchemaLSResourceResolver   : Trying to resolve XML entity with public ID [null] and system ID [http://dozermapper.github.io/schema/bean-mapping.xsd]
2022-12-16 13:53:05.329  INFO 16628 --- [main] c.g.d.c.b.xml.SchemaLSResourceResolver   : Resolved public ID [null] and system ID [http://dozermapper.github.io/schema/bean-mapping.xsd]
2022-12-16 13:53:05.335  INFO 16628 --- [main] c.g.d.c.b.xml.BeanMappingXMLBuilder      : Successfully loaded custom xml mapping.
2022-12-16 13:53:05.348  INFO 16628 --- [main] m.tools_log.config.LogAutoConfiguration  : 初始化 LogAutoConfiguration
2022-12-16 13:53:05.353  INFO 16628 --- [main] m.t.config.DozerAutoConfiguration        : 初始化 DozerAutoConfiguration
2022-12-16 13:53:05.369  INFO 16628 --- [main] pertySourcedRequestMappingHandlerMapping : Mapped URL path [/v2/api-docs] onto method [springfox.documentation.swagger2.web.Swagger2Controller#getDocumentation(String, HttpServletRequest)]
2022-12-16 13:53:05.380  INFO 16628 --- [main] m.t.config.SwaggerAutoConfiguration      : 初始化swagger接口文档
2022-12-16 13:53:05.380  INFO 16628 --- [main] m.t.config.SwaggerAutoConfiguration      : 
title：在线文档
group：
description：在线文档
version：1.0
contact：Contact{name='', url='', email=''}
basePackage：
basePath：[]
excludePath：[]
docket：{sms=DocketInfo{title='短信接收服务', group='', description='在线文档', version='1.0', contact=Contact{name='', url='', email=''}, basePackage='mao.sms_api.controller', basePath=[], excludePath=[]}}

2022-12-16 13:53:06.255  INFO 16628 --- [main] d.s.w.p.DocumentationPluginsBootstrapper : Context refreshed
2022-12-16 13:53:06.282  INFO 16628 --- [main] d.s.w.p.DocumentationPluginsBootstrapper : Found 1 custom documentation plugin(s)
2022-12-16 13:53:06.333  INFO 16628 --- [main] s.d.s.w.s.ApiListingReferenceScanner     : Scanning for api listing references
2022-12-16 13:53:06.390  INFO 16628 --- [main] o.s.b.w.embedded.tomcat.TomcatWebServer  : Tomcat started on port(s): 8771 (http) with context path ''
2022-12-16 13:53:06.394  INFO 16628 --- [main] com.alibaba.nacos.client.naming          : [REGISTER-SERVICE] 2051a6a2-ba78-4dac-85a2-f991dd5162f2 registering service DEFAULT_GROUP@@sms-api with instance: Instance{instanceId='null', ip='192.168.3.143', port=8771, weight=1.0, healthy=true, enabled=true, ephemeral=false, clusterName='DEFAULT', serviceName='null', metadata={preserved.register.source=SPRING_CLOUD, management.endpoints.web.base-path=/actuator, management.context-path=/actuator}}
2022-12-16 13:53:06.560  INFO 16628 --- [main] c.a.c.n.registry.NacosServiceRegistry    : nacos registry, DEFAULT_GROUP sms-api 192.168.3.143:8771 register finished
2022-12-16 13:53:06.822  INFO 16628 --- [main] mao.sms_api.SmsApiApplication            : Started SmsApiApplication in 9.037 seconds (JVM running for 10.119)
2022-12-16 13:53:06.834  INFO 16628 --- [main] c.a.n.client.config.impl.ClientWorker    : [fixed-127.0.0.1_8848-2051a6a2-ba78-4dac-85a2-f991dd5162f2] [subscribe] sms-api-dev.yml+DEFAULT_GROUP+2051a6a2-ba78-4dac-85a2-f991dd5162f2
2022-12-16 13:53:06.835  INFO 16628 --- [main] c.a.nacos.client.config.impl.CacheData   : [fixed-127.0.0.1_8848-2051a6a2-ba78-4dac-85a2-f991dd5162f2] [add-listener] ok, tenant=2051a6a2-ba78-4dac-85a2-f991dd5162f2, dataId=sms-api-dev.yml, group=DEFAULT_GROUP, cnt=1
2022-12-16 13:53:06.835  INFO 16628 --- [main] c.a.n.client.config.impl.ClientWorker    : [fixed-127.0.0.1_8848-2051a6a2-ba78-4dac-85a2-f991dd5162f2] [subscribe] sms-api+DEFAULT_GROUP+2051a6a2-ba78-4dac-85a2-f991dd5162f2
2022-12-16 13:53:06.835  INFO 16628 --- [main] c.a.nacos.client.config.impl.CacheData   : [fixed-127.0.0.1_8848-2051a6a2-ba78-4dac-85a2-f991dd5162f2] [add-listener] ok, tenant=2051a6a2-ba78-4dac-85a2-f991dd5162f2, dataId=sms-api, group=DEFAULT_GROUP, cnt=1
2022-12-16 13:53:06.840  INFO 16628 --- [main] c.a.n.client.config.impl.ClientWorker    : [fixed-127.0.0.1_8848-2051a6a2-ba78-4dac-85a2-f991dd5162f2] [subscribe] sms-api.yml+DEFAULT_GROUP+2051a6a2-ba78-4dac-85a2-f991dd5162f2
2022-12-16 13:53:06.840  INFO 16628 --- [main] c.a.nacos.client.config.impl.CacheData   : [fixed-127.0.0.1_8848-2051a6a2-ba78-4dac-85a2-f991dd5162f2] [add-listener] ok, tenant=2051a6a2-ba78-4dac-85a2-f991dd5162f2, dataId=sms-api.yml, group=DEFAULT_GROUP, cnt=1
2022-12-16 13:53:06.845  INFO 16628 --- [main] c.a.n.client.config.impl.ClientWorker    : [fixed-127.0.0.1_8848-2051a6a2-ba78-4dac-85a2-f991dd5162f2] [subscribe] common.yml+DEFAULT_GROUP+2051a6a2-ba78-4dac-85a2-f991dd5162f2
2022-12-16 13:53:06.846  INFO 16628 --- [main] c.a.nacos.client.config.impl.CacheData   : [fixed-127.0.0.1_8848-2051a6a2-ba78-4dac-85a2-f991dd5162f2] [add-listener] ok, tenant=2051a6a2-ba78-4dac-85a2-f991dd5162f2, dataId=common.yml, group=DEFAULT_GROUP, cnt=1
2022-12-16 13:53:07.291  INFO 16628 --- [com.alibaba.nacos.client.naming.updater] com.alibaba.nacos.client.naming          : new ips(1) service: DEFAULT_GROUP@@sms-api@@DEFAULT -> [{"instanceId":"192.168.3.143#8771#DEFAULT#DEFAULT_GROUP@@sms-api","ip":"192.168.3.143","port":8771,"weight":1.0,"healthy":true,"enabled":true,"ephemeral":false,"clusterName":"DEFAULT","serviceName":"DEFAULT_GROUP@@sms-api","metadata":{"preserved.register.source":"SPRING_CLOUD","management.endpoints.web.base-path":"/actuator","management.context-path":"/actuator"},"ipDeleteTimeout":30000,"instanceHeartBeatInterval":5000,"instanceHeartBeatTimeOut":15000}]
2022-12-16 13:53:07.297  INFO 16628 --- [com.alibaba.nacos.client.naming.updater] com.alibaba.nacos.client.naming          : current ips:(1) service: DEFAULT_GROUP@@sms-api@@DEFAULT -> [{"instanceId":"192.168.3.143#8771#DEFAULT#DEFAULT_GROUP@@sms-api","ip":"192.168.3.143","port":8771,"weight":1.0,"healthy":true,"enabled":true,"ephemeral":false,"clusterName":"DEFAULT","serviceName":"DEFAULT_GROUP@@sms-api","metadata":{"preserved.register.source":"SPRING_CLOUD","management.endpoints.web.base-path":"/actuator","management.context-path":"/actuator"},"ipDeleteTimeout":30000,"instanceHeartBeatInterval":5000,"instanceHeartBeatTimeOut":15000}]
2022-12-16 13:53:07.576  INFO 16628 --- [com.alibaba.nacos.naming.push.receiver] com.alibaba.nacos.client.naming          : received push data: {"type":"dom","data":"{\"hosts\":[{\"ip\":\"192.168.3.143\",\"port\":8771,\"valid\":true,\"healthy\":true,\"marked\":false,\"instanceId\":\"192.168.3.143#8771#DEFAULT#DEFAULT_GROUP@@sms-api\",\"metadata\":{\"preserved.register.source\":\"SPRING_CLOUD\",\"management.endpoints.web.base-path\":\"/actuator\",\"management.context-path\":\"/actuator\"},\"enabled\":true,\"weight\":1.0,\"clusterName\":\"DEFAULT\",\"serviceName\":\"DEFAULT_GROUP@@sms-api\",\"ephemeral\":false}],\"dom\":\"DEFAULT_GROUP@@sms-api\",\"name\":\"DEFAULT_GROUP@@sms-api\",\"cacheMillis\":10000,\"lastRefTime\":1671169987566,\"checksum\":\"b3e3b3d394f59cbdfd910a40218cb840\",\"useSpecifiedURL\":false,\"clusters\":\"DEFAULT\",\"env\":\"\",\"metadata\":{}}","lastRefTime":156043491399700} from /192.168.80.1
2022-12-16 13:53:07.724  INFO 16628 --- [RMI TCP Connection(5)-192.168.80.1] o.a.c.c.C.[Tomcat].[localhost].[/]       : Initializing Spring DispatcherServlet 'dispatcherServlet'
2022-12-16 13:53:07.725  INFO 16628 --- [RMI TCP Connection(5)-192.168.80.1] o.s.web.servlet.DispatcherServlet        : Initializing Servlet 'dispatcherServlet'
2022-12-16 13:53:07.735  INFO 16628 --- [RMI TCP Connection(5)-192.168.80.1] o.s.web.servlet.DispatcherServlet        : Completed initialization in 10 ms
2022-12-16 13:53:08.315  INFO 16628 --- [boundedElastic-1] io.lettuce.core.EpollProvider            : Starting without optional epoll library
2022-12-16 13:53:08.317  INFO 16628 --- [boundedElastic-1] io.lettuce.core.KqueueProvider           : Starting without optional kqueue library
2022-12-16 13:53:22.916  INFO 16628 --- [com.alibaba.nacos.naming.push.receiver] com.alibaba.nacos.client.naming          : received push data: {"type":"dom","data":"{\"hosts\":[{\"ip\":\"192.168.3.143\",\"port\":8771,\"valid\":true,\"healthy\":true,\"marked\":false,\"instanceId\":\"192.168.3.143#8771#DEFAULT#DEFAULT_GROUP@@sms-api\",\"metadata\":{\"preserved.register.source\":\"SPRING_CLOUD\",\"management.endpoints.web.base-path\":\"/actuator\",\"management.context-path\":\"/actuator\"},\"enabled\":true,\"weight\":1.0,\"clusterName\":\"DEFAULT\",\"serviceName\":\"DEFAULT_GROUP@@sms-api\",\"ephemeral\":false}],\"dom\":\"DEFAULT_GROUP@@sms-api\",\"name\":\"DEFAULT_GROUP@@sms-api\",\"cacheMillis\":10000,\"lastRefTime\":1671170002916,\"checksum\":\"b3e3b3d394f59cbdfd910a40218cb840\",\"useSpecifiedURL\":false,\"clusters\":\"DEFAULT\",\"env\":\"\",\"metadata\":{}}","lastRefTime":156058841211100} from /192.168.80.1
2022-12-16 14:14:41.028  WARN 16628 --- [Thread-3] c.a.n.common.http.HttpClientBeanHolder   : [HttpClientBeanHolder] Start destroying common HttpClient
2022-12-16 14:14:41.028  WARN 16628 --- [Thread-21] c.a.nacos.common.notify.NotifyCenter     : [NotifyCenter] Start destroying Publisher
2022-12-16 14:14:41.029  WARN 16628 --- [Thread-21] c.a.nacos.common.notify.NotifyCenter     : [NotifyCenter] Destruction of the end
2022-12-16 14:14:41.029  WARN 16628 --- [Thread-3] c.a.n.common.http.HttpClientBeanHolder   : [HttpClientBeanHolder] Destruction of the end
2022-12-16 14:14:41.030  INFO 16628 --- [SpringContextShutdownHook] o.s.s.c.ThreadPoolTaskScheduler          : Shutting down ExecutorService 'Nacos-Watch-Task-Scheduler'
2022-12-16 14:14:41.033  INFO 16628 --- [SpringContextShutdownHook] c.a.c.n.registry.NacosServiceRegistry    : De-registering from Nacos Server now...
2022-12-16 14:14:41.033  INFO 16628 --- [SpringContextShutdownHook] com.alibaba.nacos.client.naming          : [BEAT] removing beat: DEFAULT_GROUP@@sms-api:192.168.3.143:8771 from beat map.
2022-12-16 14:14:41.034  INFO 16628 --- [SpringContextShutdownHook] com.alibaba.nacos.client.naming          : [DEREGISTER-SERVICE] 2051a6a2-ba78-4dac-85a2-f991dd5162f2 deregistering service DEFAULT_GROUP@@sms-api with instance: Instance{instanceId='null', ip='192.168.3.143', port=8771, weight=1.0, healthy=true, enabled=true, ephemeral=true, clusterName='DEFAULT', serviceName='null', metadata={}}
2022-12-16 14:14:41.038  INFO 16628 --- [SpringContextShutdownHook] c.a.c.n.registry.NacosServiceRegistry    : De-registration finished.
2022-12-16 14:14:41.039  INFO 16628 --- [SpringContextShutdownHook] com.alibaba.nacos.client.naming          : com.alibaba.nacos.client.naming.beat.BeatReactor do shutdown begin
2022-12-16 14:14:41.039  INFO 16628 --- [SpringContextShutdownHook] com.alibaba.nacos.client.naming          : com.alibaba.nacos.client.naming.beat.BeatReactor do shutdown stop
2022-12-16 14:14:41.039  INFO 16628 --- [SpringContextShutdownHook] com.alibaba.nacos.client.naming          : com.alibaba.nacos.client.naming.core.HostReactor do shutdown begin
2022-12-16 14:14:42.040  INFO 16628 --- [com.alibaba.nacos.naming.push.receiver] com.alibaba.nacos.client.naming          : received push data: {"type":"dom","data":"{\"hosts\":[{\"ip\":\"192.168.3.143\",\"port\":8771,\"valid\":true,\"healthy\":true,\"marked\":false,\"instanceId\":\"192.168.3.143#8771#DEFAULT#DEFAULT_GROUP@@sms-api\",\"metadata\":{\"preserved.register.source\":\"SPRING_CLOUD\",\"management.endpoints.web.base-path\":\"/actuator\",\"management.context-path\":\"/actuator\"},\"enabled\":true,\"weight\":1.0,\"clusterName\":\"DEFAULT\",\"serviceName\":\"DEFAULT_GROUP@@sms-api\",\"ephemeral\":false}],\"dom\":\"DEFAULT_GROUP@@sms-api\",\"name\":\"DEFAULT_GROUP@@sms-api\",\"cacheMillis\":10000,\"lastRefTime\":1671171282039,\"checksum\":\"b3e3b3d394f59cbdfd910a40218cb840\",\"useSpecifiedURL\":false,\"clusters\":\"DEFAULT\",\"env\":\"\",\"metadata\":{}}","lastRefTime":157337964364300} from /192.168.80.1
2022-12-16 14:14:44.077  INFO 16628 --- [SpringContextShutdownHook] com.alibaba.nacos.client.naming          : com.alibaba.nacos.client.naming.core.PushReceiver do shutdown begin
2022-12-16 14:14:47.112  INFO 16628 --- [SpringContextShutdownHook] com.alibaba.nacos.client.naming          : com.alibaba.nacos.client.naming.core.PushReceiver do shutdown stop
2022-12-16 14:14:47.112  INFO 16628 --- [SpringContextShutdownHook] com.alibaba.nacos.client.naming          : com.alibaba.nacos.client.naming.backups.FailoverReactor do shutdown begin
2022-12-16 14:14:47.112  INFO 16628 --- [SpringContextShutdownHook] com.alibaba.nacos.client.naming          : com.alibaba.nacos.client.naming.backups.FailoverReactor do shutdown stop
2022-12-16 14:14:47.113  INFO 16628 --- [SpringContextShutdownHook] com.alibaba.nacos.client.naming          : com.alibaba.nacos.client.naming.core.HostReactor do shutdown stop
2022-12-16 14:14:47.113  INFO 16628 --- [SpringContextShutdownHook] com.alibaba.nacos.client.naming          : com.alibaba.nacos.client.naming.net.NamingProxy do shutdown begin
2022-12-16 14:14:47.113  WARN 16628 --- [SpringContextShutdownHook] com.alibaba.nacos.client.naming          : [NamingHttpClientManager] Start destroying NacosRestTemplate
2022-12-16 14:14:47.113  WARN 16628 --- [SpringContextShutdownHook] com.alibaba.nacos.client.naming          : [NamingHttpClientManager] Destruction of the end
2022-12-16 14:14:47.113  INFO 16628 --- [SpringContextShutdownHook] c.a.n.client.identify.CredentialWatcher  : [null] CredentialWatcher is stopped
2022-12-16 14:14:47.113  INFO 16628 --- [SpringContextShutdownHook] c.a.n.client.identify.CredentialService  : [null] CredentialService is freed
2022-12-16 14:14:47.113  INFO 16628 --- [SpringContextShutdownHook] com.alibaba.nacos.client.naming          : com.alibaba.nacos.client.naming.net.NamingProxy do shutdown stop
2022-12-16 14:14:47.115  INFO 16628 --- [SpringContextShutdownHook] o.s.s.concurrent.ThreadPoolTaskExecutor  : Shutting down ExecutorService 'applicationTaskExecutor'
2022-12-16 14:14:47.117  WARN 16628 --- [SpringContextShutdownHook] o.s.b.f.support.DisposableBeanAdapter    : Destroy method 'close' on bean with name 'nacosServiceRegistry' threw an exception: java.lang.NullPointerException
2022-12-16 14:14:47.249  INFO 16628 --- [SpringContextShutdownHook] com.alibaba.druid.pool.DruidDataSource   : {dataSource-1} closing ...
2022-12-16 14:14:47.265  INFO 16628 --- [SpringContextShutdownHook] com.alibaba.druid.pool.DruidDataSource   : {dataSource-1} closed
2022-12-16 14:14:47.462 DEBUG 16628 --- [SpringContextShutdownHook] mao.tools_xss.filter.XssFilter           : XSS fiter [XSSFilter] destroy
2022-12-16 14:14:59.006  WARN 24304 --- [main] c.a.c.n.c.NacosPropertySourceBuilder     : Ignore the empty nacos configuration and get it based on dataId[sms-api] & group[DEFAULT_GROUP]
2022-12-16 14:14:59.016  INFO 24304 --- [main] b.c.PropertySourceBootstrapConfiguration : Located property source: [BootstrapPropertySource {name='bootstrapProperties-sms-api-dev.yml,DEFAULT_GROUP'}, BootstrapPropertySource {name='bootstrapProperties-sms-api.yml,DEFAULT_GROUP'}, BootstrapPropertySource {name='bootstrapProperties-sms-api,DEFAULT_GROUP'}, BootstrapPropertySource {name='bootstrapProperties-mysql.yml,DEFAULT_GROUP'}, BootstrapPropertySource {name='bootstrapProperties-redis.yml,DEFAULT_GROUP'}, BootstrapPropertySource {name='bootstrapProperties-common.yml,DEFAULT_GROUP'}]
2022-12-16 14:14:59.058  INFO 24304 --- [main] mao.sms_api.SmsApiApplication            : The following profiles are active: dev
2022-12-16 14:14:59.834  INFO 24304 --- [main] .s.d.r.c.RepositoryConfigurationDelegate : Multiple Spring Data modules found, entering strict repository configuration mode!
2022-12-16 14:14:59.837  INFO 24304 --- [main] .s.d.r.c.RepositoryConfigurationDelegate : Bootstrapping Spring Data Redis repositories in DEFAULT mode.
2022-12-16 14:14:59.857  INFO 24304 --- [main] .s.d.r.c.RepositoryConfigurationDelegate : Finished Spring Data repository scanning in 5ms. Found 0 Redis repository interfaces.
2022-12-16 14:14:59.932  WARN 24304 --- [main] o.s.boot.actuate.endpoint.EndpointId     : Endpoint ID 'service-registry' contains invalid characters, please migrate to a valid format.
2022-12-16 14:15:00.018  WARN 24304 --- [main] o.m.s.mapper.ClassPathMapperScanner      : No MyBatis mapper was found in '[mao.sms_api]' package. Please check your configuration.
2022-12-16 14:15:00.080  INFO 24304 --- [main] o.s.cloud.context.scope.GenericScope     : BeanFactory id=e9c34b75-4b76-39e3-9221-ce1aaad3e177
2022-12-16 14:15:00.168  INFO 24304 --- [main] trationDelegate$BeanPostProcessorChecker : Bean 'org.springframework.transaction.annotation.ProxyTransactionManagementConfiguration' of type [org.springframework.transaction.annotation.ProxyTransactionManagementConfiguration] is not eligible for getting processed by all BeanPostProcessors (for example: not eligible for auto-proxying)
2022-12-16 14:15:00.444  INFO 24304 --- [main] o.s.b.w.embedded.tomcat.TomcatWebServer  : Tomcat initialized with port(s): 8771 (http)
2022-12-16 14:15:00.452  INFO 24304 --- [main] o.apache.catalina.core.StandardService   : Starting service [Tomcat]
2022-12-16 14:15:00.452  INFO 24304 --- [main] org.apache.catalina.core.StandardEngine  : Starting Servlet engine: [Apache Tomcat/9.0.37]
2022-12-16 14:15:00.581  INFO 24304 --- [main] o.a.c.c.C.[Tomcat].[localhost].[/]       : Initializing Spring embedded WebApplicationContext
2022-12-16 14:15:00.581  INFO 24304 --- [main] w.s.c.ServletWebServerApplicationContext : Root WebApplicationContext: initialization completed in 1511 ms
2022-12-16 14:15:00.669  WARN 24304 --- [main] c.n.c.sources.URLConfigurationSource     : No URLs will be polled as dynamic configuration sources.
2022-12-16 14:15:00.670  INFO 24304 --- [main] c.n.c.sources.URLConfigurationSource     : To enable URLs as dynamic configuration sources, define System property archaius.configurationSource.additionalUrls or make config.properties available on classpath.
2022-12-16 14:15:00.678  INFO 24304 --- [main] c.netflix.config.DynamicPropertyFactory  : DynamicPropertyFactory is initialized with configuration sources: com.netflix.config.ConcurrentCompositeConfiguration@228bda54
2022-12-16 14:15:00.763  WARN 24304 --- [main] c.n.c.sources.URLConfigurationSource     : No URLs will be polled as dynamic configuration sources.
2022-12-16 14:15:00.764  INFO 24304 --- [main] c.n.c.sources.URLConfigurationSource     : To enable URLs as dynamic configuration sources, define System property archaius.configurationSource.additionalUrls or make config.properties available on classpath.
2022-12-16 14:15:00.930  INFO 24304 --- [main] o.s.s.concurrent.ThreadPoolTaskExecutor  : Initializing ExecutorService 'applicationTaskExecutor'
2022-12-16 14:15:01.291  INFO 24304 --- [main] o.s.s.c.ThreadPoolTaskScheduler          : Initializing ExecutorService 'Nacos-Watch-Task-Scheduler'
2022-12-16 14:15:01.297  INFO 24304 --- [main] com.alibaba.nacos.client.naming          : initializer namespace from System Property :null
2022-12-16 14:15:01.297  INFO 24304 --- [main] com.alibaba.nacos.client.naming          : initializer namespace from System Environment :null
2022-12-16 14:15:01.298  INFO 24304 --- [main] com.alibaba.nacos.client.naming          : initializer namespace from System Property :null
2022-12-16 14:15:01.404  INFO 24304 --- [main] c.a.d.s.b.a.DruidDataSourceAutoConfigure : Init DruidDataSource
2022-12-16 14:15:01.965  INFO 24304 --- [main] com.alibaba.druid.pool.DruidDataSource   : {dataSource-1} inited
2022-12-16 14:15:02.359  INFO 24304 --- [main] mao.tools_log.utils.AddressUtil          : bean [org.lionsoul.ip2region.DbConfig@11e9ac24]
2022-12-16 14:15:02.359  INFO 24304 --- [main] mao.tools_log.utils.AddressUtil          : bean [org.lionsoul.ip2region.DbSearcher@74f280bd]
2022-12-16 14:15:02.404 DEBUG 24304 --- [main] mao.tools_xss.utils.XssUtils             :  start read XSS configfile [antisamy-slashdot-1.4.4.xml]
2022-12-16 14:15:02.410 DEBUG 24304 --- [main] mao.tools_xss.utils.XssUtils             : read XSS configfile [antisamy-slashdot-1.4.4.xml] success
2022-12-16 14:15:02.454  INFO 24304 --- [main] c.g.d.core.DozerBeanMapperBuilder        : Initializing Dozer. Version: 6.5.0, Thread Name: main
2022-12-16 14:15:02.455  INFO 24304 --- [main] c.g.dozermapper.core.util.RuntimeUtils   : OSGi support is false
2022-12-16 14:15:02.462  INFO 24304 --- [main] d.c.c.r.LegacyPropertiesSettingsResolver : Trying to find Dozer configuration file: dozer.properties
2022-12-16 14:15:02.468  INFO 24304 --- [main] d.c.c.r.LegacyPropertiesSettingsResolver : Failed to find dozer.properties via com.github.dozermapper.core.config.resolvers.LegacyPropertiesSettingsResolver.
2022-12-16 14:15:02.474  INFO 24304 --- [main] c.g.d.core.el.ELExpressionFactory        : javax.el support is true
2022-12-16 14:15:02.493  INFO 24304 --- [main] c.g.d.c.b.xml.BeanMappingXMLBuilder      : Using URL [file:/H:/%e7%a8%8b%e5%ba%8f/%e5%a4%a7%e5%9b%9b%e4%b8%8a%e6%9c%9f/sms-backend/apps/sms/sms-api/target/classes/dozer/global.dozer.xml] to load custom xml mappings
2022-12-16 14:15:02.709  INFO 24304 --- [main] c.g.d.c.b.xml.SchemaLSResourceResolver   : Trying to resolve XML entity with public ID [null] and system ID [http://dozermapper.github.io/schema/bean-mapping.xsd]
2022-12-16 14:15:02.711  INFO 24304 --- [main] c.g.d.c.b.xml.SchemaLSResourceResolver   : Resolved public ID [null] and system ID [http://dozermapper.github.io/schema/bean-mapping.xsd]
2022-12-16 14:15:02.755  INFO 24304 --- [main] c.g.d.c.b.xml.BeanMappingXMLBuilder      : Successfully loaded custom xml mapping.
2022-12-16 14:15:02.756  INFO 24304 --- [main] c.g.d.c.b.xml.BeanMappingXMLBuilder      : Using URL [file:/H:/%e7%a8%8b%e5%ba%8f/%e5%a4%a7%e5%9b%9b%e4%b8%8a%e6%9c%9f/sms-backend/apps/sms/sms-api/target/classes/dozer/biz.dozer.xml] to load custom xml mappings
2022-12-16 14:15:02.759  INFO 24304 --- [main] c.g.d.c.b.xml.SchemaLSResourceResolver   : Trying to resolve XML entity with public ID [null] and system ID [http://dozermapper.github.io/schema/bean-mapping.xsd]
2022-12-16 14:15:02.760  INFO 24304 --- [main] c.g.d.c.b.xml.SchemaLSResourceResolver   : Resolved public ID [null] and system ID [http://dozermapper.github.io/schema/bean-mapping.xsd]
2022-12-16 14:15:02.765  INFO 24304 --- [main] c.g.d.c.b.xml.BeanMappingXMLBuilder      : Successfully loaded custom xml mapping.
2022-12-16 14:15:02.776  INFO 24304 --- [main] m.t.config.DozerAutoConfiguration        : 初始化 DozerAutoConfiguration
2022-12-16 14:15:03.620  INFO 24304 --- [main] o.s.b.a.e.web.EndpointLinksResolver      : Exposing 20 endpoint(s) beneath base path '/actuator'
2022-12-16 14:15:03.896  INFO 24304 --- [main] com.alibaba.nacos.client.naming          : new ips(1) service: DEFAULT_GROUP@@sms-api@@DEFAULT -> [{"instanceId":"192.168.3.143#8771#DEFAULT#DEFAULT_GROUP@@sms-api","ip":"192.168.3.143","port":8771,"weight":1.0,"healthy":true,"enabled":true,"ephemeral":false,"clusterName":"DEFAULT","serviceName":"DEFAULT_GROUP@@sms-api","metadata":{"preserved.register.source":"SPRING_CLOUD","management.endpoints.web.base-path":"/actuator","management.context-path":"/actuator"},"ipDeleteTimeout":30000,"instanceHeartBeatTimeOut":15000,"instanceHeartBeatInterval":5000}]
2022-12-16 14:15:03.906  INFO 24304 --- [main] com.alibaba.nacos.client.naming          : current ips:(1) service: DEFAULT_GROUP@@sms-api@@DEFAULT -> [{"instanceId":"192.168.3.143#8771#DEFAULT#DEFAULT_GROUP@@sms-api","ip":"192.168.3.143","port":8771,"weight":1.0,"healthy":true,"enabled":true,"ephemeral":false,"clusterName":"DEFAULT","serviceName":"DEFAULT_GROUP@@sms-api","metadata":{"preserved.register.source":"SPRING_CLOUD","management.endpoints.web.base-path":"/actuator","management.context-path":"/actuator"},"ipDeleteTimeout":30000,"instanceHeartBeatTimeOut":15000,"instanceHeartBeatInterval":5000}]
2022-12-16 14:15:03.946  INFO 24304 --- [main] o.s.b.w.embedded.tomcat.TomcatWebServer  : Tomcat started on port(s): 8771 (http) with context path ''
2022-12-16 14:15:03.950  INFO 24304 --- [main] com.alibaba.nacos.client.naming          : [REGISTER-SERVICE] 2051a6a2-ba78-4dac-85a2-f991dd5162f2 registering service DEFAULT_GROUP@@sms-api with instance: Instance{instanceId='null', ip='192.168.3.143', port=8771, weight=1.0, healthy=true, enabled=true, ephemeral=false, clusterName='DEFAULT', serviceName='null', metadata={preserved.register.source=SPRING_CLOUD, management.endpoints.web.base-path=/actuator, management.context-path=/actuator}}
2022-12-16 14:15:03.954  INFO 24304 --- [main] c.a.c.n.registry.NacosServiceRegistry    : nacos registry, DEFAULT_GROUP sms-api 192.168.3.143:8771 register finished
2022-12-16 14:15:04.197  INFO 24304 --- [main] mao.sms_api.SmsApiApplication            : Started SmsApiApplication in 6.795 seconds (JVM running for 8.007)
2022-12-16 14:15:04.204  INFO 24304 --- [main] c.a.n.client.config.impl.ClientWorker    : [fixed-127.0.0.1_8848-2051a6a2-ba78-4dac-85a2-f991dd5162f2] [subscribe] sms-api-dev.yml+DEFAULT_GROUP+2051a6a2-ba78-4dac-85a2-f991dd5162f2
2022-12-16 14:15:04.205  INFO 24304 --- [main] c.a.nacos.client.config.impl.CacheData   : [fixed-127.0.0.1_8848-2051a6a2-ba78-4dac-85a2-f991dd5162f2] [add-listener] ok, tenant=2051a6a2-ba78-4dac-85a2-f991dd5162f2, dataId=sms-api-dev.yml, group=DEFAULT_GROUP, cnt=1
2022-12-16 14:15:04.205  INFO 24304 --- [main] c.a.n.client.config.impl.ClientWorker    : [fixed-127.0.0.1_8848-2051a6a2-ba78-4dac-85a2-f991dd5162f2] [subscribe] sms-api+DEFAULT_GROUP+2051a6a2-ba78-4dac-85a2-f991dd5162f2
2022-12-16 14:15:04.205  INFO 24304 --- [main] c.a.nacos.client.config.impl.CacheData   : [fixed-127.0.0.1_8848-2051a6a2-ba78-4dac-85a2-f991dd5162f2] [add-listener] ok, tenant=2051a6a2-ba78-4dac-85a2-f991dd5162f2, dataId=sms-api, group=DEFAULT_GROUP, cnt=1
2022-12-16 14:15:04.207  INFO 24304 --- [main] c.a.n.client.config.impl.ClientWorker    : [fixed-127.0.0.1_8848-2051a6a2-ba78-4dac-85a2-f991dd5162f2] [subscribe] sms-api.yml+DEFAULT_GROUP+2051a6a2-ba78-4dac-85a2-f991dd5162f2
2022-12-16 14:15:04.207  INFO 24304 --- [main] c.a.nacos.client.config.impl.CacheData   : [fixed-127.0.0.1_8848-2051a6a2-ba78-4dac-85a2-f991dd5162f2] [add-listener] ok, tenant=2051a6a2-ba78-4dac-85a2-f991dd5162f2, dataId=sms-api.yml, group=DEFAULT_GROUP, cnt=1
2022-12-16 14:15:04.208  INFO 24304 --- [main] c.a.n.client.config.impl.ClientWorker    : [fixed-127.0.0.1_8848-2051a6a2-ba78-4dac-85a2-f991dd5162f2] [subscribe] common.yml+DEFAULT_GROUP+2051a6a2-ba78-4dac-85a2-f991dd5162f2
2022-12-16 14:15:04.208  INFO 24304 --- [main] c.a.nacos.client.config.impl.CacheData   : [fixed-127.0.0.1_8848-2051a6a2-ba78-4dac-85a2-f991dd5162f2] [add-listener] ok, tenant=2051a6a2-ba78-4dac-85a2-f991dd5162f2, dataId=common.yml, group=DEFAULT_GROUP, cnt=1
2022-12-16 14:15:04.703  INFO 24304 --- [RMI TCP Connection(1)-192.168.80.1] o.a.c.c.C.[Tomcat].[localhost].[/]       : Initializing Spring DispatcherServlet 'dispatcherServlet'
2022-12-16 14:15:04.703  INFO 24304 --- [RMI TCP Connection(1)-192.168.80.1] o.s.web.servlet.DispatcherServlet        : Initializing Servlet 'dispatcherServlet'
2022-12-16 14:15:04.708  INFO 24304 --- [RMI TCP Connection(1)-192.168.80.1] o.s.web.servlet.DispatcherServlet        : Completed initialization in 5 ms
2022-12-16 14:15:04.961  INFO 24304 --- [com.alibaba.nacos.naming.push.receiver] com.alibaba.nacos.client.naming          : received push data: {"type":"dom","data":"{\"hosts\":[{\"ip\":\"192.168.3.143\",\"port\":8771,\"valid\":true,\"healthy\":true,\"marked\":false,\"instanceId\":\"192.168.3.143#8771#DEFAULT#DEFAULT_GROUP@@sms-api\",\"metadata\":{\"preserved.register.source\":\"SPRING_CLOUD\",\"management.endpoints.web.base-path\":\"/actuator\",\"management.context-path\":\"/actuator\"},\"enabled\":true,\"weight\":1.0,\"clusterName\":\"DEFAULT\",\"serviceName\":\"DEFAULT_GROUP@@sms-api\",\"ephemeral\":false}],\"dom\":\"DEFAULT_GROUP@@sms-api\",\"name\":\"DEFAULT_GROUP@@sms-api\",\"cacheMillis\":10000,\"lastRefTime\":1671171304960,\"checksum\":\"44eb8f187f8ace7510a83d8e45313c55\",\"useSpecifiedURL\":false,\"clusters\":\"DEFAULT\",\"env\":\"\",\"metadata\":{}}","lastRefTime":157360885477600} from /192.168.80.1
2022-12-16 14:15:05.162  INFO 24304 --- [boundedElastic-1] io.lettuce.core.EpollProvider            : Starting without optional epoll library
2022-12-16 14:15:05.163  INFO 24304 --- [boundedElastic-1] io.lettuce.core.KqueueProvider           : Starting without optional kqueue library
2022-12-16 14:15:17.573  INFO 24304 --- [com.alibaba.nacos.naming.push.receiver] com.alibaba.nacos.client.naming          : received push data: {"type":"dom","data":"{\"hosts\":[{\"ip\":\"192.168.3.143\",\"port\":8771,\"valid\":true,\"healthy\":true,\"marked\":false,\"instanceId\":\"192.168.3.143#8771#DEFAULT#DEFAULT_GROUP@@sms-api\",\"metadata\":{\"preserved.register.source\":\"SPRING_CLOUD\",\"management.endpoints.web.base-path\":\"/actuator\",\"management.context-path\":\"/actuator\"},\"enabled\":true,\"weight\":1.0,\"clusterName\":\"DEFAULT\",\"serviceName\":\"DEFAULT_GROUP@@sms-api\",\"ephemeral\":false}],\"dom\":\"DEFAULT_GROUP@@sms-api\",\"name\":\"DEFAULT_GROUP@@sms-api\",\"cacheMillis\":10000,\"lastRefTime\":1671171317573,\"checksum\":\"44eb8f187f8ace7510a83d8e45313c55\",\"useSpecifiedURL\":false,\"clusters\":\"DEFAULT\",\"env\":\"\",\"metadata\":{}}","lastRefTime":157373498223600} from /192.168.80.1
