2023-02-05 20:53:41.665  WARN 2748 --- [main] c.a.c.n.c.NacosPropertySourceBuilder     : Ignore the empty nacos configuration and get it based on dataId[aggregate-pay-user-service] & group[DEFAULT_GROUP]
2023-02-05 20:53:41.684  INFO 2748 --- [main] b.c.PropertySourceBootstrapConfiguration : Located property source: [BootstrapPropertySource {name='bootstrapProperties-aggregate-pay-user-service-dev.yml,DEFAULT_GROUP'}, BootstrapPropertySource {name='bootstrapProperties-aggregate-pay-user-service.yml,DEFAULT_GROUP'}, BootstrapPropertySource {name='bootstrapProperties-aggregate-pay-user-service,DEFAULT_GROUP'}, BootstrapPropertySource {name='bootstrapProperties-mysql.yml,DEFAULT_GROUP'}, BootstrapPropertySource {name='bootstrapProperties-redis.yml,DEFAULT_GROUP'}, BootstrapPropertySource {name='bootstrapProperties-common.yml,DEFAULT_GROUP'}]
2023-02-05 20:53:41.742  INFO 2748 --- [main] m.a.AggregatePayUserServiceApplication   : The following profiles are active: dev
2023-02-05 20:53:43.988  INFO 2748 --- [main] .s.d.r.c.RepositoryConfigurationDelegate : Multiple Spring Data modules found, entering strict repository configuration mode!
2023-02-05 20:53:43.992  INFO 2748 --- [main] .s.d.r.c.RepositoryConfigurationDelegate : Bootstrapping Spring Data Redis repositories in DEFAULT mode.
2023-02-05 20:53:44.033  INFO 2748 --- [main] .s.d.r.c.RepositoryConfigurationDelegate : Finished Spring Data repository scanning in 19ms. Found 0 Redis repository interfaces.
2023-02-05 20:53:44.131  WARN 2748 --- [main] o.s.boot.actuate.endpoint.EndpointId     : Endpoint ID 'service-registry' contains invalid characters, please migrate to a valid format.
2023-02-05 20:53:44.390  INFO 2748 --- [main] o.s.cloud.context.scope.GenericScope     : BeanFactory id=6af74fe1-addc-3436-81fc-e77e452456a2
2023-02-05 20:53:44.571  INFO 2748 --- [main] trationDelegate$BeanPostProcessorChecker : Bean 'org.springframework.transaction.annotation.ProxyTransactionManagementConfiguration' of type [org.springframework.transaction.annotation.ProxyTransactionManagementConfiguration] is not eligible for getting processed by all BeanPostProcessors (for example: not eligible for auto-proxying)
2023-02-05 20:53:44.731  INFO 2748 --- [main] trationDelegate$BeanPostProcessorChecker : Bean 'mybatis-plus-com.baomidou.mybatisplus.autoconfigure.MybatisPlusProperties' of type [com.baomidou.mybatisplus.autoconfigure.MybatisPlusProperties] is not eligible for getting processed by all BeanPostProcessors (for example: not eligible for auto-proxying)
2023-02-05 20:53:44.736  INFO 2748 --- [main] trationDelegate$BeanPostProcessorChecker : Bean 'database-mao.tools_databases.properties.DatabaseProperties' of type [mao.tools_databases.properties.DatabaseProperties] is not eligible for getting processed by all BeanPostProcessors (for example: not eligible for auto-proxying)
2023-02-05 20:53:44.744  INFO 2748 --- [main] m.a.config.MybatisConfig                 : 初始化 MybatisConfig
2023-02-05 20:53:44.744  INFO 2748 --- [main] trationDelegate$BeanPostProcessorChecker : Bean 'mybatisConfig' of type [mao.aggregate_pay_user_service.config.MybatisConfig$$EnhancerBySpringCGLIB$$e8d69189] is not eligible for getting processed by all BeanPostProcessors (for example: not eligible for auto-proxying)
2023-02-05 20:53:44.754  INFO 2748 --- [main] trationDelegate$BeanPostProcessorChecker : Bean 'paginationInterceptor' of type [com.baomidou.mybatisplus.extension.plugins.PaginationInterceptor] is not eligible for getting processed by all BeanPostProcessors (for example: not eligible for auto-proxying)
2023-02-05 20:53:44.760  INFO 2748 --- [main] trationDelegate$BeanPostProcessorChecker : Bean 'getLeftLikeTypeHandler' of type [mao.tools_databases.mybatis.typehandler.LeftLikeTypeHandler] is not eligible for getting processed by all BeanPostProcessors (for example: not eligible for auto-proxying)
2023-02-05 20:53:44.761  INFO 2748 --- [main] trationDelegate$BeanPostProcessorChecker : Bean 'getRightLikeTypeHandler' of type [mao.tools_databases.mybatis.typehandler.RightLikeTypeHandler] is not eligible for getting processed by all BeanPostProcessors (for example: not eligible for auto-proxying)
2023-02-05 20:53:44.765  INFO 2748 --- [main] trationDelegate$BeanPostProcessorChecker : Bean 'getFullLikeTypeHandler' of type [mao.tools_databases.mybatis.typehandler.FullLikeTypeHandler] is not eligible for getting processed by all BeanPostProcessors (for example: not eligible for auto-proxying)
2023-02-05 20:53:44.786  INFO 2748 --- [main] m.a.config.DatabaseConfig                : 初始化 DatabaseConfig 数据库配置
2023-02-05 20:53:44.787  INFO 2748 --- [main] trationDelegate$BeanPostProcessorChecker : Bean 'databaseConfig' of type [mao.aggregate_pay_user_service.config.DatabaseConfig$$EnhancerBySpringCGLIB$$a70271a3] is not eligible for getting processed by all BeanPostProcessors (for example: not eligible for auto-proxying)
2023-02-05 20:53:44.889  INFO 2748 --- [main] trationDelegate$BeanPostProcessorChecker : Bean 'spring.datasource-org.springframework.boot.autoconfigure.jdbc.DataSourceProperties' of type [org.springframework.boot.autoconfigure.jdbc.DataSourceProperties] is not eligible for getting processed by all BeanPostProcessors (for example: not eligible for auto-proxying)
2023-02-05 20:53:44.894  INFO 2748 --- [main] trationDelegate$BeanPostProcessorChecker : Bean 'com.alibaba.druid.spring.boot.autoconfigure.stat.DruidFilterConfiguration' of type [com.alibaba.druid.spring.boot.autoconfigure.stat.DruidFilterConfiguration] is not eligible for getting processed by all BeanPostProcessors (for example: not eligible for auto-proxying)
2023-02-05 20:53:44.913  INFO 2748 --- [main] trationDelegate$BeanPostProcessorChecker : Bean 'wallConfig' of type [com.alibaba.druid.wall.WallConfig] is not eligible for getting processed by all BeanPostProcessors (for example: not eligible for auto-proxying)
2023-02-05 20:53:44.957  INFO 2748 --- [main] trationDelegate$BeanPostProcessorChecker : Bean 'wallFilter' of type [com.alibaba.druid.wall.WallFilter] is not eligible for getting processed by all BeanPostProcessors (for example: not eligible for auto-proxying)
2023-02-05 20:53:45.042  INFO 2748 --- [main] trationDelegate$BeanPostProcessorChecker : Bean 'masterDruidDataSource' of type [com.alibaba.druid.spring.boot.autoconfigure.DruidDataSourceWrapper] is not eligible for getting processed by all BeanPostProcessors (for example: not eligible for auto-proxying)
2023-02-05 20:53:45.074  INFO 2748 --- [main] trationDelegate$BeanPostProcessorChecker : Bean 'org.springframework.boot.autoconfigure.jdbc.DataSourceInitializerInvoker' of type [org.springframework.boot.autoconfigure.jdbc.DataSourceInitializerInvoker] is not eligible for getting processed by all BeanPostProcessors (for example: not eligible for auto-proxying)
2023-02-05 20:53:45.087  INFO 2748 --- [main] trationDelegate$BeanPostProcessorChecker : Bean 'masterDataSource' of type [com.p6spy.engine.spy.P6DataSource] is not eligible for getting processed by all BeanPostProcessors (for example: not eligible for auto-proxying)
2023-02-05 20:53:45.095  INFO 2748 --- [main] trationDelegate$BeanPostProcessorChecker : Bean 'masterTransactionManager' of type [org.springframework.jdbc.datasource.DataSourceTransactionManager] is not eligible for getting processed by all BeanPostProcessors (for example: not eligible for auto-proxying)
2023-02-05 20:53:45.105  INFO 2748 --- [main] trationDelegate$BeanPostProcessorChecker : Bean 'masterTransactionInterceptor' of type [org.springframework.transaction.interceptor.TransactionInterceptor] is not eligible for getting processed by all BeanPostProcessors (for example: not eligible for auto-proxying)
2023-02-05 20:53:45.108  INFO 2748 --- [main] trationDelegate$BeanPostProcessorChecker : Bean 'masterAdvisor' of type [org.springframework.aop.support.DefaultPointcutAdvisor] is not eligible for getting processed by all BeanPostProcessors (for example: not eligible for auto-proxying)
2023-02-05 20:53:45.235  INFO 2748 --- [main] m.a.config.WebConfig                     : 初始化 WebConfig
2023-02-05 20:53:45.699  INFO 2748 --- [main] o.s.b.w.embedded.tomcat.TomcatWebServer  : Tomcat initialized with port(s): 28692 (http)
2023-02-05 20:53:45.722  INFO 2748 --- [main] o.apache.catalina.core.StandardService   : Starting service [Tomcat]
2023-02-05 20:53:45.723  INFO 2748 --- [main] org.apache.catalina.core.StandardEngine  : Starting Servlet engine: [Apache Tomcat/9.0.37]
2023-02-05 20:53:45.943  INFO 2748 --- [main] o.a.c.c.C.[Tomcat].[localhost].[/user]   : Initializing Spring embedded WebApplicationContext
2023-02-05 20:53:45.943  INFO 2748 --- [main] w.s.c.ServletWebServerApplicationContext : Root WebApplicationContext: initialization completed in 4166 ms
2023-02-05 20:53:45.975  INFO 2748 --- [main] m.tools_xss.config.XssAuthConfiguration  : 初始化 XssAuthConfiguration xss攻击配置
2023-02-05 20:53:46.193 DEBUG 2748 --- [main] mao.tools_xss.filter.XssFilter           : XSS fiter [XSSFilter] init start ...
2023-02-05 20:53:46.260 DEBUG 2748 --- [main] mao.tools_xss.filter.XssFilter           : ignorePathList=null
2023-02-05 20:53:46.265 DEBUG 2748 --- [main] mao.tools_xss.filter.XssFilter           : ignoreParamValueList=["samlp:LogoutRequest"]
2023-02-05 20:53:46.265 DEBUG 2748 --- [main] mao.tools_xss.filter.XssFilter           : XSS fiter [XSSFilter] init end
2023-02-05 20:53:46.293  INFO 2748 --- [main] m.a.config.ExceptionConfig               : 初始化 ExceptionConfig 全局异常配置
2023-02-05 20:53:46.738 DEBUG 2748 --- [main] mao.tools_xss.utils.XssUtils             :  start read XSS configfile [antisamy-slashdot-1.4.4.xml]
2023-02-05 20:53:46.747 DEBUG 2748 --- [main] mao.tools_xss.utils.XssUtils             : read XSS configfile [antisamy-slashdot-1.4.4.xml] success
2023-02-05 20:53:47.369  INFO 2748 --- [main] c.g.d.core.DozerBeanMapperBuilder        : Initializing Dozer. Version: 6.5.0, Thread Name: main
2023-02-05 20:53:47.371  INFO 2748 --- [main] c.g.dozermapper.core.util.RuntimeUtils   : OSGi support is false
2023-02-05 20:53:47.379  INFO 2748 --- [main] d.c.c.r.LegacyPropertiesSettingsResolver : Trying to find Dozer configuration file: dozer.properties
2023-02-05 20:53:47.383  INFO 2748 --- [main] d.c.c.r.LegacyPropertiesSettingsResolver : Failed to find dozer.properties via com.github.dozermapper.core.config.resolvers.LegacyPropertiesSettingsResolver.
2023-02-05 20:53:47.392  INFO 2748 --- [main] c.g.d.core.el.ELExpressionFactory        : javax.el support is true
2023-02-05 20:53:47.423  INFO 2748 --- [main] c.g.d.c.b.xml.BeanMappingXMLBuilder      : Using URL [file:/H:/%e7%a8%8b%e5%ba%8f/%e5%a4%a7%e5%9b%9b%e5%af%92%e5%81%87/aggregate-pay/apps/pay/aggregate-pay-user/aggregate-pay-user-service/target/classes/dozer/global.dozer.xml] to load custom xml mappings
2023-02-05 20:53:47.900  INFO 2748 --- [main] c.g.d.c.b.xml.SchemaLSResourceResolver   : Trying to resolve XML entity with public ID [null] and system ID [http://dozermapper.github.io/schema/bean-mapping.xsd]
2023-02-05 20:53:47.903  INFO 2748 --- [main] c.g.d.c.b.xml.SchemaLSResourceResolver   : Resolved public ID [null] and system ID [http://dozermapper.github.io/schema/bean-mapping.xsd]
2023-02-05 20:53:47.981  INFO 2748 --- [main] c.g.d.c.b.xml.BeanMappingXMLBuilder      : Successfully loaded custom xml mapping.
2023-02-05 20:53:47.983  INFO 2748 --- [main] c.g.d.c.b.xml.BeanMappingXMLBuilder      : Using URL [file:/H:/%e7%a8%8b%e5%ba%8f/%e5%a4%a7%e5%9b%9b%e5%af%92%e5%81%87/aggregate-pay/apps/pay/aggregate-pay-user/aggregate-pay-user-service/target/classes/dozer/biz.dozer.xml] to load custom xml mappings
2023-02-05 20:53:47.987  INFO 2748 --- [main] c.g.d.c.b.xml.SchemaLSResourceResolver   : Trying to resolve XML entity with public ID [null] and system ID [http://dozermapper.github.io/schema/bean-mapping.xsd]
2023-02-05 20:53:47.988  INFO 2748 --- [main] c.g.d.c.b.xml.SchemaLSResourceResolver   : Resolved public ID [null] and system ID [http://dozermapper.github.io/schema/bean-mapping.xsd]
2023-02-05 20:53:47.995  INFO 2748 --- [main] c.g.d.c.b.xml.BeanMappingXMLBuilder      : Successfully loaded custom xml mapping.
2023-02-05 20:53:48.011  INFO 2748 --- [main] m.t.config.DozerAutoConfiguration        : 初始化 DozerAutoConfiguration
2023-02-05 20:53:48.022 DEBUG 2748 --- [main] m.t.d.BaseDatabaseConfiguration          : 允许带事务的类为：class mao.aggregate_pay_user_service.controller.AuthorizationController
2023-02-05 20:53:48.032 DEBUG 2748 --- [main] m.t.d.BaseDatabaseConfiguration          : 允许带事务的类为：class mao.aggregate_pay_user_service.controller.AuthorizationController
2023-02-05 20:53:48.033 DEBUG 2748 --- [main] m.t.d.BaseDatabaseConfiguration          : 允许带事务的类为：class mao.aggregate_pay_user_service.controller.AuthorizationController
2023-02-05 20:53:48.033 DEBUG 2748 --- [main] m.t.d.BaseDatabaseConfiguration          : 允许带事务的类为：class mao.aggregate_pay_user_service.controller.AuthorizationController
2023-02-05 20:53:48.033 DEBUG 2748 --- [main] m.t.d.BaseDatabaseConfiguration          : 允许带事务的类为：class mao.aggregate_pay_user_service.controller.AuthorizationController
2023-02-05 20:53:48.033 DEBUG 2748 --- [main] m.t.d.BaseDatabaseConfiguration          : 允许带事务的类为：class mao.aggregate_pay_user_service.controller.AuthorizationController
2023-02-05 20:53:48.033 DEBUG 2748 --- [main] m.t.d.BaseDatabaseConfiguration          : 允许带事务的类为：class mao.aggregate_pay_user_service.controller.AuthorizationController
2023-02-05 20:53:48.034 DEBUG 2748 --- [main] m.t.d.BaseDatabaseConfiguration          : 允许带事务的类为：class mao.aggregate_pay_user_service.controller.AuthorizationController
2023-02-05 20:53:48.034 DEBUG 2748 --- [main] m.t.d.BaseDatabaseConfiguration          : 允许带事务的类为：class mao.aggregate_pay_user_service.controller.AuthorizationController
2023-02-05 20:53:48.034 DEBUG 2748 --- [main] m.t.d.BaseDatabaseConfiguration          : 允许带事务的类为：class mao.aggregate_pay_user_service.controller.AuthorizationController
2023-02-05 20:53:48.034 DEBUG 2748 --- [main] m.t.d.BaseDatabaseConfiguration          : 允许带事务的类为：class mao.aggregate_pay_user_service.controller.AuthorizationController
2023-02-05 20:53:48.034 DEBUG 2748 --- [main] m.t.d.BaseDatabaseConfiguration          : 允许带事务的类为：class mao.aggregate_pay_user_service.controller.AuthorizationController
2023-02-05 20:53:48.034 DEBUG 2748 --- [main] m.t.d.BaseDatabaseConfiguration          : 允许带事务的类为：class mao.aggregate_pay_user_service.controller.AuthorizationController
2023-02-05 20:53:48.034 DEBUG 2748 --- [main] m.t.d.BaseDatabaseConfiguration          : 允许带事务的类为：class mao.aggregate_pay_user_service.controller.AuthorizationController
2023-02-05 20:53:48.034 DEBUG 2748 --- [main] m.t.d.BaseDatabaseConfiguration          : 允许带事务的类为：class mao.aggregate_pay_user_service.controller.AuthorizationController
2023-02-05 20:53:48.034 DEBUG 2748 --- [main] m.t.d.BaseDatabaseConfiguration          : 允许带事务的类为：class mao.aggregate_pay_user_service.controller.AuthorizationController
2023-02-05 20:53:48.034 DEBUG 2748 --- [main] m.t.d.BaseDatabaseConfiguration          : 允许带事务的类为：class mao.aggregate_pay_user_service.controller.AuthorizationController
2023-02-05 20:53:48.035 DEBUG 2748 --- [main] m.t.d.BaseDatabaseConfiguration          : 允许带事务的类为：class mao.aggregate_pay_user_service.controller.AuthorizationController
2023-02-05 20:53:48.035 DEBUG 2748 --- [main] m.t.d.BaseDatabaseConfiguration          : 允许带事务的类为：class mao.aggregate_pay_user_service.controller.AuthorizationController
2023-02-05 20:53:48.035 DEBUG 2748 --- [main] m.t.d.BaseDatabaseConfiguration          : 允许带事务的类为：class mao.aggregate_pay_user_service.controller.AuthorizationController
2023-02-05 20:53:48.035 DEBUG 2748 --- [main] m.t.d.BaseDatabaseConfiguration          : 允许带事务的类为：class mao.aggregate_pay_user_service.controller.AuthorizationController
2023-02-05 20:53:48.035 DEBUG 2748 --- [main] m.t.d.BaseDatabaseConfiguration          : 允许带事务的类为：class mao.aggregate_pay_user_service.controller.AuthorizationController
2023-02-05 20:53:48.035 DEBUG 2748 --- [main] m.t.d.BaseDatabaseConfiguration          : 允许带事务的类为：class mao.aggregate_pay_user_service.controller.AuthorizationController
2023-02-05 20:53:48.035 DEBUG 2748 --- [main] m.t.d.BaseDatabaseConfiguration          : 允许带事务的类为：class mao.aggregate_pay_user_service.controller.AuthorizationController
2023-02-05 20:53:48.035 DEBUG 2748 --- [main] m.t.d.BaseDatabaseConfiguration          : 允许带事务的类为：class mao.aggregate_pay_user_service.controller.AuthorizationController
2023-02-05 20:53:48.035 DEBUG 2748 --- [main] m.t.d.BaseDatabaseConfiguration          : 允许带事务的类为：class mao.aggregate_pay_user_service.controller.AuthorizationController
2023-02-05 20:53:48.035 DEBUG 2748 --- [main] m.t.d.BaseDatabaseConfiguration          : 允许带事务的类为：class mao.aggregate_pay_user_service.controller.AuthorizationController
2023-02-05 20:53:48.035 DEBUG 2748 --- [main] m.t.d.BaseDatabaseConfiguration          : 允许带事务的类为：class mao.aggregate_pay_user_service.controller.AuthorizationController
2023-02-05 20:53:48.035 DEBUG 2748 --- [main] m.t.d.BaseDatabaseConfiguration          : 允许带事务的类为：class mao.aggregate_pay_user_service.controller.AuthorizationController
2023-02-05 20:53:48.036 DEBUG 2748 --- [main] m.t.d.BaseDatabaseConfiguration          : 允许带事务的类为：class mao.aggregate_pay_user_service.controller.AuthorizationController
2023-02-05 20:53:48.036 DEBUG 2748 --- [main] m.t.d.BaseDatabaseConfiguration          : 允许带事务的类为：class mao.aggregate_pay_user_service.controller.AuthorizationController
2023-02-05 20:53:48.036 DEBUG 2748 --- [main] m.t.d.BaseDatabaseConfiguration          : 允许带事务的类为：class mao.aggregate_pay_user_service.controller.AuthorizationController
2023-02-05 20:53:48.036 DEBUG 2748 --- [main] m.t.d.BaseDatabaseConfiguration          : 允许带事务的类为：class mao.aggregate_pay_user_service.controller.AuthorizationController
2023-02-05 20:53:48.036 DEBUG 2748 --- [main] m.t.d.BaseDatabaseConfiguration          : 允许带事务的类为：class mao.aggregate_pay_user_service.controller.AuthorizationController
2023-02-05 20:53:48.036 DEBUG 2748 --- [main] m.t.d.BaseDatabaseConfiguration          : 允许带事务的类为：class mao.aggregate_pay_user_service.controller.AuthorizationController
2023-02-05 20:53:48.036 DEBUG 2748 --- [main] m.t.d.BaseDatabaseConfiguration          : 允许带事务的类为：class mao.aggregate_pay_user_service.controller.AuthorizationController
2023-02-05 20:53:48.049 DEBUG 2748 --- [main] m.t.d.BaseDatabaseConfiguration          : 允许带事务的类为：class mao.aggregate_pay_user_service.controller.AuthorizationControllerV2
2023-02-05 20:53:48.050 DEBUG 2748 --- [main] m.t.d.BaseDatabaseConfiguration          : 允许带事务的类为：class mao.aggregate_pay_user_service.controller.AuthorizationControllerV2
2023-02-05 20:53:48.051 DEBUG 2748 --- [main] m.t.d.BaseDatabaseConfiguration          : 允许带事务的类为：class mao.aggregate_pay_user_service.controller.AuthorizationControllerV2
2023-02-05 20:53:48.051 DEBUG 2748 --- [main] m.t.d.BaseDatabaseConfiguration          : 允许带事务的类为：class mao.aggregate_pay_user_service.controller.AuthorizationControllerV2
2023-02-05 20:53:48.051 DEBUG 2748 --- [main] m.t.d.BaseDatabaseConfiguration          : 允许带事务的类为：class mao.aggregate_pay_user_service.controller.AuthorizationControllerV2
2023-02-05 20:53:48.051 DEBUG 2748 --- [main] m.t.d.BaseDatabaseConfiguration          : 允许带事务的类为：class mao.aggregate_pay_user_service.controller.AuthorizationControllerV2
2023-02-05 20:53:48.051 DEBUG 2748 --- [main] m.t.d.BaseDatabaseConfiguration          : 允许带事务的类为：class mao.aggregate_pay_user_service.controller.AuthorizationControllerV2
2023-02-05 20:53:48.051 DEBUG 2748 --- [main] m.t.d.BaseDatabaseConfiguration          : 允许带事务的类为：class mao.aggregate_pay_user_service.controller.AuthorizationControllerV2
2023-02-05 20:53:48.051 DEBUG 2748 --- [main] m.t.d.BaseDatabaseConfiguration          : 允许带事务的类为：class mao.aggregate_pay_user_service.controller.AuthorizationControllerV2
2023-02-05 20:53:48.051 DEBUG 2748 --- [main] m.t.d.BaseDatabaseConfiguration          : 允许带事务的类为：class mao.aggregate_pay_user_service.controller.AuthorizationControllerV2
2023-02-05 20:53:48.051 DEBUG 2748 --- [main] m.t.d.BaseDatabaseConfiguration          : 允许带事务的类为：class mao.aggregate_pay_user_service.controller.AuthorizationControllerV2
2023-02-05 20:53:48.051 DEBUG 2748 --- [main] m.t.d.BaseDatabaseConfiguration          : 允许带事务的类为：class mao.aggregate_pay_user_service.controller.AuthorizationControllerV2
2023-02-05 20:53:48.052 DEBUG 2748 --- [main] m.t.d.BaseDatabaseConfiguration          : 允许带事务的类为：class mao.aggregate_pay_user_service.controller.AuthorizationControllerV2
2023-02-05 20:53:48.052 DEBUG 2748 --- [main] m.t.d.BaseDatabaseConfiguration          : 允许带事务的类为：class mao.aggregate_pay_user_service.controller.AuthorizationControllerV2
2023-02-05 20:53:48.052 DEBUG 2748 --- [main] m.t.d.BaseDatabaseConfiguration          : 允许带事务的类为：class mao.aggregate_pay_user_service.controller.AuthorizationControllerV2
2023-02-05 20:53:48.052 DEBUG 2748 --- [main] m.t.d.BaseDatabaseConfiguration          : 允许带事务的类为：class mao.aggregate_pay_user_service.controller.AuthorizationControllerV2
2023-02-05 20:53:48.052 DEBUG 2748 --- [main] m.t.d.BaseDatabaseConfiguration          : 允许带事务的类为：class mao.aggregate_pay_user_service.controller.AuthorizationControllerV2
2023-02-05 20:53:48.052 DEBUG 2748 --- [main] m.t.d.BaseDatabaseConfiguration          : 允许带事务的类为：class mao.aggregate_pay_user_service.controller.AuthorizationControllerV2
2023-02-05 20:53:48.052 DEBUG 2748 --- [main] m.t.d.BaseDatabaseConfiguration          : 允许带事务的类为：class mao.aggregate_pay_user_service.controller.AuthorizationControllerV2
2023-02-05 20:53:48.052 DEBUG 2748 --- [main] m.t.d.BaseDatabaseConfiguration          : 允许带事务的类为：class mao.aggregate_pay_user_service.controller.AuthorizationControllerV2
2023-02-05 20:53:48.052 DEBUG 2748 --- [main] m.t.d.BaseDatabaseConfiguration          : 允许带事务的类为：class mao.aggregate_pay_user_service.controller.AuthorizationControllerV2
2023-02-05 20:53:48.052 DEBUG 2748 --- [main] m.t.d.BaseDatabaseConfiguration          : 允许带事务的类为：class mao.aggregate_pay_user_service.controller.AuthorizationControllerV2
2023-02-05 20:53:48.052 DEBUG 2748 --- [main] m.t.d.BaseDatabaseConfiguration          : 允许带事务的类为：class mao.aggregate_pay_user_service.controller.AuthorizationControllerV2
2023-02-05 20:53:48.052 DEBUG 2748 --- [main] m.t.d.BaseDatabaseConfiguration          : 允许带事务的类为：class mao.aggregate_pay_user_service.controller.AuthorizationControllerV2
2023-02-05 20:53:48.052 DEBUG 2748 --- [main] m.t.d.BaseDatabaseConfiguration          : 允许带事务的类为：class mao.aggregate_pay_user_service.controller.AuthorizationControllerV2
2023-02-05 20:53:48.053 DEBUG 2748 --- [main] m.t.d.BaseDatabaseConfiguration          : 允许带事务的类为：class mao.aggregate_pay_user_service.controller.AuthorizationControllerV2
2023-02-05 20:53:48.053 DEBUG 2748 --- [main] m.t.d.BaseDatabaseConfiguration          : 允许带事务的类为：class mao.aggregate_pay_user_service.controller.AuthorizationControllerV2
2023-02-05 20:53:48.053 DEBUG 2748 --- [main] m.t.d.BaseDatabaseConfiguration          : 允许带事务的类为：class mao.aggregate_pay_user_service.controller.AuthorizationControllerV2
2023-02-05 20:53:48.053 DEBUG 2748 --- [main] m.t.d.BaseDatabaseConfiguration          : 允许带事务的类为：class mao.aggregate_pay_user_service.controller.AuthorizationControllerV2
2023-02-05 20:53:48.053 DEBUG 2748 --- [main] m.t.d.BaseDatabaseConfiguration          : 允许带事务的类为：class mao.aggregate_pay_user_service.controller.AuthorizationControllerV2
2023-02-05 20:53:48.054 DEBUG 2748 --- [main] m.t.d.BaseDatabaseConfiguration          : 允许带事务的类为：class mao.aggregate_pay_user_service.controller.AuthorizationControllerV2
2023-02-05 20:53:48.054 DEBUG 2748 --- [main] m.t.d.BaseDatabaseConfiguration          : 允许带事务的类为：class mao.aggregate_pay_user_service.controller.AuthorizationControllerV2
2023-02-05 20:53:48.054 DEBUG 2748 --- [main] m.t.d.BaseDatabaseConfiguration          : 允许带事务的类为：class mao.aggregate_pay_user_service.controller.AuthorizationControllerV2
2023-02-05 20:53:48.054 DEBUG 2748 --- [main] m.t.d.BaseDatabaseConfiguration          : 允许带事务的类为：class mao.aggregate_pay_user_service.controller.AuthorizationControllerV2
2023-02-05 20:53:48.054 DEBUG 2748 --- [main] m.t.d.BaseDatabaseConfiguration          : 允许带事务的类为：class mao.aggregate_pay_user_service.controller.AuthorizationControllerV2
2023-02-05 20:53:48.054 DEBUG 2748 --- [main] m.t.d.BaseDatabaseConfiguration          : 允许带事务的类为：class mao.aggregate_pay_user_service.controller.AuthorizationControllerV2
2023-02-05 20:53:48.357 DEBUG 2748 --- [main] m.t.d.BaseDatabaseConfiguration          : 允许带事务的类为：class mao.aggregate_pay_user_service.controller.ResourceController
2023-02-05 20:53:48.359 DEBUG 2748 --- [main] m.t.d.BaseDatabaseConfiguration          : 允许带事务的类为：class mao.aggregate_pay_user_service.controller.ResourceController
2023-02-05 20:53:48.359 DEBUG 2748 --- [main] m.t.d.BaseDatabaseConfiguration          : 允许带事务的类为：class mao.aggregate_pay_user_service.controller.ResourceController
2023-02-05 20:53:48.359 DEBUG 2748 --- [main] m.t.d.BaseDatabaseConfiguration          : 允许带事务的类为：class mao.aggregate_pay_user_service.controller.ResourceController
2023-02-05 20:53:48.359 DEBUG 2748 --- [main] m.t.d.BaseDatabaseConfiguration          : 允许带事务的类为：class mao.aggregate_pay_user_service.controller.ResourceController
2023-02-05 20:53:48.359 DEBUG 2748 --- [main] m.t.d.BaseDatabaseConfiguration          : 允许带事务的类为：class mao.aggregate_pay_user_service.controller.ResourceController
2023-02-05 20:53:48.359 DEBUG 2748 --- [main] m.t.d.BaseDatabaseConfiguration          : 允许带事务的类为：class mao.aggregate_pay_user_service.controller.ResourceController
2023-02-05 20:53:48.359 DEBUG 2748 --- [main] m.t.d.BaseDatabaseConfiguration          : 允许带事务的类为：class mao.aggregate_pay_user_service.controller.ResourceController
2023-02-05 20:53:48.359 DEBUG 2748 --- [main] m.t.d.BaseDatabaseConfiguration          : 允许带事务的类为：class mao.aggregate_pay_user_service.controller.ResourceController
2023-02-05 20:53:48.359 DEBUG 2748 --- [main] m.t.d.BaseDatabaseConfiguration          : 允许带事务的类为：class mao.aggregate_pay_user_service.controller.ResourceController
2023-02-05 20:53:48.359 DEBUG 2748 --- [main] m.t.d.BaseDatabaseConfiguration          : 允许带事务的类为：class mao.aggregate_pay_user_service.controller.ResourceController
2023-02-05 20:53:48.360 DEBUG 2748 --- [main] m.t.d.BaseDatabaseConfiguration          : 允许带事务的类为：class mao.aggregate_pay_user_service.controller.ResourceController
2023-02-05 20:53:48.360 DEBUG 2748 --- [main] m.t.d.BaseDatabaseConfiguration          : 允许带事务的类为：class mao.aggregate_pay_user_service.controller.ResourceController
2023-02-05 20:53:48.360 DEBUG 2748 --- [main] m.t.d.BaseDatabaseConfiguration          : 允许带事务的类为：class mao.aggregate_pay_user_service.controller.ResourceController
2023-02-05 20:53:48.360 DEBUG 2748 --- [main] m.t.d.BaseDatabaseConfiguration          : 允许带事务的类为：class mao.aggregate_pay_user_service.controller.ResourceController
2023-02-05 20:53:48.360 DEBUG 2748 --- [main] m.t.d.BaseDatabaseConfiguration          : 允许带事务的类为：class mao.aggregate_pay_user_service.controller.ResourceController
2023-02-05 20:53:48.360 DEBUG 2748 --- [main] m.t.d.BaseDatabaseConfiguration          : 允许带事务的类为：class mao.aggregate_pay_user_service.controller.ResourceController
2023-02-05 20:53:48.360 DEBUG 2748 --- [main] m.t.d.BaseDatabaseConfiguration          : 允许带事务的类为：class mao.aggregate_pay_user_service.controller.ResourceController
2023-02-05 20:53:48.360 DEBUG 2748 --- [main] m.t.d.BaseDatabaseConfiguration          : 允许带事务的类为：class mao.aggregate_pay_user_service.controller.ResourceController
2023-02-05 20:53:48.360 DEBUG 2748 --- [main] m.t.d.BaseDatabaseConfiguration          : 允许带事务的类为：class mao.aggregate_pay_user_service.controller.ResourceController
2023-02-05 20:53:48.360 DEBUG 2748 --- [main] m.t.d.BaseDatabaseConfiguration          : 允许带事务的类为：class mao.aggregate_pay_user_service.controller.ResourceController
2023-02-05 20:53:48.360 DEBUG 2748 --- [main] m.t.d.BaseDatabaseConfiguration          : 允许带事务的类为：class mao.aggregate_pay_user_service.controller.ResourceController
2023-02-05 20:53:48.360 DEBUG 2748 --- [main] m.t.d.BaseDatabaseConfiguration          : 允许带事务的类为：class mao.aggregate_pay_user_service.controller.ResourceController
2023-02-05 20:53:48.360 DEBUG 2748 --- [main] m.t.d.BaseDatabaseConfiguration          : 允许带事务的类为：class mao.aggregate_pay_user_service.controller.ResourceController
2023-02-05 20:53:48.360 DEBUG 2748 --- [main] m.t.d.BaseDatabaseConfiguration          : 允许带事务的类为：class mao.aggregate_pay_user_service.controller.ResourceController
2023-02-05 20:53:48.360 DEBUG 2748 --- [main] m.t.d.BaseDatabaseConfiguration          : 允许带事务的类为：class mao.aggregate_pay_user_service.controller.ResourceController
2023-02-05 20:53:48.360 DEBUG 2748 --- [main] m.t.d.BaseDatabaseConfiguration          : 允许带事务的类为：class mao.aggregate_pay_user_service.controller.ResourceController
2023-02-05 20:53:48.361 DEBUG 2748 --- [main] m.t.d.BaseDatabaseConfiguration          : 允许带事务的类为：class mao.aggregate_pay_user_service.controller.ResourceController
2023-02-05 20:53:48.361 DEBUG 2748 --- [main] m.t.d.BaseDatabaseConfiguration          : 允许带事务的类为：class mao.aggregate_pay_user_service.controller.ResourceController
2023-02-05 20:53:48.361 DEBUG 2748 --- [main] m.t.d.BaseDatabaseConfiguration          : 允许带事务的类为：class mao.aggregate_pay_user_service.controller.ResourceController
2023-02-05 20:53:48.361 DEBUG 2748 --- [main] m.t.d.BaseDatabaseConfiguration          : 允许带事务的类为：class mao.aggregate_pay_user_service.controller.ResourceController
2023-02-05 20:53:48.361 DEBUG 2748 --- [main] m.t.d.BaseDatabaseConfiguration          : 允许带事务的类为：class mao.aggregate_pay_user_service.controller.ResourceController
2023-02-05 20:53:48.361 DEBUG 2748 --- [main] m.t.d.BaseDatabaseConfiguration          : 允许带事务的类为：class mao.aggregate_pay_user_service.controller.ResourceController
2023-02-05 20:53:48.361 DEBUG 2748 --- [main] m.t.d.BaseDatabaseConfiguration          : 允许带事务的类为：class mao.aggregate_pay_user_service.controller.ResourceController
2023-02-05 20:53:48.369 DEBUG 2748 --- [main] m.t.d.BaseDatabaseConfiguration          : 允许带事务的类为：class mao.aggregate_pay_user_service.controller.ResourceControllerV2
2023-02-05 20:53:48.370 DEBUG 2748 --- [main] m.t.d.BaseDatabaseConfiguration          : 允许带事务的类为：class mao.aggregate_pay_user_service.controller.ResourceControllerV2
2023-02-05 20:53:48.370 DEBUG 2748 --- [main] m.t.d.BaseDatabaseConfiguration          : 允许带事务的类为：class mao.aggregate_pay_user_service.controller.ResourceControllerV2
2023-02-05 20:53:48.370 DEBUG 2748 --- [main] m.t.d.BaseDatabaseConfiguration          : 允许带事务的类为：class mao.aggregate_pay_user_service.controller.ResourceControllerV2
2023-02-05 20:53:48.370 DEBUG 2748 --- [main] m.t.d.BaseDatabaseConfiguration          : 允许带事务的类为：class mao.aggregate_pay_user_service.controller.ResourceControllerV2
2023-02-05 20:53:48.370 DEBUG 2748 --- [main] m.t.d.BaseDatabaseConfiguration          : 允许带事务的类为：class mao.aggregate_pay_user_service.controller.ResourceControllerV2
2023-02-05 20:53:48.370 DEBUG 2748 --- [main] m.t.d.BaseDatabaseConfiguration          : 允许带事务的类为：class mao.aggregate_pay_user_service.controller.ResourceControllerV2
2023-02-05 20:53:48.371 DEBUG 2748 --- [main] m.t.d.BaseDatabaseConfiguration          : 允许带事务的类为：class mao.aggregate_pay_user_service.controller.ResourceControllerV2
2023-02-05 20:53:48.371 DEBUG 2748 --- [main] m.t.d.BaseDatabaseConfiguration          : 允许带事务的类为：class mao.aggregate_pay_user_service.controller.ResourceControllerV2
2023-02-05 20:53:48.371 DEBUG 2748 --- [main] m.t.d.BaseDatabaseConfiguration          : 允许带事务的类为：class mao.aggregate_pay_user_service.controller.ResourceControllerV2
2023-02-05 20:53:48.371 DEBUG 2748 --- [main] m.t.d.BaseDatabaseConfiguration          : 允许带事务的类为：class mao.aggregate_pay_user_service.controller.ResourceControllerV2
2023-02-05 20:53:48.371 DEBUG 2748 --- [main] m.t.d.BaseDatabaseConfiguration          : 允许带事务的类为：class mao.aggregate_pay_user_service.controller.ResourceControllerV2
2023-02-05 20:53:48.371 DEBUG 2748 --- [main] m.t.d.BaseDatabaseConfiguration          : 允许带事务的类为：class mao.aggregate_pay_user_service.controller.ResourceControllerV2
2023-02-05 20:53:48.371 DEBUG 2748 --- [main] m.t.d.BaseDatabaseConfiguration          : 允许带事务的类为：class mao.aggregate_pay_user_service.controller.ResourceControllerV2
2023-02-05 20:53:48.371 DEBUG 2748 --- [main] m.t.d.BaseDatabaseConfiguration          : 允许带事务的类为：class mao.aggregate_pay_user_service.controller.ResourceControllerV2
2023-02-05 20:53:48.371 DEBUG 2748 --- [main] m.t.d.BaseDatabaseConfiguration          : 允许带事务的类为：class mao.aggregate_pay_user_service.controller.ResourceControllerV2
2023-02-05 20:53:48.371 DEBUG 2748 --- [main] m.t.d.BaseDatabaseConfiguration          : 允许带事务的类为：class mao.aggregate_pay_user_service.controller.ResourceControllerV2
2023-02-05 20:53:48.371 DEBUG 2748 --- [main] m.t.d.BaseDatabaseConfiguration          : 允许带事务的类为：class mao.aggregate_pay_user_service.controller.ResourceControllerV2
2023-02-05 20:53:48.371 DEBUG 2748 --- [main] m.t.d.BaseDatabaseConfiguration          : 允许带事务的类为：class mao.aggregate_pay_user_service.controller.ResourceControllerV2
2023-02-05 20:53:48.371 DEBUG 2748 --- [main] m.t.d.BaseDatabaseConfiguration          : 允许带事务的类为：class mao.aggregate_pay_user_service.controller.ResourceControllerV2
2023-02-05 20:53:48.371 DEBUG 2748 --- [main] m.t.d.BaseDatabaseConfiguration          : 允许带事务的类为：class mao.aggregate_pay_user_service.controller.ResourceControllerV2
2023-02-05 20:53:48.371 DEBUG 2748 --- [main] m.t.d.BaseDatabaseConfiguration          : 允许带事务的类为：class mao.aggregate_pay_user_service.controller.ResourceControllerV2
2023-02-05 20:53:48.371 DEBUG 2748 --- [main] m.t.d.BaseDatabaseConfiguration          : 允许带事务的类为：class mao.aggregate_pay_user_service.controller.ResourceControllerV2
2023-02-05 20:53:48.372 DEBUG 2748 --- [main] m.t.d.BaseDatabaseConfiguration          : 允许带事务的类为：class mao.aggregate_pay_user_service.controller.ResourceControllerV2
2023-02-05 20:53:48.372 DEBUG 2748 --- [main] m.t.d.BaseDatabaseConfiguration          : 允许带事务的类为：class mao.aggregate_pay_user_service.controller.ResourceControllerV2
2023-02-05 20:53:48.372 DEBUG 2748 --- [main] m.t.d.BaseDatabaseConfiguration          : 允许带事务的类为：class mao.aggregate_pay_user_service.controller.ResourceControllerV2
2023-02-05 20:53:48.373 DEBUG 2748 --- [main] m.t.d.BaseDatabaseConfiguration          : 允许带事务的类为：class mao.aggregate_pay_user_service.controller.ResourceControllerV2
2023-02-05 20:53:48.373 DEBUG 2748 --- [main] m.t.d.BaseDatabaseConfiguration          : 允许带事务的类为：class mao.aggregate_pay_user_service.controller.ResourceControllerV2
2023-02-05 20:53:48.373 DEBUG 2748 --- [main] m.t.d.BaseDatabaseConfiguration          : 允许带事务的类为：class mao.aggregate_pay_user_service.controller.ResourceControllerV2
2023-02-05 20:53:48.373 DEBUG 2748 --- [main] m.t.d.BaseDatabaseConfiguration          : 允许带事务的类为：class mao.aggregate_pay_user_service.controller.ResourceControllerV2
2023-02-05 20:53:48.373 DEBUG 2748 --- [main] m.t.d.BaseDatabaseConfiguration          : 允许带事务的类为：class mao.aggregate_pay_user_service.controller.ResourceControllerV2
2023-02-05 20:53:48.373 DEBUG 2748 --- [main] m.t.d.BaseDatabaseConfiguration          : 允许带事务的类为：class mao.aggregate_pay_user_service.controller.ResourceControllerV2
2023-02-05 20:53:48.374 DEBUG 2748 --- [main] m.t.d.BaseDatabaseConfiguration          : 允许带事务的类为：class mao.aggregate_pay_user_service.controller.ResourceControllerV2
2023-02-05 20:53:48.374 DEBUG 2748 --- [main] m.t.d.BaseDatabaseConfiguration          : 允许带事务的类为：class mao.aggregate_pay_user_service.controller.ResourceControllerV2
2023-02-05 20:53:49.136 DEBUG 2748 --- [main] m.t.d.BaseDatabaseConfiguration          : 允许带事务的类为：class mao.aggregate_pay_user_service.controller.TenantController
2023-02-05 20:53:49.137 DEBUG 2748 --- [main] m.t.d.BaseDatabaseConfiguration          : 允许带事务的类为：class mao.aggregate_pay_user_service.controller.TenantController
2023-02-05 20:53:49.137 DEBUG 2748 --- [main] m.t.d.BaseDatabaseConfiguration          : 允许带事务的类为：class mao.aggregate_pay_user_service.controller.TenantController
2023-02-05 20:53:49.137 DEBUG 2748 --- [main] m.t.d.BaseDatabaseConfiguration          : 允许带事务的类为：class mao.aggregate_pay_user_service.controller.TenantController
2023-02-05 20:53:49.137 DEBUG 2748 --- [main] m.t.d.BaseDatabaseConfiguration          : 允许带事务的类为：class mao.aggregate_pay_user_service.controller.TenantController
2023-02-05 20:53:49.137 DEBUG 2748 --- [main] m.t.d.BaseDatabaseConfiguration          : 允许带事务的类为：class mao.aggregate_pay_user_service.controller.TenantController
2023-02-05 20:53:49.137 DEBUG 2748 --- [main] m.t.d.BaseDatabaseConfiguration          : 允许带事务的类为：class mao.aggregate_pay_user_service.controller.TenantController
2023-02-05 20:53:49.137 DEBUG 2748 --- [main] m.t.d.BaseDatabaseConfiguration          : 允许带事务的类为：class mao.aggregate_pay_user_service.controller.TenantController
2023-02-05 20:53:49.137 DEBUG 2748 --- [main] m.t.d.BaseDatabaseConfiguration          : 允许带事务的类为：class mao.aggregate_pay_user_service.controller.TenantController
2023-02-05 20:53:49.138 DEBUG 2748 --- [main] m.t.d.BaseDatabaseConfiguration          : 允许带事务的类为：class mao.aggregate_pay_user_service.controller.TenantController
2023-02-05 20:53:49.138 DEBUG 2748 --- [main] m.t.d.BaseDatabaseConfiguration          : 允许带事务的类为：class mao.aggregate_pay_user_service.controller.TenantController
2023-02-05 20:53:49.138 DEBUG 2748 --- [main] m.t.d.BaseDatabaseConfiguration          : 允许带事务的类为：class mao.aggregate_pay_user_service.controller.TenantController
2023-02-05 20:53:49.138 DEBUG 2748 --- [main] m.t.d.BaseDatabaseConfiguration          : 允许带事务的类为：class mao.aggregate_pay_user_service.controller.TenantController
2023-02-05 20:53:49.138 DEBUG 2748 --- [main] m.t.d.BaseDatabaseConfiguration          : 允许带事务的类为：class mao.aggregate_pay_user_service.controller.TenantController
2023-02-05 20:53:49.138 DEBUG 2748 --- [main] m.t.d.BaseDatabaseConfiguration          : 允许带事务的类为：class mao.aggregate_pay_user_service.controller.TenantController
2023-02-05 20:53:49.138 DEBUG 2748 --- [main] m.t.d.BaseDatabaseConfiguration          : 允许带事务的类为：class mao.aggregate_pay_user_service.controller.TenantController
2023-02-05 20:53:49.138 DEBUG 2748 --- [main] m.t.d.BaseDatabaseConfiguration          : 允许带事务的类为：class mao.aggregate_pay_user_service.controller.TenantController
2023-02-05 20:53:49.138 DEBUG 2748 --- [main] m.t.d.BaseDatabaseConfiguration          : 允许带事务的类为：class mao.aggregate_pay_user_service.controller.TenantController
2023-02-05 20:53:49.138 DEBUG 2748 --- [main] m.t.d.BaseDatabaseConfiguration          : 允许带事务的类为：class mao.aggregate_pay_user_service.controller.TenantController
2023-02-05 20:53:49.138 DEBUG 2748 --- [main] m.t.d.BaseDatabaseConfiguration          : 允许带事务的类为：class mao.aggregate_pay_user_service.controller.TenantController
2023-02-05 20:53:49.138 DEBUG 2748 --- [main] m.t.d.BaseDatabaseConfiguration          : 允许带事务的类为：class mao.aggregate_pay_user_service.controller.TenantController
2023-02-05 20:53:49.138 DEBUG 2748 --- [main] m.t.d.BaseDatabaseConfiguration          : 允许带事务的类为：class mao.aggregate_pay_user_service.controller.TenantController
2023-02-05 20:53:49.138 DEBUG 2748 --- [main] m.t.d.BaseDatabaseConfiguration          : 允许带事务的类为：class mao.aggregate_pay_user_service.controller.TenantController
2023-02-05 20:53:49.138 DEBUG 2748 --- [main] m.t.d.BaseDatabaseConfiguration          : 允许带事务的类为：class mao.aggregate_pay_user_service.controller.TenantController
2023-02-05 20:53:49.138 DEBUG 2748 --- [main] m.t.d.BaseDatabaseConfiguration          : 允许带事务的类为：class mao.aggregate_pay_user_service.controller.TenantController
2023-02-05 20:53:49.138 DEBUG 2748 --- [main] m.t.d.BaseDatabaseConfiguration          : 允许带事务的类为：class mao.aggregate_pay_user_service.controller.TenantController
2023-02-05 20:53:49.138 DEBUG 2748 --- [main] m.t.d.BaseDatabaseConfiguration          : 允许带事务的类为：class mao.aggregate_pay_user_service.controller.TenantController
2023-02-05 20:53:49.138 DEBUG 2748 --- [main] m.t.d.BaseDatabaseConfiguration          : 允许带事务的类为：class mao.aggregate_pay_user_service.controller.TenantController
2023-02-05 20:53:49.138 DEBUG 2748 --- [main] m.t.d.BaseDatabaseConfiguration          : 允许带事务的类为：class mao.aggregate_pay_user_service.controller.TenantController
2023-02-05 20:53:49.138 DEBUG 2748 --- [main] m.t.d.BaseDatabaseConfiguration          : 允许带事务的类为：class mao.aggregate_pay_user_service.controller.TenantController
2023-02-05 20:53:49.138 DEBUG 2748 --- [main] m.t.d.BaseDatabaseConfiguration          : 允许带事务的类为：class mao.aggregate_pay_user_service.controller.TenantController
2023-02-05 20:53:49.138 DEBUG 2748 --- [main] m.t.d.BaseDatabaseConfiguration          : 允许带事务的类为：class mao.aggregate_pay_user_service.controller.TenantController
2023-02-05 20:53:49.138 DEBUG 2748 --- [main] m.t.d.BaseDatabaseConfiguration          : 允许带事务的类为：class mao.aggregate_pay_user_service.controller.TenantController
2023-02-05 20:53:49.138 DEBUG 2748 --- [main] m.t.d.BaseDatabaseConfiguration          : 允许带事务的类为：class mao.aggregate_pay_user_service.controller.TenantController
2023-02-05 20:53:49.138 DEBUG 2748 --- [main] m.t.d.BaseDatabaseConfiguration          : 允许带事务的类为：class mao.aggregate_pay_user_service.controller.TenantController
2023-02-05 20:53:49.138 DEBUG 2748 --- [main] m.t.d.BaseDatabaseConfiguration          : 允许带事务的类为：class mao.aggregate_pay_user_service.controller.TenantController
2023-02-05 20:53:49.138 DEBUG 2748 --- [main] m.t.d.BaseDatabaseConfiguration          : 允许带事务的类为：class mao.aggregate_pay_user_service.controller.TenantController
2023-02-05 20:53:49.138 DEBUG 2748 --- [main] m.t.d.BaseDatabaseConfiguration          : 允许带事务的类为：class mao.aggregate_pay_user_service.controller.TenantController
2023-02-05 20:53:49.138 DEBUG 2748 --- [main] m.t.d.BaseDatabaseConfiguration          : 允许带事务的类为：class mao.aggregate_pay_user_service.controller.TenantController
2023-02-05 20:53:49.139 DEBUG 2748 --- [main] m.t.d.BaseDatabaseConfiguration          : 允许带事务的类为：class mao.aggregate_pay_user_service.controller.TenantController
2023-02-05 20:53:49.139 DEBUG 2748 --- [main] m.t.d.BaseDatabaseConfiguration          : 允许带事务的类为：class mao.aggregate_pay_user_service.controller.TenantController
2023-02-05 20:53:49.139 DEBUG 2748 --- [main] m.t.d.BaseDatabaseConfiguration          : 允许带事务的类为：class mao.aggregate_pay_user_service.controller.TenantController
2023-02-05 20:53:49.139 DEBUG 2748 --- [main] m.t.d.BaseDatabaseConfiguration          : 允许带事务的类为：class mao.aggregate_pay_user_service.controller.TenantController
2023-02-05 20:53:49.139 DEBUG 2748 --- [main] m.t.d.BaseDatabaseConfiguration          : 允许带事务的类为：class mao.aggregate_pay_user_service.controller.TenantController
2023-02-05 20:53:49.139 DEBUG 2748 --- [main] m.t.d.BaseDatabaseConfiguration          : 允许带事务的类为：class mao.aggregate_pay_user_service.controller.TenantController
2023-02-05 20:53:49.139 DEBUG 2748 --- [main] m.t.d.BaseDatabaseConfiguration          : 允许带事务的类为：class mao.aggregate_pay_user_service.controller.TenantController
2023-02-05 20:53:49.139 DEBUG 2748 --- [main] m.t.d.BaseDatabaseConfiguration          : 允许带事务的类为：class mao.aggregate_pay_user_service.controller.TenantController
2023-02-05 20:53:49.139 DEBUG 2748 --- [main] m.t.d.BaseDatabaseConfiguration          : 允许带事务的类为：class mao.aggregate_pay_user_service.controller.TenantController
2023-02-05 20:53:49.139 DEBUG 2748 --- [main] m.t.d.BaseDatabaseConfiguration          : 允许带事务的类为：class mao.aggregate_pay_user_service.controller.TenantController
2023-02-05 20:53:49.139 DEBUG 2748 --- [main] m.t.d.BaseDatabaseConfiguration          : 允许带事务的类为：class mao.aggregate_pay_user_service.controller.TenantController
2023-02-05 20:53:49.139 DEBUG 2748 --- [main] m.t.d.BaseDatabaseConfiguration          : 允许带事务的类为：class mao.aggregate_pay_user_service.controller.TenantController
2023-02-05 20:53:49.148 DEBUG 2748 --- [main] m.t.d.BaseDatabaseConfiguration          : 允许带事务的类为：class mao.aggregate_pay_user_service.controller.TenantControllerV2
2023-02-05 20:53:49.149 DEBUG 2748 --- [main] m.t.d.BaseDatabaseConfiguration          : 允许带事务的类为：class mao.aggregate_pay_user_service.controller.TenantControllerV2
2023-02-05 20:53:49.149 DEBUG 2748 --- [main] m.t.d.BaseDatabaseConfiguration          : 允许带事务的类为：class mao.aggregate_pay_user_service.controller.TenantControllerV2
2023-02-05 20:53:49.149 DEBUG 2748 --- [main] m.t.d.BaseDatabaseConfiguration          : 允许带事务的类为：class mao.aggregate_pay_user_service.controller.TenantControllerV2
2023-02-05 20:53:49.149 DEBUG 2748 --- [main] m.t.d.BaseDatabaseConfiguration          : 允许带事务的类为：class mao.aggregate_pay_user_service.controller.TenantControllerV2
2023-02-05 20:53:49.149 DEBUG 2748 --- [main] m.t.d.BaseDatabaseConfiguration          : 允许带事务的类为：class mao.aggregate_pay_user_service.controller.TenantControllerV2
2023-02-05 20:53:49.149 DEBUG 2748 --- [main] m.t.d.BaseDatabaseConfiguration          : 允许带事务的类为：class mao.aggregate_pay_user_service.controller.TenantControllerV2
2023-02-05 20:53:49.149 DEBUG 2748 --- [main] m.t.d.BaseDatabaseConfiguration          : 允许带事务的类为：class mao.aggregate_pay_user_service.controller.TenantControllerV2
2023-02-05 20:53:49.150 DEBUG 2748 --- [main] m.t.d.BaseDatabaseConfiguration          : 允许带事务的类为：class mao.aggregate_pay_user_service.controller.TenantControllerV2
2023-02-05 20:53:49.150 DEBUG 2748 --- [main] m.t.d.BaseDatabaseConfiguration          : 允许带事务的类为：class mao.aggregate_pay_user_service.controller.TenantControllerV2
2023-02-05 20:53:49.150 DEBUG 2748 --- [main] m.t.d.BaseDatabaseConfiguration          : 允许带事务的类为：class mao.aggregate_pay_user_service.controller.TenantControllerV2
2023-02-05 20:53:49.150 DEBUG 2748 --- [main] m.t.d.BaseDatabaseConfiguration          : 允许带事务的类为：class mao.aggregate_pay_user_service.controller.TenantControllerV2
2023-02-05 20:53:49.150 DEBUG 2748 --- [main] m.t.d.BaseDatabaseConfiguration          : 允许带事务的类为：class mao.aggregate_pay_user_service.controller.TenantControllerV2
2023-02-05 20:53:49.150 DEBUG 2748 --- [main] m.t.d.BaseDatabaseConfiguration          : 允许带事务的类为：class mao.aggregate_pay_user_service.controller.TenantControllerV2
2023-02-05 20:53:49.150 DEBUG 2748 --- [main] m.t.d.BaseDatabaseConfiguration          : 允许带事务的类为：class mao.aggregate_pay_user_service.controller.TenantControllerV2
2023-02-05 20:53:49.150 DEBUG 2748 --- [main] m.t.d.BaseDatabaseConfiguration          : 允许带事务的类为：class mao.aggregate_pay_user_service.controller.TenantControllerV2
2023-02-05 20:53:49.150 DEBUG 2748 --- [main] m.t.d.BaseDatabaseConfiguration          : 允许带事务的类为：class mao.aggregate_pay_user_service.controller.TenantControllerV2
2023-02-05 20:53:49.150 DEBUG 2748 --- [main] m.t.d.BaseDatabaseConfiguration          : 允许带事务的类为：class mao.aggregate_pay_user_service.controller.TenantControllerV2
2023-02-05 20:53:49.150 DEBUG 2748 --- [main] m.t.d.BaseDatabaseConfiguration          : 允许带事务的类为：class mao.aggregate_pay_user_service.controller.TenantControllerV2
2023-02-05 20:53:49.150 DEBUG 2748 --- [main] m.t.d.BaseDatabaseConfiguration          : 允许带事务的类为：class mao.aggregate_pay_user_service.controller.TenantControllerV2
2023-02-05 20:53:49.150 DEBUG 2748 --- [main] m.t.d.BaseDatabaseConfiguration          : 允许带事务的类为：class mao.aggregate_pay_user_service.controller.TenantControllerV2
2023-02-05 20:53:49.150 DEBUG 2748 --- [main] m.t.d.BaseDatabaseConfiguration          : 允许带事务的类为：class mao.aggregate_pay_user_service.controller.TenantControllerV2
2023-02-05 20:53:49.150 DEBUG 2748 --- [main] m.t.d.BaseDatabaseConfiguration          : 允许带事务的类为：class mao.aggregate_pay_user_service.controller.TenantControllerV2
2023-02-05 20:53:49.150 DEBUG 2748 --- [main] m.t.d.BaseDatabaseConfiguration          : 允许带事务的类为：class mao.aggregate_pay_user_service.controller.TenantControllerV2
2023-02-05 20:53:49.150 DEBUG 2748 --- [main] m.t.d.BaseDatabaseConfiguration          : 允许带事务的类为：class mao.aggregate_pay_user_service.controller.TenantControllerV2
2023-02-05 20:53:49.150 DEBUG 2748 --- [main] m.t.d.BaseDatabaseConfiguration          : 允许带事务的类为：class mao.aggregate_pay_user_service.controller.TenantControllerV2
2023-02-05 20:53:49.151 DEBUG 2748 --- [main] m.t.d.BaseDatabaseConfiguration          : 允许带事务的类为：class mao.aggregate_pay_user_service.controller.TenantControllerV2
2023-02-05 20:53:49.151 DEBUG 2748 --- [main] m.t.d.BaseDatabaseConfiguration          : 允许带事务的类为：class mao.aggregate_pay_user_service.controller.TenantControllerV2
2023-02-05 20:53:49.152 DEBUG 2748 --- [main] m.t.d.BaseDatabaseConfiguration          : 允许带事务的类为：class mao.aggregate_pay_user_service.controller.TenantControllerV2
2023-02-05 20:53:49.152 DEBUG 2748 --- [main] m.t.d.BaseDatabaseConfiguration          : 允许带事务的类为：class mao.aggregate_pay_user_service.controller.TenantControllerV2
2023-02-05 20:53:49.152 DEBUG 2748 --- [main] m.t.d.BaseDatabaseConfiguration          : 允许带事务的类为：class mao.aggregate_pay_user_service.controller.TenantControllerV2
2023-02-05 20:53:49.152 DEBUG 2748 --- [main] m.t.d.BaseDatabaseConfiguration          : 允许带事务的类为：class mao.aggregate_pay_user_service.controller.TenantControllerV2
2023-02-05 20:53:49.152 DEBUG 2748 --- [main] m.t.d.BaseDatabaseConfiguration          : 允许带事务的类为：class mao.aggregate_pay_user_service.controller.TenantControllerV2
2023-02-05 20:53:49.152 DEBUG 2748 --- [main] m.t.d.BaseDatabaseConfiguration          : 允许带事务的类为：class mao.aggregate_pay_user_service.controller.TenantControllerV2
2023-02-05 20:53:49.152 DEBUG 2748 --- [main] m.t.d.BaseDatabaseConfiguration          : 允许带事务的类为：class mao.aggregate_pay_user_service.controller.TenantControllerV2
2023-02-05 20:53:49.152 DEBUG 2748 --- [main] m.t.d.BaseDatabaseConfiguration          : 允许带事务的类为：class mao.aggregate_pay_user_service.controller.TenantControllerV2
2023-02-05 20:53:49.152 DEBUG 2748 --- [main] m.t.d.BaseDatabaseConfiguration          : 允许带事务的类为：class mao.aggregate_pay_user_service.controller.TenantControllerV2
2023-02-05 20:53:49.152 DEBUG 2748 --- [main] m.t.d.BaseDatabaseConfiguration          : 允许带事务的类为：class mao.aggregate_pay_user_service.controller.TenantControllerV2
2023-02-05 20:53:49.152 DEBUG 2748 --- [main] m.t.d.BaseDatabaseConfiguration          : 允许带事务的类为：class mao.aggregate_pay_user_service.controller.TenantControllerV2
2023-02-05 20:53:49.152 DEBUG 2748 --- [main] m.t.d.BaseDatabaseConfiguration          : 允许带事务的类为：class mao.aggregate_pay_user_service.controller.TenantControllerV2
2023-02-05 20:53:49.152 DEBUG 2748 --- [main] m.t.d.BaseDatabaseConfiguration          : 允许带事务的类为：class mao.aggregate_pay_user_service.controller.TenantControllerV2
2023-02-05 20:53:49.152 DEBUG 2748 --- [main] m.t.d.BaseDatabaseConfiguration          : 允许带事务的类为：class mao.aggregate_pay_user_service.controller.TenantControllerV2
2023-02-05 20:53:49.152 DEBUG 2748 --- [main] m.t.d.BaseDatabaseConfiguration          : 允许带事务的类为：class mao.aggregate_pay_user_service.controller.TenantControllerV2
2023-02-05 20:53:49.152 DEBUG 2748 --- [main] m.t.d.BaseDatabaseConfiguration          : 允许带事务的类为：class mao.aggregate_pay_user_service.controller.TenantControllerV2
2023-02-05 20:53:49.152 DEBUG 2748 --- [main] m.t.d.BaseDatabaseConfiguration          : 允许带事务的类为：class mao.aggregate_pay_user_service.controller.TenantControllerV2
2023-02-05 20:53:49.152 DEBUG 2748 --- [main] m.t.d.BaseDatabaseConfiguration          : 允许带事务的类为：class mao.aggregate_pay_user_service.controller.TenantControllerV2
2023-02-05 20:53:49.152 DEBUG 2748 --- [main] m.t.d.BaseDatabaseConfiguration          : 允许带事务的类为：class mao.aggregate_pay_user_service.controller.TenantControllerV2
2023-02-05 20:53:49.152 DEBUG 2748 --- [main] m.t.d.BaseDatabaseConfiguration          : 允许带事务的类为：class mao.aggregate_pay_user_service.controller.TenantControllerV2
2023-02-05 20:53:49.152 DEBUG 2748 --- [main] m.t.d.BaseDatabaseConfiguration          : 允许带事务的类为：class mao.aggregate_pay_user_service.controller.TenantControllerV2
2023-02-05 20:53:49.153 DEBUG 2748 --- [main] m.t.d.BaseDatabaseConfiguration          : 允许带事务的类为：class mao.aggregate_pay_user_service.controller.TenantControllerV2
2023-02-05 20:53:49.153 DEBUG 2748 --- [main] m.t.d.BaseDatabaseConfiguration          : 允许带事务的类为：class mao.aggregate_pay_user_service.controller.TenantControllerV2
2023-02-05 20:53:50.047  INFO 2748 --- [main] com.alibaba.nacos.client.naming          : initializer namespace from System Property :null
2023-02-05 20:53:50.048  INFO 2748 --- [main] com.alibaba.nacos.client.naming          : initializer namespace from System Environment :null
2023-02-05 20:53:50.048  INFO 2748 --- [main] com.alibaba.nacos.client.naming          : initializer namespace from System Property :null
2023-02-05 20:53:50.119  INFO 2748 --- [main] m.t.config.RedissonConfig                : 初始化 RedissonConfig
2023-02-05 20:53:50.121  INFO 2748 --- [main] m.t.config.RedissonConfig                : 单机模式redis:127.0.0.1:6379
2023-02-05 20:53:50.784  INFO 2748 --- [main] org.redisson.Version                     : Redisson 3.17.0
2023-02-05 20:53:52.497  INFO 2748 --- [redisson-netty-2-21] o.r.c.pool.MasterPubSubConnectionPool    : 1 connections initialized for 127.0.0.1/127.0.0.1:6379
2023-02-05 20:53:52.524  INFO 2748 --- [redisson-netty-2-19] o.r.c.pool.MasterConnectionPool          : 24 connections initialized for 127.0.0.1/127.0.0.1:6379
2023-02-05 20:53:52.792  INFO 2748 --- [main] o.s.b.a.e.web.EndpointLinksResolver      : Exposing 4 endpoint(s) beneath base path '/actuator'
2023-02-05 20:53:52.906  WARN 2748 --- [main] c.n.c.sources.URLConfigurationSource     : No URLs will be polled as dynamic configuration sources.
2023-02-05 20:53:52.906  INFO 2748 --- [main] c.n.c.sources.URLConfigurationSource     : To enable URLs as dynamic configuration sources, define System property archaius.configurationSource.additionalUrls or make config.properties available on classpath.
2023-02-05 20:53:52.910  WARN 2748 --- [main] c.n.c.sources.URLConfigurationSource     : No URLs will be polled as dynamic configuration sources.
2023-02-05 20:53:52.910  INFO 2748 --- [main] c.n.c.sources.URLConfigurationSource     : To enable URLs as dynamic configuration sources, define System property archaius.configurationSource.additionalUrls or make config.properties available on classpath.
2023-02-05 20:53:52.992  INFO 2748 --- [main] o.s.s.concurrent.ThreadPoolTaskExecutor  : Initializing ExecutorService 'applicationTaskExecutor'
2023-02-05 20:53:53.092  INFO 2748 --- [main] o.s.s.c.ThreadPoolTaskScheduler          : Initializing ExecutorService 'Nacos-Watch-Task-Scheduler'
2023-02-05 20:53:53.106  INFO 2748 --- [main] m.t.config.RedisLockServiceConfig        : 初始化 RedisLockServiceConfig
2023-02-05 20:53:53.225  INFO 2748 --- [main] m.t.config.RedisUtilsConfig              : 初始化 RedisUtilsConfig
2023-02-05 20:53:53.249  INFO 2748 --- [main] pertySourcedRequestMappingHandlerMapping : Mapped URL path [/v2/api-docs] onto method [springfox.documentation.swagger2.web.Swagger2Controller#getDocumentation(String, HttpServletRequest)]
2023-02-05 20:53:53.261  INFO 2748 --- [main] m.t.config.SwaggerAutoConfiguration      : 初始化swagger接口文档
2023-02-05 20:53:53.261  INFO 2748 --- [main] m.t.config.SwaggerAutoConfiguration      : 
title：在线文档
group：
description：在线文档
version：1.0
contact：Contact{name='', url='', email=''}
basePackage：
basePath：[]
excludePath：[]
docket：{aggregate_pay=DocketInfo{title='用户服务', group='', description='在线文档', version='1.0', contact=Contact{name='', url='', email=''}, basePackage='mao.aggregate_pay_user_service', basePath=[], excludePath=[]}}

2023-02-05 20:53:54.211  INFO 2748 --- [main] com.alibaba.nacos.client.naming          : new ips(1) service: DEFAULT_GROUP@@aggregate-pay-user-service@@DEFAULT -> [{"instanceId":"192.168.3.143#28692#DEFAULT#DEFAULT_GROUP@@aggregate-pay-user-service","ip":"192.168.3.143","port":28692,"weight":1.0,"healthy":true,"enabled":true,"ephemeral":false,"clusterName":"DEFAULT","serviceName":"DEFAULT_GROUP@@aggregate-pay-user-service","metadata":{"preserved.register.source":"SPRING_CLOUD","management.endpoints.web.base-path":"/actuator","management.context-path":"/user/actuator"},"instanceHeartBeatInterval":5000,"ipDeleteTimeout":30000,"instanceHeartBeatTimeOut":15000}]
2023-02-05 20:53:54.223  INFO 2748 --- [main] com.alibaba.nacos.client.naming          : current ips:(1) service: DEFAULT_GROUP@@aggregate-pay-user-service@@DEFAULT -> [{"instanceId":"192.168.3.143#28692#DEFAULT#DEFAULT_GROUP@@aggregate-pay-user-service","ip":"192.168.3.143","port":28692,"weight":1.0,"healthy":true,"enabled":true,"ephemeral":false,"clusterName":"DEFAULT","serviceName":"DEFAULT_GROUP@@aggregate-pay-user-service","metadata":{"preserved.register.source":"SPRING_CLOUD","management.endpoints.web.base-path":"/actuator","management.context-path":"/user/actuator"},"instanceHeartBeatInterval":5000,"ipDeleteTimeout":30000,"instanceHeartBeatTimeOut":15000}]
2023-02-05 20:53:54.226  INFO 2748 --- [main] d.s.w.p.DocumentationPluginsBootstrapper : Context refreshed
2023-02-05 20:53:54.261  INFO 2748 --- [main] d.s.w.p.DocumentationPluginsBootstrapper : Found 1 custom documentation plugin(s)
2023-02-05 20:53:54.334  INFO 2748 --- [main] s.d.s.w.s.ApiListingReferenceScanner     : Scanning for api listing references
2023-02-05 20:53:54.495  INFO 2748 --- [main] .d.s.w.r.o.CachingOperationNameGenerator : Generating unique operation named: queryRoleUsingGET_1
2023-02-05 20:53:54.522  INFO 2748 --- [main] .d.s.w.r.o.CachingOperationNameGenerator : Generating unique operation named: authorizeUsingGET_1
2023-02-05 20:53:54.529  INFO 2748 --- [main] .d.s.w.r.o.CachingOperationNameGenerator : Generating unique operation named: bindAccountRoleUsingPOST_1
2023-02-05 20:53:54.534  INFO 2748 --- [main] .d.s.w.r.o.CachingOperationNameGenerator : Generating unique operation named: createRoleUsingPOST_1
2023-02-05 20:53:54.536  INFO 2748 --- [main] .d.s.w.r.o.CachingOperationNameGenerator : Generating unique operation named: modifyRoleUsingPUT_1
2023-02-05 20:53:54.543  INFO 2748 --- [main] .d.s.w.r.o.CachingOperationNameGenerator : Generating unique operation named: queryPrivilegeUsingGET_1
2023-02-05 20:53:54.545  INFO 2748 --- [main] .d.s.w.r.o.CachingOperationNameGenerator : Generating unique operation named: queryPrivilegeByGroupIdUsingGET_1
2023-02-05 20:53:54.553  INFO 2748 --- [main] .d.s.w.r.o.CachingOperationNameGenerator : Generating unique operation named: queryPrivilegeTreeUsingGET_1
2023-02-05 20:53:54.559  INFO 2748 --- [main] .d.s.w.r.o.CachingOperationNameGenerator : Generating unique operation named: queryRoleUsingGET_2
2023-02-05 20:53:54.561  INFO 2748 --- [main] .d.s.w.r.o.CachingOperationNameGenerator : Generating unique operation named: queryRoleUsingGET_3
2023-02-05 20:53:54.567  INFO 2748 --- [main] .d.s.w.r.o.CachingOperationNameGenerator : Generating unique operation named: queryTenantRoleUsingGET_1
2023-02-05 20:53:54.570  INFO 2748 --- [main] .d.s.w.r.o.CachingOperationNameGenerator : Generating unique operation named: removeRoleUsingDELETE_1
2023-02-05 20:53:54.572  INFO 2748 --- [main] .d.s.w.r.o.CachingOperationNameGenerator : Generating unique operation named: roleBindPrivilegeUsingPUT_1
2023-02-05 20:53:54.574  INFO 2748 --- [main] .d.s.w.r.o.CachingOperationNameGenerator : Generating unique operation named: unbindAccountRoleUsingPUT_1
2023-02-05 20:53:54.614  INFO 2748 --- [main] .d.s.w.r.o.CachingOperationNameGenerator : Generating unique operation named: createApplicationUsingPOST_1
2023-02-05 20:53:54.619  INFO 2748 --- [main] .d.s.w.r.o.CachingOperationNameGenerator : Generating unique operation named: loadResourcesUsingGET_1
2023-02-05 20:53:54.624  INFO 2748 --- [main] .d.s.w.r.o.CachingOperationNameGenerator : Generating unique operation named: loadResourcesUsingPOST_1
2023-02-05 20:53:54.627  INFO 2748 --- [main] .d.s.w.r.o.CachingOperationNameGenerator : Generating unique operation named: modifyApplicationUsingPUT_1
2023-02-05 20:53:54.633  INFO 2748 --- [main] .d.s.w.r.o.CachingOperationNameGenerator : Generating unique operation named: pageApplicationByConditionsUsingPOST_1
2023-02-05 20:53:54.637  INFO 2748 --- [main] .d.s.w.r.o.CachingOperationNameGenerator : Generating unique operation named: queryApplicationUsingGET_1
2023-02-05 20:53:54.643  INFO 2748 --- [main] .d.s.w.r.o.CachingOperationNameGenerator : Generating unique operation named: queryMenuUsingPOST_1
2023-02-05 20:53:54.646  INFO 2748 --- [main] .d.s.w.r.o.CachingOperationNameGenerator : Generating unique operation named: queryMenuUsingGET_1
2023-02-05 20:53:54.650  INFO 2748 --- [main] .d.s.w.r.o.CachingOperationNameGenerator : Generating unique operation named: queryMenuByApplicationCodeUsingGET_1
2023-02-05 20:53:54.651  INFO 2748 --- [main] .d.s.w.r.o.CachingOperationNameGenerator : Generating unique operation named: queryMenuByPrivilegesUsingGET_1
2023-02-05 20:53:54.653  INFO 2748 --- [main] .d.s.w.r.o.CachingOperationNameGenerator : Generating unique operation named: removeApplicationUsingDELETE_1
2023-02-05 20:53:54.668  INFO 2748 --- [main] .d.s.w.r.o.CachingOperationNameGenerator : Generating unique operation named: createAccountUsingPOST_1
2023-02-05 20:53:54.720  INFO 2748 --- [main] .d.s.w.r.o.CachingOperationNameGenerator : Generating unique operation named: authenticationUsingPOST_1
2023-02-05 20:53:54.722  INFO 2748 --- [main] .d.s.w.r.o.CachingOperationNameGenerator : Generating unique operation named: bindTenantUsingPOST_1
2023-02-05 20:53:54.724  INFO 2748 --- [main] .d.s.w.r.o.CachingOperationNameGenerator : Generating unique operation named: changeBundleUsingPUT_1
2023-02-05 20:53:54.725  INFO 2748 --- [main] .d.s.w.r.o.CachingOperationNameGenerator : Generating unique operation named: createAccountUsingPOST_2
2023-02-05 20:53:54.727  INFO 2748 --- [main] .d.s.w.r.o.CachingOperationNameGenerator : Generating unique operation named: createAccountUsingPOST_3
2023-02-05 20:53:54.728  INFO 2748 --- [main] .d.s.w.r.o.CachingOperationNameGenerator : Generating unique operation named: createAccountInTenantUsingPOST_1
2023-02-05 20:53:54.729  INFO 2748 --- [main] .d.s.w.r.o.CachingOperationNameGenerator : Generating unique operation named: createBundleUsingPOST_1
2023-02-05 20:53:54.732  INFO 2748 --- [main] .d.s.w.r.o.CachingOperationNameGenerator : Generating unique operation named: createTenantAndInitUsingPOST_1
2023-02-05 20:53:54.734  INFO 2748 --- [main] .d.s.w.r.o.CachingOperationNameGenerator : Generating unique operation named: createTenantRelateAccountUsingPOST_1
2023-02-05 20:53:54.737  INFO 2748 --- [main] .d.s.w.r.o.CachingOperationNameGenerator : Generating unique operation named: getAccountByMobileUsingGET_1
2023-02-05 20:53:54.739  INFO 2748 --- [main] .d.s.w.r.o.CachingOperationNameGenerator : Generating unique operation named: getAccountByUsernameUsingGET_1
2023-02-05 20:53:54.740  INFO 2748 --- [main] .d.s.w.r.o.CachingOperationNameGenerator : Generating unique operation named: getApplicationDTOByClientIdUsingGET_1
2023-02-05 20:53:54.744  INFO 2748 --- [main] .d.s.w.r.o.CachingOperationNameGenerator : Generating unique operation named: getBundleUsingGET_1
2023-02-05 20:53:54.745  INFO 2748 --- [main] .d.s.w.r.o.CachingOperationNameGenerator : Generating unique operation named: getTenantUsingGET_1
2023-02-05 20:53:54.746  INFO 2748 --- [main] .d.s.w.r.o.CachingOperationNameGenerator : Generating unique operation named: initBundleUsingPOST_1
2023-02-05 20:53:54.747  INFO 2748 --- [main] .d.s.w.r.o.CachingOperationNameGenerator : Generating unique operation named: isExistAccountByMobileUsingGET_1
2023-02-05 20:53:54.749  INFO 2748 --- [main] .d.s.w.r.o.CachingOperationNameGenerator : Generating unique operation named: isExistAccountByUsernameUsingGET_1
2023-02-05 20:53:54.750  INFO 2748 --- [main] .d.s.w.r.o.CachingOperationNameGenerator : Generating unique operation named: isExistAccountInTenantByMobileUsingGET_1
2023-02-05 20:53:54.751  INFO 2748 --- [main] .d.s.w.r.o.CachingOperationNameGenerator : Generating unique operation named: isExistAccountInTenantByUsernameUsingGET_1
2023-02-05 20:53:54.755  INFO 2748 --- [main] .d.s.w.r.o.CachingOperationNameGenerator : Generating unique operation named: loginUsingPOST_1
2023-02-05 20:53:54.756  INFO 2748 --- [main] .d.s.w.r.o.CachingOperationNameGenerator : Generating unique operation named: modifyBundleUsingPUT_1
2023-02-05 20:53:54.760  INFO 2748 --- [main] .d.s.w.r.o.CachingOperationNameGenerator : Generating unique operation named: queryAccountUsingPOST_1
2023-02-05 20:53:54.763  INFO 2748 --- [main] .d.s.w.r.o.CachingOperationNameGenerator : Generating unique operation named: queryAccountInTenantUsingGET_1
2023-02-05 20:53:54.766  INFO 2748 --- [main] .d.s.w.r.o.CachingOperationNameGenerator : Generating unique operation named: queryAllBundleUsingGET_1
2023-02-05 20:53:54.768  INFO 2748 --- [main] .d.s.w.r.o.CachingOperationNameGenerator : Generating unique operation named: queryBundleByTenantTypeUsingGET_1
2023-02-05 20:53:54.772  INFO 2748 --- [main] .d.s.w.r.o.CachingOperationNameGenerator : Generating unique operation named: queryTenantsUsingPOST_1
2023-02-05 20:53:54.774  INFO 2748 --- [main] .d.s.w.r.o.CachingOperationNameGenerator : Generating unique operation named: sendMessageUsingGET_1
2023-02-05 20:53:54.776  INFO 2748 --- [main] .d.s.w.r.o.CachingOperationNameGenerator : Generating unique operation named: unbindTenantUsingDELETE_1
2023-02-05 20:53:54.824  INFO 2748 --- [main] o.s.b.w.embedded.tomcat.TomcatWebServer  : Tomcat started on port(s): 28692 (http) with context path '/user'
2023-02-05 20:53:54.828  INFO 2748 --- [main] com.alibaba.nacos.client.naming          : [REGISTER-SERVICE] 51637975-182d-43e2-ab58-d012723411d5 registering service DEFAULT_GROUP@@aggregate-pay-user-service with instance: Instance{instanceId='null', ip='192.168.3.143', port=28692, weight=1.0, healthy=true, enabled=true, ephemeral=false, clusterName='DEFAULT', serviceName='null', metadata={preserved.register.source=SPRING_CLOUD, management.endpoints.web.base-path=/actuator, management.context-path=/user/actuator}}
2023-02-05 20:53:54.847  INFO 2748 --- [main] c.a.c.n.registry.NacosServiceRegistry    : nacos registry, DEFAULT_GROUP aggregate-pay-user-service 192.168.3.143:28692 register finished
2023-02-05 20:53:55.110  INFO 2748 --- [main] m.a.AggregatePayUserServiceApplication   : Started AggregatePayUserServiceApplication in 15.65 seconds (JVM running for 17.062)
2023-02-05 20:53:55.118  INFO 2748 --- [main] c.a.n.client.config.impl.ClientWorker    : [fixed-127.0.0.1_8848-51637975-182d-43e2-ab58-d012723411d5] [subscribe] aggregate-pay-user-service+DEFAULT_GROUP+51637975-182d-43e2-ab58-d012723411d5
2023-02-05 20:53:55.119  INFO 2748 --- [main] c.a.nacos.client.config.impl.CacheData   : [fixed-127.0.0.1_8848-51637975-182d-43e2-ab58-d012723411d5] [add-listener] ok, tenant=51637975-182d-43e2-ab58-d012723411d5, dataId=aggregate-pay-user-service, group=DEFAULT_GROUP, cnt=1
2023-02-05 20:53:55.124  INFO 2748 --- [main] c.a.n.client.config.impl.ClientWorker    : [fixed-127.0.0.1_8848-51637975-182d-43e2-ab58-d012723411d5] [subscribe] aggregate-pay-user-service.yml+DEFAULT_GROUP+51637975-182d-43e2-ab58-d012723411d5
2023-02-05 20:53:55.124  INFO 2748 --- [main] c.a.nacos.client.config.impl.CacheData   : [fixed-127.0.0.1_8848-51637975-182d-43e2-ab58-d012723411d5] [add-listener] ok, tenant=51637975-182d-43e2-ab58-d012723411d5, dataId=aggregate-pay-user-service.yml, group=DEFAULT_GROUP, cnt=1
2023-02-05 20:53:55.126  INFO 2748 --- [main] c.a.n.client.config.impl.ClientWorker    : [fixed-127.0.0.1_8848-51637975-182d-43e2-ab58-d012723411d5] [subscribe] common.yml+DEFAULT_GROUP+51637975-182d-43e2-ab58-d012723411d5
2023-02-05 20:53:55.126  INFO 2748 --- [main] c.a.nacos.client.config.impl.CacheData   : [fixed-127.0.0.1_8848-51637975-182d-43e2-ab58-d012723411d5] [add-listener] ok, tenant=51637975-182d-43e2-ab58-d012723411d5, dataId=common.yml, group=DEFAULT_GROUP, cnt=1
2023-02-05 20:53:55.128  INFO 2748 --- [main] c.a.n.client.config.impl.ClientWorker    : [fixed-127.0.0.1_8848-51637975-182d-43e2-ab58-d012723411d5] [subscribe] aggregate-pay-user-service-dev.yml+DEFAULT_GROUP+51637975-182d-43e2-ab58-d012723411d5
2023-02-05 20:53:55.128  INFO 2748 --- [main] c.a.nacos.client.config.impl.CacheData   : [fixed-127.0.0.1_8848-51637975-182d-43e2-ab58-d012723411d5] [add-listener] ok, tenant=51637975-182d-43e2-ab58-d012723411d5, dataId=aggregate-pay-user-service-dev.yml, group=DEFAULT_GROUP, cnt=1
2023-02-05 20:53:55.128  INFO 2748 --- [main] m.a.AggregatePayUserServiceApplication   : 应用aggregate-pay-user-service启动成功!swagger地址：http://192.168.202.1:28692/user/doc.html  或者：http://127.0.0.1:28692/user/doc.html
2023-02-05 20:53:55.129  INFO 2748 --- [main] m.a.AggregatePayUserServiceApplication   : 数据库监控地址：http://192.168.202.1:28692/user/druid  或者：http://127.0.0.1:28692/user/druid
2023-02-05 20:53:55.129  INFO 2748 --- [main] m.a.AggregatePayUserServiceApplication   : 启动耗时：15813ms
2023-02-05 20:53:55.567  INFO 2748 --- [RMI TCP Connection(1)-192.168.202.1] o.a.c.c.C.[Tomcat].[localhost].[/user]   : Initializing Spring DispatcherServlet 'dispatcherServlet'
2023-02-05 20:53:55.567  INFO 2748 --- [RMI TCP Connection(1)-192.168.202.1] o.s.web.servlet.DispatcherServlet        : Initializing Servlet 'dispatcherServlet'
2023-02-05 20:53:55.580  INFO 2748 --- [RMI TCP Connection(1)-192.168.202.1] o.s.web.servlet.DispatcherServlet        : Completed initialization in 13 ms
2023-02-05 20:53:55.858  INFO 2748 --- [com.alibaba.nacos.naming.push.receiver] com.alibaba.nacos.client.naming          : received push data: {"type":"dom","data":"{\"hosts\":[{\"ip\":\"192.168.3.143\",\"port\":28692,\"valid\":true,\"healthy\":true,\"marked\":false,\"instanceId\":\"192.168.3.143#28692#DEFAULT#DEFAULT_GROUP@@aggregate-pay-user-service\",\"metadata\":{\"preserved.register.source\":\"SPRING_CLOUD\",\"management.endpoints.web.base-path\":\"/actuator\",\"management.context-path\":\"/user/actuator\"},\"enabled\":true,\"weight\":1.0,\"clusterName\":\"DEFAULT\",\"serviceName\":\"DEFAULT_GROUP@@aggregate-pay-user-service\",\"ephemeral\":false}],\"dom\":\"DEFAULT_GROUP@@aggregate-pay-user-service\",\"name\":\"DEFAULT_GROUP@@aggregate-pay-user-service\",\"cacheMillis\":10000,\"lastRefTime\":1675601635857,\"checksum\":\"da0a4f734b80d5793fd7d397cd312797\",\"useSpecifiedURL\":false,\"clusters\":\"DEFAULT\",\"env\":\"\",\"metadata\":{}}","lastRefTime":3561663370000} from /192.168.202.1
2023-02-05 20:53:56.725  INFO 2748 --- [RMI TCP Connection(2)-192.168.202.1] com.alibaba.druid.pool.DruidDataSource   : {dataSource-1} inited
2023-02-05 20:54:04.907  INFO 2748 --- [com.alibaba.nacos.naming.push.receiver] com.alibaba.nacos.client.naming          : received push data: {"type":"dom","data":"{\"hosts\":[{\"ip\":\"192.168.3.143\",\"port\":28692,\"valid\":true,\"healthy\":true,\"marked\":false,\"instanceId\":\"192.168.3.143#28692#DEFAULT#DEFAULT_GROUP@@aggregate-pay-user-service\",\"metadata\":{\"preserved.register.source\":\"SPRING_CLOUD\",\"management.endpoints.web.base-path\":\"/actuator\",\"management.context-path\":\"/user/actuator\"},\"enabled\":true,\"weight\":1.0,\"clusterName\":\"DEFAULT\",\"serviceName\":\"DEFAULT_GROUP@@aggregate-pay-user-service\",\"ephemeral\":false}],\"dom\":\"DEFAULT_GROUP@@aggregate-pay-user-service\",\"name\":\"DEFAULT_GROUP@@aggregate-pay-user-service\",\"cacheMillis\":10000,\"lastRefTime\":1675601644907,\"checksum\":\"da0a4f734b80d5793fd7d397cd312797\",\"useSpecifiedURL\":false,\"clusters\":\"DEFAULT\",\"env\":\"\",\"metadata\":{}}","lastRefTime":3570713071200} from /192.168.202.1
2023-02-05 21:01:12.675 DEBUG 2748 --- [http-nio-28692-exec-5] mao.tools_xss.filter.XssFilter           : XSS fiter [XSSFilter] starting
2023-02-05 21:01:12.675 DEBUG 2748 --- [http-nio-28692-exec-5] mao.tools_xss.filter.XssFilter           : has xssfiter path[/user/v2/login] need XssFilter, go to XssRequestWrapper
2023-02-05 21:01:12.800  WARN 2748 --- [http-nio-28692-exec-5] c.a.druid.pool.DruidAbstractDataSource   : discard long time none received connection. , jdbcUrl : jdbc:mysql://127.0.0.1:3306/aggregate_pay_user?serverTimezone=GMT&characterEncoding=utf8, version : 1.2.8, lastPacketReceivedIdleMillis : 436070
2023-02-05 21:01:12.802  WARN 2748 --- [http-nio-28692-exec-5] c.a.druid.pool.DruidAbstractDataSource   : discard long time none received connection. , jdbcUrl : jdbc:mysql://127.0.0.1:3306/aggregate_pay_user?serverTimezone=GMT&characterEncoding=utf8, version : 1.2.8, lastPacketReceivedIdleMillis : 436100
2023-02-05 21:01:12.803  WARN 2748 --- [http-nio-28692-exec-5] c.a.druid.pool.DruidAbstractDataSource   : discard long time none received connection. , jdbcUrl : jdbc:mysql://127.0.0.1:3306/aggregate_pay_user?serverTimezone=GMT&characterEncoding=utf8, version : 1.2.8, lastPacketReceivedIdleMillis : 436126
2023-02-05 21:01:12.805  WARN 2748 --- [http-nio-28692-exec-5] c.a.druid.pool.DruidAbstractDataSource   : discard long time none received connection. , jdbcUrl : jdbc:mysql://127.0.0.1:3306/aggregate_pay_user?serverTimezone=GMT&characterEncoding=utf8, version : 1.2.8, lastPacketReceivedIdleMillis : 436156
2023-02-05 21:01:12.807  WARN 2748 --- [http-nio-28692-exec-5] c.a.druid.pool.DruidAbstractDataSource   : discard long time none received connection. , jdbcUrl : jdbc:mysql://127.0.0.1:3306/aggregate_pay_user?serverTimezone=GMT&characterEncoding=utf8, version : 1.2.8, lastPacketReceivedIdleMillis : 436184
2023-02-05 21:01:12.810  WARN 2748 --- [http-nio-28692-exec-5] c.a.druid.pool.DruidAbstractDataSource   : discard long time none received connection. , jdbcUrl : jdbc:mysql://127.0.0.1:3306/aggregate_pay_user?serverTimezone=GMT&characterEncoding=utf8, version : 1.2.8, lastPacketReceivedIdleMillis : 436212
2023-02-05 21:01:12.812  WARN 2748 --- [http-nio-28692-exec-5] c.a.druid.pool.DruidAbstractDataSource   : discard long time none received connection. , jdbcUrl : jdbc:mysql://127.0.0.1:3306/aggregate_pay_user?serverTimezone=GMT&characterEncoding=utf8, version : 1.2.8, lastPacketReceivedIdleMillis : 436244
2023-02-05 21:01:12.814  WARN 2748 --- [http-nio-28692-exec-5] c.a.druid.pool.DruidAbstractDataSource   : discard long time none received connection. , jdbcUrl : jdbc:mysql://127.0.0.1:3306/aggregate_pay_user?serverTimezone=GMT&characterEncoding=utf8, version : 1.2.8, lastPacketReceivedIdleMillis : 436278
2023-02-05 21:01:12.816  WARN 2748 --- [http-nio-28692-exec-5] c.a.druid.pool.DruidAbstractDataSource   : discard long time none received connection. , jdbcUrl : jdbc:mysql://127.0.0.1:3306/aggregate_pay_user?serverTimezone=GMT&characterEncoding=utf8, version : 1.2.8, lastPacketReceivedIdleMillis : 436310
2023-02-05 21:01:12.818  WARN 2748 --- [http-nio-28692-exec-5] c.a.druid.pool.DruidAbstractDataSource   : discard long time none received connection. , jdbcUrl : jdbc:mysql://127.0.0.1:3306/aggregate_pay_user?serverTimezone=GMT&characterEncoding=utf8, version : 1.2.8, lastPacketReceivedIdleMillis : 436378
2023-02-05 21:01:12.836 DEBUG 2748 --- [http-nio-28692-exec-5] m.a.mapper.AccountMapper.selectOne       : ==>  Preparing: SELECT ID,PASSWORD,SALT,MOBILE,USERNAME FROM account WHERE (USERNAME = ?) 
2023-02-05 21:01:12.925 DEBUG 2748 --- [http-nio-28692-exec-5] m.a.mapper.AccountMapper.selectOne       : ==> Parameters: aaaa(String)
2023-02-05 21:01:12.954 DEBUG 2748 --- [http-nio-28692-exec-5] m.a.mapper.AccountMapper.selectOne       : <==      Total: 0
2023-02-05 21:01:12.962  WARN 2748 --- [http-nio-28692-exec-5] m.a.config.ExceptionConfig               : BusinessException:

mao.aggregate_pay_common.domain.BusinessException: null
	at mao.aggregate_pay_user_service.service.impl.TenantServiceImpl.authentication(TenantServiceImpl.java:757) ~[classes/:na]
	at mao.aggregate_pay_user_service.service.impl.TenantServiceImpl.login(TenantServiceImpl.java:820) ~[classes/:na]
	at mao.aggregate_pay_user_service.service.impl.TenantServiceImpl$$FastClassBySpringCGLIB$$18769d39.invoke(<generated>) ~[classes/:na]
	at org.springframework.cglib.proxy.MethodProxy.invoke(MethodProxy.java:218) ~[spring-core-5.2.2.RELEASE.jar:5.2.2.RELEASE]
	at org.springframework.aop.framework.CglibAopProxy$DynamicAdvisedInterceptor.intercept(CglibAopProxy.java:685) ~[spring-aop-5.2.2.RELEASE.jar:5.2.2.RELEASE]
	at mao.aggregate_pay_user_service.service.impl.TenantServiceImpl$$EnhancerBySpringCGLIB$$9a142525.login(<generated>) ~[classes/:na]
	at mao.aggregate_pay_user_service.controller.TenantControllerV2.login(TenantControllerV2.java:516) ~[classes/:na]
	at mao.aggregate_pay_user_service.controller.TenantControllerV2$$FastClassBySpringCGLIB$$42507971.invoke(<generated>) ~[classes/:na]
	at org.springframework.cglib.proxy.MethodProxy.invoke(MethodProxy.java:218) ~[spring-core-5.2.2.RELEASE.jar:5.2.2.RELEASE]
	at org.springframework.aop.framework.CglibAopProxy$CglibMethodInvocation.invokeJoinpoint(CglibAopProxy.java:769) ~[spring-aop-5.2.2.RELEASE.jar:5.2.2.RELEASE]
	at org.springframework.aop.framework.ReflectiveMethodInvocation.proceed(ReflectiveMethodInvocation.java:163) ~[spring-aop-5.2.2.RELEASE.jar:5.2.2.RELEASE]
	at org.springframework.aop.framework.CglibAopProxy$CglibMethodInvocation.proceed(CglibAopProxy.java:747) ~[spring-aop-5.2.2.RELEASE.jar:5.2.2.RELEASE]
	at org.springframework.transaction.interceptor.TransactionAspectSupport.invokeWithinTransaction(TransactionAspectSupport.java:366) ~[spring-tx-5.2.2.RELEASE.jar:5.2.2.RELEASE]
	at org.springframework.transaction.interceptor.TransactionInterceptor.invoke(TransactionInterceptor.java:99) ~[spring-tx-5.2.2.RELEASE.jar:5.2.2.RELEASE]
	at org.springframework.aop.framework.ReflectiveMethodInvocation.proceed(ReflectiveMethodInvocation.java:186) ~[spring-aop-5.2.2.RELEASE.jar:5.2.2.RELEASE]
	at org.springframework.aop.framework.CglibAopProxy$CglibMethodInvocation.proceed(CglibAopProxy.java:747) ~[spring-aop-5.2.2.RELEASE.jar:5.2.2.RELEASE]
	at org.springframework.aop.framework.CglibAopProxy$DynamicAdvisedInterceptor.intercept(CglibAopProxy.java:689) ~[spring-aop-5.2.2.RELEASE.jar:5.2.2.RELEASE]
	at mao.aggregate_pay_user_service.controller.TenantControllerV2$$EnhancerBySpringCGLIB$$7ab11ccd.login(<generated>) ~[classes/:na]
	at sun.reflect.NativeMethodAccessorImpl.invoke0(Native Method) ~[na:1.8.0_332]
	at sun.reflect.NativeMethodAccessorImpl.invoke(NativeMethodAccessorImpl.java:62) ~[na:1.8.0_332]
	at sun.reflect.DelegatingMethodAccessorImpl.invoke(DelegatingMethodAccessorImpl.java:43) ~[na:1.8.0_332]
	at java.lang.reflect.Method.invoke(Method.java:498) ~[na:1.8.0_332]
	at org.springframework.web.method.support.InvocableHandlerMethod.doInvoke(InvocableHandlerMethod.java:190) ~[spring-web-5.2.2.RELEASE.jar:5.2.2.RELEASE]
	at org.springframework.web.method.support.InvocableHandlerMethod.invokeForRequest(InvocableHandlerMethod.java:138) ~[spring-web-5.2.2.RELEASE.jar:5.2.2.RELEASE]
	at org.springframework.web.servlet.mvc.method.annotation.ServletInvocableHandlerMethod.invokeAndHandle(ServletInvocableHandlerMethod.java:106) ~[spring-webmvc-5.2.2.RELEASE.jar:5.2.2.RELEASE]
	at org.springframework.web.servlet.mvc.method.annotation.RequestMappingHandlerAdapter.invokeHandlerMethod(RequestMappingHandlerAdapter.java:888) ~[spring-webmvc-5.2.2.RELEASE.jar:5.2.2.RELEASE]
	at org.springframework.web.servlet.mvc.method.annotation.RequestMappingHandlerAdapter.handleInternal(RequestMappingHandlerAdapter.java:793) ~[spring-webmvc-5.2.2.RELEASE.jar:5.2.2.RELEASE]
	at org.springframework.web.servlet.mvc.method.AbstractHandlerMethodAdapter.handle(AbstractHandlerMethodAdapter.java:87) ~[spring-webmvc-5.2.2.RELEASE.jar:5.2.2.RELEASE]
	at org.springframework.web.servlet.DispatcherServlet.doDispatch(DispatcherServlet.java:1040) ~[spring-webmvc-5.2.2.RELEASE.jar:5.2.2.RELEASE]
	at org.springframework.web.servlet.DispatcherServlet.doService(DispatcherServlet.java:943) ~[spring-webmvc-5.2.2.RELEASE.jar:5.2.2.RELEASE]
	at org.springframework.web.servlet.FrameworkServlet.processRequest(FrameworkServlet.java:1006) [spring-webmvc-5.2.2.RELEASE.jar:5.2.2.RELEASE]
	at org.springframework.web.servlet.FrameworkServlet.doPost(FrameworkServlet.java:909) [spring-webmvc-5.2.2.RELEASE.jar:5.2.2.RELEASE]
	at javax.servlet.http.HttpServlet.service(HttpServlet.java:652) [tomcat-embed-core-9.0.37.jar:4.0.FR]
	at org.springframework.web.servlet.FrameworkServlet.service(FrameworkServlet.java:883) [spring-webmvc-5.2.2.RELEASE.jar:5.2.2.RELEASE]
	at javax.servlet.http.HttpServlet.service(HttpServlet.java:733) [tomcat-embed-core-9.0.37.jar:4.0.FR]
	at org.apache.catalina.core.ApplicationFilterChain.internalDoFilter(ApplicationFilterChain.java:231) [tomcat-embed-core-9.0.37.jar:9.0.37]
	at org.apache.catalina.core.ApplicationFilterChain.doFilter(ApplicationFilterChain.java:166) [tomcat-embed-core-9.0.37.jar:9.0.37]
	at com.alibaba.druid.support.http.WebStatFilter.doFilter(WebStatFilter.java:124) [druid-1.2.8.jar:1.2.8]
	at org.apache.catalina.core.ApplicationFilterChain.internalDoFilter(ApplicationFilterChain.java:193) [tomcat-embed-core-9.0.37.jar:9.0.37]
	at org.apache.catalina.core.ApplicationFilterChain.doFilter(ApplicationFilterChain.java:166) [tomcat-embed-core-9.0.37.jar:9.0.37]
	at mao.tools_xss.filter.XssFilter.doFilter(XssFilter.java:109) [classes/:na]
	at org.apache.catalina.core.ApplicationFilterChain.internalDoFilter(ApplicationFilterChain.java:193) [tomcat-embed-core-9.0.37.jar:9.0.37]
	at org.apache.catalina.core.ApplicationFilterChain.doFilter(ApplicationFilterChain.java:166) [tomcat-embed-core-9.0.37.jar:9.0.37]
	at org.springframework.web.filter.RequestContextFilter.doFilterInternal(RequestContextFilter.java:100) [spring-web-5.2.2.RELEASE.jar:5.2.2.RELEASE]
	at org.springframework.web.filter.OncePerRequestFilter.doFilter(OncePerRequestFilter.java:119) [spring-web-5.2.2.RELEASE.jar:5.2.2.RELEASE]
	at org.apache.catalina.core.ApplicationFilterChain.internalDoFilter(ApplicationFilterChain.java:193) [tomcat-embed-core-9.0.37.jar:9.0.37]
	at org.apache.catalina.core.ApplicationFilterChain.doFilter(ApplicationFilterChain.java:166) [tomcat-embed-core-9.0.37.jar:9.0.37]
	at org.springframework.web.filter.FormContentFilter.doFilterInternal(FormContentFilter.java:93) [spring-web-5.2.2.RELEASE.jar:5.2.2.RELEASE]
	at org.springframework.web.filter.OncePerRequestFilter.doFilter(OncePerRequestFilter.java:119) [spring-web-5.2.2.RELEASE.jar:5.2.2.RELEASE]
	at org.apache.catalina.core.ApplicationFilterChain.internalDoFilter(ApplicationFilterChain.java:193) [tomcat-embed-core-9.0.37.jar:9.0.37]
	at org.apache.catalina.core.ApplicationFilterChain.doFilter(ApplicationFilterChain.java:166) [tomcat-embed-core-9.0.37.jar:9.0.37]
	at org.springframework.boot.actuate.metrics.web.servlet.WebMvcMetricsFilter.doFilterInternal(WebMvcMetricsFilter.java:109) [spring-boot-actuator-2.2.9.RELEASE.jar:2.2.9.RELEASE]
	at org.springframework.web.filter.OncePerRequestFilter.doFilter(OncePerRequestFilter.java:119) [spring-web-5.2.2.RELEASE.jar:5.2.2.RELEASE]
	at org.apache.catalina.core.ApplicationFilterChain.internalDoFilter(ApplicationFilterChain.java:193) [tomcat-embed-core-9.0.37.jar:9.0.37]
	at org.apache.catalina.core.ApplicationFilterChain.doFilter(ApplicationFilterChain.java:166) [tomcat-embed-core-9.0.37.jar:9.0.37]
	at org.springframework.web.filter.CharacterEncodingFilter.doFilterInternal(CharacterEncodingFilter.java:201) [spring-web-5.2.2.RELEASE.jar:5.2.2.RELEASE]
	at org.springframework.web.filter.OncePerRequestFilter.doFilter(OncePerRequestFilter.java:119) [spring-web-5.2.2.RELEASE.jar:5.2.2.RELEASE]
	at org.apache.catalina.core.ApplicationFilterChain.internalDoFilter(ApplicationFilterChain.java:193) [tomcat-embed-core-9.0.37.jar:9.0.37]
	at org.apache.catalina.core.ApplicationFilterChain.doFilter(ApplicationFilterChain.java:166) [tomcat-embed-core-9.0.37.jar:9.0.37]
	at org.apache.catalina.core.StandardWrapperValve.invoke(StandardWrapperValve.java:202) [tomcat-embed-core-9.0.37.jar:9.0.37]
	at org.apache.catalina.core.StandardContextValve.invoke(StandardContextValve.java:96) [tomcat-embed-core-9.0.37.jar:9.0.37]
	at org.apache.catalina.authenticator.AuthenticatorBase.invoke(AuthenticatorBase.java:541) [tomcat-embed-core-9.0.37.jar:9.0.37]
	at org.apache.catalina.core.StandardHostValve.invoke(StandardHostValve.java:139) [tomcat-embed-core-9.0.37.jar:9.0.37]
	at org.apache.catalina.valves.ErrorReportValve.invoke(ErrorReportValve.java:92) [tomcat-embed-core-9.0.37.jar:9.0.37]
	at org.apache.catalina.core.StandardEngineValve.invoke(StandardEngineValve.java:74) [tomcat-embed-core-9.0.37.jar:9.0.37]
	at org.apache.catalina.valves.RemoteIpValve.invoke(RemoteIpValve.java:747) [tomcat-embed-core-9.0.37.jar:9.0.37]
	at org.apache.catalina.connector.CoyoteAdapter.service(CoyoteAdapter.java:343) [tomcat-embed-core-9.0.37.jar:9.0.37]
	at org.apache.coyote.http11.Http11Processor.service(Http11Processor.java:373) [tomcat-embed-core-9.0.37.jar:9.0.37]
	at org.apache.coyote.AbstractProcessorLight.process(AbstractProcessorLight.java:65) [tomcat-embed-core-9.0.37.jar:9.0.37]
	at org.apache.coyote.AbstractProtocol$ConnectionHandler.process(AbstractProtocol.java:868) [tomcat-embed-core-9.0.37.jar:9.0.37]
	at org.apache.tomcat.util.net.NioEndpoint$SocketProcessor.doRun(NioEndpoint.java:1589) [tomcat-embed-core-9.0.37.jar:9.0.37]
	at org.apache.tomcat.util.net.SocketProcessorBase.run(SocketProcessorBase.java:49) [tomcat-embed-core-9.0.37.jar:9.0.37]
	at java.util.concurrent.ThreadPoolExecutor.runWorker(ThreadPoolExecutor.java:1149) [na:1.8.0_332]
	at java.util.concurrent.ThreadPoolExecutor$Worker.run(ThreadPoolExecutor.java:624) [na:1.8.0_332]
	at org.apache.tomcat.util.threads.TaskThread$WrappingRunnable.run(TaskThread.java:61) [tomcat-embed-core-9.0.37.jar:9.0.37]
	at java.lang.Thread.run(Thread.java:750) [na:1.8.0_332]

2023-02-05 21:01:12.981 DEBUG 2748 --- [http-nio-28692-exec-5] mao.tools_xss.filter.XssFilter           : XSS fiter [XSSFilter] stop
2023-02-05 21:01:18.149 DEBUG 2748 --- [http-nio-28692-exec-1] mao.tools_xss.filter.XssFilter           : XSS fiter [XSSFilter] starting
2023-02-05 21:01:18.149 DEBUG 2748 --- [http-nio-28692-exec-1] mao.tools_xss.filter.XssFilter           : has xssfiter path[/user/v2/login] need XssFilter, go to XssRequestWrapper
2023-02-05 21:01:18.153 DEBUG 2748 --- [http-nio-28692-exec-1] m.a.mapper.AccountMapper.selectOne       : ==>  Preparing: SELECT ID,PASSWORD,SALT,MOBILE,USERNAME FROM account WHERE (USERNAME = ?) 
2023-02-05 21:01:18.154 DEBUG 2748 --- [http-nio-28692-exec-1] m.a.mapper.AccountMapper.selectOne       : ==> Parameters: test(String)
2023-02-05 21:01:18.160 DEBUG 2748 --- [http-nio-28692-exec-1] m.a.mapper.AccountMapper.selectOne       : <==      Total: 1
2023-02-05 21:01:18.268 DEBUG 2748 --- [http-nio-28692-exec-1] m.a.m.T.selectAccountInTenant            : ==>  Preparing: select t.* from tenant t left join tenant_account ta ON t.ID=ta.TENANT_ID left join account a on a.ID =ta.ACCOUNT_ID where ta.ACCOUNT_ID=? 
2023-02-05 21:01:18.276 DEBUG 2748 --- [http-nio-28692-exec-1] m.a.m.T.selectAccountInTenant            : ==> Parameters: 2(Long)
2023-02-05 21:01:18.303 DEBUG 2748 --- [http-nio-28692-exec-1] m.a.m.T.selectAccountInTenant            : <==      Total: 1
2023-02-05 21:01:18.307 DEBUG 2748 --- [http-nio-28692-exec-1] m.a.m.A.selectRoleByUsernameInTenants    : ==>  Preparing: SELECT r.id FROM account_role ar, authorization_role r WHERE r.`CODE` = ar.ROLE_CODE AND r.`TENANT_ID` = ar.`TENANT_ID` AND ar.username=? and ar.TENANT_ID in ( ? ) 
2023-02-05 21:01:18.310 DEBUG 2748 --- [http-nio-28692-exec-1] m.a.m.A.selectRoleByUsernameInTenants    : ==> Parameters: test(String), 3(Long)
2023-02-05 21:01:18.331 DEBUG 2748 --- [http-nio-28692-exec-1] m.a.m.A.selectRoleByUsernameInTenants    : <==      Total: 2
2023-02-05 21:01:18.333 DEBUG 2748 --- [http-nio-28692-exec-1] m.a.m.A.selectPrivilegeRoleInTenant      : ==>  Preparing: select r.TENANT_ID,r.`CODE` ROLE_CODE,p.`CODE` PRIVILEGE_CODE from authorization_privilege p LEFT JOIN authorization_role_privilege arp ON arp.PRIVILEGE_ID=p.ID LEFT JOIN authorization_role r ON arp.ROLE_ID = r.ID where r.ID IN ( ? , ? ) ORDER BY r.TENANT_ID 
2023-02-05 21:01:18.337 DEBUG 2748 --- [http-nio-28692-exec-1] m.a.m.A.selectPrivilegeRoleInTenant      : ==> Parameters: 53(Long), 54(Long)
2023-02-05 21:01:18.368 DEBUG 2748 --- [http-nio-28692-exec-1] m.a.m.A.selectPrivilegeRoleInTenant      : <==      Total: 57
2023-02-05 21:01:18.377 DEBUG 2748 --- [http-nio-28692-exec-1] mao.tools_xss.filter.XssFilter           : XSS fiter [XSSFilter] stop
2023-02-05 21:01:18.430 DEBUG 2748 --- [http-nio-28692-exec-3] mao.tools_xss.filter.XssFilter           : XSS fiter [XSSFilter] starting
2023-02-05 21:01:18.430 DEBUG 2748 --- [http-nio-28692-exec-3] mao.tools_xss.filter.XssFilter           : has xssfiter path[/user/v2/getApplicationDTOByClientId/merchant-platform] need XssFilter, go to XssRequestWrapper
2023-02-05 21:01:18.444 DEBUG 2748 --- [http-nio-28692-exec-3] m.a.m.R.selectOne                        : ==>  Preparing: SELECT ID,CODE,TENANT_ID,NAME FROM resource_application WHERE (CODE = ?) 
2023-02-05 21:01:18.445 DEBUG 2748 --- [http-nio-28692-exec-3] m.a.m.R.selectOne                        : ==> Parameters: merchant-platform(String)
2023-02-05 21:01:18.454 DEBUG 2748 --- [http-nio-28692-exec-3] m.a.m.R.selectOne                        : <==      Total: 1
2023-02-05 21:01:18.464 DEBUG 2748 --- [http-nio-28692-exec-3] mao.tools_xss.filter.XssFilter           : XSS fiter [XSSFilter] stop
2023-02-05 21:01:34.358 DEBUG 2748 --- [http-nio-28692-exec-9] mao.tools_xss.filter.XssFilter           : XSS fiter [XSSFilter] starting
2023-02-05 21:01:34.359 DEBUG 2748 --- [http-nio-28692-exec-9] mao.tools_xss.filter.XssFilter           : has xssfiter path[/user/v2/login] need XssFilter, go to XssRequestWrapper
2023-02-05 21:01:34.361 DEBUG 2748 --- [http-nio-28692-exec-9] m.a.mapper.AccountMapper.selectOne       : ==>  Preparing: SELECT ID,PASSWORD,SALT,MOBILE,USERNAME FROM account WHERE (USERNAME = ?) 
2023-02-05 21:01:34.361 DEBUG 2748 --- [http-nio-28692-exec-9] m.a.mapper.AccountMapper.selectOne       : ==> Parameters: test(String)
2023-02-05 21:01:34.362 DEBUG 2748 --- [http-nio-28692-exec-9] m.a.mapper.AccountMapper.selectOne       : <==      Total: 1
2023-02-05 21:01:34.366 DEBUG 2748 --- [http-nio-28692-exec-9] m.a.m.T.selectAccountInTenant            : ==>  Preparing: select t.* from tenant t left join tenant_account ta ON t.ID=ta.TENANT_ID left join account a on a.ID =ta.ACCOUNT_ID where ta.ACCOUNT_ID=? 
2023-02-05 21:01:34.366 DEBUG 2748 --- [http-nio-28692-exec-9] m.a.m.T.selectAccountInTenant            : ==> Parameters: 2(Long)
2023-02-05 21:01:34.368 DEBUG 2748 --- [http-nio-28692-exec-9] m.a.m.T.selectAccountInTenant            : <==      Total: 1
2023-02-05 21:01:34.369 DEBUG 2748 --- [http-nio-28692-exec-9] m.a.m.A.selectRoleByUsernameInTenants    : ==>  Preparing: SELECT r.id FROM account_role ar, authorization_role r WHERE r.`CODE` = ar.ROLE_CODE AND r.`TENANT_ID` = ar.`TENANT_ID` AND ar.username=? and ar.TENANT_ID in ( ? ) 
2023-02-05 21:01:34.369 DEBUG 2748 --- [http-nio-28692-exec-9] m.a.m.A.selectRoleByUsernameInTenants    : ==> Parameters: test(String), 3(Long)
2023-02-05 21:01:34.370 DEBUG 2748 --- [http-nio-28692-exec-9] m.a.m.A.selectRoleByUsernameInTenants    : <==      Total: 2
2023-02-05 21:01:34.371 DEBUG 2748 --- [http-nio-28692-exec-9] m.a.m.A.selectPrivilegeRoleInTenant      : ==>  Preparing: select r.TENANT_ID,r.`CODE` ROLE_CODE,p.`CODE` PRIVILEGE_CODE from authorization_privilege p LEFT JOIN authorization_role_privilege arp ON arp.PRIVILEGE_ID=p.ID LEFT JOIN authorization_role r ON arp.ROLE_ID = r.ID where r.ID IN ( ? , ? ) ORDER BY r.TENANT_ID 
2023-02-05 21:01:34.371 DEBUG 2748 --- [http-nio-28692-exec-9] m.a.m.A.selectPrivilegeRoleInTenant      : ==> Parameters: 53(Long), 54(Long)
2023-02-05 21:01:34.376 DEBUG 2748 --- [http-nio-28692-exec-9] m.a.m.A.selectPrivilegeRoleInTenant      : <==      Total: 57
2023-02-05 21:01:34.378 DEBUG 2748 --- [http-nio-28692-exec-9] mao.tools_xss.filter.XssFilter           : XSS fiter [XSSFilter] stop
2023-02-05 21:01:34.382 DEBUG 2748 --- [http-nio-28692-exec-10] mao.tools_xss.filter.XssFilter           : XSS fiter [XSSFilter] starting
2023-02-05 21:01:34.382 DEBUG 2748 --- [http-nio-28692-exec-10] mao.tools_xss.filter.XssFilter           : has xssfiter path[/user/v2/getApplicationDTOByClientId/merchant-platform] need XssFilter, go to XssRequestWrapper
2023-02-05 21:01:34.385 DEBUG 2748 --- [http-nio-28692-exec-10] m.a.m.R.selectOne                        : ==>  Preparing: SELECT ID,CODE,TENANT_ID,NAME FROM resource_application WHERE (CODE = ?) 
2023-02-05 21:01:34.385 DEBUG 2748 --- [http-nio-28692-exec-10] m.a.m.R.selectOne                        : ==> Parameters: merchant-platform(String)
2023-02-05 21:01:34.386 DEBUG 2748 --- [http-nio-28692-exec-10] m.a.m.R.selectOne                        : <==      Total: 1
2023-02-05 21:01:34.389 DEBUG 2748 --- [http-nio-28692-exec-10] mao.tools_xss.filter.XssFilter           : XSS fiter [XSSFilter] stop
