2023-01-15 13:49:59.112  WARN 22044 --- [main] c.a.c.n.c.NacosPropertySourceBuilder     : Ignore the empty nacos configuration and get it based on dataId[aggregate-pay-log] & group[DEFAULT_GROUP]
2023-01-15 13:49:59.124  INFO 22044 --- [main] b.c.PropertySourceBootstrapConfiguration : Located property source: [BootstrapPropertySource {name='bootstrapProperties-aggregate-pay-log-dev.yml,DEFAULT_GROUP'}, BootstrapPropertySource {name='bootstrapProperties-aggregate-pay-log.yml,DEFAULT_GROUP'}, BootstrapPropertySource {name='bootstrapProperties-aggregate-pay-log,DEFAULT_GROUP'}, BootstrapPropertySource {name='bootstrapProperties-mysql.yml,DEFAULT_GROUP'}, BootstrapPropertySource {name='bootstrapProperties-redis.yml,DEFAULT_GROUP'}, BootstrapPropertySource {name='bootstrapProperties-common.yml,DEFAULT_GROUP'}]
2023-01-15 13:49:59.179  INFO 22044 --- [main] m.a.AggregatePayLogApplication           : The following profiles are active: dev
2023-01-15 13:50:00.138  INFO 22044 --- [main] o.s.cloud.context.scope.GenericScope     : BeanFactory id=a3b00adf-8de8-3dce-b755-e600f52dac82
2023-01-15 13:50:00.189  INFO 22044 --- [main] trationDelegate$BeanPostProcessorChecker : Bean 'org.springframework.transaction.annotation.ProxyTransactionManagementConfiguration' of type [org.springframework.transaction.annotation.ProxyTransactionManagementConfiguration] is not eligible for getting processed by all BeanPostProcessors (for example: not eligible for auto-proxying)
2023-01-15 13:50:00.250  INFO 22044 --- [main] mao.aggregate_pay_log.config.WebConfig   : 初始化 WebConfig
2023-01-15 13:50:00.436  INFO 22044 --- [main] o.s.b.w.embedded.tomcat.TomcatWebServer  : Tomcat initialized with port(s): 27914 (http)
2023-01-15 13:50:00.445  INFO 22044 --- [main] o.apache.catalina.core.StandardService   : Starting service [Tomcat]
2023-01-15 13:50:00.445  INFO 22044 --- [main] org.apache.catalina.core.StandardEngine  : Starting Servlet engine: [Apache Tomcat/9.0.37]
2023-01-15 13:50:00.571  INFO 22044 --- [main] o.a.c.c.C.[Tomcat].[localhost].[/]       : Initializing Spring embedded WebApplicationContext
2023-01-15 13:50:00.572  INFO 22044 --- [main] w.s.c.ServletWebServerApplicationContext : Root WebApplicationContext: initialization completed in 1380 ms
2023-01-15 13:50:00.749  INFO 22044 --- [main] m.a.config.MybatisConfig                 : 初始化 MybatisConfig
2023-01-15 13:50:00.763  INFO 22044 --- [main] m.a.config.DatabaseConfig                : 初始化 DatabaseConfig 数据库配置
2023-01-15 13:50:00.765  INFO 22044 --- [main] m.a.config.ExceptionConfig               : 初始化 ExceptionConfig 全局异常配置
2023-01-15 13:50:01.461  WARN 22044 --- [main] c.n.c.sources.URLConfigurationSource     : No URLs will be polled as dynamic configuration sources.
2023-01-15 13:50:01.461  INFO 22044 --- [main] c.n.c.sources.URLConfigurationSource     : To enable URLs as dynamic configuration sources, define System property archaius.configurationSource.additionalUrls or make config.properties available on classpath.
2023-01-15 13:50:01.464  WARN 22044 --- [main] c.n.c.sources.URLConfigurationSource     : No URLs will be polled as dynamic configuration sources.
2023-01-15 13:50:01.464  INFO 22044 --- [main] c.n.c.sources.URLConfigurationSource     : To enable URLs as dynamic configuration sources, define System property archaius.configurationSource.additionalUrls or make config.properties available on classpath.
2023-01-15 13:50:01.525  INFO 22044 --- [main] o.s.s.concurrent.ThreadPoolTaskExecutor  : Initializing ExecutorService 'applicationTaskExecutor'
2023-01-15 13:50:01.878  INFO 22044 --- [main] o.s.s.c.ThreadPoolTaskScheduler          : Initializing ExecutorService 'Nacos-Watch-Task-Scheduler'
2023-01-15 13:50:01.911  INFO 22044 --- [main] pertySourcedRequestMappingHandlerMapping : Mapped URL path [/v2/api-docs] onto method [springfox.documentation.swagger2.web.Swagger2Controller#getDocumentation(String, HttpServletRequest)]
2023-01-15 13:50:01.918  INFO 22044 --- [main] m.t.config.SwaggerAutoConfiguration      : 初始化swagger接口文档
2023-01-15 13:50:01.918  INFO 22044 --- [main] m.t.config.SwaggerAutoConfiguration      : 
title：在线文档
group：
description：在线文档
version：1.0
contact：Contact{name='', url='', email=''}
basePackage：
basePath：[]
excludePath：[]
docket：{aggregate_pay=DocketInfo{title='日志服务', group='', description='在线文档', version='1.0', contact=Contact{name='', url='', email=''}, basePackage='mao.aggregate_pay_log', basePath=[], excludePath=[]}}

2023-01-15 13:50:02.297  INFO 22044 --- [main] com.alibaba.nacos.client.naming          : initializer namespace from System Property :null
2023-01-15 13:50:02.298  INFO 22044 --- [main] com.alibaba.nacos.client.naming          : initializer namespace from System Environment :null
2023-01-15 13:50:02.298  INFO 22044 --- [main] com.alibaba.nacos.client.naming          : initializer namespace from System Property :null
2023-01-15 13:50:02.385  INFO 22044 --- [main] com.alibaba.nacos.client.naming          : new ips(1) service: DEFAULT_GROUP@@aggregate-pay-log@@DEFAULT -> [{"instanceId":"192.168.3.143#27914#DEFAULT#DEFAULT_GROUP@@aggregate-pay-log","ip":"192.168.3.143","port":27914,"weight":1.0,"healthy":true,"enabled":true,"ephemeral":false,"clusterName":"DEFAULT","serviceName":"DEFAULT_GROUP@@aggregate-pay-log","metadata":{"preserved.register.source":"SPRING_CLOUD","management.endpoints.web.base-path":"/actuator","management.context-path":"//actuator"},"ipDeleteTimeout":30000,"instanceHeartBeatInterval":5000,"instanceHeartBeatTimeOut":15000}]
2023-01-15 13:50:02.395  INFO 22044 --- [main] com.alibaba.nacos.client.naming          : current ips:(1) service: DEFAULT_GROUP@@aggregate-pay-log@@DEFAULT -> [{"instanceId":"192.168.3.143#27914#DEFAULT#DEFAULT_GROUP@@aggregate-pay-log","ip":"192.168.3.143","port":27914,"weight":1.0,"healthy":true,"enabled":true,"ephemeral":false,"clusterName":"DEFAULT","serviceName":"DEFAULT_GROUP@@aggregate-pay-log","metadata":{"preserved.register.source":"SPRING_CLOUD","management.endpoints.web.base-path":"/actuator","management.context-path":"//actuator"},"ipDeleteTimeout":30000,"instanceHeartBeatInterval":5000,"instanceHeartBeatTimeOut":15000}]
2023-01-15 13:50:02.397  INFO 22044 --- [main] d.s.w.p.DocumentationPluginsBootstrapper : Context refreshed
2023-01-15 13:50:02.416  INFO 22044 --- [main] d.s.w.p.DocumentationPluginsBootstrapper : Found 1 custom documentation plugin(s)
2023-01-15 13:50:02.448  INFO 22044 --- [main] s.d.s.w.s.ApiListingReferenceScanner     : Scanning for api listing references
2023-01-15 13:50:02.573  INFO 22044 --- [main] .d.s.w.r.o.CachingOperationNameGenerator : Generating unique operation named: pageUsingGET_1
2023-01-15 13:50:02.637  INFO 22044 --- [main] o.s.b.w.embedded.tomcat.TomcatWebServer  : Tomcat started on port(s): 27914 (http) with context path ''
2023-01-15 13:50:02.642  INFO 22044 --- [main] com.alibaba.nacos.client.naming          : [REGISTER-SERVICE] 51637975-182d-43e2-ab58-d012723411d5 registering service DEFAULT_GROUP@@aggregate-pay-log with instance: Instance{instanceId='null', ip='192.168.3.143', port=27914, weight=1.0, healthy=true, enabled=true, ephemeral=false, clusterName='DEFAULT', serviceName='null', metadata={preserved.register.source=SPRING_CLOUD, management.endpoints.web.base-path=/actuator, management.context-path=//actuator}}
2023-01-15 13:50:02.677  INFO 22044 --- [main] c.a.c.n.registry.NacosServiceRegistry    : nacos registry, DEFAULT_GROUP aggregate-pay-log 192.168.3.143:27914 register finished
2023-01-15 13:50:02.918  INFO 22044 --- [main] m.a.AggregatePayLogApplication           : Started AggregatePayLogApplication in 5.399 seconds (JVM running for 6.368)
2023-01-15 13:50:02.926  INFO 22044 --- [main] c.a.n.client.config.impl.ClientWorker    : [fixed-127.0.0.1_8848-51637975-182d-43e2-ab58-d012723411d5] [subscribe] common.yml+DEFAULT_GROUP+51637975-182d-43e2-ab58-d012723411d5
2023-01-15 13:50:02.927  INFO 22044 --- [main] c.a.nacos.client.config.impl.CacheData   : [fixed-127.0.0.1_8848-51637975-182d-43e2-ab58-d012723411d5] [add-listener] ok, tenant=51637975-182d-43e2-ab58-d012723411d5, dataId=common.yml, group=DEFAULT_GROUP, cnt=1
2023-01-15 13:50:02.929  INFO 22044 --- [main] c.a.n.client.config.impl.ClientWorker    : [fixed-127.0.0.1_8848-51637975-182d-43e2-ab58-d012723411d5] [subscribe] aggregate-pay-log-dev.yml+DEFAULT_GROUP+51637975-182d-43e2-ab58-d012723411d5
2023-01-15 13:50:02.929  INFO 22044 --- [main] c.a.nacos.client.config.impl.CacheData   : [fixed-127.0.0.1_8848-51637975-182d-43e2-ab58-d012723411d5] [add-listener] ok, tenant=51637975-182d-43e2-ab58-d012723411d5, dataId=aggregate-pay-log-dev.yml, group=DEFAULT_GROUP, cnt=1
2023-01-15 13:50:02.933  INFO 22044 --- [main] c.a.n.client.config.impl.ClientWorker    : [fixed-127.0.0.1_8848-51637975-182d-43e2-ab58-d012723411d5] [subscribe] aggregate-pay-log.yml+DEFAULT_GROUP+51637975-182d-43e2-ab58-d012723411d5
2023-01-15 13:50:02.933  INFO 22044 --- [main] c.a.nacos.client.config.impl.CacheData   : [fixed-127.0.0.1_8848-51637975-182d-43e2-ab58-d012723411d5] [add-listener] ok, tenant=51637975-182d-43e2-ab58-d012723411d5, dataId=aggregate-pay-log.yml, group=DEFAULT_GROUP, cnt=1
2023-01-15 13:50:02.934  INFO 22044 --- [main] c.a.n.client.config.impl.ClientWorker    : [fixed-127.0.0.1_8848-51637975-182d-43e2-ab58-d012723411d5] [subscribe] aggregate-pay-log+DEFAULT_GROUP+51637975-182d-43e2-ab58-d012723411d5
2023-01-15 13:50:02.934  INFO 22044 --- [main] c.a.nacos.client.config.impl.CacheData   : [fixed-127.0.0.1_8848-51637975-182d-43e2-ab58-d012723411d5] [add-listener] ok, tenant=51637975-182d-43e2-ab58-d012723411d5, dataId=aggregate-pay-log, group=DEFAULT_GROUP, cnt=1
2023-01-15 13:50:02.934  INFO 22044 --- [main] m.a.AggregatePayLogApplication           : 应用aggregate-pay-log启动成功!swagger地址：http://192.168.202.1:27914/doc.html  或者：http://127.0.0.1:27914/doc.html
2023-01-15 13:50:02.934  INFO 22044 --- [main] m.a.AggregatePayLogApplication           : 数据库监控地址：http://192.168.202.1:27914/druid  或者：http://127.0.0.1:27914/druid
2023-01-15 13:50:02.934  INFO 22044 --- [main] m.a.AggregatePayLogApplication           : 启动耗时：5498ms
2023-01-15 13:50:03.677  INFO 22044 --- [com.alibaba.nacos.naming.push.receiver] com.alibaba.nacos.client.naming          : received push data: {"type":"dom","data":"{\"hosts\":[{\"ip\":\"192.168.3.143\",\"port\":27914,\"valid\":true,\"healthy\":true,\"marked\":false,\"instanceId\":\"192.168.3.143#27914#DEFAULT#DEFAULT_GROUP@@aggregate-pay-log\",\"metadata\":{\"preserved.register.source\":\"SPRING_CLOUD\",\"management.endpoints.web.base-path\":\"/actuator\",\"management.context-path\":\"//actuator\"},\"enabled\":true,\"weight\":1.0,\"clusterName\":\"DEFAULT\",\"serviceName\":\"DEFAULT_GROUP@@aggregate-pay-log\",\"ephemeral\":false}],\"dom\":\"DEFAULT_GROUP@@aggregate-pay-log\",\"name\":\"DEFAULT_GROUP@@aggregate-pay-log\",\"cacheMillis\":10000,\"lastRefTime\":1673761803677,\"checksum\":\"8de5edc44cd0ec1c1ac900a1d3f02d4d\",\"useSpecifiedURL\":false,\"clusters\":\"DEFAULT\",\"env\":\"\",\"metadata\":{}}","lastRefTime":579482800100} from /192.168.202.1
2023-01-15 13:50:15.667  INFO 22044 --- [com.alibaba.nacos.naming.push.receiver] com.alibaba.nacos.client.naming          : received push data: {"type":"dom","data":"{\"hosts\":[{\"ip\":\"192.168.3.143\",\"port\":27914,\"valid\":true,\"healthy\":true,\"marked\":false,\"instanceId\":\"192.168.3.143#27914#DEFAULT#DEFAULT_GROUP@@aggregate-pay-log\",\"metadata\":{\"preserved.register.source\":\"SPRING_CLOUD\",\"management.endpoints.web.base-path\":\"/actuator\",\"management.context-path\":\"//actuator\"},\"enabled\":true,\"weight\":1.0,\"clusterName\":\"DEFAULT\",\"serviceName\":\"DEFAULT_GROUP@@aggregate-pay-log\",\"ephemeral\":false}],\"dom\":\"DEFAULT_GROUP@@aggregate-pay-log\",\"name\":\"DEFAULT_GROUP@@aggregate-pay-log\",\"cacheMillis\":10000,\"lastRefTime\":1673761815667,\"checksum\":\"8de5edc44cd0ec1c1ac900a1d3f02d4d\",\"useSpecifiedURL\":false,\"clusters\":\"DEFAULT\",\"env\":\"\",\"metadata\":{}}","lastRefTime":591472818300} from /192.168.202.1
2023-01-15 13:50:34.699  INFO 22044 --- [http-nio-27914-exec-9] o.a.c.c.C.[Tomcat].[localhost].[/]       : Initializing Spring DispatcherServlet 'dispatcherServlet'
2023-01-15 13:50:34.699  INFO 22044 --- [http-nio-27914-exec-9] o.s.web.servlet.DispatcherServlet        : Initializing Servlet 'dispatcherServlet'
2023-01-15 13:50:34.705  INFO 22044 --- [http-nio-27914-exec-9] o.s.web.servlet.DispatcherServlet        : Completed initialization in 6 ms
2023-01-15 13:50:35.303  INFO 22044 --- [http-nio-27914-exec-9] com.alibaba.druid.pool.DruidDataSource   : {dataSource-1} inited
2023-01-15 13:50:35.314 DEBUG 22044 --- [http-nio-27914-exec-9] m.a.mapper.OptLogMapper.insert           : ==>  Preparing: INSERT INTO opt_log ( id, finish_time, action_method, description, request_ip, request_uri, ua, params, http_method, user_name, type, ex_desc, consuming_time, ex_detail, class_path, start_time ) VALUES ( ?, ?, ?, ?, ?, ?, ?, ?, ?, ?, ?, ?, ?, ?, ?, ? ) 
2023-01-15 13:50:35.466 DEBUG 22044 --- [http-nio-27914-exec-9] m.a.mapper.OptLogMapper.insert           : ==> Parameters: 126304644094754849(Long), 2023-01-15T13:50:34.667(LocalDateTime), bindPlatformForApp(String), 商户平台‐应用管理-绑定服务类型(String), 192.168.202.1(String), /my/apps/111/platform‐channels(String), Mozilla/5.0 (Windows NT 10.0; Win64; x64) AppleWebKit/537.36 (KHTML, like Gecko) Chrome/108.0.0.0 Safari/537.36 Edg/108.0.1462.76(String), [111, 2333](String), POST(String), 123456(Long), EX(String), appId不存在(String), 10(Long), BizException [message=appId不存在, code=-1]
	at mao.tools_core.exception.BizException.wrap(BizException.java:42)
	at mao.aggregate_pay_merchant_application.controller.AppController.bindPlatformForApp(AppController.java:152)
	at mao.aggregate_pay_merchant_application.controller.AppController$$FastClassBySpringCGLIB$$36bb58b6.invoke(<generated>)
	at org.springframework.cglib.proxy.MethodProxy.invoke(MethodProxy.java:218)
	at org.springframework.aop.framework.CglibAopProxy$CglibMethodInvocation.invokeJoinpoint(CglibAopProxy.java:769)
	at org.springframework.aop.framework.ReflectiveMethodInvocation.proceed(ReflectiveMethodInvocation.java:163)
	at org.springframework.aop.framework.CglibAopProxy$CglibMethodInvocation.proceed(CglibAopProxy.java:747)
	at org.springframework.aop.framework.adapter.MethodBeforeAdviceInterceptor.invoke(MethodBeforeAdviceInterceptor.java:56)
	at org.springframework.aop.framework.ReflectiveMethodInvocation.proceed(ReflectiveMethodInvocation.java:175)
	at org.springframework.aop.framework.CglibAopProxy$CglibMethodInvocation.proceed(CglibAopProxy.java:747)
	at org.springframework.aop.framework.adapter.AfterReturningAdviceInterceptor.invoke(AfterReturningAdviceInterceptor.java:55)
	at org.springframework.aop.framework.ReflectiveMethodInvocation.proceed(ReflectiveMethodInvocation.java:175)
	at org.springframework.aop.framework.CglibAopProxy$CglibMethodInvocation.proceed(CglibAopProxy.java:747)
	at org.springframework.aop.aspectj.AspectJAfterThrowingAdvice.invoke(AspectJAfterThrowingAdvice.java:62)
	at org.springframework.aop.framework.ReflectiveMethodInvocation.proceed(ReflectiveMethodInvocation.java:175)
	at org.springframework.aop.framework.CglibAopProxy$CglibMethodInvocation.proceed(CglibAopProxy.java:747)
	at org.springframework.aop.interceptor.ExposeInvocationInterceptor.invoke(ExposeInvocationInterceptor.java:93)
	at org.springframework.aop.framework.ReflectiveMethodInvocation.proceed(ReflectiveMethodInvocation.java:186)
	at org.springframework.aop.framework.CglibAopProxy$CglibMethodInvocation.proceed(CglibAopProxy.java:747)
	at org.springframework.aop.framework.CglibAopProxy$DynamicAdvisedInterceptor.intercept(CglibAopProxy.java:689)
	at mao.aggregate_pay_merchant_application.controller.AppController$$EnhancerBySpringCGLIB$$73f4e355.bindPlatformForApp(<generated>)
	at sun.reflect.NativeMethodAccessorImpl.invoke0(Native Method)
	at sun.reflect.NativeMethodAccessorImpl.invoke(NativeMethodAccessorImpl.java:62)
	at sun.reflect.DelegatingMethodAccessorImpl.invoke(DelegatingMethodAccessorImpl.java:43)
	at java.lang.reflect.Method.invoke(Method.java:498)
	at org.springframework.web.method.support.InvocableHandlerMethod.doInvoke(InvocableHandlerMethod.java:190)
	at org.springframework.web.method.support.InvocableHandlerMethod.invokeForRequest(InvocableHandlerMethod.java:138)
	at org.springframework.web.servlet.mvc.method.annotation.ServletInvocableHandlerMethod.invokeAndHandle(ServletInvocableHandlerMethod.java:106)
	at org.springframework.web.servlet.mvc.method.annotation.RequestMappingHandlerAdapter.invokeHandlerMethod(RequestMappingHandlerAdapter.java:888)
	at org.springframework.web.servlet.mvc.method.annotation.RequestMappingHandlerAdapter.handleInternal(RequestMappingHandlerAdapter.java:793)
	at org.springframework.web.servlet.mvc.method.AbstractHandlerMethodAdapter.handle(AbstractHandlerMethodAdapter.java:87)
	at org.springframework.web.servlet.DispatcherServlet.doDispatch(DispatcherServlet.java:1040)
	at org.springframework.web.servlet.DispatcherServlet.doService(DispatcherServlet.java:943)
	at org.springframework.web.servlet.FrameworkServlet.processRequest(FrameworkServlet.java:1006)
	at org.springframework.web.servlet.FrameworkServlet.doPost(FrameworkServlet.java:909)
	at javax.servlet.http.HttpServlet.service(HttpServlet.java:652)
	at org.springframework.web.servlet.FrameworkServlet.service(FrameworkServlet.java:883)
	at javax.servlet.http.HttpServlet.service(HttpServlet.java:733)
	at org.apache.catalina.core.ApplicationFilterChain.internalDoFilter(ApplicationFilterChain.java:231)
	at org.apache.catalina.core.ApplicationFilterChain.doFilter(ApplicationFilterChain.java:166)
	at mao.tools_xss.filter.XssFilter.doFilter(XssFilter.java:109)
	at org.apache.catalina.core.ApplicationFilterChain.internalDoFilter(ApplicationFilterChain.java:193)
	at org.apache.catalina.core.ApplicationFilterChain.doFilter(ApplicationFilterChain.java:166)
	at org.springframework.web.filter.RequestContextFilter.doFilterInternal(RequestContextFilter.java:100)
	at org.springframework.web.filter.OncePerRequestFilter.doFilter(OncePerRequestFilter.java:119)
	at org.apache.catalina.core.ApplicationFilterChain.internalDoFilter(ApplicationFilterChain.java:193)
	at org.apache.catalina.core.ApplicationFilterChain.doFilter(ApplicationFilterChain.java:166)
	at org.springframework.web.filter.FormContentFilter.doFilterInternal(FormContentFilter.java:93)
	at org.springframework.web.filter.OncePerRequestFilter.doFilter(OncePerRequestFilter.java:119)
	at org.apache.catalina.core.ApplicationFilterChain.internalDoFilter(ApplicationFilterChain.java:193)
	at org.apache.catalina.core.ApplicationFilterChain.doFilter(ApplicationFilterChain.java:166)
	at org.springframework.boot.actuate.metrics.web.servlet.WebMvcMetricsFilter.doFilterInternal(WebMvcMetricsFilter.java:109)
	at org.springframework.web.filter.OncePerRequestFilter.doFilter(OncePerRequestFilter.java:119)
	at org.apache.catalina.core.ApplicationFilterChain.internalDoFilter(ApplicationFilterChain.java:193)
	at org.apache.catalina.core.ApplicationFilterChain.doFilter(ApplicationFilterChain.java:166)
	at org.springframework.web.filter.CharacterEncodingFilter.doFilterInternal(CharacterEncodingFilter.java:201)
	at org.springframework.web.filter.OncePerRequestFilter.doFilter(OncePerRequestFilter.java:119)
	at org.apache.catalina.core.ApplicationFilterChain.internalDoFilter(ApplicationFilterChain.java:193)
	at org.apache.catalina.core.ApplicationFilterChain.doFilter(ApplicationFilterChain.java:166)
	at org.apache.catalina.core.StandardWrapperValve.invoke(StandardWrapperValve.java:202)
	at org.apache.catalina.core.StandardContextValve.invoke(StandardContextValve.java:96)
	at org.apache.catalina.authenticator.AuthenticatorBase.invoke(AuthenticatorBase.java:541)
	at org.apache.catalina.core.StandardHostValve.invoke(StandardHostValve.java:139)
	at org.apache.catalina.valves.ErrorReportValve.invoke(ErrorReportValve.java:92)
	at org.apache.catalina.core.StandardEngineValve.invoke(StandardEngineValve.java:74)
	at org.apache.catalina.valves.RemoteIpValve.invoke(RemoteIpValve.java:747)
	at org.apache.catalina.connector.CoyoteAdapter.service(CoyoteAdapter.java:343)
	at org.apache.coyote.http11.Http11Processor.service(Http11Processor.java:373)
	at org.apache.coyote.AbstractProcessorLight.process(AbstractProcessorLight.java:65)
	at org.apache.coyote.AbstractProtocol$ConnectionHandler.process(AbstractProtocol.java:868)
	at org.apache.tomcat.util.net.NioEndpoint$SocketProcessor.doRun(NioEndpoint.java:1589)
	at org.apache.tomcat.util.net.SocketProcessorBase.run(SocketProcessorBase.java:49)
	at java.util.concurrent.ThreadPoolExecutor.runWorker(ThreadPoolExecutor.java:1149)
	at java.util.concurrent.ThreadPoolExecutor$Worker.run(ThreadPoolExecutor.java:624)
	at org.apache.tomcat.util.threads.TaskThread$WrappingRunnable.run(TaskThread.java:61)
	at java.lang.Thread.run(Thread.java:750)
(String), mao.aggregate_pay_merchant_application.controller.AppController(String), 2023-01-15T13:50:34.657(LocalDateTime)
2023-01-15 13:50:35.485 DEBUG 22044 --- [http-nio-27914-exec-9] m.a.mapper.OptLogMapper.insert           : <==    Updates: 1
