2023-01-14 15:40:39.507  WARN 17600 --- [main] c.a.c.n.c.NacosPropertySourceBuilder     : Ignore the empty nacos configuration and get it based on dataId[aggregate-pay-log] & group[DEFAULT_GROUP]
2023-01-14 15:40:39.518  INFO 17600 --- [main] b.c.PropertySourceBootstrapConfiguration : Located property source: [BootstrapPropertySource {name='bootstrapProperties-aggregate-pay-log-dev.yml,DEFAULT_GROUP'}, BootstrapPropertySource {name='bootstrapProperties-aggregate-pay-log.yml,DEFAULT_GROUP'}, BootstrapPropertySource {name='bootstrapProperties-aggregate-pay-log,DEFAULT_GROUP'}, BootstrapPropertySource {name='bootstrapProperties-mysql.yml,DEFAULT_GROUP'}, BootstrapPropertySource {name='bootstrapProperties-redis.yml,DEFAULT_GROUP'}, BootstrapPropertySource {name='bootstrapProperties-common.yml,DEFAULT_GROUP'}]
2023-01-14 15:40:39.575  INFO 17600 --- [main] m.a.service.impl.OptLogServiceImplTest   : The following profiles are active: dev
2023-01-14 15:40:40.605  INFO 17600 --- [main] o.s.cloud.context.scope.GenericScope     : BeanFactory id=5cb2fd73-4d1d-31f9-9095-0ff95c3a646e
2023-01-14 15:40:40.746  INFO 17600 --- [main] trationDelegate$BeanPostProcessorChecker : Bean 'org.springframework.transaction.annotation.ProxyTransactionManagementConfiguration' of type [org.springframework.transaction.annotation.ProxyTransactionManagementConfiguration] is not eligible for getting processed by all BeanPostProcessors (for example: not eligible for auto-proxying)
2023-01-14 15:40:40.909  INFO 17600 --- [main] m.a.config.MybatisConfig                 : 初始化 MybatisConfig
2023-01-14 15:40:40.958  INFO 17600 --- [main] m.a.config.DatabaseConfig                : 初始化 DatabaseConfig 数据库配置
2023-01-14 15:40:40.964  INFO 17600 --- [main] m.a.config.ExceptionConfig               : 初始化 ExceptionConfig 全局异常配置
2023-01-14 15:40:40.970  INFO 17600 --- [main] mao.aggregate_pay_log.config.WebConfig   : 初始化 WebConfig
2023-01-14 15:40:42.923  INFO 17600 --- [main] o.s.s.concurrent.ThreadPoolTaskExecutor  : Initializing ExecutorService 'applicationTaskExecutor'
2023-01-14 15:40:43.295  INFO 17600 --- [main] pertySourcedRequestMappingHandlerMapping : Mapped URL path [/v2/api-docs] onto method [springfox.documentation.swagger2.web.Swagger2Controller#getDocumentation(String, HttpServletRequest)]
2023-01-14 15:40:43.314  INFO 17600 --- [main] m.t.config.SwaggerAutoConfiguration      : 初始化swagger接口文档
2023-01-14 15:40:43.315  INFO 17600 --- [main] m.t.config.SwaggerAutoConfiguration      : 
title：在线文档
group：
description：在线文档
version：1.0
contact：Contact{name='', url='', email=''}
basePackage：
basePath：[]
excludePath：[]
docket：{aggregate_pay=DocketInfo{title='日志服务', group='', description='在线文档', version='1.0', contact=Contact{name='', url='', email=''}, basePackage='mao.aggregate_pay_log', basePath=[], excludePath=[]}}

2023-01-14 15:40:43.782  INFO 17600 --- [main] d.s.w.p.DocumentationPluginsBootstrapper : Context refreshed
2023-01-14 15:40:43.815  INFO 17600 --- [main] d.s.w.p.DocumentationPluginsBootstrapper : Found 1 custom documentation plugin(s)
2023-01-14 15:40:43.852  INFO 17600 --- [main] s.d.s.w.s.ApiListingReferenceScanner     : Scanning for api listing references
2023-01-14 15:40:44.053  INFO 17600 --- [main] .d.s.w.r.o.CachingOperationNameGenerator : Generating unique operation named: pageUsingGET_1
2023-01-14 15:40:44.108  INFO 17600 --- [main] m.a.service.impl.OptLogServiceImplTest   : Started OptLogServiceImplTest in 6.161 seconds (JVM running for 7.617)
2023-01-14 15:40:44.113  INFO 17600 --- [main] c.a.n.client.config.impl.ClientWorker    : [fixed-127.0.0.1_8848-51637975-182d-43e2-ab58-d012723411d5] [subscribe] common.yml+DEFAULT_GROUP+51637975-182d-43e2-ab58-d012723411d5
2023-01-14 15:40:44.116  INFO 17600 --- [main] c.a.nacos.client.config.impl.CacheData   : [fixed-127.0.0.1_8848-51637975-182d-43e2-ab58-d012723411d5] [add-listener] ok, tenant=51637975-182d-43e2-ab58-d012723411d5, dataId=common.yml, group=DEFAULT_GROUP, cnt=1
2023-01-14 15:40:44.122  INFO 17600 --- [main] c.a.n.client.config.impl.ClientWorker    : [fixed-127.0.0.1_8848-51637975-182d-43e2-ab58-d012723411d5] [subscribe] aggregate-pay-log-dev.yml+DEFAULT_GROUP+51637975-182d-43e2-ab58-d012723411d5
2023-01-14 15:40:44.123  INFO 17600 --- [main] c.a.nacos.client.config.impl.CacheData   : [fixed-127.0.0.1_8848-51637975-182d-43e2-ab58-d012723411d5] [add-listener] ok, tenant=51637975-182d-43e2-ab58-d012723411d5, dataId=aggregate-pay-log-dev.yml, group=DEFAULT_GROUP, cnt=1
2023-01-14 15:40:44.124  INFO 17600 --- [main] c.a.n.client.config.impl.ClientWorker    : [fixed-127.0.0.1_8848-51637975-182d-43e2-ab58-d012723411d5] [subscribe] aggregate-pay-log.yml+DEFAULT_GROUP+51637975-182d-43e2-ab58-d012723411d5
2023-01-14 15:40:44.124  INFO 17600 --- [main] c.a.nacos.client.config.impl.CacheData   : [fixed-127.0.0.1_8848-51637975-182d-43e2-ab58-d012723411d5] [add-listener] ok, tenant=51637975-182d-43e2-ab58-d012723411d5, dataId=aggregate-pay-log.yml, group=DEFAULT_GROUP, cnt=1
2023-01-14 15:40:44.125  INFO 17600 --- [main] c.a.n.client.config.impl.ClientWorker    : [fixed-127.0.0.1_8848-51637975-182d-43e2-ab58-d012723411d5] [subscribe] aggregate-pay-log+DEFAULT_GROUP+51637975-182d-43e2-ab58-d012723411d5
2023-01-14 15:40:44.125  INFO 17600 --- [main] c.a.nacos.client.config.impl.CacheData   : [fixed-127.0.0.1_8848-51637975-182d-43e2-ab58-d012723411d5] [add-listener] ok, tenant=51637975-182d-43e2-ab58-d012723411d5, dataId=aggregate-pay-log, group=DEFAULT_GROUP, cnt=1
2023-01-14 15:40:45.123  INFO 17600 --- [main] com.alibaba.druid.pool.DruidDataSource   : {dataSource-1} inited
2023-01-14 15:40:45.142 DEBUG 17600 --- [main] m.a.mapper.OptLogMapper.selectList       : ==>  Preparing: SELECT id,finish_time,action_method,description,request_ip,request_uri,ua,params,http_method,user_name,type,ex_desc,result,consuming_time,ex_detail,class_path,start_time FROM opt_log 
2023-01-14 15:40:45.367 DEBUG 17600 --- [main] m.a.mapper.OptLogMapper.selectList       : ==> Parameters: 
2023-01-14 15:40:45.400 DEBUG 17600 --- [main] m.a.mapper.OptLogMapper.selectList       : <==      Total: 1
2023-01-14 15:40:45.415  WARN 17600 --- [Thread-2] c.a.n.common.http.HttpClientBeanHolder   : [HttpClientBeanHolder] Start destroying common HttpClient
2023-01-14 15:40:45.416  WARN 17600 --- [Thread-2] c.a.n.common.http.HttpClientBeanHolder   : [HttpClientBeanHolder] Destruction of the end
2023-01-14 15:40:45.418  INFO 17600 --- [SpringContextShutdownHook] o.s.s.concurrent.ThreadPoolTaskExecutor  : Shutting down ExecutorService 'applicationTaskExecutor'
2023-01-14 15:40:45.420  INFO 17600 --- [SpringContextShutdownHook] com.alibaba.druid.pool.DruidDataSource   : {dataSource-1} closing ...
2023-01-14 15:40:45.434  INFO 17600 --- [SpringContextShutdownHook] com.alibaba.druid.pool.DruidDataSource   : {dataSource-1} closed
2023-01-14 15:41:56.589  WARN 12868 --- [main] c.a.c.n.c.NacosPropertySourceBuilder     : Ignore the empty nacos configuration and get it based on dataId[aggregate-pay-log] & group[DEFAULT_GROUP]
2023-01-14 15:41:56.599  INFO 12868 --- [main] b.c.PropertySourceBootstrapConfiguration : Located property source: [BootstrapPropertySource {name='bootstrapProperties-aggregate-pay-log-dev.yml,DEFAULT_GROUP'}, BootstrapPropertySource {name='bootstrapProperties-aggregate-pay-log.yml,DEFAULT_GROUP'}, BootstrapPropertySource {name='bootstrapProperties-aggregate-pay-log,DEFAULT_GROUP'}, BootstrapPropertySource {name='bootstrapProperties-mysql.yml,DEFAULT_GROUP'}, BootstrapPropertySource {name='bootstrapProperties-redis.yml,DEFAULT_GROUP'}, BootstrapPropertySource {name='bootstrapProperties-common.yml,DEFAULT_GROUP'}]
2023-01-14 15:41:56.667  INFO 12868 --- [main] m.a.mapper.OptLogMapperTest              : The following profiles are active: dev
2023-01-14 15:41:57.644  INFO 12868 --- [main] o.s.cloud.context.scope.GenericScope     : BeanFactory id=5cb2fd73-4d1d-31f9-9095-0ff95c3a646e
2023-01-14 15:41:57.781  INFO 12868 --- [main] trationDelegate$BeanPostProcessorChecker : Bean 'org.springframework.transaction.annotation.ProxyTransactionManagementConfiguration' of type [org.springframework.transaction.annotation.ProxyTransactionManagementConfiguration] is not eligible for getting processed by all BeanPostProcessors (for example: not eligible for auto-proxying)
2023-01-14 15:41:57.928  INFO 12868 --- [main] m.a.config.MybatisConfig                 : 初始化 MybatisConfig
2023-01-14 15:41:57.978  INFO 12868 --- [main] m.a.config.DatabaseConfig                : 初始化 DatabaseConfig 数据库配置
2023-01-14 15:41:57.983  INFO 12868 --- [main] m.a.config.ExceptionConfig               : 初始化 ExceptionConfig 全局异常配置
2023-01-14 15:41:57.988  INFO 12868 --- [main] mao.aggregate_pay_log.config.WebConfig   : 初始化 WebConfig
2023-01-14 15:41:59.932  INFO 12868 --- [main] o.s.s.concurrent.ThreadPoolTaskExecutor  : Initializing ExecutorService 'applicationTaskExecutor'
2023-01-14 15:42:00.291  INFO 12868 --- [main] pertySourcedRequestMappingHandlerMapping : Mapped URL path [/v2/api-docs] onto method [springfox.documentation.swagger2.web.Swagger2Controller#getDocumentation(String, HttpServletRequest)]
2023-01-14 15:42:00.308  INFO 12868 --- [main] m.t.config.SwaggerAutoConfiguration      : 初始化swagger接口文档
2023-01-14 15:42:00.308  INFO 12868 --- [main] m.t.config.SwaggerAutoConfiguration      : 
title：在线文档
group：
description：在线文档
version：1.0
contact：Contact{name='', url='', email=''}
basePackage：
basePath：[]
excludePath：[]
docket：{aggregate_pay=DocketInfo{title='日志服务', group='', description='在线文档', version='1.0', contact=Contact{name='', url='', email=''}, basePackage='mao.aggregate_pay_log', basePath=[], excludePath=[]}}

2023-01-14 15:42:00.767  INFO 12868 --- [main] d.s.w.p.DocumentationPluginsBootstrapper : Context refreshed
2023-01-14 15:42:00.804  INFO 12868 --- [main] d.s.w.p.DocumentationPluginsBootstrapper : Found 1 custom documentation plugin(s)
2023-01-14 15:42:00.842  INFO 12868 --- [main] s.d.s.w.s.ApiListingReferenceScanner     : Scanning for api listing references
2023-01-14 15:42:01.041  INFO 12868 --- [main] .d.s.w.r.o.CachingOperationNameGenerator : Generating unique operation named: pageUsingGET_1
2023-01-14 15:42:01.098  INFO 12868 --- [main] m.a.mapper.OptLogMapperTest              : Started OptLogMapperTest in 6.227 seconds (JVM running for 7.404)
2023-01-14 15:42:01.111  INFO 12868 --- [main] c.a.n.client.config.impl.ClientWorker    : [fixed-127.0.0.1_8848-51637975-182d-43e2-ab58-d012723411d5] [subscribe] common.yml+DEFAULT_GROUP+51637975-182d-43e2-ab58-d012723411d5
2023-01-14 15:42:01.113  INFO 12868 --- [main] c.a.nacos.client.config.impl.CacheData   : [fixed-127.0.0.1_8848-51637975-182d-43e2-ab58-d012723411d5] [add-listener] ok, tenant=51637975-182d-43e2-ab58-d012723411d5, dataId=common.yml, group=DEFAULT_GROUP, cnt=1
2023-01-14 15:42:01.115  INFO 12868 --- [main] c.a.n.client.config.impl.ClientWorker    : [fixed-127.0.0.1_8848-51637975-182d-43e2-ab58-d012723411d5] [subscribe] aggregate-pay-log-dev.yml+DEFAULT_GROUP+51637975-182d-43e2-ab58-d012723411d5
2023-01-14 15:42:01.116  INFO 12868 --- [main] c.a.nacos.client.config.impl.CacheData   : [fixed-127.0.0.1_8848-51637975-182d-43e2-ab58-d012723411d5] [add-listener] ok, tenant=51637975-182d-43e2-ab58-d012723411d5, dataId=aggregate-pay-log-dev.yml, group=DEFAULT_GROUP, cnt=1
2023-01-14 15:42:01.117  INFO 12868 --- [main] c.a.n.client.config.impl.ClientWorker    : [fixed-127.0.0.1_8848-51637975-182d-43e2-ab58-d012723411d5] [subscribe] aggregate-pay-log.yml+DEFAULT_GROUP+51637975-182d-43e2-ab58-d012723411d5
2023-01-14 15:42:01.118  INFO 12868 --- [main] c.a.nacos.client.config.impl.CacheData   : [fixed-127.0.0.1_8848-51637975-182d-43e2-ab58-d012723411d5] [add-listener] ok, tenant=51637975-182d-43e2-ab58-d012723411d5, dataId=aggregate-pay-log.yml, group=DEFAULT_GROUP, cnt=1
2023-01-14 15:42:01.118  INFO 12868 --- [main] c.a.n.client.config.impl.ClientWorker    : [fixed-127.0.0.1_8848-51637975-182d-43e2-ab58-d012723411d5] [subscribe] aggregate-pay-log+DEFAULT_GROUP+51637975-182d-43e2-ab58-d012723411d5
2023-01-14 15:42:01.118  INFO 12868 --- [main] c.a.nacos.client.config.impl.CacheData   : [fixed-127.0.0.1_8848-51637975-182d-43e2-ab58-d012723411d5] [add-listener] ok, tenant=51637975-182d-43e2-ab58-d012723411d5, dataId=aggregate-pay-log, group=DEFAULT_GROUP, cnt=1
2023-01-14 15:42:02.116  INFO 12868 --- [main] com.alibaba.druid.pool.DruidDataSource   : {dataSource-1} inited
2023-01-14 15:42:02.135 DEBUG 12868 --- [main] m.a.mapper.OptLogMapper.selectList       : ==>  Preparing: SELECT id,finish_time,action_method,description,request_ip,request_uri,ua,params,http_method,user_name,type,ex_desc,result,consuming_time,ex_detail,class_path,start_time FROM opt_log 
2023-01-14 15:42:02.361 DEBUG 12868 --- [main] m.a.mapper.OptLogMapper.selectList       : ==> Parameters: 
2023-01-14 15:42:02.395 DEBUG 12868 --- [main] m.a.mapper.OptLogMapper.selectList       : <==      Total: 1
2023-01-14 15:42:02.409  WARN 12868 --- [Thread-2] c.a.n.common.http.HttpClientBeanHolder   : [HttpClientBeanHolder] Start destroying common HttpClient
2023-01-14 15:42:02.410  WARN 12868 --- [Thread-2] c.a.n.common.http.HttpClientBeanHolder   : [HttpClientBeanHolder] Destruction of the end
2023-01-14 15:42:02.412  INFO 12868 --- [SpringContextShutdownHook] o.s.s.concurrent.ThreadPoolTaskExecutor  : Shutting down ExecutorService 'applicationTaskExecutor'
2023-01-14 15:42:02.414  INFO 12868 --- [SpringContextShutdownHook] com.alibaba.druid.pool.DruidDataSource   : {dataSource-1} closing ...
2023-01-14 15:42:02.426  INFO 12868 --- [SpringContextShutdownHook] com.alibaba.druid.pool.DruidDataSource   : {dataSource-1} closed
