2023-01-24 15:42:01.274  WARN 27200 --- [main] c.a.c.n.c.NacosPropertySourceBuilder     : Ignore the empty nacos configuration and get it based on dataId[aggregate-pay-user-service] & group[DEFAULT_GROUP]
2023-01-24 15:42:01.297  INFO 27200 --- [main] b.c.PropertySourceBootstrapConfiguration : Located property source: [BootstrapPropertySource {name='bootstrapProperties-aggregate-pay-user-service-dev.yml,DEFAULT_GROUP'}, BootstrapPropertySource {name='bootstrapProperties-aggregate-pay-user-service.yml,DEFAULT_GROUP'}, BootstrapPropertySource {name='bootstrapProperties-aggregate-pay-user-service,DEFAULT_GROUP'}, BootstrapPropertySource {name='bootstrapProperties-mysql.yml,DEFAULT_GROUP'}, BootstrapPropertySource {name='bootstrapProperties-redis.yml,DEFAULT_GROUP'}, BootstrapPropertySource {name='bootstrapProperties-common.yml,DEFAULT_GROUP'}]
2023-01-24 15:42:01.364  INFO 27200 --- [main] m.a.feign.log.LoginLogFeignClientTest    : The following profiles are active: dev
2023-01-24 15:42:02.977  INFO 27200 --- [main] .s.d.r.c.RepositoryConfigurationDelegate : Multiple Spring Data modules found, entering strict repository configuration mode!
2023-01-24 15:42:02.981  INFO 27200 --- [main] .s.d.r.c.RepositoryConfigurationDelegate : Bootstrapping Spring Data Redis repositories in DEFAULT mode.
2023-01-24 15:42:03.017  INFO 27200 --- [main] .s.d.r.c.RepositoryConfigurationDelegate : Finished Spring Data repository scanning in 18ms. Found 0 Redis repository interfaces.
2023-01-24 15:42:03.096  WARN 27200 --- [main] o.s.boot.actuate.endpoint.EndpointId     : Endpoint ID 'service-registry' contains invalid characters, please migrate to a valid format.
2023-01-24 15:42:03.343  INFO 27200 --- [main] o.s.cloud.context.scope.GenericScope     : BeanFactory id=7f1d0728-2aa2-36fb-9b44-36dc29297a98
2023-01-24 15:42:03.578  INFO 27200 --- [main] trationDelegate$BeanPostProcessorChecker : Bean 'org.springframework.transaction.annotation.ProxyTransactionManagementConfiguration' of type [org.springframework.transaction.annotation.ProxyTransactionManagementConfiguration] is not eligible for getting processed by all BeanPostProcessors (for example: not eligible for auto-proxying)
2023-01-24 15:42:03.947  INFO 27200 --- [main] trationDelegate$BeanPostProcessorChecker : Bean 'mybatis-plus-com.baomidou.mybatisplus.autoconfigure.MybatisPlusProperties' of type [com.baomidou.mybatisplus.autoconfigure.MybatisPlusProperties] is not eligible for getting processed by all BeanPostProcessors (for example: not eligible for auto-proxying)
2023-01-24 15:42:03.955  INFO 27200 --- [main] trationDelegate$BeanPostProcessorChecker : Bean 'database-mao.tools_databases.properties.DatabaseProperties' of type [mao.tools_databases.properties.DatabaseProperties] is not eligible for getting processed by all BeanPostProcessors (for example: not eligible for auto-proxying)
2023-01-24 15:42:03.971  INFO 27200 --- [main] m.a.config.MybatisConfig                 : 初始化 MybatisConfig
2023-01-24 15:42:03.971  INFO 27200 --- [main] trationDelegate$BeanPostProcessorChecker : Bean 'mybatisConfig' of type [mao.aggregate_pay_user_service.config.MybatisConfig$$EnhancerBySpringCGLIB$$375b7095] is not eligible for getting processed by all BeanPostProcessors (for example: not eligible for auto-proxying)
2023-01-24 15:42:03.997  INFO 27200 --- [main] trationDelegate$BeanPostProcessorChecker : Bean 'paginationInterceptor' of type [com.baomidou.mybatisplus.extension.plugins.PaginationInterceptor] is not eligible for getting processed by all BeanPostProcessors (for example: not eligible for auto-proxying)
2023-01-24 15:42:04.010  INFO 27200 --- [main] trationDelegate$BeanPostProcessorChecker : Bean 'getLeftLikeTypeHandler' of type [mao.tools_databases.mybatis.typehandler.LeftLikeTypeHandler] is not eligible for getting processed by all BeanPostProcessors (for example: not eligible for auto-proxying)
2023-01-24 15:42:04.024  INFO 27200 --- [main] trationDelegate$BeanPostProcessorChecker : Bean 'getRightLikeTypeHandler' of type [mao.tools_databases.mybatis.typehandler.RightLikeTypeHandler] is not eligible for getting processed by all BeanPostProcessors (for example: not eligible for auto-proxying)
2023-01-24 15:42:04.033  INFO 27200 --- [main] trationDelegate$BeanPostProcessorChecker : Bean 'getFullLikeTypeHandler' of type [mao.tools_databases.mybatis.typehandler.FullLikeTypeHandler] is not eligible for getting processed by all BeanPostProcessors (for example: not eligible for auto-proxying)
2023-01-24 15:42:04.055  INFO 27200 --- [main] m.a.config.DatabaseConfig                : 初始化 DatabaseConfig 数据库配置
2023-01-24 15:42:04.055  INFO 27200 --- [main] trationDelegate$BeanPostProcessorChecker : Bean 'databaseConfig' of type [mao.aggregate_pay_user_service.config.DatabaseConfig$$EnhancerBySpringCGLIB$$f58750af] is not eligible for getting processed by all BeanPostProcessors (for example: not eligible for auto-proxying)
2023-01-24 15:42:04.162  INFO 27200 --- [main] trationDelegate$BeanPostProcessorChecker : Bean 'spring.datasource-org.springframework.boot.autoconfigure.jdbc.DataSourceProperties' of type [org.springframework.boot.autoconfigure.jdbc.DataSourceProperties] is not eligible for getting processed by all BeanPostProcessors (for example: not eligible for auto-proxying)
2023-01-24 15:42:04.168  INFO 27200 --- [main] trationDelegate$BeanPostProcessorChecker : Bean 'com.alibaba.druid.spring.boot.autoconfigure.stat.DruidFilterConfiguration' of type [com.alibaba.druid.spring.boot.autoconfigure.stat.DruidFilterConfiguration] is not eligible for getting processed by all BeanPostProcessors (for example: not eligible for auto-proxying)
2023-01-24 15:42:04.188  INFO 27200 --- [main] trationDelegate$BeanPostProcessorChecker : Bean 'wallConfig' of type [com.alibaba.druid.wall.WallConfig] is not eligible for getting processed by all BeanPostProcessors (for example: not eligible for auto-proxying)
2023-01-24 15:42:04.253  INFO 27200 --- [main] trationDelegate$BeanPostProcessorChecker : Bean 'wallFilter' of type [com.alibaba.druid.wall.WallFilter] is not eligible for getting processed by all BeanPostProcessors (for example: not eligible for auto-proxying)
2023-01-24 15:42:04.321  INFO 27200 --- [main] trationDelegate$BeanPostProcessorChecker : Bean 'masterDruidDataSource' of type [com.alibaba.druid.spring.boot.autoconfigure.DruidDataSourceWrapper] is not eligible for getting processed by all BeanPostProcessors (for example: not eligible for auto-proxying)
2023-01-24 15:42:04.350  INFO 27200 --- [main] trationDelegate$BeanPostProcessorChecker : Bean 'org.springframework.boot.autoconfigure.jdbc.DataSourceInitializerInvoker' of type [org.springframework.boot.autoconfigure.jdbc.DataSourceInitializerInvoker] is not eligible for getting processed by all BeanPostProcessors (for example: not eligible for auto-proxying)
2023-01-24 15:42:04.373  INFO 27200 --- [main] trationDelegate$BeanPostProcessorChecker : Bean 'masterDataSource' of type [com.p6spy.engine.spy.P6DataSource] is not eligible for getting processed by all BeanPostProcessors (for example: not eligible for auto-proxying)
2023-01-24 15:42:04.403  INFO 27200 --- [main] trationDelegate$BeanPostProcessorChecker : Bean 'masterTransactionManager' of type [org.springframework.jdbc.datasource.DataSourceTransactionManager] is not eligible for getting processed by all BeanPostProcessors (for example: not eligible for auto-proxying)
2023-01-24 15:42:04.411  INFO 27200 --- [main] trationDelegate$BeanPostProcessorChecker : Bean 'masterTransactionInterceptor' of type [org.springframework.transaction.interceptor.TransactionInterceptor] is not eligible for getting processed by all BeanPostProcessors (for example: not eligible for auto-proxying)
2023-01-24 15:42:04.426  INFO 27200 --- [main] trationDelegate$BeanPostProcessorChecker : Bean 'masterAdvisor' of type [org.springframework.aop.support.DefaultPointcutAdvisor] is not eligible for getting processed by all BeanPostProcessors (for example: not eligible for auto-proxying)
2023-01-24 15:42:04.515  INFO 27200 --- [main] m.a.config.ExceptionConfig               : 初始化 ExceptionConfig 全局异常配置
2023-01-24 15:42:04.520  INFO 27200 --- [main] m.a.config.WebConfig                     : 初始化 WebConfig
2023-01-24 15:42:04.968 DEBUG 27200 --- [main] mao.tools_xss.utils.XssUtils             :  start read XSS configfile [antisamy-slashdot-1.4.4.xml]
2023-01-24 15:42:04.976 DEBUG 27200 --- [main] mao.tools_xss.utils.XssUtils             : read XSS configfile [antisamy-slashdot-1.4.4.xml] success
2023-01-24 15:42:05.497  INFO 27200 --- [main] c.g.d.core.DozerBeanMapperBuilder        : Initializing Dozer. Version: 6.5.0, Thread Name: main
2023-01-24 15:42:05.498  INFO 27200 --- [main] c.g.dozermapper.core.util.RuntimeUtils   : OSGi support is false
2023-01-24 15:42:05.507  INFO 27200 --- [main] d.c.c.r.LegacyPropertiesSettingsResolver : Trying to find Dozer configuration file: dozer.properties
2023-01-24 15:42:05.513  INFO 27200 --- [main] d.c.c.r.LegacyPropertiesSettingsResolver : Failed to find dozer.properties via com.github.dozermapper.core.config.resolvers.LegacyPropertiesSettingsResolver.
2023-01-24 15:42:05.522  INFO 27200 --- [main] c.g.d.core.el.ELExpressionFactory        : javax.el support is true
2023-01-24 15:42:05.551  INFO 27200 --- [main] c.g.d.c.b.xml.BeanMappingXMLBuilder      : Using URL [file:/H:/%e7%a8%8b%e5%ba%8f/%e5%a4%a7%e5%9b%9b%e5%af%92%e5%81%87/aggregate-pay/apps/pay/aggregate-pay-user/aggregate-pay-user-service/target/classes/dozer/global.dozer.xml] to load custom xml mappings
2023-01-24 15:42:05.967  INFO 27200 --- [main] c.g.d.c.b.xml.SchemaLSResourceResolver   : Trying to resolve XML entity with public ID [null] and system ID [http://dozermapper.github.io/schema/bean-mapping.xsd]
2023-01-24 15:42:05.968  INFO 27200 --- [main] c.g.d.c.b.xml.SchemaLSResourceResolver   : Resolved public ID [null] and system ID [http://dozermapper.github.io/schema/bean-mapping.xsd]
2023-01-24 15:42:06.027  INFO 27200 --- [main] c.g.d.c.b.xml.BeanMappingXMLBuilder      : Successfully loaded custom xml mapping.
2023-01-24 15:42:06.028  INFO 27200 --- [main] c.g.d.c.b.xml.BeanMappingXMLBuilder      : Using URL [file:/H:/%e7%a8%8b%e5%ba%8f/%e5%a4%a7%e5%9b%9b%e5%af%92%e5%81%87/aggregate-pay/apps/pay/aggregate-pay-user/aggregate-pay-user-service/target/classes/dozer/biz.dozer.xml] to load custom xml mappings
2023-01-24 15:42:06.031  INFO 27200 --- [main] c.g.d.c.b.xml.SchemaLSResourceResolver   : Trying to resolve XML entity with public ID [null] and system ID [http://dozermapper.github.io/schema/bean-mapping.xsd]
2023-01-24 15:42:06.032  INFO 27200 --- [main] c.g.d.c.b.xml.SchemaLSResourceResolver   : Resolved public ID [null] and system ID [http://dozermapper.github.io/schema/bean-mapping.xsd]
2023-01-24 15:42:06.037  INFO 27200 --- [main] c.g.d.c.b.xml.BeanMappingXMLBuilder      : Successfully loaded custom xml mapping.
2023-01-24 15:42:06.052  INFO 27200 --- [main] m.t.config.DozerAutoConfiguration        : 初始化 DozerAutoConfiguration
2023-01-24 15:42:06.073 DEBUG 27200 --- [main] m.t.d.BaseDatabaseConfiguration          : 允许带事务的类为：class mao.aggregate_pay_user_service.controller.AuthorizationController
2023-01-24 15:42:06.081 DEBUG 27200 --- [main] m.t.d.BaseDatabaseConfiguration          : 允许带事务的类为：class mao.aggregate_pay_user_service.controller.AuthorizationController
2023-01-24 15:42:06.081 DEBUG 27200 --- [main] m.t.d.BaseDatabaseConfiguration          : 允许带事务的类为：class mao.aggregate_pay_user_service.controller.AuthorizationController
2023-01-24 15:42:06.082 DEBUG 27200 --- [main] m.t.d.BaseDatabaseConfiguration          : 允许带事务的类为：class mao.aggregate_pay_user_service.controller.AuthorizationController
2023-01-24 15:42:06.082 DEBUG 27200 --- [main] m.t.d.BaseDatabaseConfiguration          : 允许带事务的类为：class mao.aggregate_pay_user_service.controller.AuthorizationController
2023-01-24 15:42:06.082 DEBUG 27200 --- [main] m.t.d.BaseDatabaseConfiguration          : 允许带事务的类为：class mao.aggregate_pay_user_service.controller.AuthorizationController
2023-01-24 15:42:06.082 DEBUG 27200 --- [main] m.t.d.BaseDatabaseConfiguration          : 允许带事务的类为：class mao.aggregate_pay_user_service.controller.AuthorizationController
2023-01-24 15:42:06.082 DEBUG 27200 --- [main] m.t.d.BaseDatabaseConfiguration          : 允许带事务的类为：class mao.aggregate_pay_user_service.controller.AuthorizationController
2023-01-24 15:42:06.082 DEBUG 27200 --- [main] m.t.d.BaseDatabaseConfiguration          : 允许带事务的类为：class mao.aggregate_pay_user_service.controller.AuthorizationController
2023-01-24 15:42:06.082 DEBUG 27200 --- [main] m.t.d.BaseDatabaseConfiguration          : 允许带事务的类为：class mao.aggregate_pay_user_service.controller.AuthorizationController
2023-01-24 15:42:06.082 DEBUG 27200 --- [main] m.t.d.BaseDatabaseConfiguration          : 允许带事务的类为：class mao.aggregate_pay_user_service.controller.AuthorizationController
2023-01-24 15:42:06.082 DEBUG 27200 --- [main] m.t.d.BaseDatabaseConfiguration          : 允许带事务的类为：class mao.aggregate_pay_user_service.controller.AuthorizationController
2023-01-24 15:42:06.082 DEBUG 27200 --- [main] m.t.d.BaseDatabaseConfiguration          : 允许带事务的类为：class mao.aggregate_pay_user_service.controller.AuthorizationController
2023-01-24 15:42:06.082 DEBUG 27200 --- [main] m.t.d.BaseDatabaseConfiguration          : 允许带事务的类为：class mao.aggregate_pay_user_service.controller.AuthorizationController
2023-01-24 15:42:06.082 DEBUG 27200 --- [main] m.t.d.BaseDatabaseConfiguration          : 允许带事务的类为：class mao.aggregate_pay_user_service.controller.AuthorizationController
2023-01-24 15:42:06.082 DEBUG 27200 --- [main] m.t.d.BaseDatabaseConfiguration          : 允许带事务的类为：class mao.aggregate_pay_user_service.controller.AuthorizationController
2023-01-24 15:42:06.082 DEBUG 27200 --- [main] m.t.d.BaseDatabaseConfiguration          : 允许带事务的类为：class mao.aggregate_pay_user_service.controller.AuthorizationController
2023-01-24 15:42:06.082 DEBUG 27200 --- [main] m.t.d.BaseDatabaseConfiguration          : 允许带事务的类为：class mao.aggregate_pay_user_service.controller.AuthorizationController
2023-01-24 15:42:06.082 DEBUG 27200 --- [main] m.t.d.BaseDatabaseConfiguration          : 允许带事务的类为：class mao.aggregate_pay_user_service.controller.AuthorizationController
2023-01-24 15:42:06.083 DEBUG 27200 --- [main] m.t.d.BaseDatabaseConfiguration          : 允许带事务的类为：class mao.aggregate_pay_user_service.controller.AuthorizationController
2023-01-24 15:42:06.083 DEBUG 27200 --- [main] m.t.d.BaseDatabaseConfiguration          : 允许带事务的类为：class mao.aggregate_pay_user_service.controller.AuthorizationController
2023-01-24 15:42:06.083 DEBUG 27200 --- [main] m.t.d.BaseDatabaseConfiguration          : 允许带事务的类为：class mao.aggregate_pay_user_service.controller.AuthorizationController
2023-01-24 15:42:06.083 DEBUG 27200 --- [main] m.t.d.BaseDatabaseConfiguration          : 允许带事务的类为：class mao.aggregate_pay_user_service.controller.AuthorizationController
2023-01-24 15:42:06.083 DEBUG 27200 --- [main] m.t.d.BaseDatabaseConfiguration          : 允许带事务的类为：class mao.aggregate_pay_user_service.controller.AuthorizationController
2023-01-24 15:42:06.083 DEBUG 27200 --- [main] m.t.d.BaseDatabaseConfiguration          : 允许带事务的类为：class mao.aggregate_pay_user_service.controller.AuthorizationController
2023-01-24 15:42:06.083 DEBUG 27200 --- [main] m.t.d.BaseDatabaseConfiguration          : 允许带事务的类为：class mao.aggregate_pay_user_service.controller.AuthorizationController
2023-01-24 15:42:06.083 DEBUG 27200 --- [main] m.t.d.BaseDatabaseConfiguration          : 允许带事务的类为：class mao.aggregate_pay_user_service.controller.AuthorizationController
2023-01-24 15:42:06.083 DEBUG 27200 --- [main] m.t.d.BaseDatabaseConfiguration          : 允许带事务的类为：class mao.aggregate_pay_user_service.controller.AuthorizationController
2023-01-24 15:42:06.083 DEBUG 27200 --- [main] m.t.d.BaseDatabaseConfiguration          : 允许带事务的类为：class mao.aggregate_pay_user_service.controller.AuthorizationController
2023-01-24 15:42:06.083 DEBUG 27200 --- [main] m.t.d.BaseDatabaseConfiguration          : 允许带事务的类为：class mao.aggregate_pay_user_service.controller.AuthorizationController
2023-01-24 15:42:06.083 DEBUG 27200 --- [main] m.t.d.BaseDatabaseConfiguration          : 允许带事务的类为：class mao.aggregate_pay_user_service.controller.AuthorizationController
2023-01-24 15:42:06.083 DEBUG 27200 --- [main] m.t.d.BaseDatabaseConfiguration          : 允许带事务的类为：class mao.aggregate_pay_user_service.controller.AuthorizationController
2023-01-24 15:42:06.083 DEBUG 27200 --- [main] m.t.d.BaseDatabaseConfiguration          : 允许带事务的类为：class mao.aggregate_pay_user_service.controller.AuthorizationController
2023-01-24 15:42:06.083 DEBUG 27200 --- [main] m.t.d.BaseDatabaseConfiguration          : 允许带事务的类为：class mao.aggregate_pay_user_service.controller.AuthorizationController
2023-01-24 15:42:06.083 DEBUG 27200 --- [main] m.t.d.BaseDatabaseConfiguration          : 允许带事务的类为：class mao.aggregate_pay_user_service.controller.AuthorizationController
2023-01-24 15:42:06.084 DEBUG 27200 --- [main] m.t.d.BaseDatabaseConfiguration          : 允许带事务的类为：class mao.aggregate_pay_user_service.controller.AuthorizationController
2023-01-24 15:42:06.096 DEBUG 27200 --- [main] m.t.d.BaseDatabaseConfiguration          : 允许带事务的类为：class mao.aggregate_pay_user_service.controller.AuthorizationControllerV2
2023-01-24 15:42:06.097 DEBUG 27200 --- [main] m.t.d.BaseDatabaseConfiguration          : 允许带事务的类为：class mao.aggregate_pay_user_service.controller.AuthorizationControllerV2
2023-01-24 15:42:06.097 DEBUG 27200 --- [main] m.t.d.BaseDatabaseConfiguration          : 允许带事务的类为：class mao.aggregate_pay_user_service.controller.AuthorizationControllerV2
2023-01-24 15:42:06.097 DEBUG 27200 --- [main] m.t.d.BaseDatabaseConfiguration          : 允许带事务的类为：class mao.aggregate_pay_user_service.controller.AuthorizationControllerV2
2023-01-24 15:42:06.097 DEBUG 27200 --- [main] m.t.d.BaseDatabaseConfiguration          : 允许带事务的类为：class mao.aggregate_pay_user_service.controller.AuthorizationControllerV2
2023-01-24 15:42:06.097 DEBUG 27200 --- [main] m.t.d.BaseDatabaseConfiguration          : 允许带事务的类为：class mao.aggregate_pay_user_service.controller.AuthorizationControllerV2
2023-01-24 15:42:06.097 DEBUG 27200 --- [main] m.t.d.BaseDatabaseConfiguration          : 允许带事务的类为：class mao.aggregate_pay_user_service.controller.AuthorizationControllerV2
2023-01-24 15:42:06.097 DEBUG 27200 --- [main] m.t.d.BaseDatabaseConfiguration          : 允许带事务的类为：class mao.aggregate_pay_user_service.controller.AuthorizationControllerV2
2023-01-24 15:42:06.097 DEBUG 27200 --- [main] m.t.d.BaseDatabaseConfiguration          : 允许带事务的类为：class mao.aggregate_pay_user_service.controller.AuthorizationControllerV2
2023-01-24 15:42:06.097 DEBUG 27200 --- [main] m.t.d.BaseDatabaseConfiguration          : 允许带事务的类为：class mao.aggregate_pay_user_service.controller.AuthorizationControllerV2
2023-01-24 15:42:06.097 DEBUG 27200 --- [main] m.t.d.BaseDatabaseConfiguration          : 允许带事务的类为：class mao.aggregate_pay_user_service.controller.AuthorizationControllerV2
2023-01-24 15:42:06.097 DEBUG 27200 --- [main] m.t.d.BaseDatabaseConfiguration          : 允许带事务的类为：class mao.aggregate_pay_user_service.controller.AuthorizationControllerV2
2023-01-24 15:42:06.097 DEBUG 27200 --- [main] m.t.d.BaseDatabaseConfiguration          : 允许带事务的类为：class mao.aggregate_pay_user_service.controller.AuthorizationControllerV2
2023-01-24 15:42:06.097 DEBUG 27200 --- [main] m.t.d.BaseDatabaseConfiguration          : 允许带事务的类为：class mao.aggregate_pay_user_service.controller.AuthorizationControllerV2
2023-01-24 15:42:06.097 DEBUG 27200 --- [main] m.t.d.BaseDatabaseConfiguration          : 允许带事务的类为：class mao.aggregate_pay_user_service.controller.AuthorizationControllerV2
2023-01-24 15:42:06.097 DEBUG 27200 --- [main] m.t.d.BaseDatabaseConfiguration          : 允许带事务的类为：class mao.aggregate_pay_user_service.controller.AuthorizationControllerV2
2023-01-24 15:42:06.097 DEBUG 27200 --- [main] m.t.d.BaseDatabaseConfiguration          : 允许带事务的类为：class mao.aggregate_pay_user_service.controller.AuthorizationControllerV2
2023-01-24 15:42:06.097 DEBUG 27200 --- [main] m.t.d.BaseDatabaseConfiguration          : 允许带事务的类为：class mao.aggregate_pay_user_service.controller.AuthorizationControllerV2
2023-01-24 15:42:06.098 DEBUG 27200 --- [main] m.t.d.BaseDatabaseConfiguration          : 允许带事务的类为：class mao.aggregate_pay_user_service.controller.AuthorizationControllerV2
2023-01-24 15:42:06.098 DEBUG 27200 --- [main] m.t.d.BaseDatabaseConfiguration          : 允许带事务的类为：class mao.aggregate_pay_user_service.controller.AuthorizationControllerV2
2023-01-24 15:42:06.098 DEBUG 27200 --- [main] m.t.d.BaseDatabaseConfiguration          : 允许带事务的类为：class mao.aggregate_pay_user_service.controller.AuthorizationControllerV2
2023-01-24 15:42:06.098 DEBUG 27200 --- [main] m.t.d.BaseDatabaseConfiguration          : 允许带事务的类为：class mao.aggregate_pay_user_service.controller.AuthorizationControllerV2
2023-01-24 15:42:06.098 DEBUG 27200 --- [main] m.t.d.BaseDatabaseConfiguration          : 允许带事务的类为：class mao.aggregate_pay_user_service.controller.AuthorizationControllerV2
2023-01-24 15:42:06.098 DEBUG 27200 --- [main] m.t.d.BaseDatabaseConfiguration          : 允许带事务的类为：class mao.aggregate_pay_user_service.controller.AuthorizationControllerV2
2023-01-24 15:42:06.098 DEBUG 27200 --- [main] m.t.d.BaseDatabaseConfiguration          : 允许带事务的类为：class mao.aggregate_pay_user_service.controller.AuthorizationControllerV2
2023-01-24 15:42:06.098 DEBUG 27200 --- [main] m.t.d.BaseDatabaseConfiguration          : 允许带事务的类为：class mao.aggregate_pay_user_service.controller.AuthorizationControllerV2
2023-01-24 15:42:06.098 DEBUG 27200 --- [main] m.t.d.BaseDatabaseConfiguration          : 允许带事务的类为：class mao.aggregate_pay_user_service.controller.AuthorizationControllerV2
2023-01-24 15:42:06.098 DEBUG 27200 --- [main] m.t.d.BaseDatabaseConfiguration          : 允许带事务的类为：class mao.aggregate_pay_user_service.controller.AuthorizationControllerV2
2023-01-24 15:42:06.098 DEBUG 27200 --- [main] m.t.d.BaseDatabaseConfiguration          : 允许带事务的类为：class mao.aggregate_pay_user_service.controller.AuthorizationControllerV2
2023-01-24 15:42:06.098 DEBUG 27200 --- [main] m.t.d.BaseDatabaseConfiguration          : 允许带事务的类为：class mao.aggregate_pay_user_service.controller.AuthorizationControllerV2
2023-01-24 15:42:06.098 DEBUG 27200 --- [main] m.t.d.BaseDatabaseConfiguration          : 允许带事务的类为：class mao.aggregate_pay_user_service.controller.AuthorizationControllerV2
2023-01-24 15:42:06.098 DEBUG 27200 --- [main] m.t.d.BaseDatabaseConfiguration          : 允许带事务的类为：class mao.aggregate_pay_user_service.controller.AuthorizationControllerV2
2023-01-24 15:42:06.098 DEBUG 27200 --- [main] m.t.d.BaseDatabaseConfiguration          : 允许带事务的类为：class mao.aggregate_pay_user_service.controller.AuthorizationControllerV2
2023-01-24 15:42:06.098 DEBUG 27200 --- [main] m.t.d.BaseDatabaseConfiguration          : 允许带事务的类为：class mao.aggregate_pay_user_service.controller.AuthorizationControllerV2
2023-01-24 15:42:06.098 DEBUG 27200 --- [main] m.t.d.BaseDatabaseConfiguration          : 允许带事务的类为：class mao.aggregate_pay_user_service.controller.AuthorizationControllerV2
2023-01-24 15:42:06.099 DEBUG 27200 --- [main] m.t.d.BaseDatabaseConfiguration          : 允许带事务的类为：class mao.aggregate_pay_user_service.controller.AuthorizationControllerV2
2023-01-24 15:42:06.285 DEBUG 27200 --- [main] m.t.d.BaseDatabaseConfiguration          : 允许带事务的类为：class mao.aggregate_pay_user_service.controller.ResourceController
2023-01-24 15:42:06.286 DEBUG 27200 --- [main] m.t.d.BaseDatabaseConfiguration          : 允许带事务的类为：class mao.aggregate_pay_user_service.controller.ResourceController
2023-01-24 15:42:06.287 DEBUG 27200 --- [main] m.t.d.BaseDatabaseConfiguration          : 允许带事务的类为：class mao.aggregate_pay_user_service.controller.ResourceController
2023-01-24 15:42:06.287 DEBUG 27200 --- [main] m.t.d.BaseDatabaseConfiguration          : 允许带事务的类为：class mao.aggregate_pay_user_service.controller.ResourceController
2023-01-24 15:42:06.287 DEBUG 27200 --- [main] m.t.d.BaseDatabaseConfiguration          : 允许带事务的类为：class mao.aggregate_pay_user_service.controller.ResourceController
2023-01-24 15:42:06.287 DEBUG 27200 --- [main] m.t.d.BaseDatabaseConfiguration          : 允许带事务的类为：class mao.aggregate_pay_user_service.controller.ResourceController
2023-01-24 15:42:06.287 DEBUG 27200 --- [main] m.t.d.BaseDatabaseConfiguration          : 允许带事务的类为：class mao.aggregate_pay_user_service.controller.ResourceController
2023-01-24 15:42:06.287 DEBUG 27200 --- [main] m.t.d.BaseDatabaseConfiguration          : 允许带事务的类为：class mao.aggregate_pay_user_service.controller.ResourceController
2023-01-24 15:42:06.287 DEBUG 27200 --- [main] m.t.d.BaseDatabaseConfiguration          : 允许带事务的类为：class mao.aggregate_pay_user_service.controller.ResourceController
2023-01-24 15:42:06.287 DEBUG 27200 --- [main] m.t.d.BaseDatabaseConfiguration          : 允许带事务的类为：class mao.aggregate_pay_user_service.controller.ResourceController
2023-01-24 15:42:06.287 DEBUG 27200 --- [main] m.t.d.BaseDatabaseConfiguration          : 允许带事务的类为：class mao.aggregate_pay_user_service.controller.ResourceController
2023-01-24 15:42:06.287 DEBUG 27200 --- [main] m.t.d.BaseDatabaseConfiguration          : 允许带事务的类为：class mao.aggregate_pay_user_service.controller.ResourceController
2023-01-24 15:42:06.287 DEBUG 27200 --- [main] m.t.d.BaseDatabaseConfiguration          : 允许带事务的类为：class mao.aggregate_pay_user_service.controller.ResourceController
2023-01-24 15:42:06.287 DEBUG 27200 --- [main] m.t.d.BaseDatabaseConfiguration          : 允许带事务的类为：class mao.aggregate_pay_user_service.controller.ResourceController
2023-01-24 15:42:06.287 DEBUG 27200 --- [main] m.t.d.BaseDatabaseConfiguration          : 允许带事务的类为：class mao.aggregate_pay_user_service.controller.ResourceController
2023-01-24 15:42:06.287 DEBUG 27200 --- [main] m.t.d.BaseDatabaseConfiguration          : 允许带事务的类为：class mao.aggregate_pay_user_service.controller.ResourceController
2023-01-24 15:42:06.287 DEBUG 27200 --- [main] m.t.d.BaseDatabaseConfiguration          : 允许带事务的类为：class mao.aggregate_pay_user_service.controller.ResourceController
2023-01-24 15:42:06.288 DEBUG 27200 --- [main] m.t.d.BaseDatabaseConfiguration          : 允许带事务的类为：class mao.aggregate_pay_user_service.controller.ResourceController
2023-01-24 15:42:06.288 DEBUG 27200 --- [main] m.t.d.BaseDatabaseConfiguration          : 允许带事务的类为：class mao.aggregate_pay_user_service.controller.ResourceController
2023-01-24 15:42:06.288 DEBUG 27200 --- [main] m.t.d.BaseDatabaseConfiguration          : 允许带事务的类为：class mao.aggregate_pay_user_service.controller.ResourceController
2023-01-24 15:42:06.288 DEBUG 27200 --- [main] m.t.d.BaseDatabaseConfiguration          : 允许带事务的类为：class mao.aggregate_pay_user_service.controller.ResourceController
2023-01-24 15:42:06.288 DEBUG 27200 --- [main] m.t.d.BaseDatabaseConfiguration          : 允许带事务的类为：class mao.aggregate_pay_user_service.controller.ResourceController
2023-01-24 15:42:06.288 DEBUG 27200 --- [main] m.t.d.BaseDatabaseConfiguration          : 允许带事务的类为：class mao.aggregate_pay_user_service.controller.ResourceController
2023-01-24 15:42:06.288 DEBUG 27200 --- [main] m.t.d.BaseDatabaseConfiguration          : 允许带事务的类为：class mao.aggregate_pay_user_service.controller.ResourceController
2023-01-24 15:42:06.288 DEBUG 27200 --- [main] m.t.d.BaseDatabaseConfiguration          : 允许带事务的类为：class mao.aggregate_pay_user_service.controller.ResourceController
2023-01-24 15:42:06.288 DEBUG 27200 --- [main] m.t.d.BaseDatabaseConfiguration          : 允许带事务的类为：class mao.aggregate_pay_user_service.controller.ResourceController
2023-01-24 15:42:06.288 DEBUG 27200 --- [main] m.t.d.BaseDatabaseConfiguration          : 允许带事务的类为：class mao.aggregate_pay_user_service.controller.ResourceController
2023-01-24 15:42:06.288 DEBUG 27200 --- [main] m.t.d.BaseDatabaseConfiguration          : 允许带事务的类为：class mao.aggregate_pay_user_service.controller.ResourceController
2023-01-24 15:42:06.288 DEBUG 27200 --- [main] m.t.d.BaseDatabaseConfiguration          : 允许带事务的类为：class mao.aggregate_pay_user_service.controller.ResourceController
2023-01-24 15:42:06.288 DEBUG 27200 --- [main] m.t.d.BaseDatabaseConfiguration          : 允许带事务的类为：class mao.aggregate_pay_user_service.controller.ResourceController
2023-01-24 15:42:06.288 DEBUG 27200 --- [main] m.t.d.BaseDatabaseConfiguration          : 允许带事务的类为：class mao.aggregate_pay_user_service.controller.ResourceController
2023-01-24 15:42:06.288 DEBUG 27200 --- [main] m.t.d.BaseDatabaseConfiguration          : 允许带事务的类为：class mao.aggregate_pay_user_service.controller.ResourceController
2023-01-24 15:42:06.288 DEBUG 27200 --- [main] m.t.d.BaseDatabaseConfiguration          : 允许带事务的类为：class mao.aggregate_pay_user_service.controller.ResourceController
2023-01-24 15:42:06.288 DEBUG 27200 --- [main] m.t.d.BaseDatabaseConfiguration          : 允许带事务的类为：class mao.aggregate_pay_user_service.controller.ResourceController
2023-01-24 15:42:06.298 DEBUG 27200 --- [main] m.t.d.BaseDatabaseConfiguration          : 允许带事务的类为：class mao.aggregate_pay_user_service.controller.ResourceControllerV2
2023-01-24 15:42:06.299 DEBUG 27200 --- [main] m.t.d.BaseDatabaseConfiguration          : 允许带事务的类为：class mao.aggregate_pay_user_service.controller.ResourceControllerV2
2023-01-24 15:42:06.299 DEBUG 27200 --- [main] m.t.d.BaseDatabaseConfiguration          : 允许带事务的类为：class mao.aggregate_pay_user_service.controller.ResourceControllerV2
2023-01-24 15:42:06.299 DEBUG 27200 --- [main] m.t.d.BaseDatabaseConfiguration          : 允许带事务的类为：class mao.aggregate_pay_user_service.controller.ResourceControllerV2
2023-01-24 15:42:06.299 DEBUG 27200 --- [main] m.t.d.BaseDatabaseConfiguration          : 允许带事务的类为：class mao.aggregate_pay_user_service.controller.ResourceControllerV2
2023-01-24 15:42:06.299 DEBUG 27200 --- [main] m.t.d.BaseDatabaseConfiguration          : 允许带事务的类为：class mao.aggregate_pay_user_service.controller.ResourceControllerV2
2023-01-24 15:42:06.299 DEBUG 27200 --- [main] m.t.d.BaseDatabaseConfiguration          : 允许带事务的类为：class mao.aggregate_pay_user_service.controller.ResourceControllerV2
2023-01-24 15:42:06.299 DEBUG 27200 --- [main] m.t.d.BaseDatabaseConfiguration          : 允许带事务的类为：class mao.aggregate_pay_user_service.controller.ResourceControllerV2
2023-01-24 15:42:06.299 DEBUG 27200 --- [main] m.t.d.BaseDatabaseConfiguration          : 允许带事务的类为：class mao.aggregate_pay_user_service.controller.ResourceControllerV2
2023-01-24 15:42:06.300 DEBUG 27200 --- [main] m.t.d.BaseDatabaseConfiguration          : 允许带事务的类为：class mao.aggregate_pay_user_service.controller.ResourceControllerV2
2023-01-24 15:42:06.300 DEBUG 27200 --- [main] m.t.d.BaseDatabaseConfiguration          : 允许带事务的类为：class mao.aggregate_pay_user_service.controller.ResourceControllerV2
2023-01-24 15:42:06.300 DEBUG 27200 --- [main] m.t.d.BaseDatabaseConfiguration          : 允许带事务的类为：class mao.aggregate_pay_user_service.controller.ResourceControllerV2
2023-01-24 15:42:06.300 DEBUG 27200 --- [main] m.t.d.BaseDatabaseConfiguration          : 允许带事务的类为：class mao.aggregate_pay_user_service.controller.ResourceControllerV2
2023-01-24 15:42:06.300 DEBUG 27200 --- [main] m.t.d.BaseDatabaseConfiguration          : 允许带事务的类为：class mao.aggregate_pay_user_service.controller.ResourceControllerV2
2023-01-24 15:42:06.300 DEBUG 27200 --- [main] m.t.d.BaseDatabaseConfiguration          : 允许带事务的类为：class mao.aggregate_pay_user_service.controller.ResourceControllerV2
2023-01-24 15:42:06.300 DEBUG 27200 --- [main] m.t.d.BaseDatabaseConfiguration          : 允许带事务的类为：class mao.aggregate_pay_user_service.controller.ResourceControllerV2
2023-01-24 15:42:06.300 DEBUG 27200 --- [main] m.t.d.BaseDatabaseConfiguration          : 允许带事务的类为：class mao.aggregate_pay_user_service.controller.ResourceControllerV2
2023-01-24 15:42:06.300 DEBUG 27200 --- [main] m.t.d.BaseDatabaseConfiguration          : 允许带事务的类为：class mao.aggregate_pay_user_service.controller.ResourceControllerV2
2023-01-24 15:42:06.300 DEBUG 27200 --- [main] m.t.d.BaseDatabaseConfiguration          : 允许带事务的类为：class mao.aggregate_pay_user_service.controller.ResourceControllerV2
2023-01-24 15:42:06.300 DEBUG 27200 --- [main] m.t.d.BaseDatabaseConfiguration          : 允许带事务的类为：class mao.aggregate_pay_user_service.controller.ResourceControllerV2
2023-01-24 15:42:06.300 DEBUG 27200 --- [main] m.t.d.BaseDatabaseConfiguration          : 允许带事务的类为：class mao.aggregate_pay_user_service.controller.ResourceControllerV2
2023-01-24 15:42:06.300 DEBUG 27200 --- [main] m.t.d.BaseDatabaseConfiguration          : 允许带事务的类为：class mao.aggregate_pay_user_service.controller.ResourceControllerV2
2023-01-24 15:42:06.300 DEBUG 27200 --- [main] m.t.d.BaseDatabaseConfiguration          : 允许带事务的类为：class mao.aggregate_pay_user_service.controller.ResourceControllerV2
2023-01-24 15:42:06.300 DEBUG 27200 --- [main] m.t.d.BaseDatabaseConfiguration          : 允许带事务的类为：class mao.aggregate_pay_user_service.controller.ResourceControllerV2
2023-01-24 15:42:06.300 DEBUG 27200 --- [main] m.t.d.BaseDatabaseConfiguration          : 允许带事务的类为：class mao.aggregate_pay_user_service.controller.ResourceControllerV2
2023-01-24 15:42:06.300 DEBUG 27200 --- [main] m.t.d.BaseDatabaseConfiguration          : 允许带事务的类为：class mao.aggregate_pay_user_service.controller.ResourceControllerV2
2023-01-24 15:42:06.300 DEBUG 27200 --- [main] m.t.d.BaseDatabaseConfiguration          : 允许带事务的类为：class mao.aggregate_pay_user_service.controller.ResourceControllerV2
2023-01-24 15:42:06.300 DEBUG 27200 --- [main] m.t.d.BaseDatabaseConfiguration          : 允许带事务的类为：class mao.aggregate_pay_user_service.controller.ResourceControllerV2
2023-01-24 15:42:06.300 DEBUG 27200 --- [main] m.t.d.BaseDatabaseConfiguration          : 允许带事务的类为：class mao.aggregate_pay_user_service.controller.ResourceControllerV2
2023-01-24 15:42:06.300 DEBUG 27200 --- [main] m.t.d.BaseDatabaseConfiguration          : 允许带事务的类为：class mao.aggregate_pay_user_service.controller.ResourceControllerV2
2023-01-24 15:42:06.300 DEBUG 27200 --- [main] m.t.d.BaseDatabaseConfiguration          : 允许带事务的类为：class mao.aggregate_pay_user_service.controller.ResourceControllerV2
2023-01-24 15:42:06.301 DEBUG 27200 --- [main] m.t.d.BaseDatabaseConfiguration          : 允许带事务的类为：class mao.aggregate_pay_user_service.controller.ResourceControllerV2
2023-01-24 15:42:06.301 DEBUG 27200 --- [main] m.t.d.BaseDatabaseConfiguration          : 允许带事务的类为：class mao.aggregate_pay_user_service.controller.ResourceControllerV2
2023-01-24 15:42:06.301 DEBUG 27200 --- [main] m.t.d.BaseDatabaseConfiguration          : 允许带事务的类为：class mao.aggregate_pay_user_service.controller.ResourceControllerV2
2023-01-24 15:42:06.946 DEBUG 27200 --- [main] m.t.d.BaseDatabaseConfiguration          : 允许带事务的类为：class mao.aggregate_pay_user_service.controller.TenantController
2023-01-24 15:42:06.948 DEBUG 27200 --- [main] m.t.d.BaseDatabaseConfiguration          : 允许带事务的类为：class mao.aggregate_pay_user_service.controller.TenantController
2023-01-24 15:42:06.948 DEBUG 27200 --- [main] m.t.d.BaseDatabaseConfiguration          : 允许带事务的类为：class mao.aggregate_pay_user_service.controller.TenantController
2023-01-24 15:42:06.948 DEBUG 27200 --- [main] m.t.d.BaseDatabaseConfiguration          : 允许带事务的类为：class mao.aggregate_pay_user_service.controller.TenantController
2023-01-24 15:42:06.948 DEBUG 27200 --- [main] m.t.d.BaseDatabaseConfiguration          : 允许带事务的类为：class mao.aggregate_pay_user_service.controller.TenantController
2023-01-24 15:42:06.948 DEBUG 27200 --- [main] m.t.d.BaseDatabaseConfiguration          : 允许带事务的类为：class mao.aggregate_pay_user_service.controller.TenantController
2023-01-24 15:42:06.948 DEBUG 27200 --- [main] m.t.d.BaseDatabaseConfiguration          : 允许带事务的类为：class mao.aggregate_pay_user_service.controller.TenantController
2023-01-24 15:42:06.948 DEBUG 27200 --- [main] m.t.d.BaseDatabaseConfiguration          : 允许带事务的类为：class mao.aggregate_pay_user_service.controller.TenantController
2023-01-24 15:42:06.948 DEBUG 27200 --- [main] m.t.d.BaseDatabaseConfiguration          : 允许带事务的类为：class mao.aggregate_pay_user_service.controller.TenantController
2023-01-24 15:42:06.948 DEBUG 27200 --- [main] m.t.d.BaseDatabaseConfiguration          : 允许带事务的类为：class mao.aggregate_pay_user_service.controller.TenantController
2023-01-24 15:42:06.948 DEBUG 27200 --- [main] m.t.d.BaseDatabaseConfiguration          : 允许带事务的类为：class mao.aggregate_pay_user_service.controller.TenantController
2023-01-24 15:42:06.948 DEBUG 27200 --- [main] m.t.d.BaseDatabaseConfiguration          : 允许带事务的类为：class mao.aggregate_pay_user_service.controller.TenantController
2023-01-24 15:42:06.948 DEBUG 27200 --- [main] m.t.d.BaseDatabaseConfiguration          : 允许带事务的类为：class mao.aggregate_pay_user_service.controller.TenantController
2023-01-24 15:42:06.948 DEBUG 27200 --- [main] m.t.d.BaseDatabaseConfiguration          : 允许带事务的类为：class mao.aggregate_pay_user_service.controller.TenantController
2023-01-24 15:42:06.948 DEBUG 27200 --- [main] m.t.d.BaseDatabaseConfiguration          : 允许带事务的类为：class mao.aggregate_pay_user_service.controller.TenantController
2023-01-24 15:42:06.948 DEBUG 27200 --- [main] m.t.d.BaseDatabaseConfiguration          : 允许带事务的类为：class mao.aggregate_pay_user_service.controller.TenantController
2023-01-24 15:42:06.948 DEBUG 27200 --- [main] m.t.d.BaseDatabaseConfiguration          : 允许带事务的类为：class mao.aggregate_pay_user_service.controller.TenantController
2023-01-24 15:42:06.949 DEBUG 27200 --- [main] m.t.d.BaseDatabaseConfiguration          : 允许带事务的类为：class mao.aggregate_pay_user_service.controller.TenantController
2023-01-24 15:42:06.949 DEBUG 27200 --- [main] m.t.d.BaseDatabaseConfiguration          : 允许带事务的类为：class mao.aggregate_pay_user_service.controller.TenantController
2023-01-24 15:42:06.949 DEBUG 27200 --- [main] m.t.d.BaseDatabaseConfiguration          : 允许带事务的类为：class mao.aggregate_pay_user_service.controller.TenantController
2023-01-24 15:42:06.949 DEBUG 27200 --- [main] m.t.d.BaseDatabaseConfiguration          : 允许带事务的类为：class mao.aggregate_pay_user_service.controller.TenantController
2023-01-24 15:42:06.949 DEBUG 27200 --- [main] m.t.d.BaseDatabaseConfiguration          : 允许带事务的类为：class mao.aggregate_pay_user_service.controller.TenantController
2023-01-24 15:42:06.949 DEBUG 27200 --- [main] m.t.d.BaseDatabaseConfiguration          : 允许带事务的类为：class mao.aggregate_pay_user_service.controller.TenantController
2023-01-24 15:42:06.949 DEBUG 27200 --- [main] m.t.d.BaseDatabaseConfiguration          : 允许带事务的类为：class mao.aggregate_pay_user_service.controller.TenantController
2023-01-24 15:42:06.949 DEBUG 27200 --- [main] m.t.d.BaseDatabaseConfiguration          : 允许带事务的类为：class mao.aggregate_pay_user_service.controller.TenantController
2023-01-24 15:42:06.949 DEBUG 27200 --- [main] m.t.d.BaseDatabaseConfiguration          : 允许带事务的类为：class mao.aggregate_pay_user_service.controller.TenantController
2023-01-24 15:42:06.949 DEBUG 27200 --- [main] m.t.d.BaseDatabaseConfiguration          : 允许带事务的类为：class mao.aggregate_pay_user_service.controller.TenantController
2023-01-24 15:42:06.949 DEBUG 27200 --- [main] m.t.d.BaseDatabaseConfiguration          : 允许带事务的类为：class mao.aggregate_pay_user_service.controller.TenantController
2023-01-24 15:42:06.949 DEBUG 27200 --- [main] m.t.d.BaseDatabaseConfiguration          : 允许带事务的类为：class mao.aggregate_pay_user_service.controller.TenantController
2023-01-24 15:42:06.949 DEBUG 27200 --- [main] m.t.d.BaseDatabaseConfiguration          : 允许带事务的类为：class mao.aggregate_pay_user_service.controller.TenantController
2023-01-24 15:42:06.949 DEBUG 27200 --- [main] m.t.d.BaseDatabaseConfiguration          : 允许带事务的类为：class mao.aggregate_pay_user_service.controller.TenantController
2023-01-24 15:42:06.949 DEBUG 27200 --- [main] m.t.d.BaseDatabaseConfiguration          : 允许带事务的类为：class mao.aggregate_pay_user_service.controller.TenantController
2023-01-24 15:42:06.949 DEBUG 27200 --- [main] m.t.d.BaseDatabaseConfiguration          : 允许带事务的类为：class mao.aggregate_pay_user_service.controller.TenantController
2023-01-24 15:42:06.949 DEBUG 27200 --- [main] m.t.d.BaseDatabaseConfiguration          : 允许带事务的类为：class mao.aggregate_pay_user_service.controller.TenantController
2023-01-24 15:42:06.949 DEBUG 27200 --- [main] m.t.d.BaseDatabaseConfiguration          : 允许带事务的类为：class mao.aggregate_pay_user_service.controller.TenantController
2023-01-24 15:42:06.949 DEBUG 27200 --- [main] m.t.d.BaseDatabaseConfiguration          : 允许带事务的类为：class mao.aggregate_pay_user_service.controller.TenantController
2023-01-24 15:42:06.949 DEBUG 27200 --- [main] m.t.d.BaseDatabaseConfiguration          : 允许带事务的类为：class mao.aggregate_pay_user_service.controller.TenantController
2023-01-24 15:42:06.949 DEBUG 27200 --- [main] m.t.d.BaseDatabaseConfiguration          : 允许带事务的类为：class mao.aggregate_pay_user_service.controller.TenantController
2023-01-24 15:42:06.949 DEBUG 27200 --- [main] m.t.d.BaseDatabaseConfiguration          : 允许带事务的类为：class mao.aggregate_pay_user_service.controller.TenantController
2023-01-24 15:42:06.949 DEBUG 27200 --- [main] m.t.d.BaseDatabaseConfiguration          : 允许带事务的类为：class mao.aggregate_pay_user_service.controller.TenantController
2023-01-24 15:42:06.949 DEBUG 27200 --- [main] m.t.d.BaseDatabaseConfiguration          : 允许带事务的类为：class mao.aggregate_pay_user_service.controller.TenantController
2023-01-24 15:42:06.949 DEBUG 27200 --- [main] m.t.d.BaseDatabaseConfiguration          : 允许带事务的类为：class mao.aggregate_pay_user_service.controller.TenantController
2023-01-24 15:42:06.950 DEBUG 27200 --- [main] m.t.d.BaseDatabaseConfiguration          : 允许带事务的类为：class mao.aggregate_pay_user_service.controller.TenantController
2023-01-24 15:42:06.950 DEBUG 27200 --- [main] m.t.d.BaseDatabaseConfiguration          : 允许带事务的类为：class mao.aggregate_pay_user_service.controller.TenantController
2023-01-24 15:42:06.950 DEBUG 27200 --- [main] m.t.d.BaseDatabaseConfiguration          : 允许带事务的类为：class mao.aggregate_pay_user_service.controller.TenantController
2023-01-24 15:42:06.950 DEBUG 27200 --- [main] m.t.d.BaseDatabaseConfiguration          : 允许带事务的类为：class mao.aggregate_pay_user_service.controller.TenantController
2023-01-24 15:42:06.950 DEBUG 27200 --- [main] m.t.d.BaseDatabaseConfiguration          : 允许带事务的类为：class mao.aggregate_pay_user_service.controller.TenantController
2023-01-24 15:42:06.950 DEBUG 27200 --- [main] m.t.d.BaseDatabaseConfiguration          : 允许带事务的类为：class mao.aggregate_pay_user_service.controller.TenantController
2023-01-24 15:42:06.950 DEBUG 27200 --- [main] m.t.d.BaseDatabaseConfiguration          : 允许带事务的类为：class mao.aggregate_pay_user_service.controller.TenantController
2023-01-24 15:42:06.950 DEBUG 27200 --- [main] m.t.d.BaseDatabaseConfiguration          : 允许带事务的类为：class mao.aggregate_pay_user_service.controller.TenantController
2023-01-24 15:42:06.950 DEBUG 27200 --- [main] m.t.d.BaseDatabaseConfiguration          : 允许带事务的类为：class mao.aggregate_pay_user_service.controller.TenantController
2023-01-24 15:42:06.962 DEBUG 27200 --- [main] m.t.d.BaseDatabaseConfiguration          : 允许带事务的类为：class mao.aggregate_pay_user_service.controller.TenantControllerV2
2023-01-24 15:42:06.963 DEBUG 27200 --- [main] m.t.d.BaseDatabaseConfiguration          : 允许带事务的类为：class mao.aggregate_pay_user_service.controller.TenantControllerV2
2023-01-24 15:42:06.964 DEBUG 27200 --- [main] m.t.d.BaseDatabaseConfiguration          : 允许带事务的类为：class mao.aggregate_pay_user_service.controller.TenantControllerV2
2023-01-24 15:42:06.964 DEBUG 27200 --- [main] m.t.d.BaseDatabaseConfiguration          : 允许带事务的类为：class mao.aggregate_pay_user_service.controller.TenantControllerV2
2023-01-24 15:42:06.964 DEBUG 27200 --- [main] m.t.d.BaseDatabaseConfiguration          : 允许带事务的类为：class mao.aggregate_pay_user_service.controller.TenantControllerV2
2023-01-24 15:42:06.964 DEBUG 27200 --- [main] m.t.d.BaseDatabaseConfiguration          : 允许带事务的类为：class mao.aggregate_pay_user_service.controller.TenantControllerV2
2023-01-24 15:42:06.964 DEBUG 27200 --- [main] m.t.d.BaseDatabaseConfiguration          : 允许带事务的类为：class mao.aggregate_pay_user_service.controller.TenantControllerV2
2023-01-24 15:42:06.964 DEBUG 27200 --- [main] m.t.d.BaseDatabaseConfiguration          : 允许带事务的类为：class mao.aggregate_pay_user_service.controller.TenantControllerV2
2023-01-24 15:42:06.964 DEBUG 27200 --- [main] m.t.d.BaseDatabaseConfiguration          : 允许带事务的类为：class mao.aggregate_pay_user_service.controller.TenantControllerV2
2023-01-24 15:42:06.964 DEBUG 27200 --- [main] m.t.d.BaseDatabaseConfiguration          : 允许带事务的类为：class mao.aggregate_pay_user_service.controller.TenantControllerV2
2023-01-24 15:42:06.964 DEBUG 27200 --- [main] m.t.d.BaseDatabaseConfiguration          : 允许带事务的类为：class mao.aggregate_pay_user_service.controller.TenantControllerV2
2023-01-24 15:42:06.964 DEBUG 27200 --- [main] m.t.d.BaseDatabaseConfiguration          : 允许带事务的类为：class mao.aggregate_pay_user_service.controller.TenantControllerV2
2023-01-24 15:42:06.964 DEBUG 27200 --- [main] m.t.d.BaseDatabaseConfiguration          : 允许带事务的类为：class mao.aggregate_pay_user_service.controller.TenantControllerV2
2023-01-24 15:42:06.964 DEBUG 27200 --- [main] m.t.d.BaseDatabaseConfiguration          : 允许带事务的类为：class mao.aggregate_pay_user_service.controller.TenantControllerV2
2023-01-24 15:42:06.965 DEBUG 27200 --- [main] m.t.d.BaseDatabaseConfiguration          : 允许带事务的类为：class mao.aggregate_pay_user_service.controller.TenantControllerV2
2023-01-24 15:42:06.965 DEBUG 27200 --- [main] m.t.d.BaseDatabaseConfiguration          : 允许带事务的类为：class mao.aggregate_pay_user_service.controller.TenantControllerV2
2023-01-24 15:42:06.965 DEBUG 27200 --- [main] m.t.d.BaseDatabaseConfiguration          : 允许带事务的类为：class mao.aggregate_pay_user_service.controller.TenantControllerV2
2023-01-24 15:42:06.965 DEBUG 27200 --- [main] m.t.d.BaseDatabaseConfiguration          : 允许带事务的类为：class mao.aggregate_pay_user_service.controller.TenantControllerV2
2023-01-24 15:42:06.965 DEBUG 27200 --- [main] m.t.d.BaseDatabaseConfiguration          : 允许带事务的类为：class mao.aggregate_pay_user_service.controller.TenantControllerV2
2023-01-24 15:42:06.965 DEBUG 27200 --- [main] m.t.d.BaseDatabaseConfiguration          : 允许带事务的类为：class mao.aggregate_pay_user_service.controller.TenantControllerV2
2023-01-24 15:42:06.965 DEBUG 27200 --- [main] m.t.d.BaseDatabaseConfiguration          : 允许带事务的类为：class mao.aggregate_pay_user_service.controller.TenantControllerV2
2023-01-24 15:42:06.965 DEBUG 27200 --- [main] m.t.d.BaseDatabaseConfiguration          : 允许带事务的类为：class mao.aggregate_pay_user_service.controller.TenantControllerV2
2023-01-24 15:42:06.965 DEBUG 27200 --- [main] m.t.d.BaseDatabaseConfiguration          : 允许带事务的类为：class mao.aggregate_pay_user_service.controller.TenantControllerV2
2023-01-24 15:42:06.965 DEBUG 27200 --- [main] m.t.d.BaseDatabaseConfiguration          : 允许带事务的类为：class mao.aggregate_pay_user_service.controller.TenantControllerV2
2023-01-24 15:42:06.965 DEBUG 27200 --- [main] m.t.d.BaseDatabaseConfiguration          : 允许带事务的类为：class mao.aggregate_pay_user_service.controller.TenantControllerV2
2023-01-24 15:42:06.965 DEBUG 27200 --- [main] m.t.d.BaseDatabaseConfiguration          : 允许带事务的类为：class mao.aggregate_pay_user_service.controller.TenantControllerV2
2023-01-24 15:42:06.965 DEBUG 27200 --- [main] m.t.d.BaseDatabaseConfiguration          : 允许带事务的类为：class mao.aggregate_pay_user_service.controller.TenantControllerV2
2023-01-24 15:42:06.965 DEBUG 27200 --- [main] m.t.d.BaseDatabaseConfiguration          : 允许带事务的类为：class mao.aggregate_pay_user_service.controller.TenantControllerV2
2023-01-24 15:42:06.965 DEBUG 27200 --- [main] m.t.d.BaseDatabaseConfiguration          : 允许带事务的类为：class mao.aggregate_pay_user_service.controller.TenantControllerV2
2023-01-24 15:42:06.965 DEBUG 27200 --- [main] m.t.d.BaseDatabaseConfiguration          : 允许带事务的类为：class mao.aggregate_pay_user_service.controller.TenantControllerV2
2023-01-24 15:42:06.966 DEBUG 27200 --- [main] m.t.d.BaseDatabaseConfiguration          : 允许带事务的类为：class mao.aggregate_pay_user_service.controller.TenantControllerV2
2023-01-24 15:42:06.966 DEBUG 27200 --- [main] m.t.d.BaseDatabaseConfiguration          : 允许带事务的类为：class mao.aggregate_pay_user_service.controller.TenantControllerV2
2023-01-24 15:42:06.966 DEBUG 27200 --- [main] m.t.d.BaseDatabaseConfiguration          : 允许带事务的类为：class mao.aggregate_pay_user_service.controller.TenantControllerV2
2023-01-24 15:42:06.966 DEBUG 27200 --- [main] m.t.d.BaseDatabaseConfiguration          : 允许带事务的类为：class mao.aggregate_pay_user_service.controller.TenantControllerV2
2023-01-24 15:42:06.966 DEBUG 27200 --- [main] m.t.d.BaseDatabaseConfiguration          : 允许带事务的类为：class mao.aggregate_pay_user_service.controller.TenantControllerV2
2023-01-24 15:42:06.966 DEBUG 27200 --- [main] m.t.d.BaseDatabaseConfiguration          : 允许带事务的类为：class mao.aggregate_pay_user_service.controller.TenantControllerV2
2023-01-24 15:42:06.966 DEBUG 27200 --- [main] m.t.d.BaseDatabaseConfiguration          : 允许带事务的类为：class mao.aggregate_pay_user_service.controller.TenantControllerV2
2023-01-24 15:42:06.966 DEBUG 27200 --- [main] m.t.d.BaseDatabaseConfiguration          : 允许带事务的类为：class mao.aggregate_pay_user_service.controller.TenantControllerV2
2023-01-24 15:42:06.966 DEBUG 27200 --- [main] m.t.d.BaseDatabaseConfiguration          : 允许带事务的类为：class mao.aggregate_pay_user_service.controller.TenantControllerV2
2023-01-24 15:42:06.967 DEBUG 27200 --- [main] m.t.d.BaseDatabaseConfiguration          : 允许带事务的类为：class mao.aggregate_pay_user_service.controller.TenantControllerV2
2023-01-24 15:42:06.967 DEBUG 27200 --- [main] m.t.d.BaseDatabaseConfiguration          : 允许带事务的类为：class mao.aggregate_pay_user_service.controller.TenantControllerV2
2023-01-24 15:42:06.967 DEBUG 27200 --- [main] m.t.d.BaseDatabaseConfiguration          : 允许带事务的类为：class mao.aggregate_pay_user_service.controller.TenantControllerV2
2023-01-24 15:42:06.967 DEBUG 27200 --- [main] m.t.d.BaseDatabaseConfiguration          : 允许带事务的类为：class mao.aggregate_pay_user_service.controller.TenantControllerV2
2023-01-24 15:42:06.967 DEBUG 27200 --- [main] m.t.d.BaseDatabaseConfiguration          : 允许带事务的类为：class mao.aggregate_pay_user_service.controller.TenantControllerV2
2023-01-24 15:42:06.967 DEBUG 27200 --- [main] m.t.d.BaseDatabaseConfiguration          : 允许带事务的类为：class mao.aggregate_pay_user_service.controller.TenantControllerV2
2023-01-24 15:42:06.967 DEBUG 27200 --- [main] m.t.d.BaseDatabaseConfiguration          : 允许带事务的类为：class mao.aggregate_pay_user_service.controller.TenantControllerV2
2023-01-24 15:42:06.967 DEBUG 27200 --- [main] m.t.d.BaseDatabaseConfiguration          : 允许带事务的类为：class mao.aggregate_pay_user_service.controller.TenantControllerV2
2023-01-24 15:42:06.967 DEBUG 27200 --- [main] m.t.d.BaseDatabaseConfiguration          : 允许带事务的类为：class mao.aggregate_pay_user_service.controller.TenantControllerV2
2023-01-24 15:42:06.967 DEBUG 27200 --- [main] m.t.d.BaseDatabaseConfiguration          : 允许带事务的类为：class mao.aggregate_pay_user_service.controller.TenantControllerV2
2023-01-24 15:42:06.967 DEBUG 27200 --- [main] m.t.d.BaseDatabaseConfiguration          : 允许带事务的类为：class mao.aggregate_pay_user_service.controller.TenantControllerV2
2023-01-24 15:42:06.967 DEBUG 27200 --- [main] m.t.d.BaseDatabaseConfiguration          : 允许带事务的类为：class mao.aggregate_pay_user_service.controller.TenantControllerV2
2023-01-24 15:42:07.803  INFO 27200 --- [main] com.alibaba.nacos.client.naming          : initializer namespace from System Property :null
2023-01-24 15:42:07.804  INFO 27200 --- [main] com.alibaba.nacos.client.naming          : initializer namespace from System Environment :null
2023-01-24 15:42:07.804  INFO 27200 --- [main] com.alibaba.nacos.client.naming          : initializer namespace from System Property :null
2023-01-24 15:42:07.929  INFO 27200 --- [main] m.t.config.RedissonConfig                : 初始化 RedissonConfig
2023-01-24 15:42:07.931  INFO 27200 --- [main] m.t.config.RedissonConfig                : 单机模式redis:127.0.0.1:6379
2023-01-24 15:42:08.546  INFO 27200 --- [main] org.redisson.Version                     : Redisson 3.17.0
2023-01-24 15:42:09.392  INFO 27200 --- [redisson-netty-2-15] o.r.c.pool.MasterPubSubConnectionPool    : 1 connections initialized for 127.0.0.1/127.0.0.1:6379
2023-01-24 15:42:09.410  INFO 27200 --- [redisson-netty-2-19] o.r.c.pool.MasterConnectionPool          : 24 connections initialized for 127.0.0.1/127.0.0.1:6379
2023-01-24 15:42:09.616  INFO 27200 --- [main] o.s.b.a.e.web.EndpointLinksResolver      : Exposing 4 endpoint(s) beneath base path '/actuator'
2023-01-24 15:42:09.880  INFO 27200 --- [main] m.tools_xss.config.XssAuthConfiguration  : 初始化 XssAuthConfiguration xss攻击配置
2023-01-24 15:42:10.207  WARN 27200 --- [main] c.n.c.sources.URLConfigurationSource     : No URLs will be polled as dynamic configuration sources.
2023-01-24 15:42:10.207  INFO 27200 --- [main] c.n.c.sources.URLConfigurationSource     : To enable URLs as dynamic configuration sources, define System property archaius.configurationSource.additionalUrls or make config.properties available on classpath.
2023-01-24 15:42:10.214  WARN 27200 --- [main] c.n.c.sources.URLConfigurationSource     : No URLs will be polled as dynamic configuration sources.
2023-01-24 15:42:10.214  INFO 27200 --- [main] c.n.c.sources.URLConfigurationSource     : To enable URLs as dynamic configuration sources, define System property archaius.configurationSource.additionalUrls or make config.properties available on classpath.
2023-01-24 15:42:10.439  INFO 27200 --- [main] o.s.s.concurrent.ThreadPoolTaskExecutor  : Initializing ExecutorService 'applicationTaskExecutor'
2023-01-24 15:42:10.898  INFO 27200 --- [main] o.s.s.c.ThreadPoolTaskScheduler          : Initializing ExecutorService 'Nacos-Watch-Task-Scheduler'
2023-01-24 15:42:11.031  INFO 27200 --- [main] m.t.config.RedisLockServiceConfig        : 初始化 RedisLockServiceConfig
2023-01-24 15:42:11.189  INFO 27200 --- [main] m.t.config.RedisUtilsConfig              : 初始化 RedisUtilsConfig
2023-01-24 15:42:11.261  INFO 27200 --- [main] pertySourcedRequestMappingHandlerMapping : Mapped URL path [/v2/api-docs] onto method [springfox.documentation.swagger2.web.Swagger2Controller#getDocumentation(String, HttpServletRequest)]
2023-01-24 15:42:11.283  INFO 27200 --- [main] m.t.config.SwaggerAutoConfiguration      : 初始化swagger接口文档
2023-01-24 15:42:11.283  INFO 27200 --- [main] m.t.config.SwaggerAutoConfiguration      : 
title：在线文档
group：
description：在线文档
version：1.0
contact：Contact{name='', url='', email=''}
basePackage：
basePath：[]
excludePath：[]
docket：{aggregate_pay=DocketInfo{title='用户服务', group='', description='在线文档', version='1.0', contact=Contact{name='', url='', email=''}, basePackage='mao.aggregate_pay_user_service', basePath=[], excludePath=[]}}

2023-01-24 15:42:12.526  INFO 27200 --- [main] com.alibaba.nacos.client.naming          : new ips(1) service: DEFAULT_GROUP@@aggregate-pay-user-service@@DEFAULT -> [{"instanceId":"192.168.3.143#28692#DEFAULT#DEFAULT_GROUP@@aggregate-pay-user-service","ip":"192.168.3.143","port":28692,"weight":1.0,"healthy":true,"enabled":true,"ephemeral":false,"clusterName":"DEFAULT","serviceName":"DEFAULT_GROUP@@aggregate-pay-user-service","metadata":{"preserved.register.source":"SPRING_CLOUD","management.endpoints.web.base-path":"/actuator","management.context-path":"/user/actuator"},"instanceHeartBeatInterval":5000,"ipDeleteTimeout":30000,"instanceHeartBeatTimeOut":15000}]
2023-01-24 15:42:12.536  INFO 27200 --- [main] com.alibaba.nacos.client.naming          : current ips:(1) service: DEFAULT_GROUP@@aggregate-pay-user-service@@DEFAULT -> [{"instanceId":"192.168.3.143#28692#DEFAULT#DEFAULT_GROUP@@aggregate-pay-user-service","ip":"192.168.3.143","port":28692,"weight":1.0,"healthy":true,"enabled":true,"ephemeral":false,"clusterName":"DEFAULT","serviceName":"DEFAULT_GROUP@@aggregate-pay-user-service","metadata":{"preserved.register.source":"SPRING_CLOUD","management.endpoints.web.base-path":"/actuator","management.context-path":"/user/actuator"},"instanceHeartBeatInterval":5000,"ipDeleteTimeout":30000,"instanceHeartBeatTimeOut":15000}]
2023-01-24 15:42:12.539  INFO 27200 --- [main] d.s.w.p.DocumentationPluginsBootstrapper : Context refreshed
2023-01-24 15:42:12.587  INFO 27200 --- [main] d.s.w.p.DocumentationPluginsBootstrapper : Found 1 custom documentation plugin(s)
2023-01-24 15:42:12.648  INFO 27200 --- [main] s.d.s.w.s.ApiListingReferenceScanner     : Scanning for api listing references
2023-01-24 15:42:12.817  INFO 27200 --- [main] .d.s.w.r.o.CachingOperationNameGenerator : Generating unique operation named: queryRoleUsingGET_1
2023-01-24 15:42:12.847  INFO 27200 --- [main] .d.s.w.r.o.CachingOperationNameGenerator : Generating unique operation named: authorizeUsingGET_1
2023-01-24 15:42:12.853  INFO 27200 --- [main] .d.s.w.r.o.CachingOperationNameGenerator : Generating unique operation named: bindAccountRoleUsingPOST_1
2023-01-24 15:42:12.859  INFO 27200 --- [main] .d.s.w.r.o.CachingOperationNameGenerator : Generating unique operation named: createRoleUsingPOST_1
2023-01-24 15:42:12.861  INFO 27200 --- [main] .d.s.w.r.o.CachingOperationNameGenerator : Generating unique operation named: modifyRoleUsingPUT_1
2023-01-24 15:42:12.867  INFO 27200 --- [main] .d.s.w.r.o.CachingOperationNameGenerator : Generating unique operation named: queryPrivilegeUsingGET_1
2023-01-24 15:42:12.870  INFO 27200 --- [main] .d.s.w.r.o.CachingOperationNameGenerator : Generating unique operation named: queryPrivilegeByGroupIdUsingGET_1
2023-01-24 15:42:12.877  INFO 27200 --- [main] .d.s.w.r.o.CachingOperationNameGenerator : Generating unique operation named: queryPrivilegeTreeUsingGET_1
2023-01-24 15:42:12.883  INFO 27200 --- [main] .d.s.w.r.o.CachingOperationNameGenerator : Generating unique operation named: queryRoleUsingGET_2
2023-01-24 15:42:12.885  INFO 27200 --- [main] .d.s.w.r.o.CachingOperationNameGenerator : Generating unique operation named: queryRoleUsingGET_3
2023-01-24 15:42:12.891  INFO 27200 --- [main] .d.s.w.r.o.CachingOperationNameGenerator : Generating unique operation named: queryTenantRoleUsingGET_1
2023-01-24 15:42:12.893  INFO 27200 --- [main] .d.s.w.r.o.CachingOperationNameGenerator : Generating unique operation named: removeRoleUsingDELETE_1
2023-01-24 15:42:12.895  INFO 27200 --- [main] .d.s.w.r.o.CachingOperationNameGenerator : Generating unique operation named: roleBindPrivilegeUsingPUT_1
2023-01-24 15:42:12.897  INFO 27200 --- [main] .d.s.w.r.o.CachingOperationNameGenerator : Generating unique operation named: unbindAccountRoleUsingPUT_1
2023-01-24 15:42:12.953  INFO 27200 --- [main] .d.s.w.r.o.CachingOperationNameGenerator : Generating unique operation named: createApplicationUsingPOST_1
2023-01-24 15:42:12.960  INFO 27200 --- [main] .d.s.w.r.o.CachingOperationNameGenerator : Generating unique operation named: loadResourcesUsingGET_1
2023-01-24 15:42:12.967  INFO 27200 --- [main] .d.s.w.r.o.CachingOperationNameGenerator : Generating unique operation named: loadResourcesUsingPOST_1
2023-01-24 15:42:12.969  INFO 27200 --- [main] .d.s.w.r.o.CachingOperationNameGenerator : Generating unique operation named: modifyApplicationUsingPUT_1
2023-01-24 15:42:12.976  INFO 27200 --- [main] .d.s.w.r.o.CachingOperationNameGenerator : Generating unique operation named: pageApplicationByConditionsUsingPOST_1
2023-01-24 15:42:12.982  INFO 27200 --- [main] .d.s.w.r.o.CachingOperationNameGenerator : Generating unique operation named: queryApplicationUsingGET_1
2023-01-24 15:42:12.991  INFO 27200 --- [main] .d.s.w.r.o.CachingOperationNameGenerator : Generating unique operation named: queryMenuUsingPOST_1
2023-01-24 15:42:12.996  INFO 27200 --- [main] .d.s.w.r.o.CachingOperationNameGenerator : Generating unique operation named: queryMenuUsingGET_1
2023-01-24 15:42:13.000  INFO 27200 --- [main] .d.s.w.r.o.CachingOperationNameGenerator : Generating unique operation named: queryMenuByApplicationCodeUsingGET_1
2023-01-24 15:42:13.002  INFO 27200 --- [main] .d.s.w.r.o.CachingOperationNameGenerator : Generating unique operation named: queryMenuByPrivilegesUsingGET_1
2023-01-24 15:42:13.005  INFO 27200 --- [main] .d.s.w.r.o.CachingOperationNameGenerator : Generating unique operation named: removeApplicationUsingDELETE_1
2023-01-24 15:42:13.024  INFO 27200 --- [main] .d.s.w.r.o.CachingOperationNameGenerator : Generating unique operation named: createAccountUsingPOST_1
2023-01-24 15:42:13.088  INFO 27200 --- [main] .d.s.w.r.o.CachingOperationNameGenerator : Generating unique operation named: authenticationUsingPOST_1
2023-01-24 15:42:13.090  INFO 27200 --- [main] .d.s.w.r.o.CachingOperationNameGenerator : Generating unique operation named: bindTenantUsingPOST_1
2023-01-24 15:42:13.092  INFO 27200 --- [main] .d.s.w.r.o.CachingOperationNameGenerator : Generating unique operation named: changeBundleUsingPUT_1
2023-01-24 15:42:13.095  INFO 27200 --- [main] .d.s.w.r.o.CachingOperationNameGenerator : Generating unique operation named: createAccountUsingPOST_2
2023-01-24 15:42:13.097  INFO 27200 --- [main] .d.s.w.r.o.CachingOperationNameGenerator : Generating unique operation named: createAccountUsingPOST_3
2023-01-24 15:42:13.098  INFO 27200 --- [main] .d.s.w.r.o.CachingOperationNameGenerator : Generating unique operation named: createAccountInTenantUsingPOST_1
2023-01-24 15:42:13.099  INFO 27200 --- [main] .d.s.w.r.o.CachingOperationNameGenerator : Generating unique operation named: createBundleUsingPOST_1
2023-01-24 15:42:13.103  INFO 27200 --- [main] .d.s.w.r.o.CachingOperationNameGenerator : Generating unique operation named: createTenantAndInitUsingPOST_1
2023-01-24 15:42:13.105  INFO 27200 --- [main] .d.s.w.r.o.CachingOperationNameGenerator : Generating unique operation named: createTenantRelateAccountUsingPOST_1
2023-01-24 15:42:13.107  INFO 27200 --- [main] .d.s.w.r.o.CachingOperationNameGenerator : Generating unique operation named: getAccountByMobileUsingGET_1
2023-01-24 15:42:13.109  INFO 27200 --- [main] .d.s.w.r.o.CachingOperationNameGenerator : Generating unique operation named: getAccountByUsernameUsingGET_1
2023-01-24 15:42:13.110  INFO 27200 --- [main] .d.s.w.r.o.CachingOperationNameGenerator : Generating unique operation named: getApplicationDTOByClientIdUsingGET_1
2023-01-24 15:42:13.114  INFO 27200 --- [main] .d.s.w.r.o.CachingOperationNameGenerator : Generating unique operation named: getBundleUsingGET_1
2023-01-24 15:42:13.116  INFO 27200 --- [main] .d.s.w.r.o.CachingOperationNameGenerator : Generating unique operation named: getTenantUsingGET_1
2023-01-24 15:42:13.117  INFO 27200 --- [main] .d.s.w.r.o.CachingOperationNameGenerator : Generating unique operation named: initBundleUsingPOST_1
2023-01-24 15:42:13.119  INFO 27200 --- [main] .d.s.w.r.o.CachingOperationNameGenerator : Generating unique operation named: isExistAccountByMobileUsingGET_1
2023-01-24 15:42:13.120  INFO 27200 --- [main] .d.s.w.r.o.CachingOperationNameGenerator : Generating unique operation named: isExistAccountByUsernameUsingGET_1
2023-01-24 15:42:13.121  INFO 27200 --- [main] .d.s.w.r.o.CachingOperationNameGenerator : Generating unique operation named: isExistAccountInTenantByMobileUsingGET_1
2023-01-24 15:42:13.123  INFO 27200 --- [main] .d.s.w.r.o.CachingOperationNameGenerator : Generating unique operation named: isExistAccountInTenantByUsernameUsingGET_1
2023-01-24 15:42:13.130  INFO 27200 --- [main] .d.s.w.r.o.CachingOperationNameGenerator : Generating unique operation named: loginUsingPOST_1
2023-01-24 15:42:13.131  INFO 27200 --- [main] .d.s.w.r.o.CachingOperationNameGenerator : Generating unique operation named: modifyBundleUsingPUT_1
2023-01-24 15:42:13.135  INFO 27200 --- [main] .d.s.w.r.o.CachingOperationNameGenerator : Generating unique operation named: queryAccountUsingPOST_1
2023-01-24 15:42:13.140  INFO 27200 --- [main] .d.s.w.r.o.CachingOperationNameGenerator : Generating unique operation named: queryAccountInTenantUsingGET_1
2023-01-24 15:42:13.144  INFO 27200 --- [main] .d.s.w.r.o.CachingOperationNameGenerator : Generating unique operation named: queryAllBundleUsingGET_1
2023-01-24 15:42:13.146  INFO 27200 --- [main] .d.s.w.r.o.CachingOperationNameGenerator : Generating unique operation named: queryBundleByTenantTypeUsingGET_1
2023-01-24 15:42:13.151  INFO 27200 --- [main] .d.s.w.r.o.CachingOperationNameGenerator : Generating unique operation named: queryTenantsUsingPOST_1
2023-01-24 15:42:13.154  INFO 27200 --- [main] .d.s.w.r.o.CachingOperationNameGenerator : Generating unique operation named: sendMessageUsingGET_1
2023-01-24 15:42:13.155  INFO 27200 --- [main] .d.s.w.r.o.CachingOperationNameGenerator : Generating unique operation named: unbindTenantUsingDELETE_1
2023-01-24 15:42:13.189  INFO 27200 --- [main] m.a.feign.log.LoginLogFeignClientTest    : Started LoginLogFeignClientTest in 13.742 seconds (JVM running for 15.241)
2023-01-24 15:42:13.229  INFO 27200 --- [main] c.a.n.client.config.impl.ClientWorker    : [fixed-127.0.0.1_8848-51637975-182d-43e2-ab58-d012723411d5] [subscribe] aggregate-pay-user-service+DEFAULT_GROUP+51637975-182d-43e2-ab58-d012723411d5
2023-01-24 15:42:13.230  INFO 27200 --- [main] c.a.nacos.client.config.impl.CacheData   : [fixed-127.0.0.1_8848-51637975-182d-43e2-ab58-d012723411d5] [add-listener] ok, tenant=51637975-182d-43e2-ab58-d012723411d5, dataId=aggregate-pay-user-service, group=DEFAULT_GROUP, cnt=1
2023-01-24 15:42:13.232  INFO 27200 --- [main] c.a.n.client.config.impl.ClientWorker    : [fixed-127.0.0.1_8848-51637975-182d-43e2-ab58-d012723411d5] [subscribe] aggregate-pay-user-service.yml+DEFAULT_GROUP+51637975-182d-43e2-ab58-d012723411d5
2023-01-24 15:42:13.232  INFO 27200 --- [main] c.a.nacos.client.config.impl.CacheData   : [fixed-127.0.0.1_8848-51637975-182d-43e2-ab58-d012723411d5] [add-listener] ok, tenant=51637975-182d-43e2-ab58-d012723411d5, dataId=aggregate-pay-user-service.yml, group=DEFAULT_GROUP, cnt=1
2023-01-24 15:42:13.234  INFO 27200 --- [main] c.a.n.client.config.impl.ClientWorker    : [fixed-127.0.0.1_8848-51637975-182d-43e2-ab58-d012723411d5] [subscribe] common.yml+DEFAULT_GROUP+51637975-182d-43e2-ab58-d012723411d5
2023-01-24 15:42:13.234  INFO 27200 --- [main] c.a.nacos.client.config.impl.CacheData   : [fixed-127.0.0.1_8848-51637975-182d-43e2-ab58-d012723411d5] [add-listener] ok, tenant=51637975-182d-43e2-ab58-d012723411d5, dataId=common.yml, group=DEFAULT_GROUP, cnt=1
2023-01-24 15:42:13.235  INFO 27200 --- [main] c.a.n.client.config.impl.ClientWorker    : [fixed-127.0.0.1_8848-51637975-182d-43e2-ab58-d012723411d5] [subscribe] aggregate-pay-user-service-dev.yml+DEFAULT_GROUP+51637975-182d-43e2-ab58-d012723411d5
2023-01-24 15:42:13.235  INFO 27200 --- [main] c.a.nacos.client.config.impl.CacheData   : [fixed-127.0.0.1_8848-51637975-182d-43e2-ab58-d012723411d5] [add-listener] ok, tenant=51637975-182d-43e2-ab58-d012723411d5, dataId=aggregate-pay-user-service-dev.yml, group=DEFAULT_GROUP, cnt=1
2023-01-24 15:42:13.947  INFO 27200 --- [hystrix-aggregate-pay-log-1] c.netflix.config.ChainedDynamicProperty  : Flipping property: aggregate-pay-log.ribbon.ActiveConnectionsLimit to use NEXT property: niws.loadbalancer.availabilityFilteringRule.activeConnectionsLimit = 2147483647
2023-01-24 15:42:13.968  INFO 27200 --- [hystrix-aggregate-pay-log-1] c.netflix.loadbalancer.BaseLoadBalancer  : Client: aggregate-pay-log instantiated a LoadBalancer: DynamicServerListLoadBalancer:{NFLoadBalancer:name=aggregate-pay-log,current list of Servers=[],Load balancer stats=Zone stats: {},Server stats: []}ServerList:null
2023-01-24 15:42:13.974  INFO 27200 --- [hystrix-aggregate-pay-log-1] c.n.l.DynamicServerListLoadBalancer      : Using serverListUpdater PollingServerListUpdater
2023-01-24 15:42:13.980  INFO 27200 --- [hystrix-aggregate-pay-log-1] com.alibaba.nacos.client.naming          : new ips(1) service: DEFAULT_GROUP@@aggregate-pay-log -> [{"instanceId":"192.168.3.143#27914#DEFAULT#DEFAULT_GROUP@@aggregate-pay-log","ip":"192.168.3.143","port":27914,"weight":1.0,"healthy":true,"enabled":true,"ephemeral":false,"clusterName":"DEFAULT","serviceName":"DEFAULT_GROUP@@aggregate-pay-log","metadata":{"preserved.register.source":"SPRING_CLOUD","management.endpoints.web.base-path":"/actuator","management.context-path":"//actuator"},"instanceHeartBeatInterval":5000,"ipDeleteTimeout":30000,"instanceHeartBeatTimeOut":15000}]
2023-01-24 15:42:13.986  INFO 27200 --- [hystrix-aggregate-pay-log-1] com.alibaba.nacos.client.naming          : current ips:(1) service: DEFAULT_GROUP@@aggregate-pay-log -> [{"instanceId":"192.168.3.143#27914#DEFAULT#DEFAULT_GROUP@@aggregate-pay-log","ip":"192.168.3.143","port":27914,"weight":1.0,"healthy":true,"enabled":true,"ephemeral":false,"clusterName":"DEFAULT","serviceName":"DEFAULT_GROUP@@aggregate-pay-log","metadata":{"preserved.register.source":"SPRING_CLOUD","management.endpoints.web.base-path":"/actuator","management.context-path":"//actuator"},"instanceHeartBeatInterval":5000,"ipDeleteTimeout":30000,"instanceHeartBeatTimeOut":15000}]
2023-01-24 15:42:13.996  INFO 27200 --- [hystrix-aggregate-pay-log-1] c.netflix.config.ChainedDynamicProperty  : Flipping property: aggregate-pay-log.ribbon.ActiveConnectionsLimit to use NEXT property: niws.loadbalancer.availabilityFilteringRule.activeConnectionsLimit = 2147483647
2023-01-24 15:42:13.998  INFO 27200 --- [hystrix-aggregate-pay-log-1] c.n.l.DynamicServerListLoadBalancer      : DynamicServerListLoadBalancer for client aggregate-pay-log initialized: DynamicServerListLoadBalancer:{NFLoadBalancer:name=aggregate-pay-log,current list of Servers=[192.168.3.143:27914],Load balancer stats=Zone stats: {unknown=[Zone:unknown;	Instance count:1;	Active connections count: 0;	Circuit breaker tripped count: 0;	Active connections per server: 0.0;]
},Server stats: [[Server:192.168.3.143:27914;	Zone:UNKNOWN;	Total Requests:0;	Successive connection failure:0;	Total blackout seconds:0;	Last connection made:Thu Jan 01 08:00:00 CST 1970;	First connection made: Thu Jan 01 08:00:00 CST 1970;	Active Connections:0;	total failure count in last (1000) msecs:0;	average resp time:0.0;	90 percentile resp time:0.0;	95 percentile resp time:0.0;	min resp time:0.0;	max resp time:0.0;	stddev resp time:0.0]
]}ServerList:com.alibaba.cloud.nacos.ribbon.NacosServerList@5733a9d6
2023-01-24 15:42:14.090  WARN 27200 --- [Thread-13] c.a.nacos.common.notify.NotifyCenter     : [NotifyCenter] Start destroying Publisher
2023-01-24 15:42:14.091  WARN 27200 --- [Thread-2] c.a.n.common.http.HttpClientBeanHolder   : [HttpClientBeanHolder] Start destroying common HttpClient
2023-01-24 15:42:14.091  INFO 27200 --- [Thread-21] c.n.l.PollingServerListUpdater           : Shutting down the Executor Pool for PollingServerListUpdater
2023-01-24 15:42:14.091  WARN 27200 --- [Thread-13] c.a.nacos.common.notify.NotifyCenter     : [NotifyCenter] Destruction of the end
2023-01-24 15:42:14.091  WARN 27200 --- [Thread-2] c.a.n.common.http.HttpClientBeanHolder   : [HttpClientBeanHolder] Destruction of the end
2023-01-24 15:42:14.092  INFO 27200 --- [SpringContextShutdownHook] o.s.s.c.ThreadPoolTaskScheduler          : Shutting down ExecutorService 'Nacos-Watch-Task-Scheduler'
2023-01-24 15:42:14.104  INFO 27200 --- [SpringContextShutdownHook] com.alibaba.nacos.client.naming          : com.alibaba.nacos.client.naming.beat.BeatReactor do shutdown begin
2023-01-24 15:42:14.104  INFO 27200 --- [SpringContextShutdownHook] com.alibaba.nacos.client.naming          : com.alibaba.nacos.client.naming.beat.BeatReactor do shutdown stop
2023-01-24 15:42:14.104  INFO 27200 --- [SpringContextShutdownHook] com.alibaba.nacos.client.naming          : com.alibaba.nacos.client.naming.core.HostReactor do shutdown begin
2023-01-24 15:42:17.146  INFO 27200 --- [SpringContextShutdownHook] com.alibaba.nacos.client.naming          : com.alibaba.nacos.client.naming.core.PushReceiver do shutdown begin
2023-01-24 15:42:20.162  INFO 27200 --- [SpringContextShutdownHook] com.alibaba.nacos.client.naming          : com.alibaba.nacos.client.naming.core.PushReceiver do shutdown stop
2023-01-24 15:42:20.162  INFO 27200 --- [SpringContextShutdownHook] com.alibaba.nacos.client.naming          : com.alibaba.nacos.client.naming.backups.FailoverReactor do shutdown begin
2023-01-24 15:42:20.162  INFO 27200 --- [SpringContextShutdownHook] com.alibaba.nacos.client.naming          : com.alibaba.nacos.client.naming.backups.FailoverReactor do shutdown stop
2023-01-24 15:42:20.163  INFO 27200 --- [SpringContextShutdownHook] com.alibaba.nacos.client.naming          : com.alibaba.nacos.client.naming.core.HostReactor do shutdown stop
2023-01-24 15:42:20.163  INFO 27200 --- [SpringContextShutdownHook] com.alibaba.nacos.client.naming          : com.alibaba.nacos.client.naming.net.NamingProxy do shutdown begin
2023-01-24 15:42:20.164  WARN 27200 --- [SpringContextShutdownHook] com.alibaba.nacos.client.naming          : [NamingHttpClientManager] Start destroying NacosRestTemplate
2023-01-24 15:42:20.164  WARN 27200 --- [SpringContextShutdownHook] com.alibaba.nacos.client.naming          : [NamingHttpClientManager] Destruction of the end
2023-01-24 15:42:20.164  INFO 27200 --- [SpringContextShutdownHook] c.a.n.client.identify.CredentialWatcher  : [null] CredentialWatcher is stopped
2023-01-24 15:42:20.165  INFO 27200 --- [SpringContextShutdownHook] c.a.n.client.identify.CredentialService  : [null] CredentialService is freed
2023-01-24 15:42:20.165  INFO 27200 --- [SpringContextShutdownHook] com.alibaba.nacos.client.naming          : com.alibaba.nacos.client.naming.net.NamingProxy do shutdown stop
2023-01-24 15:42:20.165  INFO 27200 --- [SpringContextShutdownHook] o.s.s.concurrent.ThreadPoolTaskExecutor  : Shutting down ExecutorService 'applicationTaskExecutor'
2023-01-24 15:42:20.220  INFO 27200 --- [SpringContextShutdownHook] com.alibaba.druid.pool.DruidDataSource   : {dataSource-0} closing ...
